#
# A fatal error has been detected by the Java Runtime Environment:
#
#  SIGSEGV (0xb) at pc=0x000000012b86b010, pid=4006, tid=0x0000000000000307
#
# JRE version: Java(TM) SE Runtime Environment (8.0_111-b14) (build 1.8.0_111-b14)
# Java VM: Java HotSpot(TM) 64-Bit Server VM (25.111-b14 mixed mode bsd-amd64 compressed oops)
# Problematic frame:
# C  [libjfxwebkit.dylib+0xa6e010]  _Z11checkJSPeerliRP13OpaqueJSValueRPK15OpaqueJSContext+0x90
#
# Failed to write core dump. Core dumps have been disabled. To enable core dumping, try "ulimit -c unlimited" before starting Java again
#
# If you would like to submit a bug report, please visit:
#   http://bugreport.java.com/bugreport/crash.jsp
# The crash happened outside the Java Virtual Machine in native code.
# See problematic frame for where to report the bug.
#

---------------  T H R E A D  ---------------

Current thread (0x00007fa1271dd000):  JavaThread "JavaFX Application Thread" [_thread_in_native, id=775, stack(0x00007fff51ef5000,0x00007fff526f5000)]

siginfo: si_signo: 11 (SIGSEGV), si_code: 1 (SEGV_MAPERR), si_addr: 0x00000000000002d8

Registers:
RAX=0x00007fa1262daa00, RBX=0x00007fff526eea78, RCX=0x00007fff526eea10, RDX=0x0000000000000001
RSP=0x00007fff526ee960, RBP=0x00007fff526ee9b0, RSI=0x00007fa12b35e8e0, RDI=0x00007fff526eea00
R8 =0x00007fff526eea08, R9 =0x00007fff526eea80, R10=0x0000000112dacd44, R11=0x0000000000000001
R12=0x00007fa12b35e8e0, R13=0x00007fff526eea08, R14=0x0000000000000001, R15=0x0000000000000000
RIP=0x000000012b86b010, EFLAGS=0x0000000000010297, ERR=0x0000000000000004
  TRAPNO=0x000000000000000e

Top of Stack: (sp=0x00007fff526ee960)
0x00007fff526ee960:   3ff0000000000000 00007fff526eea10
0x00007fff526ee970:   00007fff526eea00 0000000797abe478
0x00007fff526ee980:   0000000797abe4c0 00007fff526eea78
0x00007fff526ee990:   00007fff526eea80 0000000000000003
0x00007fff526ee9a0:   00007fff526eea98 00007fa1271dd1f8
0x00007fff526ee9b0:   00007fff526eea50 000000012b86b929
0x00007fff526ee9c0:   000000010d527000 0000000400000001
0x00007fff526ee9d0:   000000012d3eb438 00007f000000000b
0x00007fff526ee9e0:   000000010ddcd820 0000000000000000
0x00007fff526ee9f0:   0000000000000000 0000000000000000
0x00007fff526eea00:   00007fa125751610 00007fa12552bdb0
0x00007fff526eea10:   00007fa12552be30 00007fa12552c198
0x00007fff526eea20:   00000000000003d8 000000000000022c
0x00007fff526eea30:   0000000000000000 0000000000000003
0x00007fff526eea40:   00007fff526eea98 00007fa1271dd000
0x00007fff526eea50:   00007fff526eeab0 0000000112dacdbe
0x00007fff526eea60:   00007fff526eea88 0000000000000000
0x00007fff526eea70:   00007fff526eec00 0000000795b70008
0x00007fff526eea80:   0000000797abe468 0000000797a8c1e0
0x00007fff526eea90:   0000000000000001 0000000740ce10b0
0x00007fff526eeaa0:   00000007400a1038 00007fa1271dd000
0x00007fff526eeab0:   00007fff526eec00 0000000112dae77c
0x00007fff526eeac0:   0000000000000000 00000007c00117a8
0x00007fff526eead0:   00007fff526eeb20 000000010d64e662
0x00007fff526eeae0:   000000010d527000 0000000000000001
0x00007fff526eeaf0:   00007fff526eeb20 0000000000000002
0x00007fff526eeb00:   00000000ffffffff 0000000110071c01
0x00007fff526eeb10:   00007fa1271dd000 0000000000000000
0x00007fff526eeb20:   00007fff526eeb60 000000010d85be4b
0x00007fff526eeb30:   00007fff526eeb78 00007fa1271dd000
0x00007fff526eeb40:   0000000795b88bf8 0000000795b70008
0x00007fff526eeb50:   0000000797abe468 00007fa12b35e8e0 

Instructions: (pc=0x000000012b86b010)
0x000000012b86aff0:   89 45 00 48 8b 4d c0 e9 0b 01 00 00 48 89 7d c0
0x000000012b86b000:   49 8b 44 24 20 48 8b 40 08 4c 8b b8 c0 01 00 00
0x000000012b86b010:   49 8b b7 d8 02 00 00 48 8d 7d c8 4c 89 fa e8 fd
0x000000012b86b020:   fe a5 ff 48 8b 5d c8 48 85 db 48 c7 45 c8 00 00 

Register to memory mapping:

RAX=0x00007fa1262daa00 is an unknown value
RBX=0x00007fff526eea78 is pointing into the stack for thread: 0x00007fa1271dd000
RCX=0x00007fff526eea10 is pointing into the stack for thread: 0x00007fa1271dd000
RDX=0x0000000000000001 is an unknown value
RSP=0x00007fff526ee960 is pointing into the stack for thread: 0x00007fa1271dd000
RBP=0x00007fff526ee9b0 is pointing into the stack for thread: 0x00007fa1271dd000
RSI=0x00007fa12b35e8e0 is an unknown value
RDI=0x00007fff526eea00 is pointing into the stack for thread: 0x00007fa1271dd000
R8 =0x00007fff526eea08 is pointing into the stack for thread: 0x00007fa1271dd000
R9 =0x00007fff526eea80 is pointing into the stack for thread: 0x00007fa1271dd000
R10=0x0000000112dacd44 is at entry_point+132 in (nmethod*)0x0000000112dacb50
R11=0x0000000000000001 is an unknown value
R12=0x00007fa12b35e8e0 is an unknown value
R13=0x00007fff526eea08 is pointing into the stack for thread: 0x00007fa1271dd000
R14=0x0000000000000001 is an unknown value
R15=0x0000000000000000 is an unknown value


Stack: [0x00007fff51ef5000,0x00007fff526f5000],  sp=0x00007fff526ee960,  free space=8166k
Native frames: (J=compiled Java code, j=interpreted, Vv=VM code, C=native code)
C  [libjfxwebkit.dylib+0xa6e010]  _Z11checkJSPeerliRP13OpaqueJSValueRPK15OpaqueJSContext+0x90
C  [libjfxwebkit.dylib+0xa6e929]  Java_com_sun_webkit_dom_JSObject_callImpl+0x59
J 2669  com.sun.webkit.dom.JSObject.callImpl(JILjava/lang/String;[Ljava/lang/Object;Ljava/security/AccessControlContext;)Ljava/lang/Object; (0 bytes) @ 0x0000000112dacdbe [0x0000000112daccc0+0xfe]
J 2667 C1 com.sun.webkit.dom.NodeImpl.call(Ljava/lang/String;[Ljava/lang/Object;)Ljava/lang/Object; (7 bytes) @ 0x0000000112dae77c [0x0000000112dae2a0+0x4dc]
j  sample.Main.drawRectangle()V+153
j  sample.Main.access$000(Lsample/Main;)V+1
j  sample.Main$6.handle(Ljavafx/event/ActionEvent;)V+105
j  sample.Main$6.handle(Ljavafx/event/Event;)V+5
J 2762 C1 com.sun.javafx.event.CompositeEventHandler.dispatchBubblingEvent(Ljavafx/event/Event;)V (57 bytes) @ 0x0000000112df0214 [0x0000000112defe40+0x3d4]
J 2315 C1 com.sun.javafx.event.EventHandlerManager.dispatchBubblingEvent(Ljavafx/event/Event;)Ljavafx/event/Event; (23 bytes) @ 0x0000000112cc1a64 [0x0000000112cc13c0+0x6a4]
J 2217 C1 com.sun.javafx.event.BasicEventDispatcher.dispatchEvent(Ljavafx/event/Event;Ljavafx/event/EventDispatchChain;)Ljavafx/event/Event; (44 bytes) @ 0x0000000112c9a3bc [0x0000000112c9a080+0x33c]
J 2037 C1 com.sun.javafx.event.EventDispatchChainImpl.dispatchEvent(Ljavafx/event/Event;)Ljavafx/event/Event; (101 bytes) @ 0x0000000112c29c54 [0x0000000112c29aa0+0x1b4]
J 2325 C1 com.sun.javafx.event.EventUtil.fireEvent(Ljavafx/event/EventTarget;Ljavafx/event/Event;)Ljavafx/event/Event; (81 bytes) @ 0x0000000112cc70ec [0x0000000112cc6500+0xbec]
J 2324 C1 javafx.event.Event.fireEvent(Ljavafx/event/EventTarget;Ljavafx/event/Event;)V (35 bytes) @ 0x0000000112cc5eac [0x0000000112cc5de0+0xcc]
j  javafx.scene.control.MenuItem.fire()V+10
j  com.sun.javafx.scene.control.skin.ContextMenuContent$MenuItemContainer.doSelect()V+97
j  com.sun.javafx.scene.control.skin.ContextMenuContent$MenuItemContainer.lambda$createChildren$343(Ljavafx/scene/input/MouseEvent;)V+1
j  com.sun.javafx.scene.control.skin.ContextMenuContent$MenuItemContainer$$Lambda$230.handle(Ljavafx/event/Event;)V+8
J 2755 C1 com.sun.javafx.event.CompositeEventHandler$NormalEventHandlerRecord.handleBubblingEvent(Ljavafx/event/Event;)V (11 bytes) @ 0x0000000112de950c [0x0000000112de9400+0x10c]
J 2762 C1 com.sun.javafx.event.CompositeEventHandler.dispatchBubblingEvent(Ljavafx/event/Event;)V (57 bytes) @ 0x0000000112df0084 [0x0000000112defe40+0x244]
J 2315 C1 com.sun.javafx.event.EventHandlerManager.dispatchBubblingEvent(Ljavafx/event/Event;)Ljavafx/event/Event; (23 bytes) @ 0x0000000112cc1a64 [0x0000000112cc13c0+0x6a4]
J 2314 C1 com.sun.javafx.event.CompositeEventDispatcher.dispatchBubblingEvent(Ljavafx/event/Event;)Ljavafx/event/Event; (35 bytes) @ 0x0000000112cc241c [0x0000000112cc2260+0x1bc]
J 2217 C1 com.sun.javafx.event.BasicEventDispatcher.dispatchEvent(Ljavafx/event/Event;Ljavafx/event/EventDispatchChain;)Ljavafx/event/Event; (44 bytes) @ 0x0000000112c9a3bc [0x0000000112c9a080+0x33c]
J 2037 C1 com.sun.javafx.event.EventDispatchChainImpl.dispatchEvent(Ljavafx/event/Event;)Ljavafx/event/Event; (101 bytes) @ 0x0000000112c29c54 [0x0000000112c29aa0+0x1b4]
J 2217 C1 com.sun.javafx.event.BasicEventDispatcher.dispatchEvent(Ljavafx/event/Event;Ljavafx/event/EventDispatchChain;)Ljavafx/event/Event; (44 bytes) @ 0x0000000112c9a2d4 [0x0000000112c9a080+0x254]
J 2037 C1 com.sun.javafx.event.EventDispatchChainImpl.dispatchEvent(Ljavafx/event/Event;)Ljavafx/event/Event; (101 bytes) @ 0x0000000112c29c54 [0x0000000112c29aa0+0x1b4]
J 2217 C1 com.sun.javafx.event.BasicEventDispatcher.dispatchEvent(Ljavafx/event/Event;Ljavafx/event/EventDispatchChain;)Ljavafx/event/Event; (44 bytes) @ 0x0000000112c9a2d4 [0x0000000112c9a080+0x254]
J 2037 C1 com.sun.javafx.event.EventDispatchChainImpl.dispatchEvent(Ljavafx/event/Event;)Ljavafx/event/Event; (101 bytes) @ 0x0000000112c29c54 [0x0000000112c29aa0+0x1b4]
J 2217 C1 com.sun.javafx.event.BasicEventDispatcher.dispatchEvent(Ljavafx/event/Event;Ljavafx/event/EventDispatchChain;)Ljavafx/event/Event; (44 bytes) @ 0x0000000112c9a2d4 [0x0000000112c9a080+0x254]
J 2037 C1 com.sun.javafx.event.EventDispatchChainImpl.dispatchEvent(Ljavafx/event/Event;)Ljavafx/event/Event; (101 bytes) @ 0x0000000112c29c54 [0x0000000112c29aa0+0x1b4]
J 2325 C1 com.sun.javafx.event.EventUtil.fireEvent(Ljavafx/event/EventTarget;Ljavafx/event/Event;)Ljavafx/event/Event; (81 bytes) @ 0x0000000112cc6c3c [0x0000000112cc6500+0x73c]
J 2376 C1 javafx.scene.Scene$MouseHandler.process(Ljavafx/scene/input/MouseEvent;Z)V (735 bytes) @ 0x0000000112cdec3c [0x0000000112cdc120+0x2b1c]
J 3295 C1 javafx.scene.Scene$ScenePeerListener.mouseEvent(Ljavafx/event/EventType;DDDDLjavafx/scene/input/MouseButton;ZZZZZZZZZ)V (50 bytes) @ 0x0000000112ee81b4 [0x0000000112ee7ee0+0x2d4]
J 3290 C1 com.sun.javafx.tk.quantum.GlassViewEventHandler$MouseEventNotification.run()Ljava/lang/Void; (567 bytes) @ 0x0000000112eef91c [0x0000000112eeeb40+0xddc]
J 3289 C1 com.sun.javafx.tk.quantum.GlassViewEventHandler$MouseEventNotification.run()Ljava/lang/Object; (5 bytes) @ 0x0000000112eea40c [0x0000000112eea380+0x8c]
v  ~StubRoutines::call_stub
V  [libjvm.dylib+0x2ecf8a]
V  [libjvm.dylib+0x34d6c8]
J 1549  java.security.AccessController.doPrivileged(Ljava/security/PrivilegedAction;Ljava/security/AccessControlContext;)Ljava/lang/Object; (0 bytes) @ 0x0000000112afa455 [0x0000000112afa380+0xd5]
J 2831 C1 com.sun.javafx.tk.quantum.GlassViewEventHandler$$Lambda$199.get()Ljava/lang/Object; (8 bytes) @ 0x0000000112e2ece4 [0x0000000112e2eb00+0x1e4]
J 2369 C1 com.sun.javafx.tk.quantum.QuantumToolkit.runWithoutRenderLock(Ljava/util/function/Supplier;)Ljava/lang/Object; (49 bytes) @ 0x0000000112cd5234 [0x0000000112cd4d00+0x534]
J 2828 C1 com.sun.javafx.tk.quantum.GlassViewEventHandler.handleMouseEvent(Lcom/sun/glass/ui/View;JIIIIIIIZZ)V (108 bytes) @ 0x0000000112e2d3e4 [0x0000000112e2cfc0+0x424]
J 2524 C1 com.sun.glass.ui.View.notifyMouse(IIIIIIIZZ)V (221 bytes) @ 0x0000000112d48884 [0x0000000112d47820+0x1064]
v  ~StubRoutines::call_stub
V  [libjvm.dylib+0x2ecf8a]
V  [libjvm.dylib+0x324119]
V  [libjvm.dylib+0x3168e7]
C  [libglass.dylib+0x2058c]  -[GlassViewDelegate sendJavaMouseEvent:]+0x86c
C  [AppKit+0x937c92]  -[NSWindow(NSEventRouting) _reallySendEvent:isDelayedEvent:]+0x608
C  [AppKit+0x9372be]  -[NSWindow(NSEventRouting) sendEvent:]+0x21d
C  [libglass.dylib+0x25d94]  -[GlassWindow_Panel sendEvent:]+0x74
C  [AppKit+0x7bfbf5]  -[NSApplication(NSEvent) sendEvent:]+0x479
C  [AppKit+0x3bf81]  -[NSApplication run]+0x3ea
C  [libglass.dylib+0x654c]  -[GlassApplication runLoop:]+0x72c
C  [Foundation+0x7188a]  __NSThreadPerformPerform+0x146
C  [CoreFoundation+0xa7981]  __CFRUNLOOP_IS_CALLING_OUT_TO_A_SOURCE0_PERFORM_FUNCTION__+0x11
C  [CoreFoundation+0x88a7d]  __CFRunLoopDoSources0+0x22d
C  [CoreFoundation+0x87f76]  __CFRunLoopRun+0x3a6
C  [CoreFoundation+0x87974]  CFRunLoopRunSpecific+0x1a4
C  [java+0x6465]  CreateExecutionEnvironment+0x367
C  [java+0x218c]  JLI_Launch+0x7a0
C  [java+0x84c2]  main+0x65
C  [java+0x19e4]  start+0x34
C  0x0000000000000008

Java frames: (J=compiled Java code, j=interpreted, Vv=VM code)
J 2669  com.sun.webkit.dom.JSObject.callImpl(JILjava/lang/String;[Ljava/lang/Object;Ljava/security/AccessControlContext;)Ljava/lang/Object; (0 bytes) @ 0x0000000112dacd44 [0x0000000112daccc0+0x84]
J 2667 C1 com.sun.webkit.dom.NodeImpl.call(Ljava/lang/String;[Ljava/lang/Object;)Ljava/lang/Object; (7 bytes) @ 0x0000000112dae77c [0x0000000112dae2a0+0x4dc]
j  sample.Main.drawRectangle()V+153
j  sample.Main.access$000(Lsample/Main;)V+1
j  sample.Main$6.handle(Ljavafx/event/ActionEvent;)V+105
j  sample.Main$6.handle(Ljavafx/event/Event;)V+5
J 2762 C1 com.sun.javafx.event.CompositeEventHandler.dispatchBubblingEvent(Ljavafx/event/Event;)V (57 bytes) @ 0x0000000112df0214 [0x0000000112defe40+0x3d4]
J 2315 C1 com.sun.javafx.event.EventHandlerManager.dispatchBubblingEvent(Ljavafx/event/Event;)Ljavafx/event/Event; (23 bytes) @ 0x0000000112cc1a64 [0x0000000112cc13c0+0x6a4]
J 2217 C1 com.sun.javafx.event.BasicEventDispatcher.dispatchEvent(Ljavafx/event/Event;Ljavafx/event/EventDispatchChain;)Ljavafx/event/Event; (44 bytes) @ 0x0000000112c9a3bc [0x0000000112c9a080+0x33c]
J 2037 C1 com.sun.javafx.event.EventDispatchChainImpl.dispatchEvent(Ljavafx/event/Event;)Ljavafx/event/Event; (101 bytes) @ 0x0000000112c29c54 [0x0000000112c29aa0+0x1b4]
J 2325 C1 com.sun.javafx.event.EventUtil.fireEvent(Ljavafx/event/EventTarget;Ljavafx/event/Event;)Ljavafx/event/Event; (81 bytes) @ 0x0000000112cc70ec [0x0000000112cc6500+0xbec]
J 2324 C1 javafx.event.Event.fireEvent(Ljavafx/event/EventTarget;Ljavafx/event/Event;)V (35 bytes) @ 0x0000000112cc5eac [0x0000000112cc5de0+0xcc]
j  javafx.scene.control.MenuItem.fire()V+10
j  com.sun.javafx.scene.control.skin.ContextMenuContent$MenuItemContainer.doSelect()V+97
j  com.sun.javafx.scene.control.skin.ContextMenuContent$MenuItemContainer.lambda$createChildren$343(Ljavafx/scene/input/MouseEvent;)V+1
j  com.sun.javafx.scene.control.skin.ContextMenuContent$MenuItemContainer$$Lambda$230.handle(Ljavafx/event/Event;)V+8
J 2755 C1 com.sun.javafx.event.CompositeEventHandler$NormalEventHandlerRecord.handleBubblingEvent(Ljavafx/event/Event;)V (11 bytes) @ 0x0000000112de950c [0x0000000112de9400+0x10c]
J 2762 C1 com.sun.javafx.event.CompositeEventHandler.dispatchBubblingEvent(Ljavafx/event/Event;)V (57 bytes) @ 0x0000000112df0084 [0x0000000112defe40+0x244]
J 2315 C1 com.sun.javafx.event.EventHandlerManager.dispatchBubblingEvent(Ljavafx/event/Event;)Ljavafx/event/Event; (23 bytes) @ 0x0000000112cc1a64 [0x0000000112cc13c0+0x6a4]
J 2314 C1 com.sun.javafx.event.CompositeEventDispatcher.dispatchBubblingEvent(Ljavafx/event/Event;)Ljavafx/event/Event; (35 bytes) @ 0x0000000112cc241c [0x0000000112cc2260+0x1bc]
J 2217 C1 com.sun.javafx.event.BasicEventDispatcher.dispatchEvent(Ljavafx/event/Event;Ljavafx/event/EventDispatchChain;)Ljavafx/event/Event; (44 bytes) @ 0x0000000112c9a3bc [0x0000000112c9a080+0x33c]
J 2037 C1 com.sun.javafx.event.EventDispatchChainImpl.dispatchEvent(Ljavafx/event/Event;)Ljavafx/event/Event; (101 bytes) @ 0x0000000112c29c54 [0x0000000112c29aa0+0x1b4]
J 2217 C1 com.sun.javafx.event.BasicEventDispatcher.dispatchEvent(Ljavafx/event/Event;Ljavafx/event/EventDispatchChain;)Ljavafx/event/Event; (44 bytes) @ 0x0000000112c9a2d4 [0x0000000112c9a080+0x254]
J 2037 C1 com.sun.javafx.event.EventDispatchChainImpl.dispatchEvent(Ljavafx/event/Event;)Ljavafx/event/Event; (101 bytes) @ 0x0000000112c29c54 [0x0000000112c29aa0+0x1b4]
J 2217 C1 com.sun.javafx.event.BasicEventDispatcher.dispatchEvent(Ljavafx/event/Event;Ljavafx/event/EventDispatchChain;)Ljavafx/event/Event; (44 bytes) @ 0x0000000112c9a2d4 [0x0000000112c9a080+0x254]
J 2037 C1 com.sun.javafx.event.EventDispatchChainImpl.dispatchEvent(Ljavafx/event/Event;)Ljavafx/event/Event; (101 bytes) @ 0x0000000112c29c54 [0x0000000112c29aa0+0x1b4]
J 2217 C1 com.sun.javafx.event.BasicEventDispatcher.dispatchEvent(Ljavafx/event/Event;Ljavafx/event/EventDispatchChain;)Ljavafx/event/Event; (44 bytes) @ 0x0000000112c9a2d4 [0x0000000112c9a080+0x254]
J 2037 C1 com.sun.javafx.event.EventDispatchChainImpl.dispatchEvent(Ljavafx/event/Event;)Ljavafx/event/Event; (101 bytes) @ 0x0000000112c29c54 [0x0000000112c29aa0+0x1b4]
J 2325 C1 com.sun.javafx.event.EventUtil.fireEvent(Ljavafx/event/EventTarget;Ljavafx/event/Event;)Ljavafx/event/Event; (81 bytes) @ 0x0000000112cc6c3c [0x0000000112cc6500+0x73c]
J 2376 C1 javafx.scene.Scene$MouseHandler.process(Ljavafx/scene/input/MouseEvent;Z)V (735 bytes) @ 0x0000000112cdec3c [0x0000000112cdc120+0x2b1c]
J 3295 C1 javafx.scene.Scene$ScenePeerListener.mouseEvent(Ljavafx/event/EventType;DDDDLjavafx/scene/input/MouseButton;ZZZZZZZZZ)V (50 bytes) @ 0x0000000112ee81b4 [0x0000000112ee7ee0+0x2d4]
J 3290 C1 com.sun.javafx.tk.quantum.GlassViewEventHandler$MouseEventNotification.run()Ljava/lang/Void; (567 bytes) @ 0x0000000112eef91c [0x0000000112eeeb40+0xddc]
J 3289 C1 com.sun.javafx.tk.quantum.GlassViewEventHandler$MouseEventNotification.run()Ljava/lang/Object; (5 bytes) @ 0x0000000112eea40c [0x0000000112eea380+0x8c]
v  ~StubRoutines::call_stub
J 1549  java.security.AccessController.doPrivileged(Ljava/security/PrivilegedAction;Ljava/security/AccessControlContext;)Ljava/lang/Object; (0 bytes) @ 0x0000000112afa3e3 [0x0000000112afa380+0x63]
J 2831 C1 com.sun.javafx.tk.quantum.GlassViewEventHandler$$Lambda$199.get()Ljava/lang/Object; (8 bytes) @ 0x0000000112e2ece4 [0x0000000112e2eb00+0x1e4]
J 2369 C1 com.sun.javafx.tk.quantum.QuantumToolkit.runWithoutRenderLock(Ljava/util/function/Supplier;)Ljava/lang/Object; (49 bytes) @ 0x0000000112cd5234 [0x0000000112cd4d00+0x534]
J 2828 C1 com.sun.javafx.tk.quantum.GlassViewEventHandler.handleMouseEvent(Lcom/sun/glass/ui/View;JIIIIIIIZZ)V (108 bytes) @ 0x0000000112e2d3e4 [0x0000000112e2cfc0+0x424]
J 2524 C1 com.sun.glass.ui.View.notifyMouse(IIIIIIIZZ)V (221 bytes) @ 0x0000000112d48884 [0x0000000112d47820+0x1064]
v  ~StubRoutines::call_stub

---------------  P R O C E S S  ---------------

Java Threads: ( => current thread )
  0x00007fa12c211800 JavaThread "URL-Loader-40" daemon [_thread_blocked, id=47147, stack(0x000070000d356000,0x000070000d456000)]
  0x00007fa125e26000 JavaThread "URL-Loader-39" daemon [_thread_blocked, id=46343, stack(0x000070000d253000,0x000070000d353000)]
  0x00007fa12673d000 JavaThread "URL-Loader-38" daemon [_thread_blocked, id=55567, stack(0x000070000d150000,0x000070000d250000)]
  0x00007fa12673c800 JavaThread "URL-Loader-37" daemon [_thread_blocked, id=8967, stack(0x000070000d04d000,0x000070000d14d000)]
  0x00007fa1276e0000 JavaThread "URL-Loader-36" daemon [_thread_blocked, id=55815, stack(0x000070000cf4a000,0x000070000d04a000)]
  0x00007fa1276df000 JavaThread "URL-Loader-35" daemon [_thread_blocked, id=71455, stack(0x000070000cd44000,0x000070000ce44000)]
  0x00007fa12d008800 JavaThread "URL-Loader-34" daemon [_thread_blocked, id=73495, stack(0x000070000cb3e000,0x000070000cc3e000)]
  0x00007fa1266e9000 JavaThread "URL-Loader-33" daemon [_thread_blocked, id=72199, stack(0x000070000ca3b000,0x000070000cb3b000)]
  0x00007fa1266e8000 JavaThread "URL-Loader-32" daemon [_thread_blocked, id=74027, stack(0x000070000c938000,0x000070000ca38000)]
  0x00007fa12c09e000 JavaThread "URL-Loader-31" daemon [_thread_blocked, id=77247, stack(0x000070000c835000,0x000070000c935000)]
  0x00007fa12678a000 JavaThread "URL-Loader-30" daemon [_thread_blocked, id=76295, stack(0x000070000c732000,0x000070000c832000)]
  0x00007fa12662f800 JavaThread "URL-Loader-29" daemon [_thread_blocked, id=75783, stack(0x000070000c52c000,0x000070000c62c000)]
  0x00007fa1266a3000 JavaThread "URL-Loader-28" daemon [_thread_blocked, id=72967, stack(0x000070000c429000,0x000070000c529000)]
  0x00007fa126643000 JavaThread "URL-Loader-27" daemon [_thread_blocked, id=77831, stack(0x000070000c223000,0x000070000c323000)]
  0x00007fa126638800 JavaThread "URL-Loader-26" daemon [_thread_blocked, id=78351, stack(0x000070000c120000,0x000070000c220000)]
  0x00007fa125e1e000 JavaThread "URL-Loader-25" daemon [_thread_blocked, id=79879, stack(0x000070000c01d000,0x000070000c11d000)]
  0x00007fa1271bc800 JavaThread "URL-Loader-24" daemon [_thread_blocked, id=80391, stack(0x000070000bf1a000,0x000070000c01a000)]
  0x00007fa126423000 JavaThread "URL-Loader-23" daemon [_thread_blocked, id=80135, stack(0x000070000be17000,0x000070000bf17000)]
  0x00007fa12c18b800 JavaThread "URL-Loader-22" daemon [_thread_blocked, id=80903, stack(0x000070000bd14000,0x000070000be14000)]
  0x00007fa126421800 JavaThread "Keep-Alive-Timer" daemon [_thread_blocked, id=82191, stack(0x000070000b988000,0x000070000ba88000)]
  0x00007fa1260ee800 JavaThread "URL-Loader-21" daemon [_thread_blocked, id=82587, stack(0x000070000b679000,0x000070000b779000)]
  0x00007fa125a1b800 JavaThread "Watchdog-Timer-1" daemon [_thread_blocked, id=74243, stack(0x000070000c326000,0x000070000c426000)]
  0x00007fa126bc8800 JavaThread "Prism Font Disposer" daemon [_thread_blocked, id=58307, stack(0x000070000bb8e000,0x000070000bc8e000)]
  0x00007fa12622c800 JavaThread "Disposer" daemon [_thread_blocked, id=54531, stack(0x000070000b885000,0x000070000b985000)]
  0x00007fa12592f800 JavaThread "Thread-4" daemon [_thread_in_native, id=38659, stack(0x000070000b573000,0x000070000b5f3000)]
=>0x00007fa1271dd000 JavaThread "JavaFX Application Thread" [_thread_in_native, id=775, stack(0x00007fff51ef5000,0x00007fff526f5000)]
  0x00007fa125974800 JavaThread "Thread-2" daemon [_thread_blocked, id=26119, stack(0x000070000b470000,0x000070000b570000)]
  0x00007fa126118000 JavaThread "QuantumRenderer-0" daemon [_thread_blocked, id=20739, stack(0x000070000b36d000,0x000070000b46d000)]
  0x00007fa1268b0800 JavaThread "JavaFX-Launcher" [_thread_blocked, id=20227, stack(0x000070000b26a000,0x000070000b36a000)]
  0x00007fa1270dd800 JavaThread "Monitor Ctrl-Break" daemon [_thread_in_native, id=19715, stack(0x000070000b167000,0x000070000b267000)]
  0x00007fa127097000 JavaThread "Service Thread" daemon [_thread_blocked, id=18691, stack(0x000070000af61000,0x000070000b061000)]
  0x00007fa125837800 JavaThread "C1 CompilerThread2" daemon [_thread_blocked, id=18179, stack(0x000070000ae5e000,0x000070000af5e000)]
  0x00007fa125837000 JavaThread "C2 CompilerThread1" daemon [_thread_blocked, id=17667, stack(0x000070000ad5b000,0x000070000ae5b000)]
  0x00007fa12704c000 JavaThread "C2 CompilerThread0" daemon [_thread_blocked, id=17155, stack(0x000070000ac58000,0x000070000ad58000)]
  0x00007fa12681e000 JavaThread "Signal Dispatcher" daemon [_thread_blocked, id=16643, stack(0x000070000ab55000,0x000070000ac55000)]
  0x00007fa12681d800 JavaThread "Finalizer" daemon [_thread_blocked, id=12547, stack(0x000070000aa52000,0x000070000ab52000)]
  0x00007fa126008800 JavaThread "Reference Handler" daemon [_thread_blocked, id=12035, stack(0x000070000a94f000,0x000070000aa4f000)]
  0x00007fa126802000 JavaThread "main" [_thread_blocked, id=3587, stack(0x000070000a1b4000,0x000070000a2b4000)]

Other Threads:
  0x00007fa12681b000 VMThread [stack: 0x000070000a84c000,0x000070000a94c000] [id=11523]
  0x00007fa12681f000 WatcherThread [stack: 0x000070000b064000,0x000070000b164000] [id=19203]

VM state:not at safepoint (normal execution)

VM Mutex/Monitor currently owned by a thread: None

Heap:
 PSYoungGen      total 137728K, used 39161K [0x0000000795580000, 0x00000007a7180000, 0x00000007c0000000)
  eden space 133120K, 29% used [0x0000000795580000,0x0000000797bbe428,0x000000079d780000)
  from space 4608K, 0% used [0x000000079d780000,0x000000079d780000,0x000000079dc00000)
  to   space 12288K, 0% used [0x00000007a6580000,0x00000007a6580000,0x00000007a7180000)
 ParOldGen       total 58368K, used 16299K [0x0000000740000000, 0x0000000743900000, 0x0000000795580000)
  object space 58368K, 27% used [0x0000000740000000,0x0000000740feafb0,0x0000000743900000)
 Metaspace       used 21769K, capacity 22764K, committed 23040K, reserved 1069056K
  class space    used 3069K, capacity 3275K, committed 3328K, reserved 1048576K

Card table byte_map: [0x000000010f1c0000,0x000000010f5c1000] byte_map_base: 0x000000010b7c0000

Marking Bits: (ParMarkBitMap*) 0x000000010de8bd20
 Begin Bits: [0x000000012158b000, 0x000000012358b000)
 End Bits:   [0x000000012358b000, 0x000000012558b000)

Polling page: 0x000000010e580000

CodeCache: size=245760Kb used=9530Kb max_used=9573Kb free=236229Kb
 bounds [0x000000011258b000, 0x0000000112efb000, 0x000000012158b000]
 total_blobs=3753 nmethods=3016 adapters=649
 compilation: enabled

Compilation events (10 events):
Event: 22.805 Thread 0x00007fa12704c000 3297       4       com.sun.javafx.collections.VetoableListDecorator::size (10 bytes)
Event: 22.806 Thread 0x00007fa12704c000 nmethod 3297 0x0000000112ba32d0 code [0x0000000112ba3420, 0x0000000112ba34f8]
Event: 22.828 Thread 0x00007fa125837000 3298   !   4       javafx.scene.Node::impl_pickNode (130 bytes)
Event: 22.835 Thread 0x00007fa125837000 nmethod 3298 0x0000000112ee7150 code [0x0000000112ee72e0, 0x0000000112ee7708]
Event: 22.857 Thread 0x00007fa125837800 3299       3       javafx.scene.Parent::prefWidth (89 bytes)
Event: 22.858 Thread 0x00007fa125837800 nmethod 3299 0x0000000112778410 code [0x00000001127785e0, 0x0000000112778cb8]
Event: 22.876 Thread 0x00007fa12704c000 3300   !   4       javafx.scene.Node::impl_intersectsBounds (1005 bytes)
Event: 22.886 Thread 0x00007fa12704c000 nmethod 3300 0x0000000112b3e710 code [0x0000000112b3e9a0, 0x0000000112b3f500]
Event: 22.959 Thread 0x00007fa125837000 3301       4       java.util.WeakHashMap$HashIterator::<init> (41 bytes)
Event: 22.961 Thread 0x00007fa125837000 nmethod 3301 0x0000000112778090 code [0x00000001127781e0, 0x00000001127782e8]

GC Heap History (10 events):
Event: 1.811 GC heap before
{Heap before GC invocations=4 (full 0):
 PSYoungGen      total 38400K, used 37206K [0x0000000795580000, 0x000000079a080000, 0x00000007c0000000)
  eden space 33280K, 99% used [0x0000000795580000,0x00000007975fee28,0x0000000797600000)
  from space 5120K, 76% used [0x0000000797600000,0x00000007979d6bf8,0x0000000797b00000)
  to   space 5120K, 0% used [0x0000000799b80000,0x0000000799b80000,0x000000079a080000)
 ParOldGen       total 87552K, used 32K [0x0000000740000000, 0x0000000745580000, 0x0000000795580000)
  object space 87552K, 0% used [0x0000000740000000,0x0000000740008000,0x0000000745580000)
 Metaspace       used 14273K, capacity 14772K, committed 14976K, reserved 1062912K
  class space    used 1974K, capacity 2111K, committed 2176K, reserved 1048576K
Event: 1.816 GC heap after
Heap after GC invocations=4 (full 0):
 PSYoungGen      total 71680K, used 3999K [0x0000000795580000, 0x000000079a080000, 0x00000007c0000000)
  eden space 66560K, 0% used [0x0000000795580000,0x0000000795580000,0x0000000799680000)
  from space 5120K, 78% used [0x0000000799b80000,0x0000000799f67df8,0x000000079a080000)
  to   space 5120K, 0% used [0x0000000799680000,0x0000000799680000,0x0000000799b80000)
 ParOldGen       total 87552K, used 32K [0x0000000740000000, 0x0000000745580000, 0x0000000795580000)
  object space 87552K, 0% used [0x0000000740000000,0x0000000740008000,0x0000000745580000)
 Metaspace       used 14273K, capacity 14772K, committed 14976K, reserved 1062912K
  class space    used 1974K, capacity 2111K, committed 2176K, reserved 1048576K
}
Event: 1.847 GC heap before
{Heap before GC invocations=5 (full 0):
 PSYoungGen      total 71680K, used 70549K [0x0000000795580000, 0x000000079a080000, 0x00000007c0000000)
  eden space 66560K, 99% used [0x0000000795580000,0x000000079967d7c0,0x0000000799680000)
  from space 5120K, 78% used [0x0000000799b80000,0x0000000799f67df8,0x000000079a080000)
  to   space 5120K, 0% used [0x0000000799680000,0x0000000799680000,0x0000000799b80000)
 ParOldGen       total 87552K, used 32K [0x0000000740000000, 0x0000000745580000, 0x0000000795580000)
  object space 87552K, 0% used [0x0000000740000000,0x0000000740008000,0x0000000745580000)
 Metaspace       used 14273K, capacity 14772K, committed 14976K, reserved 1062912K
  class space    used 1974K, capacity 2111K, committed 2176K, reserved 1048576K
Event: 1.852 GC heap after
Heap after GC invocations=5 (full 0):
 PSYoungGen      total 71680K, used 4019K [0x0000000795580000, 0x000000079e080000, 0x00000007c0000000)
  eden space 66560K, 0% used [0x0000000795580000,0x0000000795580000,0x0000000799680000)
  from space 5120K, 78% used [0x0000000799680000,0x0000000799a6cd38,0x0000000799b80000)
  to   space 4608K, 0% used [0x000000079dc00000,0x000000079dc00000,0x000000079e080000)
 ParOldGen       total 87552K, used 32K [0x0000000740000000, 0x0000000745580000, 0x0000000795580000)
  object space 87552K, 0% used [0x0000000740000000,0x0000000740008000,0x0000000745580000)
 Metaspace       used 14273K, capacity 14772K, committed 14976K, reserved 1062912K
  class space    used 1974K, capacity 2111K, committed 2176K, reserved 1048576K
}
Event: 1.868 GC heap before
{Heap before GC invocations=6 (full 0):
 PSYoungGen      total 71680K, used 70511K [0x0000000795580000, 0x000000079e080000, 0x00000007c0000000)
  eden space 66560K, 99% used [0x0000000795580000,0x000000079966f0e8,0x0000000799680000)
  from space 5120K, 78% used [0x0000000799680000,0x0000000799a6cd38,0x0000000799b80000)
  to   space 4608K, 0% used [0x000000079dc00000,0x000000079dc00000,0x000000079e080000)
 ParOldGen       total 87552K, used 32K [0x0000000740000000, 0x0000000745580000, 0x0000000795580000)
  object space 87552K, 0% used [0x0000000740000000,0x0000000740008000,0x0000000745580000)
 Metaspace       used 14273K, capacity 14772K, committed 14976K, reserved 1062912K
  class space    used 1974K, capacity 2111K, committed 2176K, reserved 1048576K
Event: 1.874 GC heap after
Heap after GC invocations=6 (full 0):
 PSYoungGen      total 137728K, used 4088K [0x0000000795580000, 0x000000079e080000, 0x00000007c0000000)
  eden space 133120K, 0% used [0x0000000795580000,0x0000000795580000,0x000000079d780000)
  from space 4608K, 88% used [0x000000079dc00000,0x000000079dffe000,0x000000079e080000)
  to   space 4608K, 0% used [0x000000079d780000,0x000000079d780000,0x000000079dc00000)
 ParOldGen       total 87552K, used 32K [0x0000000740000000, 0x0000000745580000, 0x0000000795580000)
  object space 87552K, 0% used [0x0000000740000000,0x0000000740008000,0x0000000745580000)
 Metaspace       used 14273K, capacity 14772K, committed 14976K, reserved 1062912K
  class space    used 1974K, capacity 2111K, committed 2176K, reserved 1048576K
}
Event: 16.739 GC heap before
{Heap before GC invocations=7 (full 0):
 PSYoungGen      total 137728K, used 120114K [0x0000000795580000, 0x000000079e080000, 0x00000007c0000000)
  eden space 133120K, 87% used [0x0000000795580000,0x000000079c6ceb68,0x000000079d780000)
  from space 4608K, 88% used [0x000000079dc00000,0x000000079dffe000,0x000000079e080000)
  to   space 4608K, 0% used [0x000000079d780000,0x000000079d780000,0x000000079dc00000)
 ParOldGen       total 87552K, used 32K [0x0000000740000000, 0x0000000745580000, 0x0000000795580000)
  object space 87552K, 0% used [0x0000000740000000,0x0000000740008000,0x0000000745580000)
 Metaspace       used 20374K, capacity 21176K, committed 21296K, reserved 1067008K
  class space    used 2921K, capacity 3137K, committed 3200K, reserved 1048576K
Event: 16.769 GC heap after
Heap after GC invocations=7 (full 0):
 PSYoungGen      total 137728K, used 4578K [0x0000000795580000, 0x00000007a7180000, 0x00000007c0000000)
  eden space 133120K, 0% used [0x0000000795580000,0x0000000795580000,0x000000079d780000)
  from space 4608K, 99% used [0x000000079d780000,0x000000079dbf8b20,0x000000079dc00000)
  to   space 12288K, 0% used [0x00000007a6580000,0x00000007a6580000,0x00000007a7180000)
 ParOldGen       total 87552K, used 15308K [0x0000000740000000, 0x0000000745580000, 0x0000000795580000)
  object space 87552K, 17% used [0x0000000740000000,0x0000000740ef3000,0x0000000745580000)
 Metaspace       used 20374K, capacity 21176K, committed 21296K, reserved 1067008K
  class space    used 2921K, capacity 3137K, committed 3200K, reserved 1048576K
}
Event: 16.769 GC heap before
{Heap before GC invocations=8 (full 1):
 PSYoungGen      total 137728K, used 4578K [0x0000000795580000, 0x00000007a7180000, 0x00000007c0000000)
  eden space 133120K, 0% used [0x0000000795580000,0x0000000795580000,0x000000079d780000)
  from space 4608K, 99% used [0x000000079d780000,0x000000079dbf8b20,0x000000079dc00000)
  to   space 12288K, 0% used [0x00000007a6580000,0x00000007a6580000,0x00000007a7180000)
 ParOldGen       total 87552K, used 15308K [0x0000000740000000, 0x0000000745580000, 0x0000000795580000)
  object space 87552K, 17% used [0x0000000740000000,0x0000000740ef3000,0x0000000745580000)
 Metaspace       used 20374K, capacity 21176K, committed 21296K, reserved 1067008K
  class space    used 2921K, capacity 3137K, committed 3200K, reserved 1048576K
Event: 16.818 GC heap after
Heap after GC invocations=8 (full 1):
 PSYoungGen      total 137728K, used 0K [0x0000000795580000, 0x00000007a7180000, 0x00000007c0000000)
  eden space 133120K, 0% used [0x0000000795580000,0x0000000795580000,0x000000079d780000)
  from space 4608K, 0% used [0x000000079d780000,0x000000079d780000,0x000000079dc00000)
  to   space 12288K, 0% used [0x00000007a6580000,0x00000007a6580000,0x00000007a7180000)
 ParOldGen       total 58368K, used 16299K [0x0000000740000000, 0x0000000743900000, 0x0000000795580000)
  object space 58368K, 27% used [0x0000000740000000,0x0000000740feafb0,0x0000000743900000)
 Metaspace       used 20374K, capacity 21176K, committed 21296K, reserved 1067008K
  class space    used 2921K, capacity 3137K, committed 3200K, reserved 1048576K
}

Deoptimization events (10 events):
Event: 5.053 Thread 0x00007fa1271dd000 Uncommon trap: reason=unstable_if action=reinterpret pc=0x0000000112b17a54 method=com.sun.javafx.font.CMap.getControlCodeGlyph(IZ)I @ 98
Event: 17.549 Thread 0x00007fa1271dd000 Uncommon trap: reason=class_check action=maybe_recompile pc=0x00000001126b82c0 method=javafx.scene.Node.updateLocalToParentTransform()V @ 11
Event: 17.549 Thread 0x00007fa1271dd000 Uncommon trap: reason=class_check action=maybe_recompile pc=0x00000001126b82c0 method=javafx.scene.Node.updateLocalToParentTransform()V @ 11
Event: 17.549 Thread 0x00007fa1271dd000 Uncommon trap: reason=class_check action=maybe_recompile pc=0x00000001126b82c0 method=javafx.scene.Node.updateLocalToParentTransform()V @ 11
Event: 17.549 Thread 0x00007fa1271dd000 Uncommon trap: reason=class_check action=maybe_recompile pc=0x00000001126b82c0 method=javafx.scene.Node.updateLocalToParentTransform()V @ 11
Event: 18.374 Thread 0x00007fa1271dd000 Uncommon trap: reason=unstable_if action=reinterpret pc=0x00000001129ad464 method=org.jsoup.helper.StringUtil.isWhitespace(I)Z @ 27
Event: 18.384 Thread 0x00007fa1271dd000 Uncommon trap: reason=unstable_if action=reinterpret pc=0x0000000112dc5248 method=org.jsoup.nodes.Node.nextSibling()Lorg/jsoup/nodes/Node; @ 4
Event: 20.454 Thread 0x00007fa1271dd000 Uncommon trap: reason=class_check action=maybe_recompile pc=0x0000000112913940 method=java.util.regex.Pattern$Start.match(Ljava/util/regex/Matcher;ILjava/lang/CharSequence;)Z @ 44
Event: 20.897 Thread 0x00007fa1271dd000 Uncommon trap: reason=unstable_if action=reinterpret pc=0x0000000112a13e40 method=org.jsoup.parser.CharacterReader.consumeData()Ljava/lang/String; @ 20
Event: 22.617 Thread 0x00007fa1271dd000 Uncommon trap: reason=unstable_if action=reinterpret pc=0x0000000112a88264 method=java.lang.String.trim()Ljava/lang/String; @ 44

Internal exceptions (10 events):
Event: 21.788 Thread 0x00007fa1271dd000 Exception <a 'java/io/IOException': Improper call to JPEG library in state 200> (0x00000007977e7a88) thrown at [/Users/java_re/workspace/8-2-build-macosx-x86_64/jdk8u111/7883/hotspot/src/share/vm/prims/jni.cpp, line 735]
Event: 21.789 Thread 0x00007fa1271dd000 Exception <a 'java/io/IOException': Improper call to JPEG library in state 200> (0x00000007977eb218) thrown at [/Users/java_re/workspace/8-2-build-macosx-x86_64/jdk8u111/7883/hotspot/src/share/vm/prims/jni.cpp, line 735]
Event: 21.789 Thread 0x00007fa1271dd000 Exception <a 'java/io/IOException': Bogus DQT index 15> (0x00000007977f2280) thrown at [/Users/java_re/workspace/8-2-build-macosx-x86_64/jdk8u111/7883/hotspot/src/share/vm/prims/jni.cpp, line 735]
Event: 21.827 Thread 0x00007fa1271dd000 Exception <a 'java/io/IOException': Improper call to JPEG library in state 200> (0x0000000797853d50) thrown at [/Users/java_re/workspace/8-2-build-macosx-x86_64/jdk8u111/7883/hotspot/src/share/vm/prims/jni.cpp, line 735]
Event: 21.827 Thread 0x00007fa1271dd000 Exception <a 'java/io/IOException': Improper call to JPEG library in state 200> (0x00000007978574e0) thrown at [/Users/java_re/workspace/8-2-build-macosx-x86_64/jdk8u111/7883/hotspot/src/share/vm/prims/jni.cpp, line 735]
Event: 21.827 Thread 0x00007fa1271dd000 Exception <a 'java/io/IOException': Bogus Huffman table definition> (0x000000079785e560) thrown at [/Users/java_re/workspace/8-2-build-macosx-x86_64/jdk8u111/7883/hotspot/src/share/vm/prims/jni.cpp, line 735]
Event: 21.837 Thread 0x00007fa1271dd000 Exception <a 'java/io/IOException': Improper call to JPEG library in state 200> (0x0000000797879f08) thrown at [/Users/java_re/workspace/8-2-build-macosx-x86_64/jdk8u111/7883/hotspot/src/share/vm/prims/jni.cpp, line 735]
Event: 21.838 Thread 0x00007fa1271dd000 Exception <a 'java/io/IOException': Improper call to JPEG library in state 200> (0x000000079787ce88) thrown at [/Users/java_re/workspace/8-2-build-macosx-x86_64/jdk8u111/7883/hotspot/src/share/vm/prims/jni.cpp, line 735]
Event: 21.877 Thread 0x00007fa1271dd000 Exception <a 'java/io/IOException': Improper call to JPEG library in state 200> (0x0000000797892238) thrown at [/Users/java_re/workspace/8-2-build-macosx-x86_64/jdk8u111/7883/hotspot/src/share/vm/prims/jni.cpp, line 735]
Event: 21.877 Thread 0x00007fa1271dd000 Exception <a 'java/io/IOException': Improper call to JPEG library in state 200> (0x00000007978959c8) thrown at [/Users/java_re/workspace/8-2-build-macosx-x86_64/jdk8u111/7883/hotspot/src/share/vm/prims/jni.cpp, line 735]

Events (10 events):
Event: 22.766 Thread 0x00007fa125837800 flushing nmethod 0x0000000112ad0210
Event: 22.766 Thread 0x00007fa125837800 flushing nmethod 0x0000000112ae3810
Event: 22.766 Thread 0x00007fa125837800 flushing nmethod 0x0000000112b32690
Event: 22.766 Thread 0x00007fa125837800 flushing nmethod 0x0000000112b45a10
Event: 22.766 Thread 0x00007fa125837800 flushing nmethod 0x0000000112ba32d0
Event: 22.766 Thread 0x00007fa125837800 flushing nmethod 0x0000000112bdcfd0
Event: 22.766 Thread 0x00007fa125837800 flushing nmethod 0x0000000112be4310
Event: 22.767 Thread 0x00007fa125837800 flushing nmethod 0x0000000112c18190
Event: 22.767 Thread 0x00007fa125837800 flushing nmethod 0x0000000112c46450
Event: 22.767 Thread 0x00007fa125837800 flushing nmethod 0x0000000112c46790


Dynamic libraries:
0x0000000039d4d000 	/System/Library/Frameworks/Cocoa.framework/Versions/A/Cocoa
0x0000000039d4d000 	/System/Library/Frameworks/Security.framework/Versions/A/Security
0x0000000039d4d000 	/System/Library/Frameworks/ApplicationServices.framework/Versions/A/ApplicationServices
0x0000000039d4d000 	/usr/lib/libz.1.dylib
0x0000000039d4d000 	/usr/lib/libSystem.B.dylib
0x0000000039d4d000 	/usr/lib/libobjc.A.dylib
0x0000000039d4d000 	/System/Library/Frameworks/CoreFoundation.framework/Versions/A/CoreFoundation
0x0000000039d4d000 	/System/Library/Frameworks/Foundation.framework/Versions/C/Foundation
0x0000000039d4d000 	/System/Library/Frameworks/AppKit.framework/Versions/C/AppKit
0x0000000039d4d000 	/System/Library/Frameworks/CoreData.framework/Versions/A/CoreData
0x0000000039d4d000 	/System/Library/PrivateFrameworks/RemoteViewServices.framework/Versions/A/RemoteViewServices
0x0000000039d4d000 	/System/Library/PrivateFrameworks/UIFoundation.framework/Versions/A/UIFoundation
0x0000000039d4d000 	/System/Library/PrivateFrameworks/DFRFoundation.framework/Versions/A/DFRFoundation
0x0000000039d4d000 	/usr/lib/libenergytrace.dylib
0x0000000039d4d000 	/System/Library/PrivateFrameworks/SkyLight.framework/Versions/A/SkyLight
0x0000000039d4d000 	/System/Library/Frameworks/CoreGraphics.framework/Versions/A/CoreGraphics
0x0000000039d4d000 	/usr/lib/libScreenReader.dylib
0x0000000039d4d000 	/System/Library/Frameworks/Accelerate.framework/Versions/A/Accelerate
0x0000000039d4d000 	/System/Library/Frameworks/IOSurface.framework/Versions/A/IOSurface
0x0000000039d4d000 	/System/Library/Frameworks/AudioToolbox.framework/Versions/A/AudioToolbox
0x0000000039d4d000 	/System/Library/Frameworks/AudioUnit.framework/Versions/A/AudioUnit
0x0000000039d4d000 	/System/Library/PrivateFrameworks/DataDetectorsCore.framework/Versions/A/DataDetectorsCore
0x0000000039d4d000 	/System/Library/PrivateFrameworks/DesktopServicesPriv.framework/Versions/A/DesktopServicesPriv
0x0000000039d4d000 	/System/Library/Frameworks/Carbon.framework/Versions/A/Frameworks/HIToolbox.framework/Versions/A/HIToolbox
0x0000000039d4d000 	/usr/lib/libicucore.A.dylib
0x0000000039d4d000 	/System/Library/Frameworks/QuartzCore.framework/Versions/A/QuartzCore
0x0000000039d4d000 	/System/Library/Frameworks/Carbon.framework/Versions/A/Frameworks/SpeechRecognition.framework/Versions/A/SpeechRecognition
0x0000000039d4d000 	/usr/lib/libauto.dylib
0x0000000039d4d000 	/usr/lib/libxml2.2.dylib
0x0000000039d4d000 	/System/Library/PrivateFrameworks/CoreUI.framework/Versions/A/CoreUI
0x0000000039d4d000 	/System/Library/Frameworks/CoreAudio.framework/Versions/A/CoreAudio
0x0000000039d4d000 	/System/Library/Frameworks/DiskArbitration.framework/Versions/A/DiskArbitration
0x0000000039d4d000 	/usr/lib/liblangid.dylib
0x0000000039d4d000 	/System/Library/PrivateFrameworks/MultitouchSupport.framework/Versions/A/MultitouchSupport
0x0000000039d4d000 	/System/Library/Frameworks/IOKit.framework/Versions/A/IOKit
0x0000000039d4d000 	/usr/lib/libDiagnosticMessagesClient.dylib
0x0000000039d4d000 	/System/Library/Frameworks/CoreServices.framework/Versions/A/CoreServices
0x0000000039d4d000 	/System/Library/PrivateFrameworks/PerformanceAnalysis.framework/Versions/A/PerformanceAnalysis
0x0000000039d4d000 	/System/Library/PrivateFrameworks/GenerationalStorage.framework/Versions/A/GenerationalStorage
0x0000000039d4d000 	/System/Library/Frameworks/OpenGL.framework/Versions/A/OpenGL
0x0000000039d4d000 	/System/Library/Frameworks/CoreImage.framework/Versions/A/CoreImage
0x0000000039d4d000 	/System/Library/Frameworks/CoreText.framework/Versions/A/CoreText
0x0000000039d4d000 	/System/Library/Frameworks/ImageIO.framework/Versions/A/ImageIO
0x0000000039d4d000 	/System/Library/PrivateFrameworks/Backup.framework/Versions/A/Backup
0x0000000039d4d000 	/usr/lib/libarchive.2.dylib
0x0000000039d4d000 	/System/Library/Frameworks/CFNetwork.framework/Versions/A/CFNetwork
0x0000000039d4d000 	/System/Library/Frameworks/SystemConfiguration.framework/Versions/A/SystemConfiguration
0x0000000039d4d000 	/usr/lib/libCRFSuite.dylib
0x0000000039d4d000 	/usr/lib/libc++.1.dylib
0x0000000039d4d000 	/usr/lib/libc++abi.dylib
0x0000000039d4d000 	/usr/lib/system/libcache.dylib
0x0000000039d4d000 	/usr/lib/system/libcommonCrypto.dylib
0x0000000039d4d000 	/usr/lib/system/libcompiler_rt.dylib
0x0000000039d4d000 	/usr/lib/system/libcopyfile.dylib
0x0000000039d4d000 	/usr/lib/system/libcorecrypto.dylib
0x0000000039d4d000 	/usr/lib/system/libdispatch.dylib
0x0000000039d4d000 	/usr/lib/system/libdyld.dylib
0x0000000039d4d000 	/usr/lib/system/libkeymgr.dylib
0x0000000039d4d000 	/usr/lib/system/liblaunch.dylib
0x0000000039d4d000 	/usr/lib/system/libmacho.dylib
0x0000000039d4d000 	/usr/lib/system/libquarantine.dylib
0x0000000039d4d000 	/usr/lib/system/libremovefile.dylib
0x0000000039d4d000 	/usr/lib/system/libsystem_asl.dylib
0x0000000039d4d000 	/usr/lib/system/libsystem_blocks.dylib
0x0000000039d4d000 	/usr/lib/system/libsystem_c.dylib
0x0000000039d4d000 	/usr/lib/system/libsystem_configuration.dylib
0x0000000039d4d000 	/usr/lib/system/libsystem_coreservices.dylib
0x0000000039d4d000 	/usr/lib/system/libsystem_coretls.dylib
0x0000000039d4d000 	/usr/lib/system/libsystem_dnssd.dylib
0x0000000039d4d000 	/usr/lib/system/libsystem_info.dylib
0x0000000039d4d000 	/usr/lib/system/libsystem_kernel.dylib
0x0000000039d4d000 	/usr/lib/system/libsystem_m.dylib
0x0000000039d4d000 	/usr/lib/system/libsystem_malloc.dylib
0x0000000039d4d000 	/usr/lib/system/libsystem_network.dylib
0x0000000039d4d000 	/usr/lib/system/libsystem_networkextension.dylib
0x0000000039d4d000 	/usr/lib/system/libsystem_notify.dylib
0x0000000039d4d000 	/usr/lib/system/libsystem_platform.dylib
0x0000000039d4d000 	/usr/lib/system/libsystem_pthread.dylib
0x0000000039d4d000 	/usr/lib/system/libsystem_sandbox.dylib
0x0000000039d4d000 	/usr/lib/system/libsystem_secinit.dylib
0x0000000039d4d000 	/usr/lib/system/libsystem_symptoms.dylib
0x0000000039d4d000 	/usr/lib/system/libsystem_trace.dylib
0x0000000039d4d000 	/usr/lib/system/libunwind.dylib
0x0000000039d4d000 	/usr/lib/system/libxpc.dylib
0x0000000039d4d000 	/usr/lib/libbsm.0.dylib
0x0000000039d4d000 	/usr/lib/system/libkxld.dylib
0x0000000039d4d000 	/usr/lib/libcoretls.dylib
0x0000000039d4d000 	/usr/lib/libcoretls_cfhelpers.dylib
0x0000000039d4d000 	/usr/lib/libxar.1.dylib
0x0000000039d4d000 	/usr/lib/libsqlite3.dylib
0x0000000039d4d000 	/usr/lib/libpam.2.dylib
0x0000000039d4d000 	/usr/lib/libOpenScriptingUtil.dylib
0x0000000039d4d000 	/usr/lib/libbz2.1.0.dylib
0x0000000039d4d000 	/usr/lib/liblzma.5.dylib
0x0000000039d4d000 	/usr/lib/libnetwork.dylib
0x0000000039d4d000 	/usr/lib/libpcap.A.dylib
0x0000000039d4d000 	/System/Library/Frameworks/CoreServices.framework/Versions/A/Frameworks/FSEvents.framework/Versions/A/FSEvents
0x0000000039d4d000 	/System/Library/Frameworks/CoreServices.framework/Versions/A/Frameworks/CarbonCore.framework/Versions/A/CarbonCore
0x0000000039d4d000 	/System/Library/Frameworks/CoreServices.framework/Versions/A/Frameworks/Metadata.framework/Versions/A/Metadata
0x0000000039d4d000 	/System/Library/Frameworks/CoreServices.framework/Versions/A/Frameworks/OSServices.framework/Versions/A/OSServices
0x0000000039d4d000 	/System/Library/Frameworks/CoreServices.framework/Versions/A/Frameworks/SearchKit.framework/Versions/A/SearchKit
0x0000000039d4d000 	/System/Library/Frameworks/CoreServices.framework/Versions/A/Frameworks/AE.framework/Versions/A/AE
0x0000000039d4d000 	/System/Library/Frameworks/CoreServices.framework/Versions/A/Frameworks/LaunchServices.framework/Versions/A/LaunchServices
0x0000000039d4d000 	/System/Library/Frameworks/CoreServices.framework/Versions/A/Frameworks/DictionaryServices.framework/Versions/A/DictionaryServices
0x0000000039d4d000 	/System/Library/Frameworks/CoreServices.framework/Versions/A/Frameworks/SharedFileList.framework/Versions/A/SharedFileList
0x0000000039d4d000 	/System/Library/Frameworks/NetFS.framework/Versions/A/NetFS
0x0000000039d4d000 	/System/Library/PrivateFrameworks/NetAuth.framework/Versions/A/NetAuth
0x0000000039d4d000 	/System/Library/PrivateFrameworks/login.framework/Versions/A/Frameworks/loginsupport.framework/Versions/A/loginsupport
0x0000000039d4d000 	/System/Library/PrivateFrameworks/TCC.framework/Versions/A/TCC
0x0000000039d4d000 	/usr/lib/libmecabra.dylib
0x0000000039d4d000 	/System/Library/Frameworks/ApplicationServices.framework/Versions/A/Frameworks/ATS.framework/Versions/A/ATS
0x0000000039d4d000 	/System/Library/Frameworks/ApplicationServices.framework/Versions/A/Frameworks/ColorSync.framework/Versions/A/ColorSync
0x0000000039d4d000 	/System/Library/Frameworks/ApplicationServices.framework/Versions/A/Frameworks/HIServices.framework/Versions/A/HIServices
0x0000000039d4d000 	/System/Library/Frameworks/ApplicationServices.framework/Versions/A/Frameworks/LangAnalysis.framework/Versions/A/LangAnalysis
0x0000000039d4d000 	/System/Library/Frameworks/ApplicationServices.framework/Versions/A/Frameworks/PrintCore.framework/Versions/A/PrintCore
0x0000000039d4d000 	/System/Library/Frameworks/ApplicationServices.framework/Versions/A/Frameworks/QD.framework/Versions/A/QD
0x0000000039d4d000 	/System/Library/Frameworks/ApplicationServices.framework/Versions/A/Frameworks/SpeechSynthesis.framework/Versions/A/SpeechSynthesis
0x0000000039d4d000 	/System/Library/Frameworks/Accelerate.framework/Versions/A/Frameworks/vImage.framework/Versions/A/vImage
0x0000000039d4d000 	/System/Library/Frameworks/Accelerate.framework/Versions/A/Frameworks/vecLib.framework/Versions/A/vecLib
0x0000000039d4d000 	/System/Library/Frameworks/Accelerate.framework/Versions/A/Frameworks/vecLib.framework/Versions/A/libvDSP.dylib
0x0000000039d4d000 	/System/Library/Frameworks/Accelerate.framework/Versions/A/Frameworks/vecLib.framework/Versions/A/libBNNS.dylib
0x0000000039d4d000 	/System/Library/Frameworks/Accelerate.framework/Versions/A/Frameworks/vecLib.framework/Versions/A/libQuadrature.dylib
0x0000000039d4d000 	/System/Library/Frameworks/Accelerate.framework/Versions/A/Frameworks/vecLib.framework/Versions/A/libvMisc.dylib
0x0000000039d4d000 	/System/Library/Frameworks/Accelerate.framework/Versions/A/Frameworks/vecLib.framework/Versions/A/libLAPACK.dylib
0x0000000039d4d000 	/System/Library/Frameworks/Accelerate.framework/Versions/A/Frameworks/vecLib.framework/Versions/A/libBLAS.dylib
0x0000000039d4d000 	/System/Library/Frameworks/Accelerate.framework/Versions/A/Frameworks/vecLib.framework/Versions/A/libLinearAlgebra.dylib
0x0000000039d4d000 	/System/Library/Frameworks/Accelerate.framework/Versions/A/Frameworks/vecLib.framework/Versions/A/libSparseBLAS.dylib
0x0000000039d4d000 	/System/Library/Frameworks/ApplicationServices.framework/Versions/A/Frameworks/ATS.framework/Versions/A/Resources/libFontParser.dylib
0x0000000039d4d000 	/System/Library/Frameworks/ApplicationServices.framework/Versions/A/Frameworks/ATS.framework/Versions/A/Resources/libFontRegistry.dylib
0x0000000039d4d000 	/System/Library/Frameworks/ImageIO.framework/Versions/A/Resources/libJPEG.dylib
0x0000000039d4d000 	/System/Library/Frameworks/ImageIO.framework/Versions/A/Resources/libTIFF.dylib
0x0000000039d4d000 	/System/Library/Frameworks/ImageIO.framework/Versions/A/Resources/libPng.dylib
0x0000000039d4d000 	/System/Library/Frameworks/ImageIO.framework/Versions/A/Resources/libGIF.dylib
0x0000000039d4d000 	/System/Library/Frameworks/ImageIO.framework/Versions/A/Resources/libJP2.dylib
0x0000000039d4d000 	/System/Library/Frameworks/ImageIO.framework/Versions/A/Resources/libRadiance.dylib
0x0000000039d4d000 	/usr/lib/libcompression.dylib
0x0000000039d4d000 	/System/Library/PrivateFrameworks/AppleJPEG.framework/Versions/A/AppleJPEG
0x0000000039d4d000 	/usr/lib/libcups.2.dylib
0x0000000039d4d000 	/System/Library/Frameworks/Kerberos.framework/Versions/A/Kerberos
0x0000000039d4d000 	/System/Library/Frameworks/GSS.framework/Versions/A/GSS
0x0000000039d4d000 	/usr/lib/libresolv.9.dylib
0x0000000039d4d000 	/usr/lib/libiconv.2.dylib
0x0000000039d4d000 	/System/Library/PrivateFrameworks/Heimdal.framework/Versions/A/Heimdal
0x0000000039d4d000 	/usr/lib/libheimdal-asn1.dylib
0x0000000039d4d000 	/System/Library/Frameworks/OpenDirectory.framework/Versions/A/OpenDirectory
0x0000000039d4d000 	/System/Library/PrivateFrameworks/CommonAuth.framework/Versions/A/CommonAuth
0x0000000039d4d000 	/System/Library/Frameworks/OpenDirectory.framework/Versions/A/Frameworks/CFOpenDirectory.framework/Versions/A/CFOpenDirectory
0x0000000039d4d000 	/System/Library/Frameworks/SecurityFoundation.framework/Versions/A/SecurityFoundation
0x0000000039d4d000 	/System/Library/PrivateFrameworks/LanguageModeling.framework/Versions/A/LanguageModeling
0x0000000039d4d000 	/usr/lib/libmarisa.dylib
0x0000000039d4d000 	/usr/lib/libChineseTokenizer.dylib
0x0000000039d4d000 	/usr/lib/libcmph.dylib
0x0000000039d4d000 	/System/Library/PrivateFrameworks/CoreEmoji.framework/Versions/A/CoreEmoji
0x0000000039d4d000 	/System/Library/Frameworks/ServiceManagement.framework/Versions/A/ServiceManagement
0x0000000039d4d000 	/usr/lib/libxslt.1.dylib
0x0000000039d4d000 	/System/Library/Frameworks/Carbon.framework/Versions/A/Frameworks/Ink.framework/Versions/A/Ink
0x0000000039d4d000 	/System/Library/PrivateFrameworks/TextureIO.framework/Versions/A/TextureIO
0x0000000039d4d000 	/System/Library/Frameworks/Metal.framework/Versions/A/Metal
0x0000000039d4d000 	/usr/lib/libate.dylib
0x0000000039d4d000 	/System/Library/PrivateFrameworks/GPUCompiler.framework/libmetal_timestamp.dylib
0x0000000039d4d000 	/System/Library/Frameworks/OpenGL.framework/Versions/A/Libraries/libCoreFSCache.dylib
0x0000000039d4d000 	/System/Library/PrivateFrameworks/IOAccelerator.framework/Versions/A/IOAccelerator
0x0000000039d4d000 	/System/Library/Frameworks/CoreVideo.framework/Versions/A/CoreVideo
0x0000000039d4d000 	/usr/lib/libFosl_dynamic.dylib
0x0000000039d4d000 	/System/Library/PrivateFrameworks/MetalPerformanceShaders.framework/Versions/A/MetalPerformanceShaders
0x0000000039d4d000 	/System/Library/PrivateFrameworks/FaceCore.framework/Versions/A/FaceCore
0x0000000039d4d000 	/System/Library/Frameworks/OpenCL.framework/Versions/A/OpenCL
0x0000000039d4d000 	/System/Library/Frameworks/OpenGL.framework/Versions/A/Libraries/libGLU.dylib
0x0000000039d4d000 	/System/Library/Frameworks/OpenGL.framework/Versions/A/Libraries/libGFXShared.dylib
0x0000000039d4d000 	/System/Library/Frameworks/OpenGL.framework/Versions/A/Libraries/libGL.dylib
0x0000000039d4d000 	/System/Library/Frameworks/OpenGL.framework/Versions/A/Libraries/libGLImage.dylib
0x0000000039d4d000 	/System/Library/Frameworks/OpenGL.framework/Versions/A/Libraries/libCVMSPluginSupport.dylib
0x0000000039d4d000 	/System/Library/Frameworks/OpenGL.framework/Versions/A/Libraries/libCoreVMClient.dylib
0x0000000039d4d000 	/System/Library/PrivateFrameworks/CrashReporterSupport.framework/Versions/A/CrashReporterSupport
0x0000000039d4d000 	/System/Library/PrivateFrameworks/Sharing.framework/Versions/A/Sharing
0x0000000039d4d000 	/System/Library/PrivateFrameworks/IconServices.framework/Versions/A/IconServices
0x0000000039d4d000 	/System/Library/PrivateFrameworks/ProtocolBuffer.framework/Versions/A/ProtocolBuffer
0x0000000039d4d000 	/System/Library/PrivateFrameworks/Apple80211.framework/Versions/A/Apple80211
0x0000000039d4d000 	/System/Library/Frameworks/CoreWLAN.framework/Versions/A/CoreWLAN
0x0000000039d4d000 	/System/Library/PrivateFrameworks/CoreUtils.framework/Versions/A/CoreUtils
0x0000000039d4d000 	/System/Library/Frameworks/IOBluetooth.framework/Versions/A/IOBluetooth
0x0000000039d4d000 	/System/Library/PrivateFrameworks/CoreWiFi.framework/Versions/A/CoreWiFi
0x0000000039d4d000 	/System/Library/Frameworks/CoreBluetooth.framework/Versions/A/CoreBluetooth
0x0000000039d4d000 	/System/Library/Frameworks/CoreDisplay.framework/Versions/A/CoreDisplay
0x0000000039d4d000 	/System/Library/PrivateFrameworks/IOPresentment.framework/Versions/A/IOPresentment
0x0000000039d4d000 	/System/Library/PrivateFrameworks/DebugSymbols.framework/Versions/A/DebugSymbols
0x0000000039d4d000 	/System/Library/PrivateFrameworks/CoreSymbolication.framework/Versions/A/CoreSymbolication
0x0000000039d4d000 	/System/Library/PrivateFrameworks/Symbolication.framework/Versions/A/Symbolication
0x0000000039d4d000 	/System/Library/PrivateFrameworks/AppleFSCompression.framework/Versions/A/AppleFSCompression
0x0000000039d4d000 	/System/Library/PrivateFrameworks/SpeechRecognitionCore.framework/Versions/A/SpeechRecognitionCore
0x0000000039d4d000 	/System/Library/PrivateFrameworks/ChunkingLibrary.framework/Versions/A/ChunkingLibrary
0x000000010d558000 	/System/Library/CoreServices/Encodings/libSimplifiedChineseConverter.dylib
0x000000010d59c000 	/Library/Java/JavaVirtualMachines/jdk1.8.0_111.jdk/Contents/Home/jre/lib/server/libjvm.dylib
0x0000000039d4d000 	/usr/lib/libstdc++.6.dylib
0x000000010e53d000 	/Library/Java/JavaVirtualMachines/jdk1.8.0_111.jdk/Contents/Home/jre/lib/libverify.dylib
0x000000010e54b000 	/Library/Java/JavaVirtualMachines/jdk1.8.0_111.jdk/Contents/Home/jre/lib/libjava.dylib
0x000000010e58a000 	/Library/Java/JavaVirtualMachines/jdk1.8.0_111.jdk/Contents/Home/jre/lib/libzip.dylib
0x000000010e5e4000 	/System/Library/Frameworks/JavaVM.framework/Frameworks/JavaRuntimeSupport.framework/JavaRuntimeSupport
0x0000000111713000 	/System/Library/Frameworks/JavaVM.framework/Versions/A/Frameworks/JavaNativeFoundation.framework/Versions/A/JavaNativeFoundation
0x0000000111728000 	/System/Library/Frameworks/JavaVM.framework/Versions/A/JavaVM
0x0000000039d4d000 	/System/Library/Frameworks/Carbon.framework/Versions/A/Carbon
0x0000000111735000 	/System/Library/PrivateFrameworks/JavaLaunching.framework/Versions/A/JavaLaunching
0x0000000039d4d000 	/System/Library/Frameworks/Carbon.framework/Versions/A/Frameworks/CommonPanels.framework/Versions/A/CommonPanels
0x0000000039d4d000 	/System/Library/Frameworks/Carbon.framework/Versions/A/Frameworks/Help.framework/Versions/A/Help
0x0000000039d4d000 	/System/Library/Frameworks/Carbon.framework/Versions/A/Frameworks/ImageCapture.framework/Versions/A/ImageCapture
0x0000000039d4d000 	/System/Library/Frameworks/Carbon.framework/Versions/A/Frameworks/OpenScripting.framework/Versions/A/OpenScripting
0x0000000039d4d000 	/System/Library/Frameworks/Carbon.framework/Versions/A/Frameworks/Print.framework/Versions/A/Print
0x0000000039d4d000 	/System/Library/Frameworks/Carbon.framework/Versions/A/Frameworks/SecurityHI.framework/Versions/A/SecurityHI
0x00000001118d3000 	/Applications/IntelliJ IDEA CE.app/Contents/bin/libbreakgen64.jnilib
0x00000001118d6000 	/Library/Java/JavaVirtualMachines/jdk1.8.0_111.jdk/Contents/Home/jre/lib/libnet.dylib
0x00000001119f1000 	/Library/Java/JavaVirtualMachines/jdk1.8.0_111.jdk/Contents/Home/jre/lib/libprism_es2.dylib
0x0000000039d4d000 	/System/Library/Frameworks/OpenGL.framework/Versions/A/Resources/GLEngine.bundle/GLEngine
0x0000000039d4d000 	/System/Library/Frameworks/OpenGL.framework/Versions/A/Libraries/libGLProgrammability.dylib
0x0000000111a57000 	/System/Library/Extensions/AppleIntelBDWGraphicsGLDriver.bundle/Contents/MacOS/AppleIntelBDWGraphicsGLDriver
0x0000000039d4d000 	/System/Library/PrivateFrameworks/GPUSupport.framework/Versions/A/Libraries/libGPUSupportMercury.dylib
0x0000000039d4d000 	/System/Library/Frameworks/OpenGL.framework/Versions/A/Resources/GLRendererFloat.bundle/GLRendererFloat
0x0000000039d4d000 	/System/Library/Frameworks/OpenCL.framework/Versions/A/Libraries/libcldcpuengine.dylib
0x0000000039d4d000 	/usr/lib/libcrypto.0.9.8.dylib
0x0000000039d4d000 	/System/Library/PrivateFrameworks/TrustEvaluationAgent.framework/Versions/A/TrustEvaluationAgent
0x0000000126f03000 	/Library/Java/JavaVirtualMachines/jdk1.8.0_111.jdk/Contents/Home/jre/lib/libglass.dylib
0x0000000039d4d000 	/System/Library/PrivateFrameworks/CoreServicesInternal.framework/Versions/A/CoreServicesInternal
0x0000000039d4d000 	/System/Library/CoreServices/RawCamera.bundle/Contents/MacOS/RawCamera
0x0000000039d4d000 	/System/Library/Frameworks/Accelerate.framework/Versions/A/Frameworks/vImage.framework/Versions/A/Libraries/libCGInterfaces.dylib
0x0000000039d4d000 	/System/Library/PrivateFrameworks/FamilyControls.framework/Versions/A/FamilyControls
0x0000000039d4d000 	/System/Library/PrivateFrameworks/CommerceKit.framework/Versions/A/Frameworks/CommerceCore.framework/Versions/A/CommerceCore
0x0000000039d4d000 	/System/Library/PrivateFrameworks/SystemAdministration.framework/Versions/A/SystemAdministration
0x0000000039d4d000 	/System/Library/PrivateFrameworks/AppContainer.framework/Versions/A/AppContainer
0x0000000039d4d000 	/System/Library/PrivateFrameworks/SecCodeWrapper.framework/Versions/A/SecCodeWrapper
0x0000000039d4d000 	/System/Library/Frameworks/DirectoryService.framework/Versions/A/DirectoryService
0x0000000039d4d000 	/System/Library/PrivateFrameworks/DiskImages.framework/Versions/A/DiskImages
0x0000000039d4d000 	/System/Library/PrivateFrameworks/LoginUIKit.framework/Versions/A/Frameworks/LoginUICore.framework/Versions/A/LoginUICore
0x0000000039d4d000 	/usr/lib/libCoreStorage.dylib
0x0000000039d4d000 	/usr/lib/libcsfde.dylib
0x0000000039d4d000 	/usr/lib/libodfde.dylib
0x0000000039d4d000 	/System/Library/Frameworks/DiscRecording.framework/Versions/A/DiscRecording
0x0000000039d4d000 	/usr/lib/libcurl.4.dylib
0x0000000039d4d000 	/System/Library/PrivateFrameworks/MediaKit.framework/Versions/A/MediaKit
0x0000000039d4d000 	/System/Library/PrivateFrameworks/ProtectedCloudStorage.framework/Versions/A/ProtectedCloudStorage
0x0000000039d4d000 	/System/Library/PrivateFrameworks/EFILogin.framework/Versions/A/EFILogin
0x0000000039d4d000 	/usr/lib/libutil.dylib
0x0000000039d4d000 	/System/Library/Frameworks/LDAP.framework/Versions/A/LDAP
0x0000000039d4d000 	/usr/lib/libsasl2.2.dylib
0x0000000039d4d000 	/System/Library/PrivateFrameworks/CoreDaemon.framework/Versions/B/CoreDaemon
0x0000000039d4d000 	/System/Library/PrivateFrameworks/AppleSRP.framework/Versions/A/AppleSRP
0x0000000039d4d000 	/System/Library/PrivateFrameworks/APFS.framework/Versions/A/APFS
0x0000000127085000 	/Library/Java/JavaVirtualMachines/jdk1.8.0_111.jdk/Contents/Home/jre/lib/libjavafx_font.dylib
0x000000012adfd000 	/Library/Java/JavaVirtualMachines/jdk1.8.0_111.jdk/Contents/Home/jre/lib/libjfxwebkit.dylib
0x0000000127135000 	/Library/Java/JavaVirtualMachines/jdk1.8.0_111.jdk/Contents/Home/jre/lib/libnio.dylib
0x0000000039d4d000 	/System/Library/Frameworks/ApplicationServices.framework/Versions/A/Frameworks/ATS.framework/Versions/A/Resources/libTrueTypeScaler.dylib
0x00000001322cb000 	/Library/Java/JavaVirtualMachines/jdk1.8.0_111.jdk/Contents/Home/jre/lib/libprism_common.dylib
0x000000012f94a000 	/System/Library/Extensions/AppleIntelBDWGraphicsMTLDriver.bundle/Contents/MacOS/AppleIntelBDWGraphicsMTLDriver
0x0000000039d4d000 	/System/Library/PrivateFrameworks/ViewBridge.framework/Versions/A/ViewBridge
0x0000000039d4d000 	/System/Library/PrivateFrameworks/XPCService.framework/Versions/A/XPCService
0x0000000039d4d000 	/System/Library/PrivateFrameworks/AppSandbox.framework/Versions/A/AppSandbox
0x0000000039d4d000 	/usr/lib/libsandbox.1.dylib
0x0000000039d4d000 	/usr/lib/libMatch.1.dylib
0x0000000130330000 	/Library/Java/JavaVirtualMachines/jdk1.8.0_111.jdk/Contents/Home/jre/lib/libjavafx_iio.dylib

VM Arguments:
jvm_args: -Didea.launcher.port=7532 -Didea.launcher.bin.path=/Applications/IntelliJ IDEA CE.app/Contents/bin -Dfile.encoding=UTF-8 
java_command: com.intellij.rt.execution.application.AppMain sample.Main
java_class_path (initial): /Library/Java/JavaVirtualMachines/jdk1.8.0_111.jdk/Contents/Home/jre/lib/charsets.jar:/Library/Java/JavaVirtualMachines/jdk1.8.0_111.jdk/Contents/Home/jre/lib/deploy.jar:/Library/Java/JavaVirtualMachines/jdk1.8.0_111.jdk/Contents/Home/jre/lib/ext/cldrdata.jar:/Library/Java/JavaVirtualMachines/jdk1.8.0_111.jdk/Contents/Home/jre/lib/ext/dnsns.jar:/Library/Java/JavaVirtualMachines/jdk1.8.0_111.jdk/Contents/Home/jre/lib/ext/jaccess.jar:/Library/Java/JavaVirtualMachines/jdk1.8.0_111.jdk/Contents/Home/jre/lib/ext/jfxrt.jar:/Library/Java/JavaVirtualMachines/jdk1.8.0_111.jdk/Contents/Home/jre/lib/ext/localedata.jar:/Library/Java/JavaVirtualMachines/jdk1.8.0_111.jdk/Contents/Home/jre/lib/ext/nashorn.jar:/Library/Java/JavaVirtualMachines/jdk1.8.0_111.jdk/Contents/Home/jre/lib/ext/sunec.jar:/Library/Java/JavaVirtualMachines/jdk1.8.0_111.jdk/Contents/Home/jre/lib/ext/sunjce_provider.jar:/Library/Java/JavaVirtualMachines/jdk1.8.0_111.jdk/Contents/Home/jre/lib/ext/sunpkcs11.jar:/Library/Java/JavaVirtualMachines/jdk1.8.0_111.jdk/Contents/Home/jre/lib/ext/zipfs.jar:/Library/Java/JavaVirtualMachines/jdk1.8.0_111.jdk/Contents/Home/jre/lib/javaws.jar:/Library/Java/JavaVirtualMachines/jdk1.8.0_111.jdk/Contents/Home/jre/lib/jce.jar:/Library/Java/JavaVirtualMachines/jdk1.8.0_111.jdk/Contents/Home/jre/lib/jfr.jar:/Library/Java/JavaVirtualMachines/jdk1.8.0_111.jdk/Contents/Home/jre/lib/jfxswt.jar:/Library/Java/JavaVirtualMachines/jdk1.8.0_111.jdk/Contents/Home/jre/lib/jsse.jar:/Library/Java/JavaVirtualMachines/jdk1.8.0_111.jdk/Contents/Home/jre/lib/management-agent.jar:/Library/Java/JavaVirtualMachines/jdk1.8.0_111.jdk/Contents/Home/jre/lib/plugin.jar:/Library/Java/JavaVirtualMachines/jdk1.8.0_111.jdk/Contents/Home/jre/lib/resources.jar:/Library/Java/JavaVirtualMachines/jdk1.8.0_111.jdk/Contents/Home/jre/lib/rt.jar:/Library/Java/JavaVirtualMachines/jdk1.8.0_111.jdk/Contents/Home/lib/ant-javafx.jar:/Library/Java/JavaVirtualMachines/jdk1.8.0_111.jdk/Contents/Home
Launcher Type: SUN_STANDARD

Environment Variables:
PATH=/usr/local/bin:/usr/bin:/bin:/usr/sbin:/sbin:/Users/huangzheng/scala/scala-2.12.0/bin
SHELL=/bin/bash

Signal Handlers:
SIGSEGV: [libjvm.dylib+0x5b03ed], sa_mask[0]=11111111011111110111111111111111, sa_flags=SA_ONSTACK|SA_RESTART|SA_SIGINFO
SIGBUS: [libjvm.dylib+0x5b03ed], sa_mask[0]=11111111011111110111111111111111, sa_flags=SA_RESTART|SA_SIGINFO
SIGFPE: [libjvm.dylib+0x48711c], sa_mask[0]=11111111011111110111111111111111, sa_flags=SA_RESTART|SA_SIGINFO
SIGPIPE: [libjvm.dylib+0x48711c], sa_mask[0]=11111111011111110111111111111111, sa_flags=SA_RESTART|SA_SIGINFO
SIGXFSZ: [libjvm.dylib+0x48711c], sa_mask[0]=11111111011111110111111111111111, sa_flags=SA_RESTART|SA_SIGINFO
SIGILL: [libjvm.dylib+0x48711c], sa_mask[0]=11111111011111110111111111111111, sa_flags=SA_RESTART|SA_SIGINFO
SIGUSR1: SIG_DFL, sa_mask[0]=00000000000000000000000000000000, sa_flags=none
SIGUSR2: [libjvm.dylib+0x486c3a], sa_mask[0]=00100000000000000000000000000000, sa_flags=SA_RESTART|SA_SIGINFO
SIGHUP: [libjvm.dylib+0x485211], sa_mask[0]=11111111011111110111111111111111, sa_flags=SA_RESTART|SA_SIGINFO
SIGINT: [libjvm.dylib+0x485211], sa_mask[0]=11111111011111110111111111111111, sa_flags=SA_RESTART|SA_SIGINFO
SIGTERM: [libjvm.dylib+0x485211], sa_mask[0]=11111111011111110111111111111111, sa_flags=SA_RESTART|SA_SIGINFO
SIGQUIT: [libjvm.dylib+0x485211], sa_mask[0]=11111111011111110111111111111111, sa_flags=SA_RESTART|SA_SIGINFO


---------------  S Y S T E M  ---------------

OS:Bsduname:Darwin 16.4.0 Darwin Kernel Version 16.4.0: Thu Dec 22 22:53:21 PST 2016; root:xnu-3789.41.3~3/RELEASE_X86_64 x86_64
rlimit: STACK 8192k, CORE 0k, NPROC 709, NOFILE 10240, AS infinity
load average:3.76 3.46 3.15

CPU:total 4 (2 cores per cpu, 2 threads per core) family 6 model 61 stepping 4, cmov, cx8, fxsr, mmx, sse, sse2, sse3, ssse3, sse4.1, sse4.2, popcnt, avx, avx2, aes, clmul, erms, 3dnowpref, lzcnt, ht, tsc, tscinvbit, bmi1, bmi2, adx

Memory: 4k page, physical 8388608k(15904k free)

/proc/meminfo:


vm_info: Java HotSpot(TM) 64-Bit Server VM (25.111-b14) for bsd-amd64 JRE (1.8.0_111-b14), built on Sep 22 2016 15:31:41 by "java_re" with gcc 4.2.1 (Based on Apple Inc. build 5658) (LLVM build 2336.11.00)

time: Fri Jan 27 19:36:46 2017
elapsed time: 23 seconds (0d 0h 0m 23s)

