#
# A fatal error has been detected by the Java Runtime Environment:
#
#  SIGSEGV (0xb) at pc=0x0000000122dc0010, pid=5653, tid=0x0000000000000307
#
# JRE version: Java(TM) SE Runtime Environment (8.0_111-b14) (build 1.8.0_111-b14)
# Java VM: Java HotSpot(TM) 64-Bit Server VM (25.111-b14 mixed mode bsd-amd64 compressed oops)
# Problematic frame:
# C  [libjfxwebkit.dylib+0xa6e010]  checkJSPeer(long, int, OpaqueJSValue*&, OpaqueJSContext const*&)+0x90
#
# Failed to write core dump. Core dumps have been disabled. To enable core dumping, try "ulimit -c unlimited" before starting Java again
#
# If you would like to submit a bug report, please visit:
#   http://bugreport.java.com/bugreport/crash.jsp
# The crash happened outside the Java Virtual Machine in native code.
# See problematic frame for where to report the bug.
#

---------------  T H R E A D  ---------------

Current thread (0x00007feb9e144800):  JavaThread "JavaFX Application Thread" [_thread_in_native, id=775, stack(0x00007fff5af4c000,0x00007fff5b74c000)]

siginfo: si_signo: 11 (SIGSEGV), si_code: 1 (SEGV_MAPERR), si_addr: 0x00000000000002d8

Registers:
RAX=0x00007feb9e6f6000, RBX=0x00007fff5b745a78, RCX=0x00007fff5b745a10, RDX=0x0000000000000001
RSP=0x00007fff5b745960, RBP=0x00007fff5b7459b0, RSI=0x00007feba337d190, RDI=0x00007fff5b745a00
R8 =0x00007fff5b745a08, R9 =0x00007fff5b745a80, R10=0x000000010d1c7ac4, R11=0x0000000000000001
R12=0x00007feba337d190, R13=0x00007fff5b745a08, R14=0x0000000000000001, R15=0x0000000000000000
RIP=0x0000000122dc0010, EFLAGS=0x0000000000010297, ERR=0x0000000000000004
  TRAPNO=0x000000000000000e

Top of Stack: (sp=0x00007fff5b745960)
0x00007fff5b745960:   3ff0000000000000 00007fff5b745a10
0x00007fff5b745970:   00007fff5b745a00 0000000797bf1878
0x00007fff5b745980:   0000000797bf18c0 00007fff5b745a78
0x00007fff5b745990:   00007fff5b745a80 0000000000000003
0x00007fff5b7459a0:   00007fff5b745a98 00007feb9e1449f8
0x00007fff5b7459b0:   00007fff5b745a50 0000000122dc0929
0x00007fff5b7459c0:   00007fff42d80000 0000000400000001
0x00007fff5b7459d0:   0000000124a021c0 00007f000000000b
0x00007fff5b7459e0:   0000000105631820 0000000000000000
0x00007fff5b7459f0:   0000000000000000 0000000000000000
0x00007fff5b745a00:   00007feb9dc672e0 00007feb9dd24770
0x00007fff5b745a10:   00007feb9dd247f0 00007feb9dd24b58
0x00007fff5b745a20:   00000000000003d8 000000000000022c
0x00007fff5b745a30:   0000000000000000 0000000000000003
0x00007fff5b745a40:   00007fff5b745a98 00007feb9e144800
0x00007fff5b745a50:   00007fff5b745ab0 000000010d1c7b3e
0x00007fff5b745a60:   00007fff5b745a88 0000000000000000
0x00007fff5b745a70:   00007fff5b745c00 000000079565e670
0x00007fff5b745a80:   0000000797bf1868 0000000797bbe8b0
0x00007fff5b745a90:   0000000000000001 0000000740f62d00
0x00007fff5b745aa0:   0000000740046c50 00007feb9e144800
0x00007fff5b745ab0:   00007fff5b745c00 000000010d1cd9bc
0x00007fff5b745ac0:   0000000000000000 00000007c00117a8
0x00007fff5b745ad0:   00007fff5b745b20 0000000104eb2662
0x00007fff5b745ae0:   00007fff5b745b00 0000000000000001
0x00007fff5b745af0:   00007fff5b745b20 0000000000000002
0x00007fff5b745b00:   00000000ffffffff 000000010b012c01
0x00007fff5b745b10:   00007feb9e144800 0000000000000000
0x00007fff5b745b20:   00007fff5b745b60 00000001050bfe4b
0x00007fff5b745b30:   00007fff5b745b78 00007feb9e144800
0x00007fff5b745b40:   000000079567a888 000000079565e670
0x00007fff5b745b50:   0000000797bf1868 00007feba337d190 

Instructions: (pc=0x0000000122dc0010)
0x0000000122dbfff0:   89 45 00 48 8b 4d c0 e9 0b 01 00 00 48 89 7d c0
0x0000000122dc0000:   49 8b 44 24 20 48 8b 40 08 4c 8b b8 c0 01 00 00
0x0000000122dc0010:   49 8b b7 d8 02 00 00 48 8d 7d c8 4c 89 fa e8 fd
0x0000000122dc0020:   fe a5 ff 48 8b 5d c8 48 85 db 48 c7 45 c8 00 00 

Register to memory mapping:

RAX=0x00007feb9e6f6000 is an unknown value
RBX=0x00007fff5b745a78 is pointing into the stack for thread: 0x00007feb9e144800
RCX=0x00007fff5b745a10 is pointing into the stack for thread: 0x00007feb9e144800
RDX=0x0000000000000001 is an unknown value
RSP=0x00007fff5b745960 is pointing into the stack for thread: 0x00007feb9e144800
RBP=0x00007fff5b7459b0 is pointing into the stack for thread: 0x00007feb9e144800
RSI=0x00007feba337d190 is an unknown value
RDI=0x00007fff5b745a00 is pointing into the stack for thread: 0x00007feb9e144800
R8 =0x00007fff5b745a08 is pointing into the stack for thread: 0x00007feb9e144800
R9 =0x00007fff5b745a80 is pointing into the stack for thread: 0x00007feb9e144800
R10=0x000000010d1c7ac4 is at entry_point+132 in (nmethod*)0x000000010d1c78d0
R11=0x0000000000000001 is an unknown value
R12=0x00007feba337d190 is an unknown value
R13=0x00007fff5b745a08 is pointing into the stack for thread: 0x00007feb9e144800
R14=0x0000000000000001 is an unknown value
R15=0x0000000000000000 is an unknown value


Stack: [0x00007fff5af4c000,0x00007fff5b74c000],  sp=0x00007fff5b745960,  free space=8166k
Native frames: (J=compiled Java code, j=interpreted, Vv=VM code, C=native code)
C  [libjfxwebkit.dylib+0xa6e010]  checkJSPeer(long, int, OpaqueJSValue*&, OpaqueJSContext const*&)+0x90
C  [libjfxwebkit.dylib+0xa6e929]  Java_com_sun_webkit_dom_JSObject_callImpl+0x59
J 2544  com.sun.webkit.dom.JSObject.callImpl(JILjava/lang/String;[Ljava/lang/Object;Ljava/security/AccessControlContext;)Ljava/lang/Object; (0 bytes) @ 0x000000010d1c7b3e [0x000000010d1c7a40+0xfe]
J 2542 C1 com.sun.webkit.dom.NodeImpl.call(Ljava/lang/String;[Ljava/lang/Object;)Ljava/lang/Object; (7 bytes) @ 0x000000010d1cd9bc [0x000000010d1cd4e0+0x4dc]
j  sample.Main.drawRectangle()V+153
j  sample.Main.access$000(Lsample/Main;)V+1
j  sample.Main$6.handle(Ljavafx/event/ActionEvent;)V+105
j  sample.Main$6.handle(Ljavafx/event/Event;)V+5
J 3100 C1 com.sun.javafx.event.CompositeEventHandler.dispatchBubblingEvent(Ljavafx/event/Event;)V (57 bytes) @ 0x000000010d3b0054 [0x000000010d3afc80+0x3d4]
J 2389 C1 com.sun.javafx.event.EventHandlerManager.dispatchBubblingEvent(Ljavafx/event/Event;)Ljavafx/event/Event; (23 bytes) @ 0x000000010d15eae4 [0x000000010d15e440+0x6a4]
J 2121 C1 com.sun.javafx.event.BasicEventDispatcher.dispatchEvent(Ljavafx/event/Event;Ljavafx/event/EventDispatchChain;)Ljavafx/event/Event; (44 bytes) @ 0x000000010d0bd9bc [0x000000010d0bd680+0x33c]
J 2050 C1 com.sun.javafx.event.EventDispatchChainImpl.dispatchEvent(Ljavafx/event/Event;)Ljavafx/event/Event; (101 bytes) @ 0x000000010d0a1114 [0x000000010d0a0f60+0x1b4]
J 2607 C1 com.sun.javafx.event.EventUtil.fireEvent(Ljavafx/event/EventTarget;Ljavafx/event/Event;)Ljavafx/event/Event; (81 bytes) @ 0x000000010d1f32ac [0x000000010d1f26c0+0xbec]
J 2606 C1 javafx.event.Event.fireEvent(Ljavafx/event/EventTarget;Ljavafx/event/Event;)V (35 bytes) @ 0x000000010d1f3e6c [0x000000010d1f3da0+0xcc]
j  javafx.scene.control.MenuItem.fire()V+10
j  com.sun.javafx.scene.control.skin.ContextMenuContent$MenuItemContainer.doSelect()V+97
j  com.sun.javafx.scene.control.skin.ContextMenuContent$MenuItemContainer.lambda$createChildren$343(Ljavafx/scene/input/MouseEvent;)V+1
j  com.sun.javafx.scene.control.skin.ContextMenuContent$MenuItemContainer$$Lambda$231.handle(Ljavafx/event/Event;)V+8
J 2837 C1 com.sun.javafx.event.CompositeEventHandler$NormalEventHandlerRecord.handleBubblingEvent(Ljavafx/event/Event;)V (11 bytes) @ 0x000000010d2dc9cc [0x000000010d2dc8c0+0x10c]
J 3100 C1 com.sun.javafx.event.CompositeEventHandler.dispatchBubblingEvent(Ljavafx/event/Event;)V (57 bytes) @ 0x000000010d3afec4 [0x000000010d3afc80+0x244]
J 2389 C1 com.sun.javafx.event.EventHandlerManager.dispatchBubblingEvent(Ljavafx/event/Event;)Ljavafx/event/Event; (23 bytes) @ 0x000000010d15eae4 [0x000000010d15e440+0x6a4]
J 2388 C1 com.sun.javafx.event.CompositeEventDispatcher.dispatchBubblingEvent(Ljavafx/event/Event;)Ljavafx/event/Event; (35 bytes) @ 0x000000010d15f49c [0x000000010d15f2e0+0x1bc]
J 2121 C1 com.sun.javafx.event.BasicEventDispatcher.dispatchEvent(Ljavafx/event/Event;Ljavafx/event/EventDispatchChain;)Ljavafx/event/Event; (44 bytes) @ 0x000000010d0bd9bc [0x000000010d0bd680+0x33c]
J 2050 C1 com.sun.javafx.event.EventDispatchChainImpl.dispatchEvent(Ljavafx/event/Event;)Ljavafx/event/Event; (101 bytes) @ 0x000000010d0a1114 [0x000000010d0a0f60+0x1b4]
J 2121 C1 com.sun.javafx.event.BasicEventDispatcher.dispatchEvent(Ljavafx/event/Event;Ljavafx/event/EventDispatchChain;)Ljavafx/event/Event; (44 bytes) @ 0x000000010d0bd8d4 [0x000000010d0bd680+0x254]
J 2050 C1 com.sun.javafx.event.EventDispatchChainImpl.dispatchEvent(Ljavafx/event/Event;)Ljavafx/event/Event; (101 bytes) @ 0x000000010d0a1114 [0x000000010d0a0f60+0x1b4]
J 2121 C1 com.sun.javafx.event.BasicEventDispatcher.dispatchEvent(Ljavafx/event/Event;Ljavafx/event/EventDispatchChain;)Ljavafx/event/Event; (44 bytes) @ 0x000000010d0bd8d4 [0x000000010d0bd680+0x254]
J 2050 C1 com.sun.javafx.event.EventDispatchChainImpl.dispatchEvent(Ljavafx/event/Event;)Ljavafx/event/Event; (101 bytes) @ 0x000000010d0a1114 [0x000000010d0a0f60+0x1b4]
J 2121 C1 com.sun.javafx.event.BasicEventDispatcher.dispatchEvent(Ljavafx/event/Event;Ljavafx/event/EventDispatchChain;)Ljavafx/event/Event; (44 bytes) @ 0x000000010d0bd8d4 [0x000000010d0bd680+0x254]
J 2050 C1 com.sun.javafx.event.EventDispatchChainImpl.dispatchEvent(Ljavafx/event/Event;)Ljavafx/event/Event; (101 bytes) @ 0x000000010d0a1114 [0x000000010d0a0f60+0x1b4]
J 2607 C1 com.sun.javafx.event.EventUtil.fireEvent(Ljavafx/event/EventTarget;Ljavafx/event/Event;)Ljavafx/event/Event; (81 bytes) @ 0x000000010d1f2dfc [0x000000010d1f26c0+0x73c]
J 2660 C1 javafx.scene.Scene$MouseHandler.process(Ljavafx/scene/input/MouseEvent;Z)V (735 bytes) @ 0x000000010d22497c [0x000000010d221e60+0x2b1c]
J 3277 C1 javafx.scene.Scene$ScenePeerListener.mouseEvent(Ljavafx/event/EventType;DDDDLjavafx/scene/input/MouseButton;ZZZZZZZZZ)V (50 bytes) @ 0x000000010cb689b4 [0x000000010cb686e0+0x2d4]
J 3272 C1 com.sun.javafx.tk.quantum.GlassViewEventHandler$MouseEventNotification.run()Ljava/lang/Void; (567 bytes) @ 0x000000010cd4075c [0x000000010cd3f980+0xddc]
J 3271 C1 com.sun.javafx.tk.quantum.GlassViewEventHandler$MouseEventNotification.run()Ljava/lang/Object; (5 bytes) @ 0x000000010cb3a68c [0x000000010cb3a600+0x8c]
v  ~StubRoutines::call_stub
V  [libjvm.dylib+0x2ecf8a]  JavaCalls::call_helper(JavaValue*, methodHandle*, JavaCallArguments*, Thread*)+0x6ae
V  [libjvm.dylib+0x34d6c8]  JVM_DoPrivileged+0x4b8
J 2023  java.security.AccessController.doPrivileged(Ljava/security/PrivilegedAction;Ljava/security/AccessControlContext;)Ljava/lang/Object; (0 bytes) @ 0x000000010d098695 [0x000000010d0985c0+0xd5]
J 3133 C1 com.sun.javafx.tk.quantum.GlassViewEventHandler$$Lambda$196.get()Ljava/lang/Object; (8 bytes) @ 0x000000010d3c4524 [0x000000010d3c4340+0x1e4]
J 2620 C1 com.sun.javafx.tk.quantum.QuantumToolkit.runWithoutRenderLock(Ljava/util/function/Supplier;)Ljava/lang/Object; (49 bytes) @ 0x000000010d204274 [0x000000010d203d40+0x534]
J 3130 C1 com.sun.javafx.tk.quantum.GlassViewEventHandler.handleMouseEvent(Lcom/sun/glass/ui/View;JIIIIIIIZZ)V (108 bytes) @ 0x000000010d3c3364 [0x000000010d3c2f40+0x424]
J 2684 C1 com.sun.glass.ui.View.notifyMouse(IIIIIIIZZ)V (221 bytes) @ 0x000000010d246f04 [0x000000010d245ea0+0x1064]
v  ~StubRoutines::call_stub
V  [libjvm.dylib+0x2ecf8a]  JavaCalls::call_helper(JavaValue*, methodHandle*, JavaCallArguments*, Thread*)+0x6ae
V  [libjvm.dylib+0x324119]  jni_invoke_nonstatic(JNIEnv_*, JavaValue*, _jobject*, JNICallType, _jmethodID*, JNI_ArgumentPusher*, Thread*)+0x2ec
V  [libjvm.dylib+0x3168e7]  jni_CallVoidMethod+0x16b
C  [libglass.dylib+0x2058c]  -[GlassViewDelegate sendJavaMouseEvent:]+0x86c
C  [AppKit+0x937c92]  -[NSWindow(NSEventRouting) _reallySendEvent:isDelayedEvent:]+0x608
C  [AppKit+0x9372be]  -[NSWindow(NSEventRouting) sendEvent:]+0x21d
C  [libglass.dylib+0x25d94]  -[GlassWindow_Panel sendEvent:]+0x74
C  [AppKit+0x7bfbf5]  -[NSApplication(NSEvent) sendEvent:]+0x479
C  [AppKit+0x3bf81]  -[NSApplication run]+0x3ea
C  [libglass.dylib+0x654c]  -[GlassApplication runLoop:]+0x72c
C  [Foundation+0x7188a]  __NSThreadPerformPerform+0x146
C  [CoreFoundation+0xa7981]  __CFRUNLOOP_IS_CALLING_OUT_TO_A_SOURCE0_PERFORM_FUNCTION__+0x11
C  [CoreFoundation+0x88a7d]  __CFRunLoopDoSources0+0x22d
C  [CoreFoundation+0x87f76]  __CFRunLoopRun+0x3a6
C  [CoreFoundation+0x87974]  CFRunLoopRunSpecific+0x1a4
C  [java+0x6465]  CreateExecutionEnvironment+0x367
C  [java+0x218c]  JLI_Launch+0x7a0
C  [java+0x84c2]  main+0x65
C  [java+0x19e4]  start+0x34
C  0x0000000000000008

Java frames: (J=compiled Java code, j=interpreted, Vv=VM code)
J 2544  com.sun.webkit.dom.JSObject.callImpl(JILjava/lang/String;[Ljava/lang/Object;Ljava/security/AccessControlContext;)Ljava/lang/Object; (0 bytes) @ 0x000000010d1c7ac4 [0x000000010d1c7a40+0x84]
J 2542 C1 com.sun.webkit.dom.NodeImpl.call(Ljava/lang/String;[Ljava/lang/Object;)Ljava/lang/Object; (7 bytes) @ 0x000000010d1cd9bc [0x000000010d1cd4e0+0x4dc]
j  sample.Main.drawRectangle()V+153
j  sample.Main.access$000(Lsample/Main;)V+1
j  sample.Main$6.handle(Ljavafx/event/ActionEvent;)V+105
j  sample.Main$6.handle(Ljavafx/event/Event;)V+5
J 3100 C1 com.sun.javafx.event.CompositeEventHandler.dispatchBubblingEvent(Ljavafx/event/Event;)V (57 bytes) @ 0x000000010d3b0054 [0x000000010d3afc80+0x3d4]
J 2389 C1 com.sun.javafx.event.EventHandlerManager.dispatchBubblingEvent(Ljavafx/event/Event;)Ljavafx/event/Event; (23 bytes) @ 0x000000010d15eae4 [0x000000010d15e440+0x6a4]
J 2121 C1 com.sun.javafx.event.BasicEventDispatcher.dispatchEvent(Ljavafx/event/Event;Ljavafx/event/EventDispatchChain;)Ljavafx/event/Event; (44 bytes) @ 0x000000010d0bd9bc [0x000000010d0bd680+0x33c]
J 2050 C1 com.sun.javafx.event.EventDispatchChainImpl.dispatchEvent(Ljavafx/event/Event;)Ljavafx/event/Event; (101 bytes) @ 0x000000010d0a1114 [0x000000010d0a0f60+0x1b4]
J 2607 C1 com.sun.javafx.event.EventUtil.fireEvent(Ljavafx/event/EventTarget;Ljavafx/event/Event;)Ljavafx/event/Event; (81 bytes) @ 0x000000010d1f32ac [0x000000010d1f26c0+0xbec]
J 2606 C1 javafx.event.Event.fireEvent(Ljavafx/event/EventTarget;Ljavafx/event/Event;)V (35 bytes) @ 0x000000010d1f3e6c [0x000000010d1f3da0+0xcc]
j  javafx.scene.control.MenuItem.fire()V+10
j  com.sun.javafx.scene.control.skin.ContextMenuContent$MenuItemContainer.doSelect()V+97
j  com.sun.javafx.scene.control.skin.ContextMenuContent$MenuItemContainer.lambda$createChildren$343(Ljavafx/scene/input/MouseEvent;)V+1
j  com.sun.javafx.scene.control.skin.ContextMenuContent$MenuItemContainer$$Lambda$231.handle(Ljavafx/event/Event;)V+8
J 2837 C1 com.sun.javafx.event.CompositeEventHandler$NormalEventHandlerRecord.handleBubblingEvent(Ljavafx/event/Event;)V (11 bytes) @ 0x000000010d2dc9cc [0x000000010d2dc8c0+0x10c]
J 3100 C1 com.sun.javafx.event.CompositeEventHandler.dispatchBubblingEvent(Ljavafx/event/Event;)V (57 bytes) @ 0x000000010d3afec4 [0x000000010d3afc80+0x244]
J 2389 C1 com.sun.javafx.event.EventHandlerManager.dispatchBubblingEvent(Ljavafx/event/Event;)Ljavafx/event/Event; (23 bytes) @ 0x000000010d15eae4 [0x000000010d15e440+0x6a4]
J 2388 C1 com.sun.javafx.event.CompositeEventDispatcher.dispatchBubblingEvent(Ljavafx/event/Event;)Ljavafx/event/Event; (35 bytes) @ 0x000000010d15f49c [0x000000010d15f2e0+0x1bc]
J 2121 C1 com.sun.javafx.event.BasicEventDispatcher.dispatchEvent(Ljavafx/event/Event;Ljavafx/event/EventDispatchChain;)Ljavafx/event/Event; (44 bytes) @ 0x000000010d0bd9bc [0x000000010d0bd680+0x33c]
J 2050 C1 com.sun.javafx.event.EventDispatchChainImpl.dispatchEvent(Ljavafx/event/Event;)Ljavafx/event/Event; (101 bytes) @ 0x000000010d0a1114 [0x000000010d0a0f60+0x1b4]
J 2121 C1 com.sun.javafx.event.BasicEventDispatcher.dispatchEvent(Ljavafx/event/Event;Ljavafx/event/EventDispatchChain;)Ljavafx/event/Event; (44 bytes) @ 0x000000010d0bd8d4 [0x000000010d0bd680+0x254]
J 2050 C1 com.sun.javafx.event.EventDispatchChainImpl.dispatchEvent(Ljavafx/event/Event;)Ljavafx/event/Event; (101 bytes) @ 0x000000010d0a1114 [0x000000010d0a0f60+0x1b4]
J 2121 C1 com.sun.javafx.event.BasicEventDispatcher.dispatchEvent(Ljavafx/event/Event;Ljavafx/event/EventDispatchChain;)Ljavafx/event/Event; (44 bytes) @ 0x000000010d0bd8d4 [0x000000010d0bd680+0x254]
J 2050 C1 com.sun.javafx.event.EventDispatchChainImpl.dispatchEvent(Ljavafx/event/Event;)Ljavafx/event/Event; (101 bytes) @ 0x000000010d0a1114 [0x000000010d0a0f60+0x1b4]
J 2121 C1 com.sun.javafx.event.BasicEventDispatcher.dispatchEvent(Ljavafx/event/Event;Ljavafx/event/EventDispatchChain;)Ljavafx/event/Event; (44 bytes) @ 0x000000010d0bd8d4 [0x000000010d0bd680+0x254]
J 2050 C1 com.sun.javafx.event.EventDispatchChainImpl.dispatchEvent(Ljavafx/event/Event;)Ljavafx/event/Event; (101 bytes) @ 0x000000010d0a1114 [0x000000010d0a0f60+0x1b4]
J 2607 C1 com.sun.javafx.event.EventUtil.fireEvent(Ljavafx/event/EventTarget;Ljavafx/event/Event;)Ljavafx/event/Event; (81 bytes) @ 0x000000010d1f2dfc [0x000000010d1f26c0+0x73c]
J 2660 C1 javafx.scene.Scene$MouseHandler.process(Ljavafx/scene/input/MouseEvent;Z)V (735 bytes) @ 0x000000010d22497c [0x000000010d221e60+0x2b1c]
J 3277 C1 javafx.scene.Scene$ScenePeerListener.mouseEvent(Ljavafx/event/EventType;DDDDLjavafx/scene/input/MouseButton;ZZZZZZZZZ)V (50 bytes) @ 0x000000010cb689b4 [0x000000010cb686e0+0x2d4]
J 3272 C1 com.sun.javafx.tk.quantum.GlassViewEventHandler$MouseEventNotification.run()Ljava/lang/Void; (567 bytes) @ 0x000000010cd4075c [0x000000010cd3f980+0xddc]
J 3271 C1 com.sun.javafx.tk.quantum.GlassViewEventHandler$MouseEventNotification.run()Ljava/lang/Object; (5 bytes) @ 0x000000010cb3a68c [0x000000010cb3a600+0x8c]
v  ~StubRoutines::call_stub
J 2023  java.security.AccessController.doPrivileged(Ljava/security/PrivilegedAction;Ljava/security/AccessControlContext;)Ljava/lang/Object; (0 bytes) @ 0x000000010d098623 [0x000000010d0985c0+0x63]
J 3133 C1 com.sun.javafx.tk.quantum.GlassViewEventHandler$$Lambda$196.get()Ljava/lang/Object; (8 bytes) @ 0x000000010d3c4524 [0x000000010d3c4340+0x1e4]
J 2620 C1 com.sun.javafx.tk.quantum.QuantumToolkit.runWithoutRenderLock(Ljava/util/function/Supplier;)Ljava/lang/Object; (49 bytes) @ 0x000000010d204274 [0x000000010d203d40+0x534]
J 3130 C1 com.sun.javafx.tk.quantum.GlassViewEventHandler.handleMouseEvent(Lcom/sun/glass/ui/View;JIIIIIIIZZ)V (108 bytes) @ 0x000000010d3c3364 [0x000000010d3c2f40+0x424]
J 2684 C1 com.sun.glass.ui.View.notifyMouse(IIIIIIIZZ)V (221 bytes) @ 0x000000010d246f04 [0x000000010d245ea0+0x1064]
v  ~StubRoutines::call_stub

---------------  P R O C E S S  ---------------

Java Threads: ( => current thread )
  0x00007feb9edc8000 JavaThread "URL-Loader-20" daemon [_thread_blocked, id=79883, stack(0x000070000899c000,0x0000700008a9c000)]
  0x00007feb9ebdb800 JavaThread "URL-Loader-19" daemon [_thread_blocked, id=75795, stack(0x0000700008899000,0x0000700008999000)]
  0x00007feb9ee63800 JavaThread "URL-Loader-18" daemon [_thread_blocked, id=79107, stack(0x0000700008796000,0x0000700008896000)]
  0x00007feb9ee63000 JavaThread "URL-Loader-17" daemon [_thread_blocked, id=78595, stack(0x0000700008693000,0x0000700008793000)]
  0x00007feb9edd2000 JavaThread "URL-Loader-16" daemon [_thread_blocked, id=77571, stack(0x000070000848d000,0x000070000858d000)]
  0x00007feb9ebd8000 JavaThread "URL-Loader-15" daemon [_thread_blocked, id=77059, stack(0x000070000838a000,0x000070000848a000)]
  0x00007feb9edf8800 JavaThread "URL-Loader-14" daemon [_thread_blocked, id=76547, stack(0x0000700008287000,0x0000700008387000)]
  0x00007feba4810800 JavaThread "URL-Loader-13" daemon [_thread_blocked, id=76035, stack(0x0000700008184000,0x0000700008284000)]
  0x00007feb9f8fb800 JavaThread "URL-Loader-12" daemon [_thread_blocked, id=74779, stack(0x0000700007f7e000,0x000070000807e000)]
  0x00007feb9fcd2000 JavaThread "URL-Loader-11" daemon [_thread_blocked, id=74243, stack(0x0000700007e7b000,0x0000700007f7b000)]
  0x00007feb9e6d1000 JavaThread "URL-Loader-10" daemon [_thread_blocked, id=73731, stack(0x0000700007d78000,0x0000700007e78000)]
  0x00007feb9edcd000 JavaThread "URL-Loader-9" daemon [_thread_blocked, id=73219, stack(0x0000700007c75000,0x0000700007d75000)]
  0x00007feb9edce000 JavaThread "URL-Loader-8" daemon [_thread_blocked, id=71695, stack(0x0000700007b72000,0x0000700007c72000)]
  0x00007feb9f40f800 JavaThread "Watchdog-Timer-1" daemon [_thread_blocked, id=72451, stack(0x0000700007a6f000,0x0000700007b6f000)]
  0x00007feb9e6f5000 JavaThread "URL-Loader-7" daemon [_thread_blocked, id=71939, stack(0x000070000796c000,0x0000700007a6c000)]
  0x00007feb9f47f800 JavaThread "URL-Loader-6" daemon [_thread_blocked, id=53291, stack(0x0000700007869000,0x0000700007969000)]
  0x00007feb9e6f2000 JavaThread "URL-Loader-5" daemon [_thread_blocked, id=62723, stack(0x00007000076e3000,0x00007000077e3000)]
  0x00007feb9edd9800 JavaThread "URL-Loader-4" daemon [_thread_blocked, id=62211, stack(0x00007000075e0000,0x00007000076e0000)]
  0x00007feb9ed81000 JavaThread "URL-Loader-3" daemon [_thread_blocked, id=61699, stack(0x00007000074dd000,0x00007000075dd000)]
  0x00007feb9ed80000 JavaThread "URL-Loader-2" daemon [_thread_blocked, id=61199, stack(0x00007000073da000,0x00007000074da000)]
  0x00007feb9e6cb000 JavaThread "Prism Font Disposer" daemon [_thread_blocked, id=57539, stack(0x0000700007254000,0x0000700007354000)]
  0x00007feb9ea6a000 JavaThread "Keep-Alive-Timer" daemon [_thread_blocked, id=54787, stack(0x0000700007151000,0x0000700007251000)]
  0x00007feb9eaee800 JavaThread "URL-Loader-1" daemon [_thread_blocked, id=54275, stack(0x000070000704e000,0x000070000714e000)]
  0x00007feb9f16b800 JavaThread "Disposer" daemon [_thread_blocked, id=53763, stack(0x0000700006f4b000,0x000070000704b000)]
  0x00007feb9f0b9800 JavaThread "Thread-4" daemon [_thread_in_native, id=38915, stack(0x0000700006dc2000,0x0000700006e42000)]
=>0x00007feb9e144800 JavaThread "JavaFX Application Thread" [_thread_in_native, id=775, stack(0x00007fff5af4c000,0x00007fff5b74c000)]
  0x00007feb9f136000 JavaThread "Thread-2" daemon [_thread_blocked, id=26375, stack(0x0000700006cbf000,0x0000700006dbf000)]
  0x00007feb9e174000 JavaThread "QuantumRenderer-0" daemon [_thread_blocked, id=20995, stack(0x0000700006bbc000,0x0000700006cbc000)]
  0x00007feb9e141800 JavaThread "JavaFX-Launcher" [_thread_blocked, id=20483, stack(0x0000700006ab9000,0x0000700006bb9000)]
  0x00007feb9f074800 JavaThread "Monitor Ctrl-Break" daemon [_thread_in_native, id=19971, stack(0x00007000069b6000,0x0000700006ab6000)]
  0x00007feb9f000800 JavaThread "Service Thread" daemon [_thread_blocked, id=18947, stack(0x00007000067b0000,0x00007000068b0000)]
  0x00007feb9f80e000 JavaThread "C1 CompilerThread2" daemon [_thread_blocked, id=18435, stack(0x00007000066ad000,0x00007000067ad000)]
  0x00007feb9f024800 JavaThread "C2 CompilerThread1" daemon [_thread_blocked, id=17923, stack(0x00007000065aa000,0x00007000066aa000)]
  0x00007feb9e81f000 JavaThread "C2 CompilerThread0" daemon [_thread_blocked, id=17411, stack(0x00007000064a7000,0x00007000065a7000)]
  0x00007feb9f804800 JavaThread "Signal Dispatcher" daemon [_thread_blocked, id=16899, stack(0x00007000063a4000,0x00007000064a4000)]
  0x00007feb9e036000 JavaThread "Finalizer" daemon [_thread_blocked, id=12803, stack(0x00007000062a1000,0x00007000063a1000)]
  0x00007feb9f806800 JavaThread "Reference Handler" daemon [_thread_blocked, id=12291, stack(0x000070000619e000,0x000070000629e000)]
  0x00007feb9e805000 JavaThread "main" [_thread_blocked, id=7427, stack(0x0000700005b8c000,0x0000700005c8c000)]

Other Threads:
  0x00007feb9f01c000 VMThread [stack: 0x000070000609b000,0x000070000619b000] [id=11779]
  0x00007feb9f025000 WatcherThread [stack: 0x00007000068b3000,0x00007000069b3000] [id=19459]

VM state:not at safepoint (normal execution)

VM Mutex/Monitor currently owned by a thread: None

Heap:
 PSYoungGen      total 137728K, used 40621K [0x0000000795580000, 0x00000007a7280000, 0x00000007c0000000)
  eden space 133120K, 30% used [0x0000000795580000,0x0000000797d2b400,0x000000079d780000)
  from space 4608K, 0% used [0x000000079d780000,0x000000079d780000,0x000000079dc00000)
  to   space 12800K, 0% used [0x00000007a6600000,0x00000007a6600000,0x00000007a7280000)
 ParOldGen       total 58880K, used 16602K [0x0000000740000000, 0x0000000743980000, 0x0000000795580000)
  object space 58880K, 28% used [0x0000000740000000,0x0000000741036918,0x0000000743980000)
 Metaspace       used 21768K, capacity 22706K, committed 22784K, reserved 1069056K
  class space    used 3072K, capacity 3276K, committed 3328K, reserved 1048576K

Card table byte_map: [0x0000000106161000,0x0000000106562000] byte_map_base: 0x0000000102761000

Marking Bits: (ParMarkBitMap*) 0x00000001056efd20
 Begin Bits: [0x000000010680d000, 0x000000010880d000)
 End Bits:   [0x000000010880d000, 0x000000010a80d000)

Polling page: 0x0000000104588000

CodeCache: size=245760Kb used=9684Kb max_used=10107Kb free=236075Kb
 bounds [0x000000010ca0b000, 0x000000010d3fb000, 0x000000011ba0b000]
 total_blobs=3793 nmethods=3057 adapters=649
 compilation: enabled

Compilation events (10 events):
Event: 10.795 Thread 0x00007feb9f80e000 3278       3       javafx.scene.Scene::impl_processMouseEvent (10 bytes)
Event: 10.795 Thread 0x00007feb9f80e000 nmethod 3278 0x000000010cc60750 code [0x000000010cc608c0, 0x000000010cc60ac8]
Event: 10.795 Thread 0x00007feb9f80e000 3279       3       java.util.EnumMap$Values::iterator (13 bytes)
Event: 10.795 Thread 0x00007feb9f80e000 nmethod 3279 0x000000010cd8f150 code [0x000000010cd8f2e0, 0x000000010cd8f6b0]
Event: 10.905 Thread 0x00007feb9f80e000 3280       3       javafx.scene.Node::boundedSize (15 bytes)
Event: 10.905 Thread 0x00007feb9f80e000 nmethod 3280 0x000000010cd08b10 code [0x000000010cd08ca0, 0x000000010cd08ea8]
Event: 11.034 Thread 0x00007feb9f80e000 3281       3       java.util.AbstractList$Itr::<init> (6 bytes)
Event: 11.034 Thread 0x00007feb9f80e000 nmethod 3281 0x000000010cc916d0 code [0x000000010cc91840, 0x000000010cc91a90]
Event: 11.034 Thread 0x00007feb9f80e000 3282       3       java.util.AbstractList$Itr::<init> (31 bytes)
Event: 11.034 Thread 0x00007feb9f80e000 nmethod 3282 0x000000010cd19d90 code [0x000000010cd19f00, 0x000000010cd1a0f0]

GC Heap History (10 events):
Event: 1.708 GC heap before
{Heap before GC invocations=4 (full 0):
 PSYoungGen      total 38400K, used 37271K [0x0000000795580000, 0x000000079a080000, 0x00000007c0000000)
  eden space 33280K, 99% used [0x0000000795580000,0x00000007975fef90,0x0000000797600000)
  from space 5120K, 78% used [0x0000000797600000,0x00000007979e6f50,0x0000000797b00000)
  to   space 5120K, 0% used [0x0000000799b80000,0x0000000799b80000,0x000000079a080000)
 ParOldGen       total 87552K, used 24K [0x0000000740000000, 0x0000000745580000, 0x0000000795580000)
  object space 87552K, 0% used [0x0000000740000000,0x0000000740006000,0x0000000745580000)
 Metaspace       used 14288K, capacity 14772K, committed 14976K, reserved 1062912K
  class space    used 1975K, capacity 2111K, committed 2176K, reserved 1048576K
Event: 1.714 GC heap after
Heap after GC invocations=4 (full 0):
 PSYoungGen      total 71680K, used 4049K [0x0000000795580000, 0x000000079a080000, 0x00000007c0000000)
  eden space 66560K, 0% used [0x0000000795580000,0x0000000795580000,0x0000000799680000)
  from space 5120K, 79% used [0x0000000799b80000,0x0000000799f744b0,0x000000079a080000)
  to   space 5120K, 0% used [0x0000000799680000,0x0000000799680000,0x0000000799b80000)
 ParOldGen       total 87552K, used 32K [0x0000000740000000, 0x0000000745580000, 0x0000000795580000)
  object space 87552K, 0% used [0x0000000740000000,0x0000000740008000,0x0000000745580000)
 Metaspace       used 14288K, capacity 14772K, committed 14976K, reserved 1062912K
  class space    used 1975K, capacity 2111K, committed 2176K, reserved 1048576K
}
Event: 1.748 GC heap before
{Heap before GC invocations=5 (full 0):
 PSYoungGen      total 71680K, used 70601K [0x0000000795580000, 0x000000079a080000, 0x00000007c0000000)
  eden space 66560K, 99% used [0x0000000795580000,0x000000079967dfd0,0x0000000799680000)
  from space 5120K, 79% used [0x0000000799b80000,0x0000000799f744b0,0x000000079a080000)
  to   space 5120K, 0% used [0x0000000799680000,0x0000000799680000,0x0000000799b80000)
 ParOldGen       total 87552K, used 32K [0x0000000740000000, 0x0000000745580000, 0x0000000795580000)
  object space 87552K, 0% used [0x0000000740000000,0x0000000740008000,0x0000000745580000)
 Metaspace       used 14288K, capacity 14772K, committed 14976K, reserved 1062912K
  class space    used 1975K, capacity 2111K, committed 2176K, reserved 1048576K
Event: 1.764 GC heap after
Heap after GC invocations=5 (full 0):
 PSYoungGen      total 71680K, used 3951K [0x0000000795580000, 0x000000079e080000, 0x00000007c0000000)
  eden space 66560K, 0% used [0x0000000795580000,0x0000000795580000,0x0000000799680000)
  from space 5120K, 77% used [0x0000000799680000,0x0000000799a5bfc0,0x0000000799b80000)
  to   space 4608K, 0% used [0x000000079dc00000,0x000000079dc00000,0x000000079e080000)
 ParOldGen       total 87552K, used 40K [0x0000000740000000, 0x0000000745580000, 0x0000000795580000)
  object space 87552K, 0% used [0x0000000740000000,0x000000074000a000,0x0000000745580000)
 Metaspace       used 14288K, capacity 14772K, committed 14976K, reserved 1062912K
  class space    used 1975K, capacity 2111K, committed 2176K, reserved 1048576K
}
Event: 1.793 GC heap before
{Heap before GC invocations=6 (full 0):
 PSYoungGen      total 71680K, used 70445K [0x0000000795580000, 0x000000079e080000, 0x00000007c0000000)
  eden space 66560K, 99% used [0x0000000795580000,0x000000079966f510,0x0000000799680000)
  from space 5120K, 77% used [0x0000000799680000,0x0000000799a5bfc0,0x0000000799b80000)
  to   space 4608K, 0% used [0x000000079dc00000,0x000000079dc00000,0x000000079e080000)
 ParOldGen       total 87552K, used 40K [0x0000000740000000, 0x0000000745580000, 0x0000000795580000)
  object space 87552K, 0% used [0x0000000740000000,0x000000074000a000,0x0000000745580000)
 Metaspace       used 14288K, capacity 14772K, committed 14976K, reserved 1062912K
  class space    used 1975K, capacity 2111K, committed 2176K, reserved 1048576K
Event: 1.802 GC heap after
Heap after GC invocations=6 (full 0):
 PSYoungGen      total 137728K, used 3997K [0x0000000795580000, 0x000000079e080000, 0x00000007c0000000)
  eden space 133120K, 0% used [0x0000000795580000,0x0000000795580000,0x000000079d780000)
  from space 4608K, 86% used [0x000000079dc00000,0x000000079dfe7590,0x000000079e080000)
  to   space 4608K, 0% used [0x000000079d780000,0x000000079d780000,0x000000079dc00000)
 ParOldGen       total 87552K, used 40K [0x0000000740000000, 0x0000000745580000, 0x0000000795580000)
  object space 87552K, 0% used [0x0000000740000000,0x000000074000a000,0x0000000745580000)
 Metaspace       used 14288K, capacity 14772K, committed 14976K, reserved 1062912K
  class space    used 1975K, capacity 2111K, committed 2176K, reserved 1048576K
}
Event: 5.501 GC heap before
{Heap before GC invocations=7 (full 0):
 PSYoungGen      total 137728K, used 119619K [0x0000000795580000, 0x000000079e080000, 0x00000007c0000000)
  eden space 133120K, 86% used [0x0000000795580000,0x000000079c669890,0x000000079d780000)
  from space 4608K, 86% used [0x000000079dc00000,0x000000079dfe7590,0x000000079e080000)
  to   space 4608K, 0% used [0x000000079d780000,0x000000079d780000,0x000000079dc00000)
 ParOldGen       total 87552K, used 40K [0x0000000740000000, 0x0000000745580000, 0x0000000795580000)
  object space 87552K, 0% used [0x0000000740000000,0x000000074000a000,0x0000000745580000)
 Metaspace       used 20384K, capacity 21264K, committed 21296K, reserved 1067008K
  class space    used 2951K, capacity 3179K, committed 3200K, reserved 1048576K
Event: 5.518 GC heap after
Heap after GC invocations=7 (full 0):
 PSYoungGen      total 137728K, used 4606K [0x0000000795580000, 0x00000007a7280000, 0x00000007c0000000)
  eden space 133120K, 0% used [0x0000000795580000,0x0000000795580000,0x000000079d780000)
  from space 4608K, 99% used [0x000000079d780000,0x000000079dbffa10,0x000000079dc00000)
  to   space 12800K, 0% used [0x00000007a6600000,0x00000007a6600000,0x00000007a7280000)
 ParOldGen       total 87552K, used 15575K [0x0000000740000000, 0x0000000745580000, 0x0000000795580000)
  object space 87552K, 17% used [0x0000000740000000,0x0000000740f35c00,0x0000000745580000)
 Metaspace       used 20384K, capacity 21264K, committed 21296K, reserved 1067008K
  class space    used 2951K, capacity 3179K, committed 3200K, reserved 1048576K
}
Event: 5.518 GC heap before
{Heap before GC invocations=8 (full 1):
 PSYoungGen      total 137728K, used 4606K [0x0000000795580000, 0x00000007a7280000, 0x00000007c0000000)
  eden space 133120K, 0% used [0x0000000795580000,0x0000000795580000,0x000000079d780000)
  from space 4608K, 99% used [0x000000079d780000,0x000000079dbffa10,0x000000079dc00000)
  to   space 12800K, 0% used [0x00000007a6600000,0x00000007a6600000,0x00000007a7280000)
 ParOldGen       total 87552K, used 15575K [0x0000000740000000, 0x0000000745580000, 0x0000000795580000)
  object space 87552K, 17% used [0x0000000740000000,0x0000000740f35c00,0x0000000745580000)
 Metaspace       used 20384K, capacity 21264K, committed 21296K, reserved 1067008K
  class space    used 2951K, capacity 3179K, committed 3200K, reserved 1048576K
Event: 5.546 GC heap after
Heap after GC invocations=8 (full 1):
 PSYoungGen      total 137728K, used 0K [0x0000000795580000, 0x00000007a7280000, 0x00000007c0000000)
  eden space 133120K, 0% used [0x0000000795580000,0x0000000795580000,0x000000079d780000)
  from space 4608K, 0% used [0x000000079d780000,0x000000079d780000,0x000000079dc00000)
  to   space 12800K, 0% used [0x00000007a6600000,0x00000007a6600000,0x00000007a7280000)
 ParOldGen       total 58880K, used 16602K [0x0000000740000000, 0x0000000743980000, 0x0000000795580000)
  object space 58880K, 28% used [0x0000000740000000,0x0000000741036918,0x0000000743980000)
 Metaspace       used 20384K, capacity 21264K, committed 21296K, reserved 1067008K
  class space    used 2951K, capacity 3179K, committed 3200K, reserved 1048576K
}

Deoptimization events (10 events):
Event: 3.873 Thread 0x00007feb9e144800 Uncommon trap: reason=class_check action=maybe_recompile pc=0x000000010cd37a54 method=java.io.FilterInputStream.read()I @ 4
Event: 3.873 Thread 0x00007feb9e144800 Uncommon trap: reason=class_check action=maybe_recompile pc=0x000000010cd37a54 method=java.io.FilterInputStream.read()I @ 4
Event: 5.578 Thread 0x00007feb9e144800 Uncommon trap: reason=class_check action=maybe_recompile pc=0x000000010d03bf54 method=com.sun.javafx.font.OpenTypeGlyphMapper.getGlyphCode(I)I @ 5
Event: 5.578 Thread 0x00007feb9e144800 Uncommon trap: reason=class_check action=maybe_recompile pc=0x000000010d03bf54 method=com.sun.javafx.font.OpenTypeGlyphMapper.getGlyphCode(I)I @ 5
Event: 5.578 Thread 0x00007feb9e144800 Uncommon trap: reason=class_check action=maybe_recompile pc=0x000000010d03bf54 method=com.sun.javafx.font.OpenTypeGlyphMapper.getGlyphCode(I)I @ 5
Event: 5.578 Thread 0x00007feb9e144800 Uncommon trap: reason=class_check action=maybe_recompile pc=0x000000010d03bf54 method=com.sun.javafx.font.OpenTypeGlyphMapper.getGlyphCode(I)I @ 5
Event: 6.281 Thread 0x00007feb9e144800 Uncommon trap: reason=unstable_if action=reinterpret pc=0x000000010ce2a424 method=org.jsoup.helper.StringUtil.isWhitespace(I)Z @ 27
Event: 7.812 Thread 0x00007feb9e144800 Uncommon trap: reason=unstable_if action=reinterpret pc=0x000000010ce3286c method=org.jsoup.parser.Tokeniser.read()Lorg/jsoup/parser/Token; @ 4
Event: 7.842 Thread 0x00007feb9e144800 Uncommon trap: reason=unstable_if action=reinterpret pc=0x000000010ce3dd44 method=org.jsoup.parser.CharacterReader.consumeData()Ljava/lang/String; @ 20
Event: 10.593 Thread 0x00007feb9e144800 Uncommon trap: reason=unstable_if action=reinterpret pc=0x000000010ce31de4 method=java.lang.String.trim()Ljava/lang/String; @ 44

Internal exceptions (10 events):
Event: 9.103 Thread 0x00007feb9e144800 Exception <a 'java/io/IOException': Bogus DQT index 15> (0x00000007979dc8b8) thrown at [/Users/java_re/workspace/8-2-build-macosx-x86_64/jdk8u111/7883/hotspot/src/share/vm/prims/jni.cpp, line 735]
Event: 9.106 Thread 0x00007feb9e144800 Exception <a 'java/io/IOException': Improper call to JPEG library in state 200> (0x00000007979f85d0) thrown at [/Users/java_re/workspace/8-2-build-macosx-x86_64/jdk8u111/7883/hotspot/src/share/vm/prims/jni.cpp, line 735]
Event: 9.106 Thread 0x00007feb9e144800 Exception <a 'java/io/IOException': Improper call to JPEG library in state 200> (0x00000007979fbd60) thrown at [/Users/java_re/workspace/8-2-build-macosx-x86_64/jdk8u111/7883/hotspot/src/share/vm/prims/jni.cpp, line 735]
Event: 9.113 Thread 0x00007feb9e144800 Exception <a 'java/io/IOException': Improper call to JPEG library in state 200> (0x0000000797ac3288) thrown at [/Users/java_re/workspace/8-2-build-macosx-x86_64/jdk8u111/7883/hotspot/src/share/vm/prims/jni.cpp, line 735]
Event: 9.113 Thread 0x00007feb9e144800 Exception <a 'java/io/IOException': Improper call to JPEG library in state 200> (0x0000000797ac6a18) thrown at [/Users/java_re/workspace/8-2-build-macosx-x86_64/jdk8u111/7883/hotspot/src/share/vm/prims/jni.cpp, line 735]
Event: 9.151 Thread 0x00007feb9e144800 Exception <a 'java/io/IOException': Improper call to JPEG library in state 200> (0x0000000797b16c70) thrown at [/Users/java_re/workspace/8-2-build-macosx-x86_64/jdk8u111/7883/hotspot/src/share/vm/prims/jni.cpp, line 735]
Event: 9.151 Thread 0x00007feb9e144800 Exception <a 'java/io/IOException': Improper call to JPEG library in state 200> (0x0000000797b19bf0) thrown at [/Users/java_re/workspace/8-2-build-macosx-x86_64/jdk8u111/7883/hotspot/src/share/vm/prims/jni.cpp, line 735]
Event: 9.193 Thread 0x00007feb9e144800 Exception <a 'java/io/IOException': Improper call to JPEG library in state 200> (0x0000000797b3f5c0) thrown at [/Users/java_re/workspace/8-2-build-macosx-x86_64/jdk8u111/7883/hotspot/src/share/vm/prims/jni.cpp, line 735]
Event: 9.193 Thread 0x00007feb9e144800 Exception <a 'java/io/IOException': Improper call to JPEG library in state 200> (0x0000000797b42d50) thrown at [/Users/java_re/workspace/8-2-build-macosx-x86_64/jdk8u111/7883/hotspot/src/share/vm/prims/jni.cpp, line 735]
Event: 9.193 Thread 0x00007feb9e144800 Exception <a 'java/io/IOException': Bogus Huffman table definition> (0x0000000797b49dd0) thrown at [/Users/java_re/workspace/8-2-build-macosx-x86_64/jdk8u111/7883/hotspot/src/share/vm/prims/jni.cpp, line 735]

Events (10 events):
Event: 10.592 loading class com/sun/webkit/dom/CommentImpl done
Event: 10.592 loading class org/w3c/dom/Comment
Event: 10.593 loading class org/w3c/dom/Comment done
Event: 10.593 Thread 0x00007feb9e144800 Uncommon trap: trap_request=0xffffff65 fr.pc=0x000000010ce31de4
Event: 10.593 Thread 0x00007feb9e144800 DEOPT PACKING pc=0x000000010ce31de4 sp=0x00007fff5b745140
Event: 10.593 Thread 0x00007feb9e144800 DEOPT UNPACKING pc=0x000000010ca10229 sp=0x00007fff5b7450f8 mode 2
Event: 10.701 Executing VM operation: RevokeBias
Event: 10.701 Executing VM operation: RevokeBias done
Event: 10.710 Executing VM operation: RevokeBias
Event: 10.710 Executing VM operation: RevokeBias done


Dynamic libraries:
0x00000000197c3000 	/System/Library/Frameworks/Cocoa.framework/Versions/A/Cocoa
0x00000000197c3000 	/System/Library/Frameworks/Security.framework/Versions/A/Security
0x00000000197c3000 	/System/Library/Frameworks/ApplicationServices.framework/Versions/A/ApplicationServices
0x00000000197c3000 	/usr/lib/libz.1.dylib
0x00000000197c3000 	/usr/lib/libSystem.B.dylib
0x00000000197c3000 	/usr/lib/libobjc.A.dylib
0x00000000197c3000 	/System/Library/Frameworks/CoreFoundation.framework/Versions/A/CoreFoundation
0x00000000197c3000 	/System/Library/Frameworks/Foundation.framework/Versions/C/Foundation
0x00000000197c3000 	/System/Library/Frameworks/AppKit.framework/Versions/C/AppKit
0x00000000197c3000 	/System/Library/Frameworks/CoreData.framework/Versions/A/CoreData
0x00000000197c3000 	/System/Library/PrivateFrameworks/RemoteViewServices.framework/Versions/A/RemoteViewServices
0x00000000197c3000 	/System/Library/PrivateFrameworks/UIFoundation.framework/Versions/A/UIFoundation
0x00000000197c3000 	/System/Library/PrivateFrameworks/DFRFoundation.framework/Versions/A/DFRFoundation
0x00000000197c3000 	/usr/lib/libenergytrace.dylib
0x00000000197c3000 	/System/Library/PrivateFrameworks/SkyLight.framework/Versions/A/SkyLight
0x00000000197c3000 	/System/Library/Frameworks/CoreGraphics.framework/Versions/A/CoreGraphics
0x00000000197c3000 	/usr/lib/libScreenReader.dylib
0x00000000197c3000 	/System/Library/Frameworks/Accelerate.framework/Versions/A/Accelerate
0x00000000197c3000 	/System/Library/Frameworks/IOSurface.framework/Versions/A/IOSurface
0x00000000197c3000 	/System/Library/Frameworks/AudioToolbox.framework/Versions/A/AudioToolbox
0x00000000197c3000 	/System/Library/Frameworks/AudioUnit.framework/Versions/A/AudioUnit
0x00000000197c3000 	/System/Library/PrivateFrameworks/DataDetectorsCore.framework/Versions/A/DataDetectorsCore
0x00000000197c3000 	/System/Library/PrivateFrameworks/DesktopServicesPriv.framework/Versions/A/DesktopServicesPriv
0x00000000197c3000 	/System/Library/Frameworks/Carbon.framework/Versions/A/Frameworks/HIToolbox.framework/Versions/A/HIToolbox
0x00000000197c3000 	/usr/lib/libicucore.A.dylib
0x00000000197c3000 	/System/Library/Frameworks/QuartzCore.framework/Versions/A/QuartzCore
0x00000000197c3000 	/System/Library/Frameworks/Carbon.framework/Versions/A/Frameworks/SpeechRecognition.framework/Versions/A/SpeechRecognition
0x00000000197c3000 	/usr/lib/libauto.dylib
0x00000000197c3000 	/usr/lib/libxml2.2.dylib
0x00000000197c3000 	/System/Library/PrivateFrameworks/CoreUI.framework/Versions/A/CoreUI
0x00000000197c3000 	/System/Library/Frameworks/CoreAudio.framework/Versions/A/CoreAudio
0x00000000197c3000 	/System/Library/Frameworks/DiskArbitration.framework/Versions/A/DiskArbitration
0x00000000197c3000 	/usr/lib/liblangid.dylib
0x00000000197c3000 	/System/Library/PrivateFrameworks/MultitouchSupport.framework/Versions/A/MultitouchSupport
0x00000000197c3000 	/System/Library/Frameworks/IOKit.framework/Versions/A/IOKit
0x00000000197c3000 	/usr/lib/libDiagnosticMessagesClient.dylib
0x00000000197c3000 	/System/Library/Frameworks/CoreServices.framework/Versions/A/CoreServices
0x00000000197c3000 	/System/Library/PrivateFrameworks/PerformanceAnalysis.framework/Versions/A/PerformanceAnalysis
0x00000000197c3000 	/System/Library/PrivateFrameworks/GenerationalStorage.framework/Versions/A/GenerationalStorage
0x00000000197c3000 	/System/Library/Frameworks/OpenGL.framework/Versions/A/OpenGL
0x00000000197c3000 	/System/Library/Frameworks/CoreImage.framework/Versions/A/CoreImage
0x00000000197c3000 	/System/Library/Frameworks/CoreText.framework/Versions/A/CoreText
0x00000000197c3000 	/System/Library/Frameworks/ImageIO.framework/Versions/A/ImageIO
0x00000000197c3000 	/System/Library/PrivateFrameworks/Backup.framework/Versions/A/Backup
0x00000000197c3000 	/usr/lib/libarchive.2.dylib
0x00000000197c3000 	/System/Library/Frameworks/CFNetwork.framework/Versions/A/CFNetwork
0x00000000197c3000 	/System/Library/Frameworks/SystemConfiguration.framework/Versions/A/SystemConfiguration
0x00000000197c3000 	/usr/lib/libCRFSuite.dylib
0x00000000197c3000 	/usr/lib/libc++.1.dylib
0x00000000197c3000 	/usr/lib/libc++abi.dylib
0x00000000197c3000 	/usr/lib/system/libcache.dylib
0x00000000197c3000 	/usr/lib/system/libcommonCrypto.dylib
0x00000000197c3000 	/usr/lib/system/libcompiler_rt.dylib
0x00000000197c3000 	/usr/lib/system/libcopyfile.dylib
0x00000000197c3000 	/usr/lib/system/libcorecrypto.dylib
0x00000000197c3000 	/usr/lib/system/libdispatch.dylib
0x00000000197c3000 	/usr/lib/system/libdyld.dylib
0x00000000197c3000 	/usr/lib/system/libkeymgr.dylib
0x00000000197c3000 	/usr/lib/system/liblaunch.dylib
0x00000000197c3000 	/usr/lib/system/libmacho.dylib
0x00000000197c3000 	/usr/lib/system/libquarantine.dylib
0x00000000197c3000 	/usr/lib/system/libremovefile.dylib
0x00000000197c3000 	/usr/lib/system/libsystem_asl.dylib
0x00000000197c3000 	/usr/lib/system/libsystem_blocks.dylib
0x00000000197c3000 	/usr/lib/system/libsystem_c.dylib
0x00000000197c3000 	/usr/lib/system/libsystem_configuration.dylib
0x00000000197c3000 	/usr/lib/system/libsystem_coreservices.dylib
0x00000000197c3000 	/usr/lib/system/libsystem_coretls.dylib
0x00000000197c3000 	/usr/lib/system/libsystem_dnssd.dylib
0x00000000197c3000 	/usr/lib/system/libsystem_info.dylib
0x00000000197c3000 	/usr/lib/system/libsystem_kernel.dylib
0x00000000197c3000 	/usr/lib/system/libsystem_m.dylib
0x00000000197c3000 	/usr/lib/system/libsystem_malloc.dylib
0x00000000197c3000 	/usr/lib/system/libsystem_network.dylib
0x00000000197c3000 	/usr/lib/system/libsystem_networkextension.dylib
0x00000000197c3000 	/usr/lib/system/libsystem_notify.dylib
0x00000000197c3000 	/usr/lib/system/libsystem_platform.dylib
0x00000000197c3000 	/usr/lib/system/libsystem_pthread.dylib
0x00000000197c3000 	/usr/lib/system/libsystem_sandbox.dylib
0x00000000197c3000 	/usr/lib/system/libsystem_secinit.dylib
0x00000000197c3000 	/usr/lib/system/libsystem_symptoms.dylib
0x00000000197c3000 	/usr/lib/system/libsystem_trace.dylib
0x00000000197c3000 	/usr/lib/system/libunwind.dylib
0x00000000197c3000 	/usr/lib/system/libxpc.dylib
0x00000000197c3000 	/usr/lib/libbsm.0.dylib
0x00000000197c3000 	/usr/lib/system/libkxld.dylib
0x00000000197c3000 	/usr/lib/libcoretls.dylib
0x00000000197c3000 	/usr/lib/libcoretls_cfhelpers.dylib
0x00000000197c3000 	/usr/lib/libxar.1.dylib
0x00000000197c3000 	/usr/lib/libsqlite3.dylib
0x00000000197c3000 	/usr/lib/libpam.2.dylib
0x00000000197c3000 	/usr/lib/libOpenScriptingUtil.dylib
0x00000000197c3000 	/usr/lib/libbz2.1.0.dylib
0x00000000197c3000 	/usr/lib/liblzma.5.dylib
0x00000000197c3000 	/usr/lib/libnetwork.dylib
0x00000000197c3000 	/usr/lib/libpcap.A.dylib
0x00000000197c3000 	/System/Library/Frameworks/CoreServices.framework/Versions/A/Frameworks/FSEvents.framework/Versions/A/FSEvents
0x00000000197c3000 	/System/Library/Frameworks/CoreServices.framework/Versions/A/Frameworks/CarbonCore.framework/Versions/A/CarbonCore
0x00000000197c3000 	/System/Library/Frameworks/CoreServices.framework/Versions/A/Frameworks/Metadata.framework/Versions/A/Metadata
0x00000000197c3000 	/System/Library/Frameworks/CoreServices.framework/Versions/A/Frameworks/OSServices.framework/Versions/A/OSServices
0x00000000197c3000 	/System/Library/Frameworks/CoreServices.framework/Versions/A/Frameworks/SearchKit.framework/Versions/A/SearchKit
0x00000000197c3000 	/System/Library/Frameworks/CoreServices.framework/Versions/A/Frameworks/AE.framework/Versions/A/AE
0x00000000197c3000 	/System/Library/Frameworks/CoreServices.framework/Versions/A/Frameworks/LaunchServices.framework/Versions/A/LaunchServices
0x00000000197c3000 	/System/Library/Frameworks/CoreServices.framework/Versions/A/Frameworks/DictionaryServices.framework/Versions/A/DictionaryServices
0x00000000197c3000 	/System/Library/Frameworks/CoreServices.framework/Versions/A/Frameworks/SharedFileList.framework/Versions/A/SharedFileList
0x00000000197c3000 	/System/Library/Frameworks/NetFS.framework/Versions/A/NetFS
0x00000000197c3000 	/System/Library/PrivateFrameworks/NetAuth.framework/Versions/A/NetAuth
0x00000000197c3000 	/System/Library/PrivateFrameworks/login.framework/Versions/A/Frameworks/loginsupport.framework/Versions/A/loginsupport
0x00000000197c3000 	/System/Library/PrivateFrameworks/TCC.framework/Versions/A/TCC
0x00000000197c3000 	/usr/lib/libmecabra.dylib
0x00000000197c3000 	/System/Library/Frameworks/ApplicationServices.framework/Versions/A/Frameworks/ATS.framework/Versions/A/ATS
0x00000000197c3000 	/System/Library/Frameworks/ApplicationServices.framework/Versions/A/Frameworks/ColorSync.framework/Versions/A/ColorSync
0x00000000197c3000 	/System/Library/Frameworks/ApplicationServices.framework/Versions/A/Frameworks/HIServices.framework/Versions/A/HIServices
0x00000000197c3000 	/System/Library/Frameworks/ApplicationServices.framework/Versions/A/Frameworks/LangAnalysis.framework/Versions/A/LangAnalysis
0x00000000197c3000 	/System/Library/Frameworks/ApplicationServices.framework/Versions/A/Frameworks/PrintCore.framework/Versions/A/PrintCore
0x00000000197c3000 	/System/Library/Frameworks/ApplicationServices.framework/Versions/A/Frameworks/QD.framework/Versions/A/QD
0x00000000197c3000 	/System/Library/Frameworks/ApplicationServices.framework/Versions/A/Frameworks/SpeechSynthesis.framework/Versions/A/SpeechSynthesis
0x00000000197c3000 	/System/Library/Frameworks/Accelerate.framework/Versions/A/Frameworks/vImage.framework/Versions/A/vImage
0x00000000197c3000 	/System/Library/Frameworks/Accelerate.framework/Versions/A/Frameworks/vecLib.framework/Versions/A/vecLib
0x00000000197c3000 	/System/Library/Frameworks/Accelerate.framework/Versions/A/Frameworks/vecLib.framework/Versions/A/libvDSP.dylib
0x00000000197c3000 	/System/Library/Frameworks/Accelerate.framework/Versions/A/Frameworks/vecLib.framework/Versions/A/libBNNS.dylib
0x00000000197c3000 	/System/Library/Frameworks/Accelerate.framework/Versions/A/Frameworks/vecLib.framework/Versions/A/libQuadrature.dylib
0x00000000197c3000 	/System/Library/Frameworks/Accelerate.framework/Versions/A/Frameworks/vecLib.framework/Versions/A/libvMisc.dylib
0x00000000197c3000 	/System/Library/Frameworks/Accelerate.framework/Versions/A/Frameworks/vecLib.framework/Versions/A/libLAPACK.dylib
0x00000000197c3000 	/System/Library/Frameworks/Accelerate.framework/Versions/A/Frameworks/vecLib.framework/Versions/A/libBLAS.dylib
0x00000000197c3000 	/System/Library/Frameworks/Accelerate.framework/Versions/A/Frameworks/vecLib.framework/Versions/A/libLinearAlgebra.dylib
0x00000000197c3000 	/System/Library/Frameworks/Accelerate.framework/Versions/A/Frameworks/vecLib.framework/Versions/A/libSparseBLAS.dylib
0x00000000197c3000 	/System/Library/Frameworks/ApplicationServices.framework/Versions/A/Frameworks/ATS.framework/Versions/A/Resources/libFontParser.dylib
0x00000000197c3000 	/System/Library/Frameworks/ApplicationServices.framework/Versions/A/Frameworks/ATS.framework/Versions/A/Resources/libFontRegistry.dylib
0x00000000197c3000 	/System/Library/Frameworks/ImageIO.framework/Versions/A/Resources/libJPEG.dylib
0x00000000197c3000 	/System/Library/Frameworks/ImageIO.framework/Versions/A/Resources/libTIFF.dylib
0x00000000197c3000 	/System/Library/Frameworks/ImageIO.framework/Versions/A/Resources/libPng.dylib
0x00000000197c3000 	/System/Library/Frameworks/ImageIO.framework/Versions/A/Resources/libGIF.dylib
0x00000000197c3000 	/System/Library/Frameworks/ImageIO.framework/Versions/A/Resources/libJP2.dylib
0x00000000197c3000 	/System/Library/Frameworks/ImageIO.framework/Versions/A/Resources/libRadiance.dylib
0x00000000197c3000 	/usr/lib/libcompression.dylib
0x00000000197c3000 	/System/Library/PrivateFrameworks/AppleJPEG.framework/Versions/A/AppleJPEG
0x00000000197c3000 	/usr/lib/libcups.2.dylib
0x00000000197c3000 	/System/Library/Frameworks/Kerberos.framework/Versions/A/Kerberos
0x00000000197c3000 	/System/Library/Frameworks/GSS.framework/Versions/A/GSS
0x00000000197c3000 	/usr/lib/libresolv.9.dylib
0x00000000197c3000 	/usr/lib/libiconv.2.dylib
0x00000000197c3000 	/System/Library/PrivateFrameworks/Heimdal.framework/Versions/A/Heimdal
0x00000000197c3000 	/usr/lib/libheimdal-asn1.dylib
0x00000000197c3000 	/System/Library/Frameworks/OpenDirectory.framework/Versions/A/OpenDirectory
0x00000000197c3000 	/System/Library/PrivateFrameworks/CommonAuth.framework/Versions/A/CommonAuth
0x00000000197c3000 	/System/Library/Frameworks/OpenDirectory.framework/Versions/A/Frameworks/CFOpenDirectory.framework/Versions/A/CFOpenDirectory
0x00000000197c3000 	/System/Library/Frameworks/SecurityFoundation.framework/Versions/A/SecurityFoundation
0x00000000197c3000 	/System/Library/PrivateFrameworks/LanguageModeling.framework/Versions/A/LanguageModeling
0x00000000197c3000 	/usr/lib/libmarisa.dylib
0x00000000197c3000 	/usr/lib/libChineseTokenizer.dylib
0x00000000197c3000 	/usr/lib/libcmph.dylib
0x00000000197c3000 	/System/Library/PrivateFrameworks/CoreEmoji.framework/Versions/A/CoreEmoji
0x00000000197c3000 	/System/Library/Frameworks/ServiceManagement.framework/Versions/A/ServiceManagement
0x00000000197c3000 	/usr/lib/libxslt.1.dylib
0x00000000197c3000 	/System/Library/Frameworks/Carbon.framework/Versions/A/Frameworks/Ink.framework/Versions/A/Ink
0x00000000197c3000 	/System/Library/PrivateFrameworks/TextureIO.framework/Versions/A/TextureIO
0x00000000197c3000 	/System/Library/Frameworks/Metal.framework/Versions/A/Metal
0x00000000197c3000 	/usr/lib/libate.dylib
0x00000000197c3000 	/System/Library/PrivateFrameworks/GPUCompiler.framework/libmetal_timestamp.dylib
0x00000000197c3000 	/System/Library/Frameworks/OpenGL.framework/Versions/A/Libraries/libCoreFSCache.dylib
0x00000000197c3000 	/System/Library/PrivateFrameworks/IOAccelerator.framework/Versions/A/IOAccelerator
0x00000000197c3000 	/System/Library/Frameworks/CoreVideo.framework/Versions/A/CoreVideo
0x00000000197c3000 	/usr/lib/libFosl_dynamic.dylib
0x00000000197c3000 	/System/Library/PrivateFrameworks/MetalPerformanceShaders.framework/Versions/A/MetalPerformanceShaders
0x00000000197c3000 	/System/Library/PrivateFrameworks/FaceCore.framework/Versions/A/FaceCore
0x00000000197c3000 	/System/Library/Frameworks/OpenCL.framework/Versions/A/OpenCL
0x00000000197c3000 	/System/Library/Frameworks/OpenGL.framework/Versions/A/Libraries/libGLU.dylib
0x00000000197c3000 	/System/Library/Frameworks/OpenGL.framework/Versions/A/Libraries/libGFXShared.dylib
0x00000000197c3000 	/System/Library/Frameworks/OpenGL.framework/Versions/A/Libraries/libGL.dylib
0x00000000197c3000 	/System/Library/Frameworks/OpenGL.framework/Versions/A/Libraries/libGLImage.dylib
0x00000000197c3000 	/System/Library/Frameworks/OpenGL.framework/Versions/A/Libraries/libCVMSPluginSupport.dylib
0x00000000197c3000 	/System/Library/Frameworks/OpenGL.framework/Versions/A/Libraries/libCoreVMClient.dylib
0x00000000197c3000 	/System/Library/PrivateFrameworks/CrashReporterSupport.framework/Versions/A/CrashReporterSupport
0x00000000197c3000 	/System/Library/PrivateFrameworks/Sharing.framework/Versions/A/Sharing
0x00000000197c3000 	/System/Library/PrivateFrameworks/IconServices.framework/Versions/A/IconServices
0x00000000197c3000 	/System/Library/PrivateFrameworks/ProtocolBuffer.framework/Versions/A/ProtocolBuffer
0x00000000197c3000 	/System/Library/PrivateFrameworks/Apple80211.framework/Versions/A/Apple80211
0x00000000197c3000 	/System/Library/Frameworks/CoreWLAN.framework/Versions/A/CoreWLAN
0x00000000197c3000 	/System/Library/PrivateFrameworks/CoreUtils.framework/Versions/A/CoreUtils
0x00000000197c3000 	/System/Library/Frameworks/IOBluetooth.framework/Versions/A/IOBluetooth
0x00000000197c3000 	/System/Library/PrivateFrameworks/CoreWiFi.framework/Versions/A/CoreWiFi
0x00000000197c3000 	/System/Library/Frameworks/CoreBluetooth.framework/Versions/A/CoreBluetooth
0x00000000197c3000 	/System/Library/Frameworks/CoreDisplay.framework/Versions/A/CoreDisplay
0x00000000197c3000 	/System/Library/PrivateFrameworks/IOPresentment.framework/Versions/A/IOPresentment
0x00000000197c3000 	/System/Library/PrivateFrameworks/DebugSymbols.framework/Versions/A/DebugSymbols
0x00000000197c3000 	/System/Library/PrivateFrameworks/CoreSymbolication.framework/Versions/A/CoreSymbolication
0x00000000197c3000 	/System/Library/PrivateFrameworks/Symbolication.framework/Versions/A/Symbolication
0x00000000197c3000 	/System/Library/PrivateFrameworks/AppleFSCompression.framework/Versions/A/AppleFSCompression
0x00000000197c3000 	/System/Library/PrivateFrameworks/SpeechRecognitionCore.framework/Versions/A/SpeechRecognitionCore
0x00000000197c3000 	/System/Library/PrivateFrameworks/ChunkingLibrary.framework/Versions/A/ChunkingLibrary
0x0000000104501000 	/System/Library/CoreServices/Encodings/libSimplifiedChineseConverter.dylib
0x0000000104e00000 	/Library/Java/JavaVirtualMachines/jdk1.8.0_111.jdk/Contents/Home/jre/lib/server/libjvm.dylib
0x00000000197c3000 	/usr/lib/libstdc++.6.dylib
0x0000000104545000 	/Library/Java/JavaVirtualMachines/jdk1.8.0_111.jdk/Contents/Home/jre/lib/libverify.dylib
0x0000000104553000 	/Library/Java/JavaVirtualMachines/jdk1.8.0_111.jdk/Contents/Home/jre/lib/libjava.dylib
0x0000000104592000 	/Library/Java/JavaVirtualMachines/jdk1.8.0_111.jdk/Contents/Home/jre/lib/libzip.dylib
0x000000010c6b4000 	/System/Library/Frameworks/JavaVM.framework/Frameworks/JavaRuntimeSupport.framework/JavaRuntimeSupport
0x000000010c6ce000 	/System/Library/Frameworks/JavaVM.framework/Versions/A/Frameworks/JavaNativeFoundation.framework/Versions/A/JavaNativeFoundation
0x00000001045ec000 	/System/Library/Frameworks/JavaVM.framework/Versions/A/JavaVM
0x00000000197c3000 	/System/Library/Frameworks/Carbon.framework/Versions/A/Carbon
0x000000010c6e3000 	/System/Library/PrivateFrameworks/JavaLaunching.framework/Versions/A/JavaLaunching
0x00000000197c3000 	/System/Library/Frameworks/Carbon.framework/Versions/A/Frameworks/CommonPanels.framework/Versions/A/CommonPanels
0x00000000197c3000 	/System/Library/Frameworks/Carbon.framework/Versions/A/Frameworks/Help.framework/Versions/A/Help
0x00000000197c3000 	/System/Library/Frameworks/Carbon.framework/Versions/A/Frameworks/ImageCapture.framework/Versions/A/ImageCapture
0x00000000197c3000 	/System/Library/Frameworks/Carbon.framework/Versions/A/Frameworks/OpenScripting.framework/Versions/A/OpenScripting
0x00000000197c3000 	/System/Library/Frameworks/Carbon.framework/Versions/A/Frameworks/Print.framework/Versions/A/Print
0x00000000197c3000 	/System/Library/Frameworks/Carbon.framework/Versions/A/Frameworks/SecurityHI.framework/Versions/A/SecurityHI
0x000000010c87c000 	/Applications/IntelliJ IDEA CE.app/Contents/bin/libbreakgen64.jnilib
0x000000010c87f000 	/Library/Java/JavaVirtualMachines/jdk1.8.0_111.jdk/Contents/Home/jre/lib/libnet.dylib
0x000000011d2df000 	/Library/Java/JavaVirtualMachines/jdk1.8.0_111.jdk/Contents/Home/jre/lib/libprism_es2.dylib
0x000000011d343000 	/System/Library/Frameworks/OpenGL.framework/Resources/GLEngine.bundle/GLEngine
0x000000011d527000 	/System/Library/Frameworks/OpenGL.framework/Versions/A/Libraries/libGLProgrammability.dylib
0x000000011d955000 	/System/Library/Extensions/AppleIntelBDWGraphicsGLDriver.bundle/Contents/MacOS/AppleIntelBDWGraphicsGLDriver
0x00000000197c3000 	/System/Library/PrivateFrameworks/GPUSupport.framework/Versions/A/Libraries/libGPUSupportMercury.dylib
0x000000011e0b4000 	/System/Library/Frameworks/OpenGL.framework/Resources//GLRendererFloat.bundle/GLRendererFloat
0x00000000197c3000 	/System/Library/Frameworks/OpenCL.framework/Versions/A/Libraries/libcldcpuengine.dylib
0x00000000197c3000 	/usr/lib/libcrypto.0.9.8.dylib
0x00000000197c3000 	/System/Library/PrivateFrameworks/TrustEvaluationAgent.framework/Versions/A/TrustEvaluationAgent
0x000000011e4d7000 	/Library/Java/JavaVirtualMachines/jdk1.8.0_111.jdk/Contents/Home/jre/lib/libglass.dylib
0x00000000197c3000 	/System/Library/PrivateFrameworks/CoreServicesInternal.framework/Versions/A/CoreServicesInternal
0x00000000197c3000 	/System/Library/CoreServices/RawCamera.bundle/Contents/MacOS/RawCamera
0x00000000197c3000 	/System/Library/Frameworks/Accelerate.framework/Versions/A/Frameworks/vImage.framework/Versions/A/Libraries/libCGInterfaces.dylib
0x00000000197c3000 	/System/Library/PrivateFrameworks/FamilyControls.framework/Versions/A/FamilyControls
0x00000000197c3000 	/System/Library/PrivateFrameworks/CommerceKit.framework/Versions/A/Frameworks/CommerceCore.framework/Versions/A/CommerceCore
0x00000000197c3000 	/System/Library/PrivateFrameworks/SystemAdministration.framework/Versions/A/SystemAdministration
0x00000000197c3000 	/System/Library/PrivateFrameworks/AppContainer.framework/Versions/A/AppContainer
0x00000000197c3000 	/System/Library/PrivateFrameworks/SecCodeWrapper.framework/Versions/A/SecCodeWrapper
0x00000000197c3000 	/System/Library/Frameworks/DirectoryService.framework/Versions/A/DirectoryService
0x00000000197c3000 	/System/Library/PrivateFrameworks/DiskImages.framework/Versions/A/DiskImages
0x00000000197c3000 	/System/Library/PrivateFrameworks/LoginUIKit.framework/Versions/A/Frameworks/LoginUICore.framework/Versions/A/LoginUICore
0x00000000197c3000 	/usr/lib/libCoreStorage.dylib
0x00000000197c3000 	/usr/lib/libcsfde.dylib
0x00000000197c3000 	/usr/lib/libodfde.dylib
0x00000000197c3000 	/System/Library/Frameworks/DiscRecording.framework/Versions/A/DiscRecording
0x00000000197c3000 	/usr/lib/libcurl.4.dylib
0x00000000197c3000 	/System/Library/PrivateFrameworks/MediaKit.framework/Versions/A/MediaKit
0x00000000197c3000 	/System/Library/PrivateFrameworks/ProtectedCloudStorage.framework/Versions/A/ProtectedCloudStorage
0x00000000197c3000 	/System/Library/PrivateFrameworks/EFILogin.framework/Versions/A/EFILogin
0x00000000197c3000 	/usr/lib/libutil.dylib
0x00000000197c3000 	/System/Library/Frameworks/LDAP.framework/Versions/A/LDAP
0x00000000197c3000 	/usr/lib/libsasl2.2.dylib
0x00000000197c3000 	/System/Library/PrivateFrameworks/CoreDaemon.framework/Versions/B/CoreDaemon
0x00000000197c3000 	/System/Library/PrivateFrameworks/AppleSRP.framework/Versions/A/AppleSRP
0x00000000197c3000 	/System/Library/PrivateFrameworks/APFS.framework/Versions/A/APFS
0x0000000121f99000 	/Library/Java/JavaVirtualMachines/jdk1.8.0_111.jdk/Contents/Home/jre/lib/libjavafx_font.dylib
0x0000000122352000 	/Library/Java/JavaVirtualMachines/jdk1.8.0_111.jdk/Contents/Home/jre/lib/libjfxwebkit.dylib
0x0000000124875000 	/Library/Java/JavaVirtualMachines/jdk1.8.0_111.jdk/Contents/Home/jre/lib/libnio.dylib
0x00000000197c3000 	/System/Library/Frameworks/ApplicationServices.framework/Versions/A/Frameworks/ATS.framework/Versions/A/Resources/libTrueTypeScaler.dylib
0x0000000129b26000 	/Library/Java/JavaVirtualMachines/jdk1.8.0_111.jdk/Contents/Home/jre/lib/libprism_common.dylib
0x00000001277ad000 	/System/Library/Extensions/AppleIntelBDWGraphicsMTLDriver.bundle/Contents/MacOS/AppleIntelBDWGraphicsMTLDriver
0x00000000197c3000 	/System/Library/PrivateFrameworks/ViewBridge.framework/Versions/A/ViewBridge
0x00000000197c3000 	/System/Library/PrivateFrameworks/XPCService.framework/Versions/A/XPCService
0x00000000197c3000 	/System/Library/PrivateFrameworks/AppSandbox.framework/Versions/A/AppSandbox
0x00000000197c3000 	/usr/lib/libsandbox.1.dylib
0x00000000197c3000 	/usr/lib/libMatch.1.dylib
0x0000000127e47000 	/Library/Java/JavaVirtualMachines/jdk1.8.0_111.jdk/Contents/Home/jre/lib/libjavafx_iio.dylib

VM Arguments:
jvm_args: -Didea.launcher.port=7538 -Didea.launcher.bin.path=/Applications/IntelliJ IDEA CE.app/Contents/bin -Dfile.encoding=UTF-8 
java_command: com.intellij.rt.execution.application.AppMain sample.Main
java_class_path (initial): /Library/Java/JavaVirtualMachines/jdk1.8.0_111.jdk/Contents/Home/jre/lib/charsets.jar:/Library/Java/JavaVirtualMachines/jdk1.8.0_111.jdk/Contents/Home/jre/lib/deploy.jar:/Library/Java/JavaVirtualMachines/jdk1.8.0_111.jdk/Contents/Home/jre/lib/ext/cldrdata.jar:/Library/Java/JavaVirtualMachines/jdk1.8.0_111.jdk/Contents/Home/jre/lib/ext/dnsns.jar:/Library/Java/JavaVirtualMachines/jdk1.8.0_111.jdk/Contents/Home/jre/lib/ext/jaccess.jar:/Library/Java/JavaVirtualMachines/jdk1.8.0_111.jdk/Contents/Home/jre/lib/ext/jfxrt.jar:/Library/Java/JavaVirtualMachines/jdk1.8.0_111.jdk/Contents/Home/jre/lib/ext/localedata.jar:/Library/Java/JavaVirtualMachines/jdk1.8.0_111.jdk/Contents/Home/jre/lib/ext/nashorn.jar:/Library/Java/JavaVirtualMachines/jdk1.8.0_111.jdk/Contents/Home/jre/lib/ext/sunec.jar:/Library/Java/JavaVirtualMachines/jdk1.8.0_111.jdk/Contents/Home/jre/lib/ext/sunjce_provider.jar:/Library/Java/JavaVirtualMachines/jdk1.8.0_111.jdk/Contents/Home/jre/lib/ext/sunpkcs11.jar:/Library/Java/JavaVirtualMachines/jdk1.8.0_111.jdk/Contents/Home/jre/lib/ext/zipfs.jar:/Library/Java/JavaVirtualMachines/jdk1.8.0_111.jdk/Contents/Home/jre/lib/javaws.jar:/Library/Java/JavaVirtualMachines/jdk1.8.0_111.jdk/Contents/Home/jre/lib/jce.jar:/Library/Java/JavaVirtualMachines/jdk1.8.0_111.jdk/Contents/Home/jre/lib/jfr.jar:/Library/Java/JavaVirtualMachines/jdk1.8.0_111.jdk/Contents/Home/jre/lib/jfxswt.jar:/Library/Java/JavaVirtualMachines/jdk1.8.0_111.jdk/Contents/Home/jre/lib/jsse.jar:/Library/Java/JavaVirtualMachines/jdk1.8.0_111.jdk/Contents/Home/jre/lib/management-agent.jar:/Library/Java/JavaVirtualMachines/jdk1.8.0_111.jdk/Contents/Home/jre/lib/plugin.jar:/Library/Java/JavaVirtualMachines/jdk1.8.0_111.jdk/Contents/Home/jre/lib/resources.jar:/Library/Java/JavaVirtualMachines/jdk1.8.0_111.jdk/Contents/Home/jre/lib/rt.jar:/Library/Java/JavaVirtualMachines/jdk1.8.0_111.jdk/Contents/Home/lib/ant-javafx.jar:/Library/Java/JavaVirtualMachines/jdk1.8.0_111.jdk/Contents/Home
Launcher Type: SUN_STANDARD

Environment Variables:
PATH=/usr/local/bin:/usr/bin:/bin:/usr/sbin:/sbin:/Users/huangzheng/scala/scala-2.12.0/bin
SHELL=/bin/bash

Signal Handlers:
SIGSEGV: [libjvm.dylib+0x5b03ed], sa_mask[0]=11111111011111110111111111111111, sa_flags=SA_ONSTACK|SA_RESTART|SA_SIGINFO
SIGBUS: [libjvm.dylib+0x5b03ed], sa_mask[0]=11111111011111110111111111111111, sa_flags=SA_RESTART|SA_SIGINFO
SIGFPE: [libjvm.dylib+0x48711c], sa_mask[0]=11111111011111110111111111111111, sa_flags=SA_RESTART|SA_SIGINFO
SIGPIPE: [libjvm.dylib+0x48711c], sa_mask[0]=11111111011111110111111111111111, sa_flags=SA_RESTART|SA_SIGINFO
SIGXFSZ: [libjvm.dylib+0x48711c], sa_mask[0]=11111111011111110111111111111111, sa_flags=SA_RESTART|SA_SIGINFO
SIGILL: [libjvm.dylib+0x48711c], sa_mask[0]=11111111011111110111111111111111, sa_flags=SA_RESTART|SA_SIGINFO
SIGUSR1: SIG_DFL, sa_mask[0]=00000000000000000000000000000000, sa_flags=none
SIGUSR2: [libjvm.dylib+0x486c3a], sa_mask[0]=00100000000000000000000000000000, sa_flags=SA_RESTART|SA_SIGINFO
SIGHUP: [libjvm.dylib+0x485211], sa_mask[0]=11111111011111110111111111111111, sa_flags=SA_RESTART|SA_SIGINFO
SIGINT: [libjvm.dylib+0x485211], sa_mask[0]=11111111011111110111111111111111, sa_flags=SA_RESTART|SA_SIGINFO
SIGTERM: [libjvm.dylib+0x485211], sa_mask[0]=11111111011111110111111111111111, sa_flags=SA_RESTART|SA_SIGINFO
SIGQUIT: [libjvm.dylib+0x485211], sa_mask[0]=11111111011111110111111111111111, sa_flags=SA_RESTART|SA_SIGINFO


---------------  S Y S T E M  ---------------

OS:Bsduname:Darwin 16.4.0 Darwin Kernel Version 16.4.0: Thu Dec 22 22:53:21 PST 2016; root:xnu-3789.41.3~3/RELEASE_X86_64 x86_64
rlimit: STACK 8192k, CORE 0k, NPROC 709, NOFILE 10240, AS infinity
load average:3.44 2.40 2.23

CPU:total 4 (2 cores per cpu, 2 threads per core) family 6 model 61 stepping 4, cmov, cx8, fxsr, mmx, sse, sse2, sse3, ssse3, sse4.1, sse4.2, popcnt, avx, avx2, aes, clmul, erms, 3dnowpref, lzcnt, ht, tsc, tscinvbit, bmi1, bmi2, adx

Memory: 4k page, physical 8388608k(512976k free)

/proc/meminfo:


vm_info: Java HotSpot(TM) 64-Bit Server VM (25.111-b14) for bsd-amd64 JRE (1.8.0_111-b14), built on Sep 22 2016 15:31:41 by "java_re" with gcc 4.2.1 (Based on Apple Inc. build 5658) (LLVM build 2336.11.00)

time: Thu Jan 26 15:13:05 2017
elapsed time: 11 seconds (0d 0h 0m 11s)

