#
# A fatal error has been detected by the Java Runtime Environment:
#
#  SIGSEGV (0xb) at pc=0x0000000128e13010, pid=3762, tid=0x0000000000000307
#
# JRE version: Java(TM) SE Runtime Environment (8.0_111-b14) (build 1.8.0_111-b14)
# Java VM: Java HotSpot(TM) 64-Bit Server VM (25.111-b14 mixed mode bsd-amd64 compressed oops)
# Problematic frame:
# C  [libjfxwebkit.dylib+0xa6e010]  _Z11checkJSPeerliRP13OpaqueJSValueRPK15OpaqueJSContext+0x90
#
# Failed to write core dump. Core dumps have been disabled. To enable core dumping, try "ulimit -c unlimited" before starting Java again
#
# If you would like to submit a bug report, please visit:
#   http://bugreport.java.com/bugreport/crash.jsp
# The crash happened outside the Java Virtual Machine in native code.
# See problematic frame for where to report the bug.
#

---------------  T H R E A D  ---------------

Current thread (0x00007fc2ea209000):  JavaThread "JavaFX Application Thread" [_thread_in_native, id=775, stack(0x00007fff5497f000,0x00007fff5517f000)]

siginfo: si_signo: 11 (SIGSEGV), si_code: 1 (SEGV_MAPERR), si_addr: 0x00000000000002d8

Registers:
RAX=0x00007fc2eaa23c00, RBX=0x00007fff55178a88, RCX=0x00007fff55178a20, RDX=0x0000000000000001
RSP=0x00007fff55178970, RBP=0x00007fff551789c0, RSI=0x00007fc2ee947810, RDI=0x00007fff55178a10
R8 =0x00007fff55178a18, R9 =0x00007fff55178a90, R10=0x0000000110a3a604, R11=0x0000000000000001
R12=0x00007fc2ee947810, R13=0x00007fff55178a18, R14=0x0000000000000001, R15=0x0000000000000000
RIP=0x0000000128e13010, EFLAGS=0x0000000000010297, ERR=0x0000000000000004
  TRAPNO=0x000000000000000e

Top of Stack: (sp=0x00007fff55178970)
0x00007fff55178970:   0000000740b1e968 00007fff55178a20
0x00007fff55178980:   00007fff55178a10 0000000797b29570
0x00007fff55178990:   0000000797b295b8 00007fff55178a88
0x00007fff551789a0:   00007fff55178a90 0000000000000003
0x00007fff551789b0:   00007fff55178aa8 00007fc2ea2091f8
0x00007fff551789c0:   00007fff55178a60 0000000128e13929
0x00007fff551789d0:   00007fc242d80000 0000000400000001
0x00007fff551789e0:   000000012a9931c0 00007f000000000b
0x00007fff551789f0:   000000010bc31820 000000012a9681d0
0x00007fff55178a00:   0000000000000000 000000b91026ae00
0x00007fff55178a10:   00007fc2e9558280 00007fc2e960e230
0x00007fff55178a20:   00007fc2e960e2b0 00007fc2e960e618
0x00007fff55178a30:   00000000000003d8 0000000000000189
0x00007fff55178a40:   0000000000000000 0000000000000003
0x00007fff55178a50:   00007fff55178aa8 00007fc2ea209000
0x00007fff55178a60:   00007fff55178ac0 0000000110a3a67e
0x00007fff55178a70:   00007fff55178a98 0000000000000000
0x00007fff55178a80:   00007fff55178c10 00000007956120c0
0x00007fff55178a90:   0000000797b29560 0000000797aeec78
0x00007fff55178aa0:   0000000000000001 0000000740ef33f8
0x00007fff55178ab0:   0000000740028820 00007fc2ea209000
0x00007fff55178ac0:   00007fff55178c10 0000000110a34d7c
0x00007fff55178ad0:   0000000000000000 00000007c00117a8
0x00007fff55178ae0:   00007fff55178b30 000000010b4b2662
0x00007fff55178af0:   00007fff55178b10 0000000000000001
0x00007fff55178b00:   00007fff55178b30 0000000000000002
0x00007fff55178b10:   00000000ffffffff 000000010d612c01
0x00007fff55178b20:   00007fc2ea209000 0000000000000000
0x00007fff55178b30:   00007fff55178b70 000000010b6bfe4b
0x00007fff55178b40:   00007fff55178b88 00007fc2ea209000
0x00007fff55178b50:   000000079562e2f8 00000007956120c0
0x00007fff55178b60:   0000000797b29560 00007fc2ee947810 

Instructions: (pc=0x0000000128e13010)
0x0000000128e12ff0:   89 45 00 48 8b 4d c0 e9 0b 01 00 00 48 89 7d c0
0x0000000128e13000:   49 8b 44 24 20 48 8b 40 08 4c 8b b8 c0 01 00 00
0x0000000128e13010:   49 8b b7 d8 02 00 00 48 8d 7d c8 4c 89 fa e8 fd
0x0000000128e13020:   fe a5 ff 48 8b 5d c8 48 85 db 48 c7 45 c8 00 00 

Register to memory mapping:

RAX=0x00007fc2eaa23c00 is an unknown value
RBX=0x00007fff55178a88 is pointing into the stack for thread: 0x00007fc2ea209000
RCX=0x00007fff55178a20 is pointing into the stack for thread: 0x00007fc2ea209000
RDX=0x0000000000000001 is an unknown value
RSP=0x00007fff55178970 is pointing into the stack for thread: 0x00007fc2ea209000
RBP=0x00007fff551789c0 is pointing into the stack for thread: 0x00007fc2ea209000
RSI=0x00007fc2ee947810 is an unknown value
RDI=0x00007fff55178a10 is pointing into the stack for thread: 0x00007fc2ea209000
R8 =0x00007fff55178a18 is pointing into the stack for thread: 0x00007fc2ea209000
R9 =0x00007fff55178a90 is pointing into the stack for thread: 0x00007fc2ea209000
R10=0x0000000110a3a604 is at entry_point+132 in (nmethod*)0x0000000110a3a410
R11=0x0000000000000001 is an unknown value
R12=0x00007fc2ee947810 is an unknown value
R13=0x00007fff55178a18 is pointing into the stack for thread: 0x00007fc2ea209000
R14=0x0000000000000001 is an unknown value
R15=0x0000000000000000 is an unknown value


Stack: [0x00007fff5497f000,0x00007fff5517f000],  sp=0x00007fff55178970,  free space=8166k
Native frames: (J=compiled Java code, j=interpreted, Vv=VM code, C=native code)
C  [libjfxwebkit.dylib+0xa6e010]  _Z11checkJSPeerliRP13OpaqueJSValueRPK15OpaqueJSContext+0x90
C  [libjfxwebkit.dylib+0xa6e929]  Java_com_sun_webkit_dom_JSObject_callImpl+0x59
J 2514  com.sun.webkit.dom.JSObject.callImpl(JILjava/lang/String;[Ljava/lang/Object;Ljava/security/AccessControlContext;)Ljava/lang/Object; (0 bytes) @ 0x0000000110a3a67e [0x0000000110a3a580+0xfe]
J 2499 C1 com.sun.webkit.dom.NodeImpl.call(Ljava/lang/String;[Ljava/lang/Object;)Ljava/lang/Object; (7 bytes) @ 0x0000000110a34d7c [0x0000000110a348a0+0x4dc]
j  sample.Main.drawRectangle()V+153
j  sample.Main.access$000(Lsample/Main;)V+1
j  sample.Main$6.handle(Ljavafx/event/ActionEvent;)V+105
j  sample.Main$6.handle(Ljavafx/event/Event;)V+5
J 3126 C1 com.sun.javafx.event.CompositeEventHandler.dispatchBubblingEvent(Ljavafx/event/Event;)V (57 bytes) @ 0x00000001104e1fd4 [0x00000001104e1c00+0x3d4]
J 2353 C1 com.sun.javafx.event.EventHandlerManager.dispatchBubblingEvent(Ljavafx/event/Event;)Ljavafx/event/Event; (23 bytes) @ 0x00000001109b64a4 [0x00000001109b5e00+0x6a4]
J 2131 C1 com.sun.javafx.event.BasicEventDispatcher.dispatchEvent(Ljavafx/event/Event;Ljavafx/event/EventDispatchChain;)Ljavafx/event/Event; (44 bytes) @ 0x000000011092973c [0x0000000110929400+0x33c]
J 2079 C1 com.sun.javafx.event.EventDispatchChainImpl.dispatchEvent(Ljavafx/event/Event;)Ljavafx/event/Event; (101 bytes) @ 0x000000011090b4d4 [0x000000011090b320+0x1b4]
J 3044 C1 com.sun.javafx.event.EventUtil.fireEvent(Ljavafx/event/EventTarget;Ljavafx/event/Event;)Ljavafx/event/Event; (81 bytes) @ 0x00000001103a051c [0x000000011039f940+0xbdc]
J 2610 C1 javafx.event.Event.fireEvent(Ljavafx/event/EventTarget;Ljavafx/event/Event;)V (35 bytes) @ 0x0000000110a7aa6c [0x0000000110a7a9a0+0xcc]
j  javafx.scene.control.MenuItem.fire()V+10
j  com.sun.javafx.scene.control.skin.ContextMenuContent$MenuItemContainer.doSelect()V+97
j  com.sun.javafx.scene.control.skin.ContextMenuContent$MenuItemContainer.lambda$createChildren$343(Ljavafx/scene/input/MouseEvent;)V+1
j  com.sun.javafx.scene.control.skin.ContextMenuContent$MenuItemContainer$$Lambda$229.handle(Ljavafx/event/Event;)V+8
J 3049 C1 com.sun.javafx.event.CompositeEventHandler$NormalEventHandlerRecord.handleBubblingEvent(Ljavafx/event/Event;)V (11 bytes) @ 0x000000011039f4cc [0x000000011039f3c0+0x10c]
J 3126 C1 com.sun.javafx.event.CompositeEventHandler.dispatchBubblingEvent(Ljavafx/event/Event;)V (57 bytes) @ 0x00000001104e1e44 [0x00000001104e1c00+0x244]
J 2353 C1 com.sun.javafx.event.EventHandlerManager.dispatchBubblingEvent(Ljavafx/event/Event;)Ljavafx/event/Event; (23 bytes) @ 0x00000001109b64a4 [0x00000001109b5e00+0x6a4]
J 2352 C1 com.sun.javafx.event.CompositeEventDispatcher.dispatchBubblingEvent(Ljavafx/event/Event;)Ljavafx/event/Event; (35 bytes) @ 0x00000001109b7bdc [0x00000001109b7a20+0x1bc]
J 2131 C1 com.sun.javafx.event.BasicEventDispatcher.dispatchEvent(Ljavafx/event/Event;Ljavafx/event/EventDispatchChain;)Ljavafx/event/Event; (44 bytes) @ 0x000000011092973c [0x0000000110929400+0x33c]
J 2079 C1 com.sun.javafx.event.EventDispatchChainImpl.dispatchEvent(Ljavafx/event/Event;)Ljavafx/event/Event; (101 bytes) @ 0x000000011090b4d4 [0x000000011090b320+0x1b4]
J 2131 C1 com.sun.javafx.event.BasicEventDispatcher.dispatchEvent(Ljavafx/event/Event;Ljavafx/event/EventDispatchChain;)Ljavafx/event/Event; (44 bytes) @ 0x0000000110929654 [0x0000000110929400+0x254]
J 2079 C1 com.sun.javafx.event.EventDispatchChainImpl.dispatchEvent(Ljavafx/event/Event;)Ljavafx/event/Event; (101 bytes) @ 0x000000011090b4d4 [0x000000011090b320+0x1b4]
J 2131 C1 com.sun.javafx.event.BasicEventDispatcher.dispatchEvent(Ljavafx/event/Event;Ljavafx/event/EventDispatchChain;)Ljavafx/event/Event; (44 bytes) @ 0x0000000110929654 [0x0000000110929400+0x254]
J 2079 C1 com.sun.javafx.event.EventDispatchChainImpl.dispatchEvent(Ljavafx/event/Event;)Ljavafx/event/Event; (101 bytes) @ 0x000000011090b4d4 [0x000000011090b320+0x1b4]
J 2131 C1 com.sun.javafx.event.BasicEventDispatcher.dispatchEvent(Ljavafx/event/Event;Ljavafx/event/EventDispatchChain;)Ljavafx/event/Event; (44 bytes) @ 0x0000000110929654 [0x0000000110929400+0x254]
J 2079 C1 com.sun.javafx.event.EventDispatchChainImpl.dispatchEvent(Ljavafx/event/Event;)Ljavafx/event/Event; (101 bytes) @ 0x000000011090b4d4 [0x000000011090b320+0x1b4]
J 3044 C1 com.sun.javafx.event.EventUtil.fireEvent(Ljavafx/event/EventTarget;Ljavafx/event/Event;)Ljavafx/event/Event; (81 bytes) @ 0x00000001103a007c [0x000000011039f940+0x73c]
J 2638 C1 javafx.scene.Scene$MouseHandler.process(Ljavafx/scene/input/MouseEvent;Z)V (735 bytes) @ 0x0000000110a924fc [0x0000000110a8f9e0+0x2b1c]
J 2637 C1 javafx.scene.Scene$MouseHandler.access$1500(Ljavafx/scene/Scene$MouseHandler;Ljavafx/scene/input/MouseEvent;Z)V (7 bytes) @ 0x0000000110a8d35c [0x0000000110a8d300+0x5c]
j  javafx.scene.Scene.impl_processMouseEvent(Ljavafx/scene/input/MouseEvent;)V+6
j  javafx.scene.Scene$ScenePeerListener.mouseEvent(Ljavafx/event/EventType;DDDDLjavafx/scene/input/MouseButton;ZZZZZZZZZ)V+46
j  com.sun.javafx.tk.quantum.GlassViewEventHandler$MouseEventNotification.run()Ljava/lang/Void;+514
j  com.sun.javafx.tk.quantum.GlassViewEventHandler$MouseEventNotification.run()Ljava/lang/Object;+1
v  ~StubRoutines::call_stub
V  [libjvm.dylib+0x2ecf8a]
V  [libjvm.dylib+0x34d6c8]
J 1621  java.security.AccessController.doPrivileged(Ljava/security/PrivilegedAction;Ljava/security/AccessControlContext;)Ljava/lang/Object; (0 bytes) @ 0x000000011080c395 [0x000000011080c2c0+0xd5]
J 3181 C1 com.sun.javafx.tk.quantum.GlassViewEventHandler$$Lambda$198.get()Ljava/lang/Object; (8 bytes) @ 0x00000001107e1ce4 [0x00000001107e1b00+0x1e4]
J 2614 C1 com.sun.javafx.tk.quantum.QuantumToolkit.runWithoutRenderLock(Ljava/util/function/Supplier;)Ljava/lang/Object; (49 bytes) @ 0x0000000110a7c2f4 [0x0000000110a7bdc0+0x534]
J 3178 C1 com.sun.javafx.tk.quantum.GlassViewEventHandler.handleMouseEvent(Lcom/sun/glass/ui/View;JIIIIIIIZZ)V (108 bytes) @ 0x000000011082fa64 [0x000000011082f640+0x424]
J 2690 C1 com.sun.glass.ui.View.notifyMouse(IIIIIIIZZ)V (221 bytes) @ 0x0000000110abb104 [0x0000000110aba0a0+0x1064]
v  ~StubRoutines::call_stub
V  [libjvm.dylib+0x2ecf8a]
V  [libjvm.dylib+0x324119]
V  [libjvm.dylib+0x3168e7]
C  [libglass.dylib+0x2058c]  -[GlassViewDelegate sendJavaMouseEvent:]+0x86c
C  [AppKit+0x937c92]  -[NSWindow(NSEventRouting) _reallySendEvent:isDelayedEvent:]+0x608
C  [AppKit+0x9372be]  -[NSWindow(NSEventRouting) sendEvent:]+0x21d
C  [libglass.dylib+0x25d94]  -[GlassWindow_Panel sendEvent:]+0x74
C  [AppKit+0x7bfbf5]  -[NSApplication(NSEvent) sendEvent:]+0x479
C  [AppKit+0x3bf81]  -[NSApplication run]+0x3ea
C  [libglass.dylib+0x654c]  -[GlassApplication runLoop:]+0x72c
C  [Foundation+0x7188a]  __NSThreadPerformPerform+0x146
C  [CoreFoundation+0xa7981]  __CFRUNLOOP_IS_CALLING_OUT_TO_A_SOURCE0_PERFORM_FUNCTION__+0x11
C  [CoreFoundation+0x88a7d]  __CFRunLoopDoSources0+0x22d
C  [CoreFoundation+0x87f76]  __CFRunLoopRun+0x3a6
C  [CoreFoundation+0x87974]  CFRunLoopRunSpecific+0x1a4
C  [java+0x6465]  CreateExecutionEnvironment+0x367
C  [java+0x218c]  JLI_Launch+0x7a0
C  [java+0x84c2]  main+0x65
C  [java+0x19e4]  start+0x34
C  0x0000000000000008

Java frames: (J=compiled Java code, j=interpreted, Vv=VM code)
J 2514  com.sun.webkit.dom.JSObject.callImpl(JILjava/lang/String;[Ljava/lang/Object;Ljava/security/AccessControlContext;)Ljava/lang/Object; (0 bytes) @ 0x0000000110a3a604 [0x0000000110a3a580+0x84]
J 2499 C1 com.sun.webkit.dom.NodeImpl.call(Ljava/lang/String;[Ljava/lang/Object;)Ljava/lang/Object; (7 bytes) @ 0x0000000110a34d7c [0x0000000110a348a0+0x4dc]
j  sample.Main.drawRectangle()V+153
j  sample.Main.access$000(Lsample/Main;)V+1
j  sample.Main$6.handle(Ljavafx/event/ActionEvent;)V+105
j  sample.Main$6.handle(Ljavafx/event/Event;)V+5
J 3126 C1 com.sun.javafx.event.CompositeEventHandler.dispatchBubblingEvent(Ljavafx/event/Event;)V (57 bytes) @ 0x00000001104e1fd4 [0x00000001104e1c00+0x3d4]
J 2353 C1 com.sun.javafx.event.EventHandlerManager.dispatchBubblingEvent(Ljavafx/event/Event;)Ljavafx/event/Event; (23 bytes) @ 0x00000001109b64a4 [0x00000001109b5e00+0x6a4]
J 2131 C1 com.sun.javafx.event.BasicEventDispatcher.dispatchEvent(Ljavafx/event/Event;Ljavafx/event/EventDispatchChain;)Ljavafx/event/Event; (44 bytes) @ 0x000000011092973c [0x0000000110929400+0x33c]
J 2079 C1 com.sun.javafx.event.EventDispatchChainImpl.dispatchEvent(Ljavafx/event/Event;)Ljavafx/event/Event; (101 bytes) @ 0x000000011090b4d4 [0x000000011090b320+0x1b4]
J 3044 C1 com.sun.javafx.event.EventUtil.fireEvent(Ljavafx/event/EventTarget;Ljavafx/event/Event;)Ljavafx/event/Event; (81 bytes) @ 0x00000001103a051c [0x000000011039f940+0xbdc]
J 2610 C1 javafx.event.Event.fireEvent(Ljavafx/event/EventTarget;Ljavafx/event/Event;)V (35 bytes) @ 0x0000000110a7aa6c [0x0000000110a7a9a0+0xcc]
j  javafx.scene.control.MenuItem.fire()V+10
j  com.sun.javafx.scene.control.skin.ContextMenuContent$MenuItemContainer.doSelect()V+97
j  com.sun.javafx.scene.control.skin.ContextMenuContent$MenuItemContainer.lambda$createChildren$343(Ljavafx/scene/input/MouseEvent;)V+1
j  com.sun.javafx.scene.control.skin.ContextMenuContent$MenuItemContainer$$Lambda$229.handle(Ljavafx/event/Event;)V+8
J 3049 C1 com.sun.javafx.event.CompositeEventHandler$NormalEventHandlerRecord.handleBubblingEvent(Ljavafx/event/Event;)V (11 bytes) @ 0x000000011039f4cc [0x000000011039f3c0+0x10c]
J 3126 C1 com.sun.javafx.event.CompositeEventHandler.dispatchBubblingEvent(Ljavafx/event/Event;)V (57 bytes) @ 0x00000001104e1e44 [0x00000001104e1c00+0x244]
J 2353 C1 com.sun.javafx.event.EventHandlerManager.dispatchBubblingEvent(Ljavafx/event/Event;)Ljavafx/event/Event; (23 bytes) @ 0x00000001109b64a4 [0x00000001109b5e00+0x6a4]
J 2352 C1 com.sun.javafx.event.CompositeEventDispatcher.dispatchBubblingEvent(Ljavafx/event/Event;)Ljavafx/event/Event; (35 bytes) @ 0x00000001109b7bdc [0x00000001109b7a20+0x1bc]
J 2131 C1 com.sun.javafx.event.BasicEventDispatcher.dispatchEvent(Ljavafx/event/Event;Ljavafx/event/EventDispatchChain;)Ljavafx/event/Event; (44 bytes) @ 0x000000011092973c [0x0000000110929400+0x33c]
J 2079 C1 com.sun.javafx.event.EventDispatchChainImpl.dispatchEvent(Ljavafx/event/Event;)Ljavafx/event/Event; (101 bytes) @ 0x000000011090b4d4 [0x000000011090b320+0x1b4]
J 2131 C1 com.sun.javafx.event.BasicEventDispatcher.dispatchEvent(Ljavafx/event/Event;Ljavafx/event/EventDispatchChain;)Ljavafx/event/Event; (44 bytes) @ 0x0000000110929654 [0x0000000110929400+0x254]
J 2079 C1 com.sun.javafx.event.EventDispatchChainImpl.dispatchEvent(Ljavafx/event/Event;)Ljavafx/event/Event; (101 bytes) @ 0x000000011090b4d4 [0x000000011090b320+0x1b4]
J 2131 C1 com.sun.javafx.event.BasicEventDispatcher.dispatchEvent(Ljavafx/event/Event;Ljavafx/event/EventDispatchChain;)Ljavafx/event/Event; (44 bytes) @ 0x0000000110929654 [0x0000000110929400+0x254]
J 2079 C1 com.sun.javafx.event.EventDispatchChainImpl.dispatchEvent(Ljavafx/event/Event;)Ljavafx/event/Event; (101 bytes) @ 0x000000011090b4d4 [0x000000011090b320+0x1b4]
J 2131 C1 com.sun.javafx.event.BasicEventDispatcher.dispatchEvent(Ljavafx/event/Event;Ljavafx/event/EventDispatchChain;)Ljavafx/event/Event; (44 bytes) @ 0x0000000110929654 [0x0000000110929400+0x254]
J 2079 C1 com.sun.javafx.event.EventDispatchChainImpl.dispatchEvent(Ljavafx/event/Event;)Ljavafx/event/Event; (101 bytes) @ 0x000000011090b4d4 [0x000000011090b320+0x1b4]
J 3044 C1 com.sun.javafx.event.EventUtil.fireEvent(Ljavafx/event/EventTarget;Ljavafx/event/Event;)Ljavafx/event/Event; (81 bytes) @ 0x00000001103a007c [0x000000011039f940+0x73c]
J 2638 C1 javafx.scene.Scene$MouseHandler.process(Ljavafx/scene/input/MouseEvent;Z)V (735 bytes) @ 0x0000000110a924fc [0x0000000110a8f9e0+0x2b1c]
J 2637 C1 javafx.scene.Scene$MouseHandler.access$1500(Ljavafx/scene/Scene$MouseHandler;Ljavafx/scene/input/MouseEvent;Z)V (7 bytes) @ 0x0000000110a8d35c [0x0000000110a8d300+0x5c]
j  javafx.scene.Scene.impl_processMouseEvent(Ljavafx/scene/input/MouseEvent;)V+6
j  javafx.scene.Scene$ScenePeerListener.mouseEvent(Ljavafx/event/EventType;DDDDLjavafx/scene/input/MouseButton;ZZZZZZZZZ)V+46
j  com.sun.javafx.tk.quantum.GlassViewEventHandler$MouseEventNotification.run()Ljava/lang/Void;+514
j  com.sun.javafx.tk.quantum.GlassViewEventHandler$MouseEventNotification.run()Ljava/lang/Object;+1
v  ~StubRoutines::call_stub
J 1621  java.security.AccessController.doPrivileged(Ljava/security/PrivilegedAction;Ljava/security/AccessControlContext;)Ljava/lang/Object; (0 bytes) @ 0x000000011080c323 [0x000000011080c2c0+0x63]
J 3181 C1 com.sun.javafx.tk.quantum.GlassViewEventHandler$$Lambda$198.get()Ljava/lang/Object; (8 bytes) @ 0x00000001107e1ce4 [0x00000001107e1b00+0x1e4]
J 2614 C1 com.sun.javafx.tk.quantum.QuantumToolkit.runWithoutRenderLock(Ljava/util/function/Supplier;)Ljava/lang/Object; (49 bytes) @ 0x0000000110a7c2f4 [0x0000000110a7bdc0+0x534]
J 3178 C1 com.sun.javafx.tk.quantum.GlassViewEventHandler.handleMouseEvent(Lcom/sun/glass/ui/View;JIIIIIIIZZ)V (108 bytes) @ 0x000000011082fa64 [0x000000011082f640+0x424]
J 2690 C1 com.sun.glass.ui.View.notifyMouse(IIIIIIIZZ)V (221 bytes) @ 0x0000000110abb104 [0x0000000110aba0a0+0x1064]
v  ~StubRoutines::call_stub

---------------  P R O C E S S  ---------------

Java Threads: ( => current thread )
  0x00007fc2ea908800 JavaThread "URL-Loader-20" daemon [_thread_blocked, id=80667, stack(0x0000700012ce6000,0x0000700012de6000)]
  0x00007fc2e9c11800 JavaThread "URL-Loader-19" daemon [_thread_blocked, id=79883, stack(0x0000700012be3000,0x0000700012ce3000)]
  0x00007fc2e9c41000 JavaThread "URL-Loader-18" daemon [_thread_blocked, id=78915, stack(0x0000700012ae0000,0x0000700012be0000)]
  0x00007fc2eb3ac800 JavaThread "URL-Loader-17" daemon [_thread_blocked, id=78339, stack(0x00007000128da000,0x00007000129da000)]
  0x00007fc2eae5b000 JavaThread "URL-Loader-16" daemon [_thread_blocked, id=77827, stack(0x00007000127d7000,0x00007000128d7000)]
  0x00007fc2eab50000 JavaThread "URL-Loader-15" daemon [_thread_blocked, id=77315, stack(0x00007000126d4000,0x00007000127d4000)]
  0x00007fc2eab4f000 JavaThread "URL-Loader-14" daemon [_thread_blocked, id=76803, stack(0x00007000125d1000,0x00007000126d1000)]
  0x00007fc2ea67c800 JavaThread "URL-Loader-13" daemon [_thread_blocked, id=76291, stack(0x00007000124ce000,0x00007000125ce000)]
  0x00007fc2e9af8800 JavaThread "URL-Loader-12" daemon [_thread_blocked, id=75779, stack(0x00007000123cb000,0x00007000124cb000)]
  0x00007fc2eb65a000 JavaThread "URL-Loader-11" daemon [_thread_blocked, id=75267, stack(0x00007000122c8000,0x00007000123c8000)]
  0x00007fc2eb65b800 JavaThread "URL-Loader-10" daemon [_thread_blocked, id=74755, stack(0x00007000121c5000,0x00007000122c5000)]
  0x00007fc2eae87800 JavaThread "URL-Loader-9" daemon [_thread_blocked, id=74243, stack(0x00007000120c2000,0x00007000121c2000)]
  0x00007fc2ea617800 JavaThread "URL-Loader-8" daemon [_thread_blocked, id=73731, stack(0x0000700011fbf000,0x00007000120bf000)]
  0x00007fc2eae88800 JavaThread "Watchdog-Timer-1" daemon [_thread_blocked, id=73219, stack(0x0000700011ebc000,0x0000700011fbc000)]
  0x00007fc2ea0b7800 JavaThread "URL-Loader-7" daemon [_thread_blocked, id=72227, stack(0x0000700011db9000,0x0000700011eb9000)]
  0x00007fc2ea46b800 JavaThread "URL-Loader-6" daemon [_thread_blocked, id=52791, stack(0x0000700011cb6000,0x0000700011db6000)]
  0x00007fc2eb5f8000 JavaThread "URL-Loader-5" daemon [_thread_blocked, id=62467, stack(0x0000700011bb3000,0x0000700011cb3000)]
  0x00007fc2ea3a1800 JavaThread "URL-Loader-4" daemon [_thread_blocked, id=61955, stack(0x0000700011ab0000,0x0000700011bb0000)]
  0x00007fc2eb330000 JavaThread "URL-Loader-3" daemon [_thread_blocked, id=61443, stack(0x00007000119ad000,0x0000700011aad000)]
  0x00007fc2eb573000 JavaThread "URL-Loader-2" daemon [_thread_blocked, id=60967, stack(0x00007000118aa000,0x00007000119aa000)]
  0x00007fc2ea574000 JavaThread "Prism Font Disposer" daemon [_thread_blocked, id=57027, stack(0x00007000116a1000,0x00007000117a1000)]
  0x00007fc2eb345000 JavaThread "Keep-Alive-Timer" daemon [_thread_blocked, id=54275, stack(0x000070001159e000,0x000070001169e000)]
  0x00007fc2ea29d000 JavaThread "URL-Loader-1" daemon [_thread_blocked, id=53763, stack(0x000070001149b000,0x000070001159b000)]
  0x00007fc2e9904000 JavaThread "Disposer" daemon [_thread_blocked, id=53251, stack(0x0000700011398000,0x0000700011498000)]
  0x00007fc2eb276000 JavaThread "Thread-4" daemon [_thread_in_native, id=38659, stack(0x000070001120f000,0x000070001128f000)]
=>0x00007fc2ea209000 JavaThread "JavaFX Application Thread" [_thread_in_native, id=775, stack(0x00007fff5497f000,0x00007fff5517f000)]
  0x00007fc2ea204000 JavaThread "Thread-2" daemon [_thread_blocked, id=26119, stack(0x000070001110c000,0x000070001120c000)]
  0x00007fc2ea203000 JavaThread "QuantumRenderer-0" daemon [_thread_blocked, id=20739, stack(0x0000700011009000,0x0000700011109000)]
  0x00007fc2e98ac000 JavaThread "JavaFX-Launcher" [_thread_blocked, id=20227, stack(0x0000700010f06000,0x0000700011006000)]
  0x00007fc2ea08a800 JavaThread "Monitor Ctrl-Break" daemon [_thread_in_native, id=19715, stack(0x0000700010e03000,0x0000700010f03000)]
  0x00007fc2eb010800 JavaThread "Service Thread" daemon [_thread_blocked, id=18691, stack(0x0000700010bfd000,0x0000700010cfd000)]
  0x00007fc2ea808800 JavaThread "C1 CompilerThread2" daemon [_thread_blocked, id=18179, stack(0x0000700010afa000,0x0000700010bfa000)]
  0x00007fc2ea031000 JavaThread "C2 CompilerThread1" daemon [_thread_blocked, id=17667, stack(0x00007000109f7000,0x0000700010af7000)]
  0x00007fc2e9847000 JavaThread "C2 CompilerThread0" daemon [_thread_blocked, id=17155, stack(0x00007000108f4000,0x00007000109f4000)]
  0x00007fc2e9846800 JavaThread "Signal Dispatcher" daemon [_thread_blocked, id=16643, stack(0x00007000107f1000,0x00007000108f1000)]
  0x00007fc2e9829800 JavaThread "Finalizer" daemon [_thread_blocked, id=12547, stack(0x00007000106ee000,0x00007000107ee000)]
  0x00007fc2e9826800 JavaThread "Reference Handler" daemon [_thread_blocked, id=12035, stack(0x00007000105eb000,0x00007000106eb000)]
  0x00007fc2e980a000 JavaThread "main" [_thread_blocked, id=7171, stack(0x000070000ffd9000,0x00007000100d9000)]

Other Threads:
  0x00007fc2ea02f800 VMThread [stack: 0x00007000104e8000,0x00007000105e8000] [id=11523]
  0x00007fc2ea03f800 WatcherThread [stack: 0x0000700010d00000,0x0000700010e00000] [id=19203]

VM state:not at safepoint (normal execution)

VM Mutex/Monitor currently owned by a thread: None

Heap:
 PSYoungGen      total 137728K, used 40687K [0x0000000795580000, 0x00000007a7280000, 0x00000007c0000000)
  eden space 133120K, 30% used [0x0000000795580000,0x0000000797d3bd68,0x000000079d780000)
  from space 4608K, 0% used [0x000000079d780000,0x000000079d780000,0x000000079dc00000)
  to   space 12800K, 0% used [0x00000007a6600000,0x00000007a6600000,0x00000007a7280000)
 ParOldGen       total 58880K, used 16679K [0x0000000740000000, 0x0000000743980000, 0x0000000795580000)
  object space 58880K, 28% used [0x0000000740000000,0x0000000741049da8,0x0000000743980000)
 Metaspace       used 21714K, capacity 22688K, committed 22784K, reserved 1069056K
  class space    used 3069K, capacity 3275K, committed 3328K, reserved 1048576K

Card table byte_map: [0x000000010c761000,0x000000010cb62000] byte_map_base: 0x0000000108d61000

Marking Bits: (ParMarkBitMap*) 0x000000010bcefd20
 Begin Bits: [0x000000011f263000, 0x0000000121263000)
 End Bits:   [0x0000000121263000, 0x0000000123263000)

Polling page: 0x000000010ab55000

CodeCache: size=245760Kb used=9385Kb max_used=9455Kb free=236374Kb
 bounds [0x0000000110263000, 0x0000000110bb3000, 0x000000011f263000]
 total_blobs=3655 nmethods=2919 adapters=649
 compilation: enabled

Compilation events (10 events):
Event: 12.633 Thread 0x00007fc2ea031000 3209       4       com.sun.javafx.geom.transform.Affine3D::updateState (96 bytes)
Event: 12.635 Thread 0x00007fc2ea031000 nmethod 3209 0x0000000110827e90 code [0x00000001108280c0, 0x00000001108285f8]
Event: 12.637 Thread 0x00007fc2ea808800 3210       3       com.sun.prism.es2.ES2Shader::setConstant (129 bytes)
Event: 12.637 Thread 0x00007fc2ea808800 nmethod 3210 0x00000001106459d0 code [0x0000000110645ba0, 0x0000000110646458]
Event: 12.639 Thread 0x00007fc2e9847000 3211       4       com.sun.prism.impl.BaseContext::setRenderTarget (47 bytes)
Event: 12.639 Thread 0x00007fc2ea031000 3212       4       java.lang.Math::round (70 bytes)
Event: 12.640 Thread 0x00007fc2ea031000 nmethod 3212 0x0000000110565dd0 code [0x0000000110565f20, 0x0000000110565fd8]
Event: 12.654 Thread 0x00007fc2ea808800 3213       3       javafx.beans.property.BooleanPropertyBase::fireValueChangedEvent (8 bytes)
Event: 12.655 Thread 0x00007fc2ea808800 nmethod 3213 0x0000000110848bd0 code [0x0000000110848d40, 0x0000000110848fe8]
Event: 12.701 Thread 0x00007fc2e9847000 nmethod 3211 0x0000000110626a10 code [0x0000000110626dc0, 0x0000000110628890]

GC Heap History (10 events):
Event: 1.878 GC heap before
{Heap before GC invocations=4 (full 0):
 PSYoungGen      total 38400K, used 37287K [0x0000000795580000, 0x000000079a080000, 0x00000007c0000000)
  eden space 33280K, 99% used [0x0000000795580000,0x00000007975fef90,0x0000000797600000)
  from space 5120K, 78% used [0x0000000797600000,0x00000007979eaf40,0x0000000797b00000)
  to   space 5120K, 0% used [0x0000000799b80000,0x0000000799b80000,0x000000079a080000)
 ParOldGen       total 87552K, used 32K [0x0000000740000000, 0x0000000745580000, 0x0000000795580000)
  object space 87552K, 0% used [0x0000000740000000,0x0000000740008000,0x0000000745580000)
 Metaspace       used 14269K, capacity 14764K, committed 14976K, reserved 1062912K
  class space    used 1972K, capacity 2111K, committed 2176K, reserved 1048576K
Event: 1.886 GC heap after
Heap after GC invocations=4 (full 0):
 PSYoungGen      total 71680K, used 3887K [0x0000000795580000, 0x000000079a080000, 0x00000007c0000000)
  eden space 66560K, 0% used [0x0000000795580000,0x0000000795580000,0x0000000799680000)
  from space 5120K, 75% used [0x0000000799b80000,0x0000000799f4be20,0x000000079a080000)
  to   space 5120K, 0% used [0x0000000799680000,0x0000000799680000,0x0000000799b80000)
 ParOldGen       total 87552K, used 40K [0x0000000740000000, 0x0000000745580000, 0x0000000795580000)
  object space 87552K, 0% used [0x0000000740000000,0x000000074000a000,0x0000000745580000)
 Metaspace       used 14269K, capacity 14764K, committed 14976K, reserved 1062912K
  class space    used 1972K, capacity 2111K, committed 2176K, reserved 1048576K
}
Event: 1.923 GC heap before
{Heap before GC invocations=5 (full 0):
 PSYoungGen      total 71680K, used 70438K [0x0000000795580000, 0x000000079a080000, 0x00000007c0000000)
  eden space 66560K, 99% used [0x0000000795580000,0x000000079967dd48,0x0000000799680000)
  from space 5120K, 75% used [0x0000000799b80000,0x0000000799f4be20,0x000000079a080000)
  to   space 5120K, 0% used [0x0000000799680000,0x0000000799680000,0x0000000799b80000)
 ParOldGen       total 87552K, used 40K [0x0000000740000000, 0x0000000745580000, 0x0000000795580000)
  object space 87552K, 0% used [0x0000000740000000,0x000000074000a000,0x0000000745580000)
 Metaspace       used 14269K, capacity 14764K, committed 14976K, reserved 1062912K
  class space    used 1972K, capacity 2111K, committed 2176K, reserved 1048576K
Event: 1.928 GC heap after
Heap after GC invocations=5 (full 0):
 PSYoungGen      total 71680K, used 4002K [0x0000000795580000, 0x000000079e080000, 0x00000007c0000000)
  eden space 66560K, 0% used [0x0000000795580000,0x0000000795580000,0x0000000799680000)
  from space 5120K, 78% used [0x0000000799680000,0x0000000799a689d0,0x0000000799b80000)
  to   space 4608K, 0% used [0x000000079dc00000,0x000000079dc00000,0x000000079e080000)
 ParOldGen       total 87552K, used 48K [0x0000000740000000, 0x0000000745580000, 0x0000000795580000)
  object space 87552K, 0% used [0x0000000740000000,0x000000074000c000,0x0000000745580000)
 Metaspace       used 14269K, capacity 14764K, committed 14976K, reserved 1062912K
  class space    used 1972K, capacity 2111K, committed 2176K, reserved 1048576K
}
Event: 1.946 GC heap before
{Heap before GC invocations=6 (full 0):
 PSYoungGen      total 71680K, used 70494K [0x0000000795580000, 0x000000079e080000, 0x00000007c0000000)
  eden space 66560K, 99% used [0x0000000795580000,0x000000079966f1b0,0x0000000799680000)
  from space 5120K, 78% used [0x0000000799680000,0x0000000799a689d0,0x0000000799b80000)
  to   space 4608K, 0% used [0x000000079dc00000,0x000000079dc00000,0x000000079e080000)
 ParOldGen       total 87552K, used 48K [0x0000000740000000, 0x0000000745580000, 0x0000000795580000)
  object space 87552K, 0% used [0x0000000740000000,0x000000074000c000,0x0000000745580000)
 Metaspace       used 14269K, capacity 14764K, committed 14976K, reserved 1062912K
  class space    used 1972K, capacity 2111K, committed 2176K, reserved 1048576K
Event: 1.955 GC heap after
Heap after GC invocations=6 (full 0):
 PSYoungGen      total 137728K, used 4014K [0x0000000795580000, 0x000000079e080000, 0x00000007c0000000)
  eden space 133120K, 0% used [0x0000000795580000,0x0000000795580000,0x000000079d780000)
  from space 4608K, 87% used [0x000000079dc00000,0x000000079dfeb8f8,0x000000079e080000)
  to   space 4608K, 0% used [0x000000079d780000,0x000000079d780000,0x000000079dc00000)
 ParOldGen       total 87552K, used 48K [0x0000000740000000, 0x0000000745580000, 0x0000000795580000)
  object space 87552K, 0% used [0x0000000740000000,0x000000074000c000,0x0000000745580000)
 Metaspace       used 14269K, capacity 14764K, committed 14976K, reserved 1062912K
  class space    used 1972K, capacity 2111K, committed 2176K, reserved 1048576K
}
Event: 6.608 GC heap before
{Heap before GC invocations=7 (full 0):
 PSYoungGen      total 137728K, used 115965K [0x0000000795580000, 0x000000079e080000, 0x00000007c0000000)
  eden space 133120K, 84% used [0x0000000795580000,0x000000079c2d3c20,0x000000079d780000)
  from space 4608K, 87% used [0x000000079dc00000,0x000000079dfeb8f8,0x000000079e080000)
  to   space 4608K, 0% used [0x000000079d780000,0x000000079d780000,0x000000079dc00000)
 ParOldGen       total 87552K, used 48K [0x0000000740000000, 0x0000000745580000, 0x0000000795580000)
  object space 87552K, 0% used [0x0000000740000000,0x000000074000c000,0x0000000745580000)
 Metaspace       used 20408K, capacity 21272K, committed 21296K, reserved 1067008K
  class space    used 2956K, capacity 3181K, committed 3200K, reserved 1048576K
Event: 6.633 GC heap after
Heap after GC invocations=7 (full 0):
 PSYoungGen      total 137728K, used 4599K [0x0000000795580000, 0x00000007a7280000, 0x00000007c0000000)
  eden space 133120K, 0% used [0x0000000795580000,0x0000000795580000,0x000000079d780000)
  from space 4608K, 99% used [0x000000079d780000,0x000000079dbfdc10,0x000000079dc00000)
  to   space 12800K, 0% used [0x00000007a6600000,0x00000007a6600000,0x00000007a7280000)
 ParOldGen       total 87552K, used 15667K [0x0000000740000000, 0x0000000745580000, 0x0000000795580000)
  object space 87552K, 17% used [0x0000000740000000,0x0000000740f4cdb0,0x0000000745580000)
 Metaspace       used 20408K, capacity 21272K, committed 21296K, reserved 1067008K
  class space    used 2956K, capacity 3181K, committed 3200K, reserved 1048576K
}
Event: 6.633 GC heap before
{Heap before GC invocations=8 (full 1):
 PSYoungGen      total 137728K, used 4599K [0x0000000795580000, 0x00000007a7280000, 0x00000007c0000000)
  eden space 133120K, 0% used [0x0000000795580000,0x0000000795580000,0x000000079d780000)
  from space 4608K, 99% used [0x000000079d780000,0x000000079dbfdc10,0x000000079dc00000)
  to   space 12800K, 0% used [0x00000007a6600000,0x00000007a6600000,0x00000007a7280000)
 ParOldGen       total 87552K, used 15667K [0x0000000740000000, 0x0000000745580000, 0x0000000795580000)
  object space 87552K, 17% used [0x0000000740000000,0x0000000740f4cdb0,0x0000000745580000)
 Metaspace       used 20408K, capacity 21272K, committed 21296K, reserved 1067008K
  class space    used 2956K, capacity 3181K, committed 3200K, reserved 1048576K
Event: 6.667 GC heap after
Heap after GC invocations=8 (full 1):
 PSYoungGen      total 137728K, used 0K [0x0000000795580000, 0x00000007a7280000, 0x00000007c0000000)
  eden space 133120K, 0% used [0x0000000795580000,0x0000000795580000,0x000000079d780000)
  from space 4608K, 0% used [0x000000079d780000,0x000000079d780000,0x000000079dc00000)
  to   space 12800K, 0% used [0x00000007a6600000,0x00000007a6600000,0x00000007a7280000)
 ParOldGen       total 58880K, used 16679K [0x0000000740000000, 0x0000000743980000, 0x0000000795580000)
  object space 58880K, 28% used [0x0000000740000000,0x0000000741049da8,0x0000000743980000)
 Metaspace       used 20408K, capacity 21272K, committed 21296K, reserved 1067008K
  class space    used 2956K, capacity 3181K, committed 3200K, reserved 1048576K
}

Deoptimization events (10 events):
Event: 4.308 Thread 0x00007fc2ea209000 Uncommon trap: reason=class_check action=maybe_recompile pc=0x0000000110828060 method=com.sun.javafx.font.OpenTypeGlyphMapper.getGlyphCode(I)I @ 5
Event: 5.126 Thread 0x00007fc2ea209000 Uncommon trap: reason=predicate action=maybe_recompile pc=0x000000011059bb3c method=java.util.regex.Pattern$Curly.match(Ljava/util/regex/Matcher;ILjava/lang/CharSequence;)Z @ 12
Event: 5.131 Thread 0x00007fc2ea209000 Uncommon trap: reason=unstable_if action=reinterpret pc=0x0000000110879ab0 method=com.sun.javafx.font.CompositeGlyphMapper.getGlyphCode(I)I @ 28
Event: 5.131 Thread 0x00007fc2ea209000 Uncommon trap: reason=unstable_if action=reinterpret pc=0x00000001108480a4 method=com.sun.javafx.font.CompositeGlyphMapper.convertToGlyph(I)I @ 12
Event: 5.131 Thread 0x00007fc2ea209000 Uncommon trap: reason=unstable_if action=reinterpret pc=0x000000011082dd1c method=com.sun.javafx.font.CMap.getControlCodeGlyph(IZ)I @ 98
Event: 5.131 Thread 0x00007fc2ea209000 Uncommon trap: reason=unstable_if action=reinterpret pc=0x000000011082f954 method=com.sun.javafx.font.CMap.getControlCodeGlyph(IZ)I @ 98
Event: 5.131 Thread 0x00007fc2ea209000 Uncommon trap: reason=unstable_if action=reinterpret pc=0x00000001108299c8 method=com.sun.javafx.font.CMap.getControlCodeGlyph(IZ)I @ 98
Event: 8.274 Thread 0x00007fc2ea209000 Uncommon trap: reason=unstable_if action=reinterpret pc=0x0000000110a52588 method=org.jsoup.nodes.Node.nextSibling()Lorg/jsoup/nodes/Node; @ 4
Event: 10.084 Thread 0x00007fc2ea209000 Uncommon trap: reason=unstable_if action=reinterpret pc=0x00000001106922ac method=org.jsoup.parser.Tokeniser.read()Lorg/jsoup/parser/Token; @ 4
Event: 12.534 Thread 0x00007fc2ea209000 Uncommon trap: reason=unstable_if action=reinterpret pc=0x000000011078d9a4 method=java.lang.String.trim()Ljava/lang/String; @ 44

Internal exceptions (10 events):
Event: 11.152 Thread 0x00007fc2ea209000 Exception <a 'java/io/IOException': Improper call to JPEG library in state 200> (0x000000079794cb38) thrown at [/Users/java_re/workspace/8-2-build-macosx-x86_64/jdk8u111/7883/hotspot/src/share/vm/prims/jni.cpp, line 735]
Event: 11.152 Thread 0x00007fc2ea209000 Exception <a 'java/io/IOException': Improper call to JPEG library in state 200> (0x00000007979502c8) thrown at [/Users/java_re/workspace/8-2-build-macosx-x86_64/jdk8u111/7883/hotspot/src/share/vm/prims/jni.cpp, line 735]
Event: 11.152 Thread 0x00007fc2ea209000 Exception <a 'java/io/IOException': Bogus DQT index 15> (0x0000000797957330) thrown at [/Users/java_re/workspace/8-2-build-macosx-x86_64/jdk8u111/7883/hotspot/src/share/vm/prims/jni.cpp, line 735]
Event: 11.157 Thread 0x00007fc2ea209000 Exception <a 'java/io/IOException': Improper call to JPEG library in state 200> (0x0000000797973910) thrown at [/Users/java_re/workspace/8-2-build-macosx-x86_64/jdk8u111/7883/hotspot/src/share/vm/prims/jni.cpp, line 735]
Event: 11.157 Thread 0x00007fc2ea209000 Exception <a 'java/io/IOException': Improper call to JPEG library in state 200> (0x00000007979770a0) thrown at [/Users/java_re/workspace/8-2-build-macosx-x86_64/jdk8u111/7883/hotspot/src/share/vm/prims/jni.cpp, line 735]
Event: 11.203 Thread 0x00007fc2ea209000 Exception <a 'java/io/IOException': Improper call to JPEG library in state 200> (0x00000007979df4d0) thrown at [/Users/java_re/workspace/8-2-build-macosx-x86_64/jdk8u111/7883/hotspot/src/share/vm/prims/jni.cpp, line 735]
Event: 11.203 Thread 0x00007fc2ea209000 Exception <a 'java/io/IOException': Improper call to JPEG library in state 200> (0x00000007979e2450) thrown at [/Users/java_re/workspace/8-2-build-macosx-x86_64/jdk8u111/7883/hotspot/src/share/vm/prims/jni.cpp, line 735]
Event: 11.254 Thread 0x00007fc2ea209000 Exception <a 'java/io/IOException': Improper call to JPEG library in state 200> (0x00000007979f7d70) thrown at [/Users/java_re/workspace/8-2-build-macosx-x86_64/jdk8u111/7883/hotspot/src/share/vm/prims/jni.cpp, line 735]
Event: 11.254 Thread 0x00007fc2ea209000 Exception <a 'java/io/IOException': Improper call to JPEG library in state 200> (0x00000007979fb500) thrown at [/Users/java_re/workspace/8-2-build-macosx-x86_64/jdk8u111/7883/hotspot/src/share/vm/prims/jni.cpp, line 735]
Event: 11.254 Thread 0x00007fc2ea209000 Exception <a 'java/io/IOException': Bogus Huffman table definition> (0x0000000797a02580) thrown at [/Users/java_re/workspace/8-2-build-macosx-x86_64/jdk8u111/7883/hotspot/src/share/vm/prims/jni.cpp, line 735]

Events (10 events):
Event: 12.534 loading class com/sun/webkit/dom/CommentImpl done
Event: 12.534 loading class org/w3c/dom/Comment
Event: 12.534 loading class org/w3c/dom/Comment done
Event: 12.534 Thread 0x00007fc2ea209000 Uncommon trap: trap_request=0xffffff65 fr.pc=0x000000011078d9a4
Event: 12.534 Thread 0x00007fc2ea209000 DEOPT PACKING pc=0x000000011078d9a4 sp=0x00007fff55178140
Event: 12.534 Thread 0x00007fc2ea209000 DEOPT UNPACKING pc=0x0000000110268229 sp=0x00007fff551780f8 mode 2
Event: 12.631 Executing VM operation: RevokeBias
Event: 12.631 Executing VM operation: RevokeBias done
Event: 12.636 Executing VM operation: RevokeBias
Event: 12.636 Executing VM operation: RevokeBias done


Dynamic libraries:
0x0000000039d4d000 	/System/Library/Frameworks/Cocoa.framework/Versions/A/Cocoa
0x0000000039d4d000 	/System/Library/Frameworks/Security.framework/Versions/A/Security
0x0000000039d4d000 	/System/Library/Frameworks/ApplicationServices.framework/Versions/A/ApplicationServices
0x0000000039d4d000 	/usr/lib/libz.1.dylib
0x0000000039d4d000 	/usr/lib/libSystem.B.dylib
0x0000000039d4d000 	/usr/lib/libobjc.A.dylib
0x0000000039d4d000 	/System/Library/Frameworks/CoreFoundation.framework/Versions/A/CoreFoundation
0x0000000039d4d000 	/System/Library/Frameworks/Foundation.framework/Versions/C/Foundation
0x0000000039d4d000 	/System/Library/Frameworks/AppKit.framework/Versions/C/AppKit
0x0000000039d4d000 	/System/Library/Frameworks/CoreData.framework/Versions/A/CoreData
0x0000000039d4d000 	/System/Library/PrivateFrameworks/RemoteViewServices.framework/Versions/A/RemoteViewServices
0x0000000039d4d000 	/System/Library/PrivateFrameworks/UIFoundation.framework/Versions/A/UIFoundation
0x0000000039d4d000 	/System/Library/PrivateFrameworks/DFRFoundation.framework/Versions/A/DFRFoundation
0x0000000039d4d000 	/usr/lib/libenergytrace.dylib
0x0000000039d4d000 	/System/Library/PrivateFrameworks/SkyLight.framework/Versions/A/SkyLight
0x0000000039d4d000 	/System/Library/Frameworks/CoreGraphics.framework/Versions/A/CoreGraphics
0x0000000039d4d000 	/usr/lib/libScreenReader.dylib
0x0000000039d4d000 	/System/Library/Frameworks/Accelerate.framework/Versions/A/Accelerate
0x0000000039d4d000 	/System/Library/Frameworks/IOSurface.framework/Versions/A/IOSurface
0x0000000039d4d000 	/System/Library/Frameworks/AudioToolbox.framework/Versions/A/AudioToolbox
0x0000000039d4d000 	/System/Library/Frameworks/AudioUnit.framework/Versions/A/AudioUnit
0x0000000039d4d000 	/System/Library/PrivateFrameworks/DataDetectorsCore.framework/Versions/A/DataDetectorsCore
0x0000000039d4d000 	/System/Library/PrivateFrameworks/DesktopServicesPriv.framework/Versions/A/DesktopServicesPriv
0x0000000039d4d000 	/System/Library/Frameworks/Carbon.framework/Versions/A/Frameworks/HIToolbox.framework/Versions/A/HIToolbox
0x0000000039d4d000 	/usr/lib/libicucore.A.dylib
0x0000000039d4d000 	/System/Library/Frameworks/QuartzCore.framework/Versions/A/QuartzCore
0x0000000039d4d000 	/System/Library/Frameworks/Carbon.framework/Versions/A/Frameworks/SpeechRecognition.framework/Versions/A/SpeechRecognition
0x0000000039d4d000 	/usr/lib/libauto.dylib
0x0000000039d4d000 	/usr/lib/libxml2.2.dylib
0x0000000039d4d000 	/System/Library/PrivateFrameworks/CoreUI.framework/Versions/A/CoreUI
0x0000000039d4d000 	/System/Library/Frameworks/CoreAudio.framework/Versions/A/CoreAudio
0x0000000039d4d000 	/System/Library/Frameworks/DiskArbitration.framework/Versions/A/DiskArbitration
0x0000000039d4d000 	/usr/lib/liblangid.dylib
0x0000000039d4d000 	/System/Library/PrivateFrameworks/MultitouchSupport.framework/Versions/A/MultitouchSupport
0x0000000039d4d000 	/System/Library/Frameworks/IOKit.framework/Versions/A/IOKit
0x0000000039d4d000 	/usr/lib/libDiagnosticMessagesClient.dylib
0x0000000039d4d000 	/System/Library/Frameworks/CoreServices.framework/Versions/A/CoreServices
0x0000000039d4d000 	/System/Library/PrivateFrameworks/PerformanceAnalysis.framework/Versions/A/PerformanceAnalysis
0x0000000039d4d000 	/System/Library/PrivateFrameworks/GenerationalStorage.framework/Versions/A/GenerationalStorage
0x0000000039d4d000 	/System/Library/Frameworks/OpenGL.framework/Versions/A/OpenGL
0x0000000039d4d000 	/System/Library/Frameworks/CoreImage.framework/Versions/A/CoreImage
0x0000000039d4d000 	/System/Library/Frameworks/CoreText.framework/Versions/A/CoreText
0x0000000039d4d000 	/System/Library/Frameworks/ImageIO.framework/Versions/A/ImageIO
0x0000000039d4d000 	/System/Library/PrivateFrameworks/Backup.framework/Versions/A/Backup
0x0000000039d4d000 	/usr/lib/libarchive.2.dylib
0x0000000039d4d000 	/System/Library/Frameworks/CFNetwork.framework/Versions/A/CFNetwork
0x0000000039d4d000 	/System/Library/Frameworks/SystemConfiguration.framework/Versions/A/SystemConfiguration
0x0000000039d4d000 	/usr/lib/libCRFSuite.dylib
0x0000000039d4d000 	/usr/lib/libc++.1.dylib
0x0000000039d4d000 	/usr/lib/libc++abi.dylib
0x0000000039d4d000 	/usr/lib/system/libcache.dylib
0x0000000039d4d000 	/usr/lib/system/libcommonCrypto.dylib
0x0000000039d4d000 	/usr/lib/system/libcompiler_rt.dylib
0x0000000039d4d000 	/usr/lib/system/libcopyfile.dylib
0x0000000039d4d000 	/usr/lib/system/libcorecrypto.dylib
0x0000000039d4d000 	/usr/lib/system/libdispatch.dylib
0x0000000039d4d000 	/usr/lib/system/libdyld.dylib
0x0000000039d4d000 	/usr/lib/system/libkeymgr.dylib
0x0000000039d4d000 	/usr/lib/system/liblaunch.dylib
0x0000000039d4d000 	/usr/lib/system/libmacho.dylib
0x0000000039d4d000 	/usr/lib/system/libquarantine.dylib
0x0000000039d4d000 	/usr/lib/system/libremovefile.dylib
0x0000000039d4d000 	/usr/lib/system/libsystem_asl.dylib
0x0000000039d4d000 	/usr/lib/system/libsystem_blocks.dylib
0x0000000039d4d000 	/usr/lib/system/libsystem_c.dylib
0x0000000039d4d000 	/usr/lib/system/libsystem_configuration.dylib
0x0000000039d4d000 	/usr/lib/system/libsystem_coreservices.dylib
0x0000000039d4d000 	/usr/lib/system/libsystem_coretls.dylib
0x0000000039d4d000 	/usr/lib/system/libsystem_dnssd.dylib
0x0000000039d4d000 	/usr/lib/system/libsystem_info.dylib
0x0000000039d4d000 	/usr/lib/system/libsystem_kernel.dylib
0x0000000039d4d000 	/usr/lib/system/libsystem_m.dylib
0x0000000039d4d000 	/usr/lib/system/libsystem_malloc.dylib
0x0000000039d4d000 	/usr/lib/system/libsystem_network.dylib
0x0000000039d4d000 	/usr/lib/system/libsystem_networkextension.dylib
0x0000000039d4d000 	/usr/lib/system/libsystem_notify.dylib
0x0000000039d4d000 	/usr/lib/system/libsystem_platform.dylib
0x0000000039d4d000 	/usr/lib/system/libsystem_pthread.dylib
0x0000000039d4d000 	/usr/lib/system/libsystem_sandbox.dylib
0x0000000039d4d000 	/usr/lib/system/libsystem_secinit.dylib
0x0000000039d4d000 	/usr/lib/system/libsystem_symptoms.dylib
0x0000000039d4d000 	/usr/lib/system/libsystem_trace.dylib
0x0000000039d4d000 	/usr/lib/system/libunwind.dylib
0x0000000039d4d000 	/usr/lib/system/libxpc.dylib
0x0000000039d4d000 	/usr/lib/libbsm.0.dylib
0x0000000039d4d000 	/usr/lib/system/libkxld.dylib
0x0000000039d4d000 	/usr/lib/libcoretls.dylib
0x0000000039d4d000 	/usr/lib/libcoretls_cfhelpers.dylib
0x0000000039d4d000 	/usr/lib/libxar.1.dylib
0x0000000039d4d000 	/usr/lib/libsqlite3.dylib
0x0000000039d4d000 	/usr/lib/libpam.2.dylib
0x0000000039d4d000 	/usr/lib/libOpenScriptingUtil.dylib
0x0000000039d4d000 	/usr/lib/libbz2.1.0.dylib
0x0000000039d4d000 	/usr/lib/liblzma.5.dylib
0x0000000039d4d000 	/usr/lib/libnetwork.dylib
0x0000000039d4d000 	/usr/lib/libpcap.A.dylib
0x0000000039d4d000 	/System/Library/Frameworks/CoreServices.framework/Versions/A/Frameworks/FSEvents.framework/Versions/A/FSEvents
0x0000000039d4d000 	/System/Library/Frameworks/CoreServices.framework/Versions/A/Frameworks/CarbonCore.framework/Versions/A/CarbonCore
0x0000000039d4d000 	/System/Library/Frameworks/CoreServices.framework/Versions/A/Frameworks/Metadata.framework/Versions/A/Metadata
0x0000000039d4d000 	/System/Library/Frameworks/CoreServices.framework/Versions/A/Frameworks/OSServices.framework/Versions/A/OSServices
0x0000000039d4d000 	/System/Library/Frameworks/CoreServices.framework/Versions/A/Frameworks/SearchKit.framework/Versions/A/SearchKit
0x0000000039d4d000 	/System/Library/Frameworks/CoreServices.framework/Versions/A/Frameworks/AE.framework/Versions/A/AE
0x0000000039d4d000 	/System/Library/Frameworks/CoreServices.framework/Versions/A/Frameworks/LaunchServices.framework/Versions/A/LaunchServices
0x0000000039d4d000 	/System/Library/Frameworks/CoreServices.framework/Versions/A/Frameworks/DictionaryServices.framework/Versions/A/DictionaryServices
0x0000000039d4d000 	/System/Library/Frameworks/CoreServices.framework/Versions/A/Frameworks/SharedFileList.framework/Versions/A/SharedFileList
0x0000000039d4d000 	/System/Library/Frameworks/NetFS.framework/Versions/A/NetFS
0x0000000039d4d000 	/System/Library/PrivateFrameworks/NetAuth.framework/Versions/A/NetAuth
0x0000000039d4d000 	/System/Library/PrivateFrameworks/login.framework/Versions/A/Frameworks/loginsupport.framework/Versions/A/loginsupport
0x0000000039d4d000 	/System/Library/PrivateFrameworks/TCC.framework/Versions/A/TCC
0x0000000039d4d000 	/usr/lib/libmecabra.dylib
0x0000000039d4d000 	/System/Library/Frameworks/ApplicationServices.framework/Versions/A/Frameworks/ATS.framework/Versions/A/ATS
0x0000000039d4d000 	/System/Library/Frameworks/ApplicationServices.framework/Versions/A/Frameworks/ColorSync.framework/Versions/A/ColorSync
0x0000000039d4d000 	/System/Library/Frameworks/ApplicationServices.framework/Versions/A/Frameworks/HIServices.framework/Versions/A/HIServices
0x0000000039d4d000 	/System/Library/Frameworks/ApplicationServices.framework/Versions/A/Frameworks/LangAnalysis.framework/Versions/A/LangAnalysis
0x0000000039d4d000 	/System/Library/Frameworks/ApplicationServices.framework/Versions/A/Frameworks/PrintCore.framework/Versions/A/PrintCore
0x0000000039d4d000 	/System/Library/Frameworks/ApplicationServices.framework/Versions/A/Frameworks/QD.framework/Versions/A/QD
0x0000000039d4d000 	/System/Library/Frameworks/ApplicationServices.framework/Versions/A/Frameworks/SpeechSynthesis.framework/Versions/A/SpeechSynthesis
0x0000000039d4d000 	/System/Library/Frameworks/Accelerate.framework/Versions/A/Frameworks/vImage.framework/Versions/A/vImage
0x0000000039d4d000 	/System/Library/Frameworks/Accelerate.framework/Versions/A/Frameworks/vecLib.framework/Versions/A/vecLib
0x0000000039d4d000 	/System/Library/Frameworks/Accelerate.framework/Versions/A/Frameworks/vecLib.framework/Versions/A/libvDSP.dylib
0x0000000039d4d000 	/System/Library/Frameworks/Accelerate.framework/Versions/A/Frameworks/vecLib.framework/Versions/A/libBNNS.dylib
0x0000000039d4d000 	/System/Library/Frameworks/Accelerate.framework/Versions/A/Frameworks/vecLib.framework/Versions/A/libQuadrature.dylib
0x0000000039d4d000 	/System/Library/Frameworks/Accelerate.framework/Versions/A/Frameworks/vecLib.framework/Versions/A/libvMisc.dylib
0x0000000039d4d000 	/System/Library/Frameworks/Accelerate.framework/Versions/A/Frameworks/vecLib.framework/Versions/A/libLAPACK.dylib
0x0000000039d4d000 	/System/Library/Frameworks/Accelerate.framework/Versions/A/Frameworks/vecLib.framework/Versions/A/libBLAS.dylib
0x0000000039d4d000 	/System/Library/Frameworks/Accelerate.framework/Versions/A/Frameworks/vecLib.framework/Versions/A/libLinearAlgebra.dylib
0x0000000039d4d000 	/System/Library/Frameworks/Accelerate.framework/Versions/A/Frameworks/vecLib.framework/Versions/A/libSparseBLAS.dylib
0x0000000039d4d000 	/System/Library/Frameworks/ApplicationServices.framework/Versions/A/Frameworks/ATS.framework/Versions/A/Resources/libFontParser.dylib
0x0000000039d4d000 	/System/Library/Frameworks/ApplicationServices.framework/Versions/A/Frameworks/ATS.framework/Versions/A/Resources/libFontRegistry.dylib
0x0000000039d4d000 	/System/Library/Frameworks/ImageIO.framework/Versions/A/Resources/libJPEG.dylib
0x0000000039d4d000 	/System/Library/Frameworks/ImageIO.framework/Versions/A/Resources/libTIFF.dylib
0x0000000039d4d000 	/System/Library/Frameworks/ImageIO.framework/Versions/A/Resources/libPng.dylib
0x0000000039d4d000 	/System/Library/Frameworks/ImageIO.framework/Versions/A/Resources/libGIF.dylib
0x0000000039d4d000 	/System/Library/Frameworks/ImageIO.framework/Versions/A/Resources/libJP2.dylib
0x0000000039d4d000 	/System/Library/Frameworks/ImageIO.framework/Versions/A/Resources/libRadiance.dylib
0x0000000039d4d000 	/usr/lib/libcompression.dylib
0x0000000039d4d000 	/System/Library/PrivateFrameworks/AppleJPEG.framework/Versions/A/AppleJPEG
0x0000000039d4d000 	/usr/lib/libcups.2.dylib
0x0000000039d4d000 	/System/Library/Frameworks/Kerberos.framework/Versions/A/Kerberos
0x0000000039d4d000 	/System/Library/Frameworks/GSS.framework/Versions/A/GSS
0x0000000039d4d000 	/usr/lib/libresolv.9.dylib
0x0000000039d4d000 	/usr/lib/libiconv.2.dylib
0x0000000039d4d000 	/System/Library/PrivateFrameworks/Heimdal.framework/Versions/A/Heimdal
0x0000000039d4d000 	/usr/lib/libheimdal-asn1.dylib
0x0000000039d4d000 	/System/Library/Frameworks/OpenDirectory.framework/Versions/A/OpenDirectory
0x0000000039d4d000 	/System/Library/PrivateFrameworks/CommonAuth.framework/Versions/A/CommonAuth
0x0000000039d4d000 	/System/Library/Frameworks/OpenDirectory.framework/Versions/A/Frameworks/CFOpenDirectory.framework/Versions/A/CFOpenDirectory
0x0000000039d4d000 	/System/Library/Frameworks/SecurityFoundation.framework/Versions/A/SecurityFoundation
0x0000000039d4d000 	/System/Library/PrivateFrameworks/LanguageModeling.framework/Versions/A/LanguageModeling
0x0000000039d4d000 	/usr/lib/libmarisa.dylib
0x0000000039d4d000 	/usr/lib/libChineseTokenizer.dylib
0x0000000039d4d000 	/usr/lib/libcmph.dylib
0x0000000039d4d000 	/System/Library/PrivateFrameworks/CoreEmoji.framework/Versions/A/CoreEmoji
0x0000000039d4d000 	/System/Library/Frameworks/ServiceManagement.framework/Versions/A/ServiceManagement
0x0000000039d4d000 	/usr/lib/libxslt.1.dylib
0x0000000039d4d000 	/System/Library/Frameworks/Carbon.framework/Versions/A/Frameworks/Ink.framework/Versions/A/Ink
0x0000000039d4d000 	/System/Library/PrivateFrameworks/TextureIO.framework/Versions/A/TextureIO
0x0000000039d4d000 	/System/Library/Frameworks/Metal.framework/Versions/A/Metal
0x0000000039d4d000 	/usr/lib/libate.dylib
0x0000000039d4d000 	/System/Library/PrivateFrameworks/GPUCompiler.framework/libmetal_timestamp.dylib
0x0000000039d4d000 	/System/Library/Frameworks/OpenGL.framework/Versions/A/Libraries/libCoreFSCache.dylib
0x0000000039d4d000 	/System/Library/PrivateFrameworks/IOAccelerator.framework/Versions/A/IOAccelerator
0x0000000039d4d000 	/System/Library/Frameworks/CoreVideo.framework/Versions/A/CoreVideo
0x0000000039d4d000 	/usr/lib/libFosl_dynamic.dylib
0x0000000039d4d000 	/System/Library/PrivateFrameworks/MetalPerformanceShaders.framework/Versions/A/MetalPerformanceShaders
0x0000000039d4d000 	/System/Library/PrivateFrameworks/FaceCore.framework/Versions/A/FaceCore
0x0000000039d4d000 	/System/Library/Frameworks/OpenCL.framework/Versions/A/OpenCL
0x0000000039d4d000 	/System/Library/Frameworks/OpenGL.framework/Versions/A/Libraries/libGLU.dylib
0x0000000039d4d000 	/System/Library/Frameworks/OpenGL.framework/Versions/A/Libraries/libGFXShared.dylib
0x0000000039d4d000 	/System/Library/Frameworks/OpenGL.framework/Versions/A/Libraries/libGL.dylib
0x0000000039d4d000 	/System/Library/Frameworks/OpenGL.framework/Versions/A/Libraries/libGLImage.dylib
0x0000000039d4d000 	/System/Library/Frameworks/OpenGL.framework/Versions/A/Libraries/libCVMSPluginSupport.dylib
0x0000000039d4d000 	/System/Library/Frameworks/OpenGL.framework/Versions/A/Libraries/libCoreVMClient.dylib
0x0000000039d4d000 	/System/Library/PrivateFrameworks/CrashReporterSupport.framework/Versions/A/CrashReporterSupport
0x0000000039d4d000 	/System/Library/PrivateFrameworks/Sharing.framework/Versions/A/Sharing
0x0000000039d4d000 	/System/Library/PrivateFrameworks/IconServices.framework/Versions/A/IconServices
0x0000000039d4d000 	/System/Library/PrivateFrameworks/ProtocolBuffer.framework/Versions/A/ProtocolBuffer
0x0000000039d4d000 	/System/Library/PrivateFrameworks/Apple80211.framework/Versions/A/Apple80211
0x0000000039d4d000 	/System/Library/Frameworks/CoreWLAN.framework/Versions/A/CoreWLAN
0x0000000039d4d000 	/System/Library/PrivateFrameworks/CoreUtils.framework/Versions/A/CoreUtils
0x0000000039d4d000 	/System/Library/Frameworks/IOBluetooth.framework/Versions/A/IOBluetooth
0x0000000039d4d000 	/System/Library/PrivateFrameworks/CoreWiFi.framework/Versions/A/CoreWiFi
0x0000000039d4d000 	/System/Library/Frameworks/CoreBluetooth.framework/Versions/A/CoreBluetooth
0x0000000039d4d000 	/System/Library/Frameworks/CoreDisplay.framework/Versions/A/CoreDisplay
0x0000000039d4d000 	/System/Library/PrivateFrameworks/IOPresentment.framework/Versions/A/IOPresentment
0x0000000039d4d000 	/System/Library/PrivateFrameworks/DebugSymbols.framework/Versions/A/DebugSymbols
0x0000000039d4d000 	/System/Library/PrivateFrameworks/CoreSymbolication.framework/Versions/A/CoreSymbolication
0x0000000039d4d000 	/System/Library/PrivateFrameworks/Symbolication.framework/Versions/A/Symbolication
0x0000000039d4d000 	/System/Library/PrivateFrameworks/AppleFSCompression.framework/Versions/A/AppleFSCompression
0x0000000039d4d000 	/System/Library/PrivateFrameworks/SpeechRecognitionCore.framework/Versions/A/SpeechRecognitionCore
0x0000000039d4d000 	/System/Library/PrivateFrameworks/ChunkingLibrary.framework/Versions/A/ChunkingLibrary
0x000000010aace000 	/System/Library/CoreServices/Encodings/libSimplifiedChineseConverter.dylib
0x000000010b400000 	/Library/Java/JavaVirtualMachines/jdk1.8.0_111.jdk/Contents/Home/jre/lib/server/libjvm.dylib
0x0000000039d4d000 	/usr/lib/libstdc++.6.dylib
0x000000010ab12000 	/Library/Java/JavaVirtualMachines/jdk1.8.0_111.jdk/Contents/Home/jre/lib/libverify.dylib
0x000000010ab20000 	/Library/Java/JavaVirtualMachines/jdk1.8.0_111.jdk/Contents/Home/jre/lib/libjava.dylib
0x000000010ab5f000 	/Library/Java/JavaVirtualMachines/jdk1.8.0_111.jdk/Contents/Home/jre/lib/libzip.dylib
0x000000010ec74000 	/System/Library/Frameworks/JavaVM.framework/Frameworks/JavaRuntimeSupport.framework/JavaRuntimeSupport
0x000000010ec8e000 	/System/Library/Frameworks/JavaVM.framework/Versions/A/Frameworks/JavaNativeFoundation.framework/Versions/A/JavaNativeFoundation
0x000000010eca3000 	/System/Library/Frameworks/JavaVM.framework/Versions/A/JavaVM
0x0000000039d4d000 	/System/Library/Frameworks/Carbon.framework/Versions/A/Carbon
0x000000010ecb0000 	/System/Library/PrivateFrameworks/JavaLaunching.framework/Versions/A/JavaLaunching
0x0000000039d4d000 	/System/Library/Frameworks/Carbon.framework/Versions/A/Frameworks/CommonPanels.framework/Versions/A/CommonPanels
0x0000000039d4d000 	/System/Library/Frameworks/Carbon.framework/Versions/A/Frameworks/Help.framework/Versions/A/Help
0x0000000039d4d000 	/System/Library/Frameworks/Carbon.framework/Versions/A/Frameworks/ImageCapture.framework/Versions/A/ImageCapture
0x0000000039d4d000 	/System/Library/Frameworks/Carbon.framework/Versions/A/Frameworks/OpenScripting.framework/Versions/A/OpenScripting
0x0000000039d4d000 	/System/Library/Frameworks/Carbon.framework/Versions/A/Frameworks/Print.framework/Versions/A/Print
0x0000000039d4d000 	/System/Library/Frameworks/Carbon.framework/Versions/A/Frameworks/SecurityHI.framework/Versions/A/SecurityHI
0x000000010ee49000 	/Applications/IntelliJ IDEA CE.app/Contents/bin/libbreakgen64.jnilib
0x000000010ee4c000 	/Library/Java/JavaVirtualMachines/jdk1.8.0_111.jdk/Contents/Home/jre/lib/libnet.dylib
0x000000010ef67000 	/Library/Java/JavaVirtualMachines/jdk1.8.0_111.jdk/Contents/Home/jre/lib/libprism_es2.dylib
0x0000000039d4d000 	/System/Library/Frameworks/OpenGL.framework/Versions/A/Resources/GLEngine.bundle/GLEngine
0x0000000039d4d000 	/System/Library/Frameworks/OpenGL.framework/Versions/A/Libraries/libGLProgrammability.dylib
0x000000010efcd000 	/System/Library/Extensions/AppleIntelBDWGraphicsGLDriver.bundle/Contents/MacOS/AppleIntelBDWGraphicsGLDriver
0x0000000039d4d000 	/System/Library/PrivateFrameworks/GPUSupport.framework/Versions/A/Libraries/libGPUSupportMercury.dylib
0x0000000039d4d000 	/System/Library/Frameworks/OpenGL.framework/Versions/A/Resources/GLRendererFloat.bundle/GLRendererFloat
0x0000000039d4d000 	/System/Library/Frameworks/OpenCL.framework/Versions/A/Libraries/libcldcpuengine.dylib
0x0000000039d4d000 	/usr/lib/libcrypto.0.9.8.dylib
0x0000000039d4d000 	/System/Library/PrivateFrameworks/TrustEvaluationAgent.framework/Versions/A/TrustEvaluationAgent
0x000000010fb1b000 	/Library/Java/JavaVirtualMachines/jdk1.8.0_111.jdk/Contents/Home/jre/lib/libglass.dylib
0x0000000039d4d000 	/System/Library/PrivateFrameworks/CoreServicesInternal.framework/Versions/A/CoreServicesInternal
0x0000000039d4d000 	/System/Library/CoreServices/RawCamera.bundle/Contents/MacOS/RawCamera
0x0000000039d4d000 	/System/Library/Frameworks/Accelerate.framework/Versions/A/Frameworks/vImage.framework/Versions/A/Libraries/libCGInterfaces.dylib
0x0000000039d4d000 	/System/Library/PrivateFrameworks/FamilyControls.framework/Versions/A/FamilyControls
0x0000000039d4d000 	/System/Library/PrivateFrameworks/CommerceKit.framework/Versions/A/Frameworks/CommerceCore.framework/Versions/A/CommerceCore
0x0000000039d4d000 	/System/Library/PrivateFrameworks/SystemAdministration.framework/Versions/A/SystemAdministration
0x0000000039d4d000 	/System/Library/PrivateFrameworks/AppContainer.framework/Versions/A/AppContainer
0x0000000039d4d000 	/System/Library/PrivateFrameworks/SecCodeWrapper.framework/Versions/A/SecCodeWrapper
0x0000000039d4d000 	/System/Library/Frameworks/DirectoryService.framework/Versions/A/DirectoryService
0x0000000039d4d000 	/System/Library/PrivateFrameworks/DiskImages.framework/Versions/A/DiskImages
0x0000000039d4d000 	/System/Library/PrivateFrameworks/LoginUIKit.framework/Versions/A/Frameworks/LoginUICore.framework/Versions/A/LoginUICore
0x0000000039d4d000 	/usr/lib/libCoreStorage.dylib
0x0000000039d4d000 	/usr/lib/libcsfde.dylib
0x0000000039d4d000 	/usr/lib/libodfde.dylib
0x0000000039d4d000 	/System/Library/Frameworks/DiscRecording.framework/Versions/A/DiscRecording
0x0000000039d4d000 	/usr/lib/libcurl.4.dylib
0x0000000039d4d000 	/System/Library/PrivateFrameworks/MediaKit.framework/Versions/A/MediaKit
0x0000000039d4d000 	/System/Library/PrivateFrameworks/ProtectedCloudStorage.framework/Versions/A/ProtectedCloudStorage
0x0000000039d4d000 	/System/Library/PrivateFrameworks/EFILogin.framework/Versions/A/EFILogin
0x0000000039d4d000 	/usr/lib/libutil.dylib
0x0000000039d4d000 	/System/Library/Frameworks/LDAP.framework/Versions/A/LDAP
0x0000000039d4d000 	/usr/lib/libsasl2.2.dylib
0x0000000039d4d000 	/System/Library/PrivateFrameworks/CoreDaemon.framework/Versions/B/CoreDaemon
0x0000000039d4d000 	/System/Library/PrivateFrameworks/AppleSRP.framework/Versions/A/AppleSRP
0x0000000039d4d000 	/System/Library/PrivateFrameworks/APFS.framework/Versions/A/APFS
0x000000010fe51000 	/Library/Java/JavaVirtualMachines/jdk1.8.0_111.jdk/Contents/Home/jre/lib/libjavafx_font.dylib
0x00000001283a5000 	/Library/Java/JavaVirtualMachines/jdk1.8.0_111.jdk/Contents/Home/jre/lib/libjfxwebkit.dylib
0x000000010fd50000 	/Library/Java/JavaVirtualMachines/jdk1.8.0_111.jdk/Contents/Home/jre/lib/libnio.dylib
0x0000000039d4d000 	/System/Library/Frameworks/ApplicationServices.framework/Versions/A/Frameworks/ATS.framework/Versions/A/Resources/libTrueTypeScaler.dylib
0x00000001101c9000 	/Library/Java/JavaVirtualMachines/jdk1.8.0_111.jdk/Contents/Home/jre/lib/libprism_common.dylib
0x000000012d18d000 	/System/Library/Extensions/AppleIntelBDWGraphicsMTLDriver.bundle/Contents/MacOS/AppleIntelBDWGraphicsMTLDriver
0x0000000039d4d000 	/System/Library/PrivateFrameworks/ViewBridge.framework/Versions/A/ViewBridge
0x0000000039d4d000 	/System/Library/PrivateFrameworks/XPCService.framework/Versions/A/XPCService
0x0000000039d4d000 	/System/Library/PrivateFrameworks/AppSandbox.framework/Versions/A/AppSandbox
0x0000000039d4d000 	/usr/lib/libsandbox.1.dylib
0x0000000039d4d000 	/usr/lib/libMatch.1.dylib
0x000000012dc10000 	/Library/Java/JavaVirtualMachines/jdk1.8.0_111.jdk/Contents/Home/jre/lib/libjavafx_iio.dylib

VM Arguments:
jvm_args: -Didea.launcher.port=7533 -Didea.launcher.bin.path=/Applications/IntelliJ IDEA CE.app/Contents/bin -Dfile.encoding=UTF-8 
java_command: com.intellij.rt.execution.application.AppMain sample.Main
java_class_path (initial): /Library/Java/JavaVirtualMachines/jdk1.8.0_111.jdk/Contents/Home/jre/lib/charsets.jar:/Library/Java/JavaVirtualMachines/jdk1.8.0_111.jdk/Contents/Home/jre/lib/deploy.jar:/Library/Java/JavaVirtualMachines/jdk1.8.0_111.jdk/Contents/Home/jre/lib/ext/cldrdata.jar:/Library/Java/JavaVirtualMachines/jdk1.8.0_111.jdk/Contents/Home/jre/lib/ext/dnsns.jar:/Library/Java/JavaVirtualMachines/jdk1.8.0_111.jdk/Contents/Home/jre/lib/ext/jaccess.jar:/Library/Java/JavaVirtualMachines/jdk1.8.0_111.jdk/Contents/Home/jre/lib/ext/jfxrt.jar:/Library/Java/JavaVirtualMachines/jdk1.8.0_111.jdk/Contents/Home/jre/lib/ext/localedata.jar:/Library/Java/JavaVirtualMachines/jdk1.8.0_111.jdk/Contents/Home/jre/lib/ext/nashorn.jar:/Library/Java/JavaVirtualMachines/jdk1.8.0_111.jdk/Contents/Home/jre/lib/ext/sunec.jar:/Library/Java/JavaVirtualMachines/jdk1.8.0_111.jdk/Contents/Home/jre/lib/ext/sunjce_provider.jar:/Library/Java/JavaVirtualMachines/jdk1.8.0_111.jdk/Contents/Home/jre/lib/ext/sunpkcs11.jar:/Library/Java/JavaVirtualMachines/jdk1.8.0_111.jdk/Contents/Home/jre/lib/ext/zipfs.jar:/Library/Java/JavaVirtualMachines/jdk1.8.0_111.jdk/Contents/Home/jre/lib/javaws.jar:/Library/Java/JavaVirtualMachines/jdk1.8.0_111.jdk/Contents/Home/jre/lib/jce.jar:/Library/Java/JavaVirtualMachines/jdk1.8.0_111.jdk/Contents/Home/jre/lib/jfr.jar:/Library/Java/JavaVirtualMachines/jdk1.8.0_111.jdk/Contents/Home/jre/lib/jfxswt.jar:/Library/Java/JavaVirtualMachines/jdk1.8.0_111.jdk/Contents/Home/jre/lib/jsse.jar:/Library/Java/JavaVirtualMachines/jdk1.8.0_111.jdk/Contents/Home/jre/lib/management-agent.jar:/Library/Java/JavaVirtualMachines/jdk1.8.0_111.jdk/Contents/Home/jre/lib/plugin.jar:/Library/Java/JavaVirtualMachines/jdk1.8.0_111.jdk/Contents/Home/jre/lib/resources.jar:/Library/Java/JavaVirtualMachines/jdk1.8.0_111.jdk/Contents/Home/jre/lib/rt.jar:/Library/Java/JavaVirtualMachines/jdk1.8.0_111.jdk/Contents/Home/lib/ant-javafx.jar:/Library/Java/JavaVirtualMachines/jdk1.8.0_111.jdk/Contents/Home
Launcher Type: SUN_STANDARD

Environment Variables:
PATH=/usr/local/bin:/usr/bin:/bin:/usr/sbin:/sbin:/Users/huangzheng/scala/scala-2.12.0/bin
SHELL=/bin/bash

Signal Handlers:
SIGSEGV: [libjvm.dylib+0x5b03ed], sa_mask[0]=11111111011111110111111111111111, sa_flags=SA_ONSTACK|SA_RESTART|SA_SIGINFO
SIGBUS: [libjvm.dylib+0x5b03ed], sa_mask[0]=11111111011111110111111111111111, sa_flags=SA_RESTART|SA_SIGINFO
SIGFPE: [libjvm.dylib+0x48711c], sa_mask[0]=11111111011111110111111111111111, sa_flags=SA_RESTART|SA_SIGINFO
SIGPIPE: [libjvm.dylib+0x48711c], sa_mask[0]=11111111011111110111111111111111, sa_flags=SA_RESTART|SA_SIGINFO
SIGXFSZ: [libjvm.dylib+0x48711c], sa_mask[0]=11111111011111110111111111111111, sa_flags=SA_RESTART|SA_SIGINFO
SIGILL: [libjvm.dylib+0x48711c], sa_mask[0]=11111111011111110111111111111111, sa_flags=SA_RESTART|SA_SIGINFO
SIGUSR1: SIG_DFL, sa_mask[0]=00000000000000000000000000000000, sa_flags=none
SIGUSR2: [libjvm.dylib+0x486c3a], sa_mask[0]=00100000000000000000000000000000, sa_flags=SA_RESTART|SA_SIGINFO
SIGHUP: [libjvm.dylib+0x485211], sa_mask[0]=11111111011111110111111111111111, sa_flags=SA_RESTART|SA_SIGINFO
SIGINT: [libjvm.dylib+0x485211], sa_mask[0]=11111111011111110111111111111111, sa_flags=SA_RESTART|SA_SIGINFO
SIGTERM: [libjvm.dylib+0x485211], sa_mask[0]=11111111011111110111111111111111, sa_flags=SA_RESTART|SA_SIGINFO
SIGQUIT: [libjvm.dylib+0x485211], sa_mask[0]=11111111011111110111111111111111, sa_flags=SA_RESTART|SA_SIGINFO


---------------  S Y S T E M  ---------------

OS:Bsduname:Darwin 16.4.0 Darwin Kernel Version 16.4.0: Thu Dec 22 22:53:21 PST 2016; root:xnu-3789.41.3~3/RELEASE_X86_64 x86_64
rlimit: STACK 8192k, CORE 0k, NPROC 709, NOFILE 10240, AS infinity
load average:3.56 2.77 2.69

CPU:total 4 (2 cores per cpu, 2 threads per core) family 6 model 61 stepping 4, cmov, cx8, fxsr, mmx, sse, sse2, sse3, ssse3, sse4.1, sse4.2, popcnt, avx, avx2, aes, clmul, erms, 3dnowpref, lzcnt, ht, tsc, tscinvbit, bmi1, bmi2, adx

Memory: 4k page, physical 8388608k(618004k free)

/proc/meminfo:


vm_info: Java HotSpot(TM) 64-Bit Server VM (25.111-b14) for bsd-amd64 JRE (1.8.0_111-b14), built on Sep 22 2016 15:31:41 by "java_re" with gcc 4.2.1 (Based on Apple Inc. build 5658) (LLVM build 2336.11.00)

time: Fri Jan 27 19:22:09 2017
elapsed time: 12 seconds (0d 0h 0m 12s)

