#
# A fatal error has been detected by the Java Runtime Environment:
#
#  SIGSEGV (0xb) at pc=0x0000000126f56010, pid=3634, tid=0x0000000000000307
#
# JRE version: Java(TM) SE Runtime Environment (8.0_111-b14) (build 1.8.0_111-b14)
# Java VM: Java HotSpot(TM) 64-Bit Server VM (25.111-b14 mixed mode bsd-amd64 compressed oops)
# Problematic frame:
# C  [libjfxwebkit.dylib+0xa6e010]  _Z11checkJSPeerliRP13OpaqueJSValueRPK15OpaqueJSContext+0x90
#
# Failed to write core dump. Core dumps have been disabled. To enable core dumping, try "ulimit -c unlimited" before starting Java again
#
# If you would like to submit a bug report, please visit:
#   http://bugreport.java.com/bugreport/crash.jsp
# The crash happened outside the Java Virtual Machine in native code.
# See problematic frame for where to report the bug.
#

---------------  T H R E A D  ---------------

Current thread (0x00007ff3ed98d000):  JavaThread "JavaFX Application Thread" [_thread_in_native, id=775, stack(0x00007fff567c1000,0x00007fff56fc1000)]

siginfo: si_signo: 11 (SIGSEGV), si_code: 1 (SEGV_MAPERR), si_addr: 0x00000000000002d8

Registers:
RAX=0x00007ff3edd45e00, RBX=0x00007fff56fbaa88, RCX=0x00007fff56fbaa20, RDX=0x0000000000000001
RSP=0x00007fff56fba970, RBP=0x00007fff56fba9c0, RSI=0x00007ff3f29836e0, RDI=0x00007fff56fbaa10
R8 =0x00007fff56fbaa18, R9 =0x00007fff56fbaa90, R10=0x00000001134867c4, R11=0x0000000000000001
R12=0x00007ff3f29836e0, R13=0x00007fff56fbaa18, R14=0x0000000000000001, R15=0x0000000000000000
RIP=0x0000000126f56010, EFLAGS=0x0000000000010297, ERR=0x0000000000000004
  TRAPNO=0x000000000000000e

Top of Stack: (sp=0x00007fff56fba970)
0x00007fff56fba970:   3ff0000000000000 00007fff56fbaa20
0x00007fff56fba980:   00007fff56fbaa10 0000000797c7f350
0x00007fff56fba990:   0000000797c7f398 00007fff56fbaa88
0x00007fff56fba9a0:   00007fff56fbaa90 0000000000000003
0x00007fff56fba9b0:   00007fff56fbaaa8 00007ff3ed98d1f8
0x00007fff56fba9c0:   00007fff56fbaa60 0000000126f56929
0x00007fff56fba9d0:   00007fff56fbaa00 0000000400000001
0x00007fff56fba9e0:   0000000128b81c58 000000000000000b
0x00007fff56fba9f0:   0000000109e31820 0000000000000000
0x00007fff56fbaa00:   0000000000000000 0000000000000000
0x00007fff56fbaa10:   00007ff3ecd665f0 00007ff3ece23d90
0x00007fff56fbaa20:   00007ff3ece23e10 00007ff3ece24178
0x00007fff56fbaa30:   00000000000003d8 0000000000000234
0x00007fff56fbaa40:   0000000000000000 0000000000000003
0x00007fff56fbaa50:   00007fff56fbaaa8 00007ff3ed98d000
0x00007fff56fbaa60:   00007fff56fbaac0 000000011348683e
0x00007fff56fbaa70:   00007fff56fbaa98 0000000000000000
0x00007fff56fbaa80:   00007fff56fbac10 00000007956c7b40
0x00007fff56fbaa90:   0000000797c7f340 0000000797c52010
0x00007fff56fbaaa0:   0000000000000001 0000000740fbf5e8
0x00007fff56fbaab0:   0000000740016500 00007ff3ed98d000
0x00007fff56fbaac0:   00007fff56fbac10 00000001134873bc
0x00007fff56fbaad0:   0000000000000000 00000007c00117a8
0x00007fff56fbaae0:   00007fff56fbab30 00000001096b2662
0x00007fff56fbaaf0:   0000000112cbf2bd 0000000000000001
0x00007fff56fbab00:   00007fff56fbab30 0000000000000002
0x00007fff56fbab10:   00000000ffffffff 000000010f812c01
0x00007fff56fbab20:   00007ff3ed98d000 0000000000000000
0x00007fff56fbab30:   00007fff56fbab70 00000001098bfe4b
0x00007fff56fbab40:   00007fff56fbab88 00007ff3ed98d000
0x00007fff56fbab50:   0000000795661090 00000007956c7b40
0x00007fff56fbab60:   0000000797c7f340 00007ff3f29836e0 

Instructions: (pc=0x0000000126f56010)
0x0000000126f55ff0:   89 45 00 48 8b 4d c0 e9 0b 01 00 00 48 89 7d c0
0x0000000126f56000:   49 8b 44 24 20 48 8b 40 08 4c 8b b8 c0 01 00 00
0x0000000126f56010:   49 8b b7 d8 02 00 00 48 8d 7d c8 4c 89 fa e8 fd
0x0000000126f56020:   fe a5 ff 48 8b 5d c8 48 85 db 48 c7 45 c8 00 00 

Register to memory mapping:

RAX=0x00007ff3edd45e00 is an unknown value
RBX=0x00007fff56fbaa88 is pointing into the stack for thread: 0x00007ff3ed98d000
RCX=0x00007fff56fbaa20 is pointing into the stack for thread: 0x00007ff3ed98d000
RDX=0x0000000000000001 is an unknown value
RSP=0x00007fff56fba970 is pointing into the stack for thread: 0x00007ff3ed98d000
RBP=0x00007fff56fba9c0 is pointing into the stack for thread: 0x00007ff3ed98d000
RSI=0x00007ff3f29836e0 is an unknown value
RDI=0x00007fff56fbaa10 is pointing into the stack for thread: 0x00007ff3ed98d000
R8 =0x00007fff56fbaa18 is pointing into the stack for thread: 0x00007ff3ed98d000
R9 =0x00007fff56fbaa90 is pointing into the stack for thread: 0x00007ff3ed98d000
R10=0x00000001134867c4 is at entry_point+132 in (nmethod*)0x00000001134865d0
R11=0x0000000000000001 is an unknown value
R12=0x00007ff3f29836e0 is an unknown value
R13=0x00007fff56fbaa18 is pointing into the stack for thread: 0x00007ff3ed98d000
R14=0x0000000000000001 is an unknown value
R15=0x0000000000000000 is an unknown value


Stack: [0x00007fff567c1000,0x00007fff56fc1000],  sp=0x00007fff56fba970,  free space=8166k
Native frames: (J=compiled Java code, j=interpreted, Vv=VM code, C=native code)
C  [libjfxwebkit.dylib+0xa6e010]  _Z11checkJSPeerliRP13OpaqueJSValueRPK15OpaqueJSContext+0x90
C  [libjfxwebkit.dylib+0xa6e929]  Java_com_sun_webkit_dom_JSObject_callImpl+0x59
J 2519  com.sun.webkit.dom.JSObject.callImpl(JILjava/lang/String;[Ljava/lang/Object;Ljava/security/AccessControlContext;)Ljava/lang/Object; (0 bytes) @ 0x000000011348683e [0x0000000113486740+0xfe]
J 2517 C1 com.sun.webkit.dom.NodeImpl.call(Ljava/lang/String;[Ljava/lang/Object;)Ljava/lang/Object; (7 bytes) @ 0x00000001134873bc [0x0000000113486ee0+0x4dc]
j  sample.Main.drawRectangle()V+153
j  sample.Main.access$000(Lsample/Main;)V+1
j  sample.Main$6.handle(Ljavafx/event/ActionEvent;)V+105
j  sample.Main$6.handle(Ljavafx/event/Event;)V+5
J 2867 C1 com.sun.javafx.event.CompositeEventHandler.dispatchBubblingEvent(Ljavafx/event/Event;)V (57 bytes) @ 0x00000001135e9e54 [0x00000001135e9a80+0x3d4]
J 2391 C1 com.sun.javafx.event.EventHandlerManager.dispatchBubblingEvent(Ljavafx/event/Event;)Ljavafx/event/Event; (23 bytes) @ 0x00000001134240e4 [0x0000000113423a40+0x6a4]
J 2180 C1 com.sun.javafx.event.BasicEventDispatcher.dispatchEvent(Ljavafx/event/Event;Ljavafx/event/EventDispatchChain;)Ljavafx/event/Event; (44 bytes) @ 0x00000001133b39fc [0x00000001133b36c0+0x33c]
J 2029 C1 com.sun.javafx.event.EventDispatchChainImpl.dispatchEvent(Ljavafx/event/Event;)Ljavafx/event/Event; (101 bytes) @ 0x000000011335bfd4 [0x000000011335be20+0x1b4]
J 2616 C1 com.sun.javafx.event.EventUtil.fireEvent(Ljavafx/event/EventTarget;Ljavafx/event/Event;)Ljavafx/event/Event; (81 bytes) @ 0x00000001134c48ec [0x00000001134c3d00+0xbec]
J 2615 C1 javafx.event.Event.fireEvent(Ljavafx/event/EventTarget;Ljavafx/event/Event;)V (35 bytes) @ 0x00000001134c54ac [0x00000001134c53e0+0xcc]
j  javafx.scene.control.MenuItem.fire()V+10
j  com.sun.javafx.scene.control.skin.ContextMenuContent$MenuItemContainer.doSelect()V+97
j  com.sun.javafx.scene.control.skin.ContextMenuContent$MenuItemContainer.lambda$createChildren$343(Ljavafx/scene/input/MouseEvent;)V+1
j  com.sun.javafx.scene.control.skin.ContextMenuContent$MenuItemContainer$$Lambda$231.handle(Ljavafx/event/Event;)V+8
J 2834 C1 com.sun.javafx.event.CompositeEventHandler$NormalEventHandlerRecord.handleBubblingEvent(Ljavafx/event/Event;)V (11 bytes) @ 0x00000001135ad4cc [0x00000001135ad3c0+0x10c]
J 2867 C1 com.sun.javafx.event.CompositeEventHandler.dispatchBubblingEvent(Ljavafx/event/Event;)V (57 bytes) @ 0x00000001135e9cc4 [0x00000001135e9a80+0x244]
J 2391 C1 com.sun.javafx.event.EventHandlerManager.dispatchBubblingEvent(Ljavafx/event/Event;)Ljavafx/event/Event; (23 bytes) @ 0x00000001134240e4 [0x0000000113423a40+0x6a4]
J 2390 C1 com.sun.javafx.event.CompositeEventDispatcher.dispatchBubblingEvent(Ljavafx/event/Event;)Ljavafx/event/Event; (35 bytes) @ 0x0000000113424a9c [0x00000001134248e0+0x1bc]
J 2180 C1 com.sun.javafx.event.BasicEventDispatcher.dispatchEvent(Ljavafx/event/Event;Ljavafx/event/EventDispatchChain;)Ljavafx/event/Event; (44 bytes) @ 0x00000001133b39fc [0x00000001133b36c0+0x33c]
J 2029 C1 com.sun.javafx.event.EventDispatchChainImpl.dispatchEvent(Ljavafx/event/Event;)Ljavafx/event/Event; (101 bytes) @ 0x000000011335bfd4 [0x000000011335be20+0x1b4]
J 2180 C1 com.sun.javafx.event.BasicEventDispatcher.dispatchEvent(Ljavafx/event/Event;Ljavafx/event/EventDispatchChain;)Ljavafx/event/Event; (44 bytes) @ 0x00000001133b3914 [0x00000001133b36c0+0x254]
J 2029 C1 com.sun.javafx.event.EventDispatchChainImpl.dispatchEvent(Ljavafx/event/Event;)Ljavafx/event/Event; (101 bytes) @ 0x000000011335bfd4 [0x000000011335be20+0x1b4]
J 2180 C1 com.sun.javafx.event.BasicEventDispatcher.dispatchEvent(Ljavafx/event/Event;Ljavafx/event/EventDispatchChain;)Ljavafx/event/Event; (44 bytes) @ 0x00000001133b3914 [0x00000001133b36c0+0x254]
J 2029 C1 com.sun.javafx.event.EventDispatchChainImpl.dispatchEvent(Ljavafx/event/Event;)Ljavafx/event/Event; (101 bytes) @ 0x000000011335bfd4 [0x000000011335be20+0x1b4]
J 2180 C1 com.sun.javafx.event.BasicEventDispatcher.dispatchEvent(Ljavafx/event/Event;Ljavafx/event/EventDispatchChain;)Ljavafx/event/Event; (44 bytes) @ 0x00000001133b3914 [0x00000001133b36c0+0x254]
J 2029 C1 com.sun.javafx.event.EventDispatchChainImpl.dispatchEvent(Ljavafx/event/Event;)Ljavafx/event/Event; (101 bytes) @ 0x000000011335bfd4 [0x000000011335be20+0x1b4]
J 2616 C1 com.sun.javafx.event.EventUtil.fireEvent(Ljavafx/event/EventTarget;Ljavafx/event/Event;)Ljavafx/event/Event; (81 bytes) @ 0x00000001134c443c [0x00000001134c3d00+0x73c]
J 2686 C1 javafx.scene.Scene$MouseHandler.process(Ljavafx/scene/input/MouseEvent;Z)V (735 bytes) @ 0x0000000113501ebc [0x00000001134ff3a0+0x2b1c]
J 2685 C1 javafx.scene.Scene$MouseHandler.access$1500(Ljavafx/scene/Scene$MouseHandler;Ljavafx/scene/input/MouseEvent;Z)V (7 bytes) @ 0x00000001134fcd1c [0x00000001134fccc0+0x5c]
j  javafx.scene.Scene.impl_processMouseEvent(Ljavafx/scene/input/MouseEvent;)V+6
j  javafx.scene.Scene$ScenePeerListener.mouseEvent(Ljavafx/event/EventType;DDDDLjavafx/scene/input/MouseButton;ZZZZZZZZZ)V+46
j  com.sun.javafx.tk.quantum.GlassViewEventHandler$MouseEventNotification.run()Ljava/lang/Void;+514
j  com.sun.javafx.tk.quantum.GlassViewEventHandler$MouseEventNotification.run()Ljava/lang/Object;+1
v  ~StubRoutines::call_stub
V  [libjvm.dylib+0x2ecf8a]
V  [libjvm.dylib+0x34d6c8]
J 1691  java.security.AccessController.doPrivileged(Ljava/security/PrivilegedAction;Ljava/security/AccessControlContext;)Ljava/lang/Object; (0 bytes) @ 0x0000000113277215 [0x0000000113277140+0xd5]
J 2881 C1 com.sun.javafx.tk.quantum.GlassViewEventHandler$$Lambda$198.get()Ljava/lang/Object; (8 bytes) @ 0x00000001135edee4 [0x00000001135edd00+0x1e4]
J 2851 C1 com.sun.javafx.tk.quantum.QuantumToolkit.runWithoutRenderLock(Ljava/util/function/Supplier;)Ljava/lang/Object; (49 bytes) @ 0x00000001135da2b4 [0x00000001135d9d80+0x534]
J 2878 C1 com.sun.javafx.tk.quantum.GlassViewEventHandler.handleMouseEvent(Lcom/sun/glass/ui/View;JIIIIIIIZZ)V (108 bytes) @ 0x00000001135ef2a4 [0x00000001135eee80+0x424]
J 2707 C1 com.sun.glass.ui.View.notifyMouse(IIIIIIIZZ)V (221 bytes) @ 0x0000000113516ac4 [0x0000000113515a60+0x1064]
v  ~StubRoutines::call_stub
V  [libjvm.dylib+0x2ecf8a]
V  [libjvm.dylib+0x324119]
V  [libjvm.dylib+0x3168e7]
C  [libglass.dylib+0x2058c]  -[GlassViewDelegate sendJavaMouseEvent:]+0x86c
C  [AppKit+0x937c92]  -[NSWindow(NSEventRouting) _reallySendEvent:isDelayedEvent:]+0x608
C  [AppKit+0x9372be]  -[NSWindow(NSEventRouting) sendEvent:]+0x21d
C  [libglass.dylib+0x25d94]  -[GlassWindow_Panel sendEvent:]+0x74
C  [AppKit+0x7bfbf5]  -[NSApplication(NSEvent) sendEvent:]+0x479
C  [AppKit+0x3bf81]  -[NSApplication run]+0x3ea
C  [libglass.dylib+0x654c]  -[GlassApplication runLoop:]+0x72c
C  [Foundation+0x7188a]  __NSThreadPerformPerform+0x146
C  [CoreFoundation+0xa7981]  __CFRUNLOOP_IS_CALLING_OUT_TO_A_SOURCE0_PERFORM_FUNCTION__+0x11
C  [CoreFoundation+0x88a7d]  __CFRunLoopDoSources0+0x22d
C  [CoreFoundation+0x87f76]  __CFRunLoopRun+0x3a6
C  [CoreFoundation+0x87974]  CFRunLoopRunSpecific+0x1a4
C  [java+0x6465]  CreateExecutionEnvironment+0x367
C  [java+0x218c]  JLI_Launch+0x7a0
C  [java+0x84c2]  main+0x65
C  [java+0x19e4]  start+0x34
C  0x0000000000000008

Java frames: (J=compiled Java code, j=interpreted, Vv=VM code)
J 2519  com.sun.webkit.dom.JSObject.callImpl(JILjava/lang/String;[Ljava/lang/Object;Ljava/security/AccessControlContext;)Ljava/lang/Object; (0 bytes) @ 0x00000001134867c4 [0x0000000113486740+0x84]
J 2517 C1 com.sun.webkit.dom.NodeImpl.call(Ljava/lang/String;[Ljava/lang/Object;)Ljava/lang/Object; (7 bytes) @ 0x00000001134873bc [0x0000000113486ee0+0x4dc]
j  sample.Main.drawRectangle()V+153
j  sample.Main.access$000(Lsample/Main;)V+1
j  sample.Main$6.handle(Ljavafx/event/ActionEvent;)V+105
j  sample.Main$6.handle(Ljavafx/event/Event;)V+5
J 2867 C1 com.sun.javafx.event.CompositeEventHandler.dispatchBubblingEvent(Ljavafx/event/Event;)V (57 bytes) @ 0x00000001135e9e54 [0x00000001135e9a80+0x3d4]
J 2391 C1 com.sun.javafx.event.EventHandlerManager.dispatchBubblingEvent(Ljavafx/event/Event;)Ljavafx/event/Event; (23 bytes) @ 0x00000001134240e4 [0x0000000113423a40+0x6a4]
J 2180 C1 com.sun.javafx.event.BasicEventDispatcher.dispatchEvent(Ljavafx/event/Event;Ljavafx/event/EventDispatchChain;)Ljavafx/event/Event; (44 bytes) @ 0x00000001133b39fc [0x00000001133b36c0+0x33c]
J 2029 C1 com.sun.javafx.event.EventDispatchChainImpl.dispatchEvent(Ljavafx/event/Event;)Ljavafx/event/Event; (101 bytes) @ 0x000000011335bfd4 [0x000000011335be20+0x1b4]
J 2616 C1 com.sun.javafx.event.EventUtil.fireEvent(Ljavafx/event/EventTarget;Ljavafx/event/Event;)Ljavafx/event/Event; (81 bytes) @ 0x00000001134c48ec [0x00000001134c3d00+0xbec]
J 2615 C1 javafx.event.Event.fireEvent(Ljavafx/event/EventTarget;Ljavafx/event/Event;)V (35 bytes) @ 0x00000001134c54ac [0x00000001134c53e0+0xcc]
j  javafx.scene.control.MenuItem.fire()V+10
j  com.sun.javafx.scene.control.skin.ContextMenuContent$MenuItemContainer.doSelect()V+97
j  com.sun.javafx.scene.control.skin.ContextMenuContent$MenuItemContainer.lambda$createChildren$343(Ljavafx/scene/input/MouseEvent;)V+1
j  com.sun.javafx.scene.control.skin.ContextMenuContent$MenuItemContainer$$Lambda$231.handle(Ljavafx/event/Event;)V+8
J 2834 C1 com.sun.javafx.event.CompositeEventHandler$NormalEventHandlerRecord.handleBubblingEvent(Ljavafx/event/Event;)V (11 bytes) @ 0x00000001135ad4cc [0x00000001135ad3c0+0x10c]
J 2867 C1 com.sun.javafx.event.CompositeEventHandler.dispatchBubblingEvent(Ljavafx/event/Event;)V (57 bytes) @ 0x00000001135e9cc4 [0x00000001135e9a80+0x244]
J 2391 C1 com.sun.javafx.event.EventHandlerManager.dispatchBubblingEvent(Ljavafx/event/Event;)Ljavafx/event/Event; (23 bytes) @ 0x00000001134240e4 [0x0000000113423a40+0x6a4]
J 2390 C1 com.sun.javafx.event.CompositeEventDispatcher.dispatchBubblingEvent(Ljavafx/event/Event;)Ljavafx/event/Event; (35 bytes) @ 0x0000000113424a9c [0x00000001134248e0+0x1bc]
J 2180 C1 com.sun.javafx.event.BasicEventDispatcher.dispatchEvent(Ljavafx/event/Event;Ljavafx/event/EventDispatchChain;)Ljavafx/event/Event; (44 bytes) @ 0x00000001133b39fc [0x00000001133b36c0+0x33c]
J 2029 C1 com.sun.javafx.event.EventDispatchChainImpl.dispatchEvent(Ljavafx/event/Event;)Ljavafx/event/Event; (101 bytes) @ 0x000000011335bfd4 [0x000000011335be20+0x1b4]
J 2180 C1 com.sun.javafx.event.BasicEventDispatcher.dispatchEvent(Ljavafx/event/Event;Ljavafx/event/EventDispatchChain;)Ljavafx/event/Event; (44 bytes) @ 0x00000001133b3914 [0x00000001133b36c0+0x254]
J 2029 C1 com.sun.javafx.event.EventDispatchChainImpl.dispatchEvent(Ljavafx/event/Event;)Ljavafx/event/Event; (101 bytes) @ 0x000000011335bfd4 [0x000000011335be20+0x1b4]
J 2180 C1 com.sun.javafx.event.BasicEventDispatcher.dispatchEvent(Ljavafx/event/Event;Ljavafx/event/EventDispatchChain;)Ljavafx/event/Event; (44 bytes) @ 0x00000001133b3914 [0x00000001133b36c0+0x254]
J 2029 C1 com.sun.javafx.event.EventDispatchChainImpl.dispatchEvent(Ljavafx/event/Event;)Ljavafx/event/Event; (101 bytes) @ 0x000000011335bfd4 [0x000000011335be20+0x1b4]
J 2180 C1 com.sun.javafx.event.BasicEventDispatcher.dispatchEvent(Ljavafx/event/Event;Ljavafx/event/EventDispatchChain;)Ljavafx/event/Event; (44 bytes) @ 0x00000001133b3914 [0x00000001133b36c0+0x254]
J 2029 C1 com.sun.javafx.event.EventDispatchChainImpl.dispatchEvent(Ljavafx/event/Event;)Ljavafx/event/Event; (101 bytes) @ 0x000000011335bfd4 [0x000000011335be20+0x1b4]
J 2616 C1 com.sun.javafx.event.EventUtil.fireEvent(Ljavafx/event/EventTarget;Ljavafx/event/Event;)Ljavafx/event/Event; (81 bytes) @ 0x00000001134c443c [0x00000001134c3d00+0x73c]
J 2686 C1 javafx.scene.Scene$MouseHandler.process(Ljavafx/scene/input/MouseEvent;Z)V (735 bytes) @ 0x0000000113501ebc [0x00000001134ff3a0+0x2b1c]
J 2685 C1 javafx.scene.Scene$MouseHandler.access$1500(Ljavafx/scene/Scene$MouseHandler;Ljavafx/scene/input/MouseEvent;Z)V (7 bytes) @ 0x00000001134fcd1c [0x00000001134fccc0+0x5c]
j  javafx.scene.Scene.impl_processMouseEvent(Ljavafx/scene/input/MouseEvent;)V+6
j  javafx.scene.Scene$ScenePeerListener.mouseEvent(Ljavafx/event/EventType;DDDDLjavafx/scene/input/MouseButton;ZZZZZZZZZ)V+46
j  com.sun.javafx.tk.quantum.GlassViewEventHandler$MouseEventNotification.run()Ljava/lang/Void;+514
j  com.sun.javafx.tk.quantum.GlassViewEventHandler$MouseEventNotification.run()Ljava/lang/Object;+1
v  ~StubRoutines::call_stub
J 1691  java.security.AccessController.doPrivileged(Ljava/security/PrivilegedAction;Ljava/security/AccessControlContext;)Ljava/lang/Object; (0 bytes) @ 0x00000001132771a3 [0x0000000113277140+0x63]
J 2881 C1 com.sun.javafx.tk.quantum.GlassViewEventHandler$$Lambda$198.get()Ljava/lang/Object; (8 bytes) @ 0x00000001135edee4 [0x00000001135edd00+0x1e4]
J 2851 C1 com.sun.javafx.tk.quantum.QuantumToolkit.runWithoutRenderLock(Ljava/util/function/Supplier;)Ljava/lang/Object; (49 bytes) @ 0x00000001135da2b4 [0x00000001135d9d80+0x534]
J 2878 C1 com.sun.javafx.tk.quantum.GlassViewEventHandler.handleMouseEvent(Lcom/sun/glass/ui/View;JIIIIIIIZZ)V (108 bytes) @ 0x00000001135ef2a4 [0x00000001135eee80+0x424]
J 2707 C1 com.sun.glass.ui.View.notifyMouse(IIIIIIIZZ)V (221 bytes) @ 0x0000000113516ac4 [0x0000000113515a60+0x1064]
v  ~StubRoutines::call_stub

---------------  P R O C E S S  ---------------

Java Threads: ( => current thread )
  0x00007ff3f3017000 JavaThread "URL-Loader-20" daemon [_thread_blocked, id=81387, stack(0x0000700008c6c000,0x0000700008d6c000)]
  0x00007ff3ee672800 JavaThread "URL-Loader-19" daemon [_thread_blocked, id=81931, stack(0x0000700008b69000,0x0000700008c69000)]
  0x00007ff3edd87800 JavaThread "URL-Loader-18" daemon [_thread_blocked, id=80387, stack(0x0000700008860000,0x0000700008960000)]
  0x00007ff3edce8800 JavaThread "URL-Loader-17" daemon [_thread_blocked, id=79363, stack(0x000070000865a000,0x000070000875a000)]
  0x00007ff3edd58000 JavaThread "URL-Loader-16" daemon [_thread_blocked, id=78851, stack(0x0000700008557000,0x0000700008657000)]
  0x00007ff3edcd9800 JavaThread "URL-Loader-15" daemon [_thread_blocked, id=78339, stack(0x0000700008454000,0x0000700008554000)]
  0x00007ff3edccb000 JavaThread "URL-Loader-14" daemon [_thread_blocked, id=77827, stack(0x0000700008351000,0x0000700008451000)]
  0x00007ff3ed49d800 JavaThread "URL-Loader-13" daemon [_thread_blocked, id=77315, stack(0x000070000824e000,0x000070000834e000)]
  0x00007ff3ee69f000 JavaThread "URL-Loader-12" daemon [_thread_blocked, id=76803, stack(0x000070000814b000,0x000070000824b000)]
  0x00007ff3eddf0800 JavaThread "URL-Loader-11" daemon [_thread_blocked, id=76291, stack(0x0000700008048000,0x0000700008148000)]
  0x00007ff3eddef800 JavaThread "URL-Loader-10" daemon [_thread_blocked, id=75779, stack(0x0000700007f45000,0x0000700008045000)]
  0x00007ff3ed2b7800 JavaThread "URL-Loader-9" daemon [_thread_blocked, id=75267, stack(0x0000700007e42000,0x0000700007f42000)]
  0x00007ff3ee636800 JavaThread "URL-Loader-8" daemon [_thread_blocked, id=73987, stack(0x0000700007c3c000,0x0000700007d3c000)]
  0x00007ff3ed2ba000 JavaThread "Watchdog-Timer-1" daemon [_thread_blocked, id=52787, stack(0x0000700007b39000,0x0000700007c39000)]
  0x00007ff3ed3e6000 JavaThread "URL-Loader-7" daemon [_thread_in_native, id=72715, stack(0x0000700007a36000,0x0000700007b36000)]
  0x00007ff3edd59800 JavaThread "URL-Loader-6" daemon [_thread_blocked, id=72463, stack(0x0000700007933000,0x0000700007a33000)]
  0x00007ff3ed3db000 JavaThread "URL-Loader-5" daemon [_thread_blocked, id=71939, stack(0x0000700007830000,0x0000700007930000)]
  0x00007ff3eef5d800 JavaThread "URL-Loader-4" daemon [_thread_blocked, id=71427, stack(0x000070000772d000,0x000070000782d000)]
  0x00007ff3eee50800 JavaThread "URL-Loader-3" daemon [_thread_blocked, id=70919, stack(0x000070000762a000,0x000070000772a000)]
  0x00007ff3ee637800 JavaThread "URL-Loader-2" daemon [_thread_blocked, id=70191, stack(0x0000700007527000,0x0000700007627000)]
  0x00007ff3ee5ed000 JavaThread "Prism Font Disposer" daemon [_thread_blocked, id=57027, stack(0x000070000731e000,0x000070000741e000)]
  0x00007ff3ee9e4000 JavaThread "Keep-Alive-Timer" daemon [_thread_blocked, id=54275, stack(0x000070000721b000,0x000070000731b000)]
  0x00007ff3ed17f800 JavaThread "URL-Loader-1" daemon [_thread_blocked, id=53767, stack(0x0000700007118000,0x0000700007218000)]
  0x00007ff3ee9ce800 JavaThread "Disposer" daemon [_thread_blocked, id=53251, stack(0x0000700007015000,0x0000700007115000)]
  0x00007ff3ee24f800 JavaThread "Thread-4" daemon [_thread_in_native, id=38659, stack(0x0000700006e8c000,0x0000700006f0c000)]
=>0x00007ff3ed98d000 JavaThread "JavaFX Application Thread" [_thread_in_native, id=775, stack(0x00007fff567c1000,0x00007fff56fc1000)]
  0x00007ff3ed08d000 JavaThread "Thread-2" daemon [_thread_blocked, id=26119, stack(0x0000700006d89000,0x0000700006e89000)]
  0x00007ff3ed965000 JavaThread "QuantumRenderer-0" daemon [_thread_blocked, id=20739, stack(0x0000700006c86000,0x0000700006d86000)]
  0x00007ff3ed8ca800 JavaThread "JavaFX-Launcher" [_thread_blocked, id=20227, stack(0x0000700006b83000,0x0000700006c83000)]
  0x00007ff3ee08c000 JavaThread "Monitor Ctrl-Break" daemon [_thread_in_native, id=19715, stack(0x0000700006a80000,0x0000700006b80000)]
  0x00007ff3ee834800 JavaThread "Service Thread" daemon [_thread_blocked, id=18691, stack(0x000070000687a000,0x000070000697a000)]
  0x00007ff3ed041800 JavaThread "C1 CompilerThread2" daemon [_thread_blocked, id=18179, stack(0x0000700006777000,0x0000700006877000)]
  0x00007ff3ed827000 JavaThread "C2 CompilerThread1" daemon [_thread_blocked, id=17667, stack(0x0000700006674000,0x0000700006774000)]
  0x00007ff3ee01d000 JavaThread "C2 CompilerThread0" daemon [_thread_blocked, id=17155, stack(0x0000700006571000,0x0000700006671000)]
  0x00007ff3ee01c000 JavaThread "Signal Dispatcher" daemon [_thread_blocked, id=16643, stack(0x000070000646e000,0x000070000656e000)]
  0x00007ff3ed824000 JavaThread "Finalizer" daemon [_thread_blocked, id=12547, stack(0x000070000636b000,0x000070000646b000)]
  0x00007ff3ee005800 JavaThread "Reference Handler" daemon [_thread_blocked, id=12035, stack(0x0000700006268000,0x0000700006368000)]
  0x00007ff3ee805800 JavaThread "main" [_thread_blocked, id=7171, stack(0x0000700005c56000,0x0000700005d56000)]

Other Threads:
  0x00007ff3ed81c000 VMThread [stack: 0x0000700006165000,0x0000700006265000] [id=11523]
  0x00007ff3ed82f800 WatcherThread [stack: 0x000070000697d000,0x0000700006a7d000] [id=19203]

VM state:not at safepoint (normal execution)

VM Mutex/Monitor currently owned by a thread: None

Heap:
 PSYoungGen      total 137728K, used 42141K [0x0000000795580000, 0x00000007a7280000, 0x00000007c0000000)
  eden space 133120K, 31% used [0x0000000795580000,0x0000000797ea74d8,0x000000079d780000)
  from space 4608K, 0% used [0x000000079d780000,0x000000079d780000,0x000000079dc00000)
  to   space 12800K, 0% used [0x00000007a6600000,0x00000007a6600000,0x00000007a7280000)
 ParOldGen       total 59392K, used 16538K [0x0000000740000000, 0x0000000743a00000, 0x0000000795580000)
  object space 59392K, 27% used [0x0000000740000000,0x0000000741026a50,0x0000000743a00000)
 Metaspace       used 21767K, capacity 22758K, committed 22784K, reserved 1069056K
  class space    used 3074K, capacity 3314K, committed 3328K, reserved 1048576K

Card table byte_map: [0x000000010a961000,0x000000010ad62000] byte_map_base: 0x0000000106f61000

Marking Bits: (ParMarkBitMap*) 0x0000000109eefd20
 Begin Bits: [0x000000010b00d000, 0x000000010d00d000)
 End Bits:   [0x000000010d00d000, 0x000000010f00d000)

Polling page: 0x0000000108d13000

CodeCache: size=245760Kb used=9337Kb max_used=9845Kb free=236422Kb
 bounds [0x0000000112cb7000, 0x0000000113667000, 0x0000000121cb7000]
 total_blobs=3649 nmethods=2911 adapters=651
 compilation: enabled

Compilation events (10 events):
Event: 13.787 Thread 0x00007ff3ed827000 3239       4       java.util.concurrent.locks.AbstractQueuedSynchronizer::release (33 bytes)
Event: 13.787 Thread 0x00007ff3ed041800 3240       3       javafx.scene.Parent::minWidth (89 bytes)
Event: 13.788 Thread 0x00007ff3ed041800 nmethod 3240 0x0000000112fdde90 code [0x0000000112fde060, 0x0000000112fde738]
Event: 13.792 Thread 0x00007ff3ed827000 nmethod 3239 0x0000000112fe4550 code [0x0000000112fe46c0, 0x0000000112fe4908]
Event: 13.886 Thread 0x00007ff3ee01d000 3241       4       java.util.WeakHashMap$HashIterator::nextEntry (81 bytes)
Event: 13.887 Thread 0x00007ff3ee01d000 nmethod 3241 0x0000000113220710 code [0x0000000113220860, 0x0000000113220958]
Event: 13.954 Thread 0x00007ff3ed041800 3242       3       javafx.collections.ListChangeBuilder::findSubChange (84 bytes)
Event: 13.955 Thread 0x00007ff3ed041800 nmethod 3242 0x0000000112fd2b90 code [0x0000000112fd2d40, 0x0000000112fd32b8]
Event: 13.955 Thread 0x00007ff3ed041800 3243       3       javafx.scene.Node::invalidateLocalToSceneTransform (15 bytes)
Event: 13.955 Thread 0x00007ff3ed041800 nmethod 3243 0x0000000113157450 code [0x00000001131575e0, 0x0000000113157b28]

GC Heap History (10 events):
Event: 1.474 GC heap before
{Heap before GC invocations=4 (full 0):
 PSYoungGen      total 38400K, used 37146K [0x0000000795580000, 0x000000079a080000, 0x00000007c0000000)
  eden space 33280K, 99% used [0x0000000795580000,0x00000007975eba18,0x0000000797600000)
  from space 5120K, 77% used [0x0000000797600000,0x00000007979dafd0,0x0000000797b00000)
  to   space 5120K, 0% used [0x0000000799b80000,0x0000000799b80000,0x000000079a080000)
 ParOldGen       total 87552K, used 24K [0x0000000740000000, 0x0000000745580000, 0x0000000795580000)
  object space 87552K, 0% used [0x0000000740000000,0x0000000740006000,0x0000000745580000)
 Metaspace       used 14295K, capacity 14772K, committed 14976K, reserved 1062912K
  class space    used 1972K, capacity 2111K, committed 2176K, reserved 1048576K
Event: 1.481 GC heap after
Heap after GC invocations=4 (full 0):
 PSYoungGen      total 71680K, used 4000K [0x0000000795580000, 0x000000079a080000, 0x00000007c0000000)
  eden space 66560K, 0% used [0x0000000795580000,0x0000000795580000,0x0000000799680000)
  from space 5120K, 78% used [0x0000000799b80000,0x0000000799f68190,0x000000079a080000)
  to   space 5120K, 0% used [0x0000000799680000,0x0000000799680000,0x0000000799b80000)
 ParOldGen       total 87552K, used 24K [0x0000000740000000, 0x0000000745580000, 0x0000000795580000)
  object space 87552K, 0% used [0x0000000740000000,0x0000000740006000,0x0000000745580000)
 Metaspace       used 14295K, capacity 14772K, committed 14976K, reserved 1062912K
  class space    used 1972K, capacity 2111K, committed 2176K, reserved 1048576K
}
Event: 1.516 GC heap before
{Heap before GC invocations=5 (full 0):
 PSYoungGen      total 71680K, used 70432K [0x0000000795580000, 0x000000079a080000, 0x00000007c0000000)
  eden space 66560K, 99% used [0x0000000795580000,0x00000007996600b8,0x0000000799680000)
  from space 5120K, 78% used [0x0000000799b80000,0x0000000799f68190,0x000000079a080000)
  to   space 5120K, 0% used [0x0000000799680000,0x0000000799680000,0x0000000799b80000)
 ParOldGen       total 87552K, used 24K [0x0000000740000000, 0x0000000745580000, 0x0000000795580000)
  object space 87552K, 0% used [0x0000000740000000,0x0000000740006000,0x0000000745580000)
 Metaspace       used 14295K, capacity 14772K, committed 14976K, reserved 1062912K
  class space    used 1972K, capacity 2111K, committed 2176K, reserved 1048576K
Event: 1.523 GC heap after
Heap after GC invocations=5 (full 0):
 PSYoungGen      total 71680K, used 3935K [0x0000000795580000, 0x000000079e080000, 0x00000007c0000000)
  eden space 66560K, 0% used [0x0000000795580000,0x0000000795580000,0x0000000799680000)
  from space 5120K, 76% used [0x0000000799680000,0x0000000799a57fb0,0x0000000799b80000)
  to   space 4608K, 0% used [0x000000079dc00000,0x000000079dc00000,0x000000079e080000)
 ParOldGen       total 87552K, used 32K [0x0000000740000000, 0x0000000745580000, 0x0000000795580000)
  object space 87552K, 0% used [0x0000000740000000,0x0000000740008000,0x0000000745580000)
 Metaspace       used 14295K, capacity 14772K, committed 14976K, reserved 1062912K
  class space    used 1972K, capacity 2111K, committed 2176K, reserved 1048576K
}
Event: 1.540 GC heap before
{Heap before GC invocations=6 (full 0):
 PSYoungGen      total 71680K, used 70429K [0x0000000795580000, 0x000000079e080000, 0x00000007c0000000)
  eden space 66560K, 99% used [0x0000000795580000,0x000000079966f760,0x0000000799680000)
  from space 5120K, 76% used [0x0000000799680000,0x0000000799a57fb0,0x0000000799b80000)
  to   space 4608K, 0% used [0x000000079dc00000,0x000000079dc00000,0x000000079e080000)
 ParOldGen       total 87552K, used 32K [0x0000000740000000, 0x0000000745580000, 0x0000000795580000)
  object space 87552K, 0% used [0x0000000740000000,0x0000000740008000,0x0000000745580000)
 Metaspace       used 14295K, capacity 14772K, committed 14976K, reserved 1062912K
  class space    used 1972K, capacity 2111K, committed 2176K, reserved 1048576K
Event: 1.546 GC heap after
Heap after GC invocations=6 (full 0):
 PSYoungGen      total 137728K, used 4014K [0x0000000795580000, 0x000000079e080000, 0x00000007c0000000)
  eden space 133120K, 0% used [0x0000000795580000,0x0000000795580000,0x000000079d780000)
  from space 4608K, 87% used [0x000000079dc00000,0x000000079dfeb8d8,0x000000079e080000)
  to   space 4608K, 0% used [0x000000079d780000,0x000000079d780000,0x000000079dc00000)
 ParOldGen       total 87552K, used 32K [0x0000000740000000, 0x0000000745580000, 0x0000000795580000)
  object space 87552K, 0% used [0x0000000740000000,0x0000000740008000,0x0000000745580000)
 Metaspace       used 14295K, capacity 14772K, committed 14976K, reserved 1062912K
  class space    used 1972K, capacity 2111K, committed 2176K, reserved 1048576K
}
Event: 5.295 GC heap before
{Heap before GC invocations=7 (full 0):
 PSYoungGen      total 137728K, used 120679K [0x0000000795580000, 0x000000079e080000, 0x00000007c0000000)
  eden space 133120K, 87% used [0x0000000795580000,0x000000079c76e498,0x000000079d780000)
  from space 4608K, 87% used [0x000000079dc00000,0x000000079dfeb8d8,0x000000079e080000)
  to   space 4608K, 0% used [0x000000079d780000,0x000000079d780000,0x000000079dc00000)
 ParOldGen       total 87552K, used 32K [0x0000000740000000, 0x0000000745580000, 0x0000000795580000)
  object space 87552K, 0% used [0x0000000740000000,0x0000000740008000,0x0000000745580000)
 Metaspace       used 20321K, capacity 21174K, committed 21296K, reserved 1067008K
  class space    used 2926K, capacity 3138K, committed 3200K, reserved 1048576K
Event: 5.314 GC heap after
Heap after GC invocations=7 (full 0):
 PSYoungGen      total 137728K, used 4596K [0x0000000795580000, 0x00000007a7280000, 0x00000007c0000000)
  eden space 133120K, 0% used [0x0000000795580000,0x0000000795580000,0x000000079d780000)
  from space 4608K, 99% used [0x000000079d780000,0x000000079dbfd148,0x000000079dc00000)
  to   space 12800K, 0% used [0x00000007a6600000,0x00000007a6600000,0x00000007a7280000)
 ParOldGen       total 87552K, used 15540K [0x0000000740000000, 0x0000000745580000, 0x0000000795580000)
  object space 87552K, 17% used [0x0000000740000000,0x0000000740f2d160,0x0000000745580000)
 Metaspace       used 20321K, capacity 21174K, committed 21296K, reserved 1067008K
  class space    used 2926K, capacity 3138K, committed 3200K, reserved 1048576K
}
Event: 5.314 GC heap before
{Heap before GC invocations=8 (full 1):
 PSYoungGen      total 137728K, used 4596K [0x0000000795580000, 0x00000007a7280000, 0x00000007c0000000)
  eden space 133120K, 0% used [0x0000000795580000,0x0000000795580000,0x000000079d780000)
  from space 4608K, 99% used [0x000000079d780000,0x000000079dbfd148,0x000000079dc00000)
  to   space 12800K, 0% used [0x00000007a6600000,0x00000007a6600000,0x00000007a7280000)
 ParOldGen       total 87552K, used 15540K [0x0000000740000000, 0x0000000745580000, 0x0000000795580000)
  object space 87552K, 17% used [0x0000000740000000,0x0000000740f2d160,0x0000000745580000)
 Metaspace       used 20321K, capacity 21174K, committed 21296K, reserved 1067008K
  class space    used 2926K, capacity 3138K, committed 3200K, reserved 1048576K
Event: 5.346 GC heap after
Heap after GC invocations=8 (full 1):
 PSYoungGen      total 137728K, used 0K [0x0000000795580000, 0x00000007a7280000, 0x00000007c0000000)
  eden space 133120K, 0% used [0x0000000795580000,0x0000000795580000,0x000000079d780000)
  from space 4608K, 0% used [0x000000079d780000,0x000000079d780000,0x000000079dc00000)
  to   space 12800K, 0% used [0x00000007a6600000,0x00000007a6600000,0x00000007a7280000)
 ParOldGen       total 59392K, used 16538K [0x0000000740000000, 0x0000000743a00000, 0x0000000795580000)
  object space 59392K, 27% used [0x0000000740000000,0x0000000741026a50,0x0000000743a00000)
 Metaspace       used 20321K, capacity 21174K, committed 21296K, reserved 1067008K
  class space    used 2926K, capacity 3138K, committed 3200K, reserved 1048576K
}

Deoptimization events (10 events):
Event: 3.605 Thread 0x00007ff3ed98d000 Uncommon trap: reason=class_check action=maybe_recompile pc=0x0000000112fe6fd4 method=java.io.FilterInputStream.read()I @ 4
Event: 4.299 Thread 0x00007ff3ed98d000 Uncommon trap: reason=predicate action=maybe_recompile pc=0x0000000112fec9bc method=java.util.regex.Pattern$Curly.match(Ljava/util/regex/Matcher;ILjava/lang/CharSequence;)Z @ 12
Event: 4.303 Thread 0x00007ff3ed98d000 Uncommon trap: reason=unstable_if action=reinterpret pc=0x00000001132eaef8 method=com.sun.javafx.font.CMap.getControlCodeGlyph(IZ)I @ 98
Event: 4.303 Thread 0x00007ff3ed98d000 Uncommon trap: reason=unstable_if action=reinterpret pc=0x00000001132ad61c method=com.sun.javafx.font.CMap.getControlCodeGlyph(IZ)I @ 98
Event: 4.303 Thread 0x00007ff3ed98d000 Uncommon trap: reason=unstable_if action=reinterpret pc=0x00000001132672d4 method=com.sun.javafx.font.CMap.getControlCodeGlyph(IZ)I @ 98
Event: 4.304 Thread 0x00007ff3ed98d000 Uncommon trap: reason=unstable_if action=reinterpret pc=0x00000001132d9928 method=com.sun.javafx.font.CMap.getControlCodeGlyph(IZ)I @ 98
Event: 6.215 Thread 0x00007ff3ed98d000 Uncommon trap: reason=unstable_if action=reinterpret pc=0x00000001130bb724 method=org.jsoup.helper.StringUtil.isWhitespace(I)Z @ 27
Event: 6.224 Thread 0x00007ff3ed98d000 Uncommon trap: reason=unstable_if action=reinterpret pc=0x00000001134a7c88 method=org.jsoup.nodes.Node.nextSibling()Lorg/jsoup/nodes/Node; @ 4
Event: 7.766 Thread 0x00007ff3ed98d000 Uncommon trap: reason=unstable_if action=reinterpret pc=0x000000011312e080 method=org.jsoup.parser.Tokeniser.read()Lorg/jsoup/parser/Token; @ 4
Event: 7.795 Thread 0x00007ff3ed98d000 Uncommon trap: reason=unstable_if action=reinterpret pc=0x0000000113122100 method=org.jsoup.parser.CharacterReader.consumeData()Ljava/lang/String; @ 20

Internal exceptions (10 events):
Event: 12.283 Thread 0x00007ff3ed98d000 Exception <a 'java/io/IOException': Bogus DQT index 15> (0x0000000797b4a7a0) thrown at [/Users/java_re/workspace/8-2-build-macosx-x86_64/jdk8u111/7883/hotspot/src/share/vm/prims/jni.cpp, line 735]
Event: 12.286 Thread 0x00007ff3ed98d000 Exception <a 'java/io/IOException': Improper call to JPEG library in state 200> (0x0000000797b664b8) thrown at [/Users/java_re/workspace/8-2-build-macosx-x86_64/jdk8u111/7883/hotspot/src/share/vm/prims/jni.cpp, line 735]
Event: 12.286 Thread 0x00007ff3ed98d000 Exception <a 'java/io/IOException': Improper call to JPEG library in state 200> (0x0000000797b69c48) thrown at [/Users/java_re/workspace/8-2-build-macosx-x86_64/jdk8u111/7883/hotspot/src/share/vm/prims/jni.cpp, line 735]
Event: 12.318 Thread 0x00007ff3ed98d000 Exception <a 'java/io/IOException': Improper call to JPEG library in state 200> (0x0000000797b8b2e0) thrown at [/Users/java_re/workspace/8-2-build-macosx-x86_64/jdk8u111/7883/hotspot/src/share/vm/prims/jni.cpp, line 735]
Event: 12.318 Thread 0x00007ff3ed98d000 Exception <a 'java/io/IOException': Improper call to JPEG library in state 200> (0x0000000797b8ea70) thrown at [/Users/java_re/workspace/8-2-build-macosx-x86_64/jdk8u111/7883/hotspot/src/share/vm/prims/jni.cpp, line 735]
Event: 12.319 Thread 0x00007ff3ed98d000 Exception <a 'java/io/IOException': Bogus Huffman table definition> (0x0000000797b95af0) thrown at [/Users/java_re/workspace/8-2-build-macosx-x86_64/jdk8u111/7883/hotspot/src/share/vm/prims/jni.cpp, line 735]
Event: 12.344 Thread 0x00007ff3ed98d000 Exception <a 'java/io/IOException': Improper call to JPEG library in state 200> (0x0000000797be10e8) thrown at [/Users/java_re/workspace/8-2-build-macosx-x86_64/jdk8u111/7883/hotspot/src/share/vm/prims/jni.cpp, line 735]
Event: 12.344 Thread 0x00007ff3ed98d000 Exception <a 'java/io/IOException': Improper call to JPEG library in state 200> (0x0000000797be4878) thrown at [/Users/java_re/workspace/8-2-build-macosx-x86_64/jdk8u111/7883/hotspot/src/share/vm/prims/jni.cpp, line 735]
Event: 12.350 Thread 0x00007ff3ed98d000 Exception <a 'java/io/IOException': Improper call to JPEG library in state 200> (0x0000000797c046a0) thrown at [/Users/java_re/workspace/8-2-build-macosx-x86_64/jdk8u111/7883/hotspot/src/share/vm/prims/jni.cpp, line 735]
Event: 12.350 Thread 0x00007ff3ed98d000 Exception <a 'java/io/IOException': Improper call to JPEG library in state 200> (0x0000000797c07620) thrown at [/Users/java_re/workspace/8-2-build-macosx-x86_64/jdk8u111/7883/hotspot/src/share/vm/prims/jni.cpp, line 735]

Events (10 events):
Event: 13.191 Thread 0x00007ff3ed041800 flushing nmethod 0x0000000113499c50
Event: 13.191 Thread 0x00007ff3ed041800 flushing nmethod 0x000000011349a3d0
Event: 13.191 Thread 0x00007ff3ed041800 flushing nmethod 0x000000011349e0d0
Event: 13.191 Thread 0x00007ff3ed041800 flushing nmethod 0x00000001134a79d0
Event: 13.196 Executing VM operation: RevokeBias
Event: 13.197 Executing VM operation: RevokeBias done
Event: 13.198 Executing VM operation: RevokeBias
Event: 13.198 Executing VM operation: RevokeBias done
Event: 13.321 Executing VM operation: RevokeBias
Event: 13.321 Executing VM operation: RevokeBias done


Dynamic libraries:
0x0000000039d4d000 	/System/Library/Frameworks/Cocoa.framework/Versions/A/Cocoa
0x0000000039d4d000 	/System/Library/Frameworks/Security.framework/Versions/A/Security
0x0000000039d4d000 	/System/Library/Frameworks/ApplicationServices.framework/Versions/A/ApplicationServices
0x0000000039d4d000 	/usr/lib/libz.1.dylib
0x0000000039d4d000 	/usr/lib/libSystem.B.dylib
0x0000000039d4d000 	/usr/lib/libobjc.A.dylib
0x0000000039d4d000 	/System/Library/Frameworks/CoreFoundation.framework/Versions/A/CoreFoundation
0x0000000039d4d000 	/System/Library/Frameworks/Foundation.framework/Versions/C/Foundation
0x0000000039d4d000 	/System/Library/Frameworks/AppKit.framework/Versions/C/AppKit
0x0000000039d4d000 	/System/Library/Frameworks/CoreData.framework/Versions/A/CoreData
0x0000000039d4d000 	/System/Library/PrivateFrameworks/RemoteViewServices.framework/Versions/A/RemoteViewServices
0x0000000039d4d000 	/System/Library/PrivateFrameworks/UIFoundation.framework/Versions/A/UIFoundation
0x0000000039d4d000 	/System/Library/PrivateFrameworks/DFRFoundation.framework/Versions/A/DFRFoundation
0x0000000039d4d000 	/usr/lib/libenergytrace.dylib
0x0000000039d4d000 	/System/Library/PrivateFrameworks/SkyLight.framework/Versions/A/SkyLight
0x0000000039d4d000 	/System/Library/Frameworks/CoreGraphics.framework/Versions/A/CoreGraphics
0x0000000039d4d000 	/usr/lib/libScreenReader.dylib
0x0000000039d4d000 	/System/Library/Frameworks/Accelerate.framework/Versions/A/Accelerate
0x0000000039d4d000 	/System/Library/Frameworks/IOSurface.framework/Versions/A/IOSurface
0x0000000039d4d000 	/System/Library/Frameworks/AudioToolbox.framework/Versions/A/AudioToolbox
0x0000000039d4d000 	/System/Library/Frameworks/AudioUnit.framework/Versions/A/AudioUnit
0x0000000039d4d000 	/System/Library/PrivateFrameworks/DataDetectorsCore.framework/Versions/A/DataDetectorsCore
0x0000000039d4d000 	/System/Library/PrivateFrameworks/DesktopServicesPriv.framework/Versions/A/DesktopServicesPriv
0x0000000039d4d000 	/System/Library/Frameworks/Carbon.framework/Versions/A/Frameworks/HIToolbox.framework/Versions/A/HIToolbox
0x0000000039d4d000 	/usr/lib/libicucore.A.dylib
0x0000000039d4d000 	/System/Library/Frameworks/QuartzCore.framework/Versions/A/QuartzCore
0x0000000039d4d000 	/System/Library/Frameworks/Carbon.framework/Versions/A/Frameworks/SpeechRecognition.framework/Versions/A/SpeechRecognition
0x0000000039d4d000 	/usr/lib/libauto.dylib
0x0000000039d4d000 	/usr/lib/libxml2.2.dylib
0x0000000039d4d000 	/System/Library/PrivateFrameworks/CoreUI.framework/Versions/A/CoreUI
0x0000000039d4d000 	/System/Library/Frameworks/CoreAudio.framework/Versions/A/CoreAudio
0x0000000039d4d000 	/System/Library/Frameworks/DiskArbitration.framework/Versions/A/DiskArbitration
0x0000000039d4d000 	/usr/lib/liblangid.dylib
0x0000000039d4d000 	/System/Library/PrivateFrameworks/MultitouchSupport.framework/Versions/A/MultitouchSupport
0x0000000039d4d000 	/System/Library/Frameworks/IOKit.framework/Versions/A/IOKit
0x0000000039d4d000 	/usr/lib/libDiagnosticMessagesClient.dylib
0x0000000039d4d000 	/System/Library/Frameworks/CoreServices.framework/Versions/A/CoreServices
0x0000000039d4d000 	/System/Library/PrivateFrameworks/PerformanceAnalysis.framework/Versions/A/PerformanceAnalysis
0x0000000039d4d000 	/System/Library/PrivateFrameworks/GenerationalStorage.framework/Versions/A/GenerationalStorage
0x0000000039d4d000 	/System/Library/Frameworks/OpenGL.framework/Versions/A/OpenGL
0x0000000039d4d000 	/System/Library/Frameworks/CoreImage.framework/Versions/A/CoreImage
0x0000000039d4d000 	/System/Library/Frameworks/CoreText.framework/Versions/A/CoreText
0x0000000039d4d000 	/System/Library/Frameworks/ImageIO.framework/Versions/A/ImageIO
0x0000000039d4d000 	/System/Library/PrivateFrameworks/Backup.framework/Versions/A/Backup
0x0000000039d4d000 	/usr/lib/libarchive.2.dylib
0x0000000039d4d000 	/System/Library/Frameworks/CFNetwork.framework/Versions/A/CFNetwork
0x0000000039d4d000 	/System/Library/Frameworks/SystemConfiguration.framework/Versions/A/SystemConfiguration
0x0000000039d4d000 	/usr/lib/libCRFSuite.dylib
0x0000000039d4d000 	/usr/lib/libc++.1.dylib
0x0000000039d4d000 	/usr/lib/libc++abi.dylib
0x0000000039d4d000 	/usr/lib/system/libcache.dylib
0x0000000039d4d000 	/usr/lib/system/libcommonCrypto.dylib
0x0000000039d4d000 	/usr/lib/system/libcompiler_rt.dylib
0x0000000039d4d000 	/usr/lib/system/libcopyfile.dylib
0x0000000039d4d000 	/usr/lib/system/libcorecrypto.dylib
0x0000000039d4d000 	/usr/lib/system/libdispatch.dylib
0x0000000039d4d000 	/usr/lib/system/libdyld.dylib
0x0000000039d4d000 	/usr/lib/system/libkeymgr.dylib
0x0000000039d4d000 	/usr/lib/system/liblaunch.dylib
0x0000000039d4d000 	/usr/lib/system/libmacho.dylib
0x0000000039d4d000 	/usr/lib/system/libquarantine.dylib
0x0000000039d4d000 	/usr/lib/system/libremovefile.dylib
0x0000000039d4d000 	/usr/lib/system/libsystem_asl.dylib
0x0000000039d4d000 	/usr/lib/system/libsystem_blocks.dylib
0x0000000039d4d000 	/usr/lib/system/libsystem_c.dylib
0x0000000039d4d000 	/usr/lib/system/libsystem_configuration.dylib
0x0000000039d4d000 	/usr/lib/system/libsystem_coreservices.dylib
0x0000000039d4d000 	/usr/lib/system/libsystem_coretls.dylib
0x0000000039d4d000 	/usr/lib/system/libsystem_dnssd.dylib
0x0000000039d4d000 	/usr/lib/system/libsystem_info.dylib
0x0000000039d4d000 	/usr/lib/system/libsystem_kernel.dylib
0x0000000039d4d000 	/usr/lib/system/libsystem_m.dylib
0x0000000039d4d000 	/usr/lib/system/libsystem_malloc.dylib
0x0000000039d4d000 	/usr/lib/system/libsystem_network.dylib
0x0000000039d4d000 	/usr/lib/system/libsystem_networkextension.dylib
0x0000000039d4d000 	/usr/lib/system/libsystem_notify.dylib
0x0000000039d4d000 	/usr/lib/system/libsystem_platform.dylib
0x0000000039d4d000 	/usr/lib/system/libsystem_pthread.dylib
0x0000000039d4d000 	/usr/lib/system/libsystem_sandbox.dylib
0x0000000039d4d000 	/usr/lib/system/libsystem_secinit.dylib
0x0000000039d4d000 	/usr/lib/system/libsystem_symptoms.dylib
0x0000000039d4d000 	/usr/lib/system/libsystem_trace.dylib
0x0000000039d4d000 	/usr/lib/system/libunwind.dylib
0x0000000039d4d000 	/usr/lib/system/libxpc.dylib
0x0000000039d4d000 	/usr/lib/libbsm.0.dylib
0x0000000039d4d000 	/usr/lib/system/libkxld.dylib
0x0000000039d4d000 	/usr/lib/libcoretls.dylib
0x0000000039d4d000 	/usr/lib/libcoretls_cfhelpers.dylib
0x0000000039d4d000 	/usr/lib/libxar.1.dylib
0x0000000039d4d000 	/usr/lib/libsqlite3.dylib
0x0000000039d4d000 	/usr/lib/libpam.2.dylib
0x0000000039d4d000 	/usr/lib/libOpenScriptingUtil.dylib
0x0000000039d4d000 	/usr/lib/libbz2.1.0.dylib
0x0000000039d4d000 	/usr/lib/liblzma.5.dylib
0x0000000039d4d000 	/usr/lib/libnetwork.dylib
0x0000000039d4d000 	/usr/lib/libpcap.A.dylib
0x0000000039d4d000 	/System/Library/Frameworks/CoreServices.framework/Versions/A/Frameworks/FSEvents.framework/Versions/A/FSEvents
0x0000000039d4d000 	/System/Library/Frameworks/CoreServices.framework/Versions/A/Frameworks/CarbonCore.framework/Versions/A/CarbonCore
0x0000000039d4d000 	/System/Library/Frameworks/CoreServices.framework/Versions/A/Frameworks/Metadata.framework/Versions/A/Metadata
0x0000000039d4d000 	/System/Library/Frameworks/CoreServices.framework/Versions/A/Frameworks/OSServices.framework/Versions/A/OSServices
0x0000000039d4d000 	/System/Library/Frameworks/CoreServices.framework/Versions/A/Frameworks/SearchKit.framework/Versions/A/SearchKit
0x0000000039d4d000 	/System/Library/Frameworks/CoreServices.framework/Versions/A/Frameworks/AE.framework/Versions/A/AE
0x0000000039d4d000 	/System/Library/Frameworks/CoreServices.framework/Versions/A/Frameworks/LaunchServices.framework/Versions/A/LaunchServices
0x0000000039d4d000 	/System/Library/Frameworks/CoreServices.framework/Versions/A/Frameworks/DictionaryServices.framework/Versions/A/DictionaryServices
0x0000000039d4d000 	/System/Library/Frameworks/CoreServices.framework/Versions/A/Frameworks/SharedFileList.framework/Versions/A/SharedFileList
0x0000000039d4d000 	/System/Library/Frameworks/NetFS.framework/Versions/A/NetFS
0x0000000039d4d000 	/System/Library/PrivateFrameworks/NetAuth.framework/Versions/A/NetAuth
0x0000000039d4d000 	/System/Library/PrivateFrameworks/login.framework/Versions/A/Frameworks/loginsupport.framework/Versions/A/loginsupport
0x0000000039d4d000 	/System/Library/PrivateFrameworks/TCC.framework/Versions/A/TCC
0x0000000039d4d000 	/usr/lib/libmecabra.dylib
0x0000000039d4d000 	/System/Library/Frameworks/ApplicationServices.framework/Versions/A/Frameworks/ATS.framework/Versions/A/ATS
0x0000000039d4d000 	/System/Library/Frameworks/ApplicationServices.framework/Versions/A/Frameworks/ColorSync.framework/Versions/A/ColorSync
0x0000000039d4d000 	/System/Library/Frameworks/ApplicationServices.framework/Versions/A/Frameworks/HIServices.framework/Versions/A/HIServices
0x0000000039d4d000 	/System/Library/Frameworks/ApplicationServices.framework/Versions/A/Frameworks/LangAnalysis.framework/Versions/A/LangAnalysis
0x0000000039d4d000 	/System/Library/Frameworks/ApplicationServices.framework/Versions/A/Frameworks/PrintCore.framework/Versions/A/PrintCore
0x0000000039d4d000 	/System/Library/Frameworks/ApplicationServices.framework/Versions/A/Frameworks/QD.framework/Versions/A/QD
0x0000000039d4d000 	/System/Library/Frameworks/ApplicationServices.framework/Versions/A/Frameworks/SpeechSynthesis.framework/Versions/A/SpeechSynthesis
0x0000000039d4d000 	/System/Library/Frameworks/Accelerate.framework/Versions/A/Frameworks/vImage.framework/Versions/A/vImage
0x0000000039d4d000 	/System/Library/Frameworks/Accelerate.framework/Versions/A/Frameworks/vecLib.framework/Versions/A/vecLib
0x0000000039d4d000 	/System/Library/Frameworks/Accelerate.framework/Versions/A/Frameworks/vecLib.framework/Versions/A/libvDSP.dylib
0x0000000039d4d000 	/System/Library/Frameworks/Accelerate.framework/Versions/A/Frameworks/vecLib.framework/Versions/A/libBNNS.dylib
0x0000000039d4d000 	/System/Library/Frameworks/Accelerate.framework/Versions/A/Frameworks/vecLib.framework/Versions/A/libQuadrature.dylib
0x0000000039d4d000 	/System/Library/Frameworks/Accelerate.framework/Versions/A/Frameworks/vecLib.framework/Versions/A/libvMisc.dylib
0x0000000039d4d000 	/System/Library/Frameworks/Accelerate.framework/Versions/A/Frameworks/vecLib.framework/Versions/A/libLAPACK.dylib
0x0000000039d4d000 	/System/Library/Frameworks/Accelerate.framework/Versions/A/Frameworks/vecLib.framework/Versions/A/libBLAS.dylib
0x0000000039d4d000 	/System/Library/Frameworks/Accelerate.framework/Versions/A/Frameworks/vecLib.framework/Versions/A/libLinearAlgebra.dylib
0x0000000039d4d000 	/System/Library/Frameworks/Accelerate.framework/Versions/A/Frameworks/vecLib.framework/Versions/A/libSparseBLAS.dylib
0x0000000039d4d000 	/System/Library/Frameworks/ApplicationServices.framework/Versions/A/Frameworks/ATS.framework/Versions/A/Resources/libFontParser.dylib
0x0000000039d4d000 	/System/Library/Frameworks/ApplicationServices.framework/Versions/A/Frameworks/ATS.framework/Versions/A/Resources/libFontRegistry.dylib
0x0000000039d4d000 	/System/Library/Frameworks/ImageIO.framework/Versions/A/Resources/libJPEG.dylib
0x0000000039d4d000 	/System/Library/Frameworks/ImageIO.framework/Versions/A/Resources/libTIFF.dylib
0x0000000039d4d000 	/System/Library/Frameworks/ImageIO.framework/Versions/A/Resources/libPng.dylib
0x0000000039d4d000 	/System/Library/Frameworks/ImageIO.framework/Versions/A/Resources/libGIF.dylib
0x0000000039d4d000 	/System/Library/Frameworks/ImageIO.framework/Versions/A/Resources/libJP2.dylib
0x0000000039d4d000 	/System/Library/Frameworks/ImageIO.framework/Versions/A/Resources/libRadiance.dylib
0x0000000039d4d000 	/usr/lib/libcompression.dylib
0x0000000039d4d000 	/System/Library/PrivateFrameworks/AppleJPEG.framework/Versions/A/AppleJPEG
0x0000000039d4d000 	/usr/lib/libcups.2.dylib
0x0000000039d4d000 	/System/Library/Frameworks/Kerberos.framework/Versions/A/Kerberos
0x0000000039d4d000 	/System/Library/Frameworks/GSS.framework/Versions/A/GSS
0x0000000039d4d000 	/usr/lib/libresolv.9.dylib
0x0000000039d4d000 	/usr/lib/libiconv.2.dylib
0x0000000039d4d000 	/System/Library/PrivateFrameworks/Heimdal.framework/Versions/A/Heimdal
0x0000000039d4d000 	/usr/lib/libheimdal-asn1.dylib
0x0000000039d4d000 	/System/Library/Frameworks/OpenDirectory.framework/Versions/A/OpenDirectory
0x0000000039d4d000 	/System/Library/PrivateFrameworks/CommonAuth.framework/Versions/A/CommonAuth
0x0000000039d4d000 	/System/Library/Frameworks/OpenDirectory.framework/Versions/A/Frameworks/CFOpenDirectory.framework/Versions/A/CFOpenDirectory
0x0000000039d4d000 	/System/Library/Frameworks/SecurityFoundation.framework/Versions/A/SecurityFoundation
0x0000000039d4d000 	/System/Library/PrivateFrameworks/LanguageModeling.framework/Versions/A/LanguageModeling
0x0000000039d4d000 	/usr/lib/libmarisa.dylib
0x0000000039d4d000 	/usr/lib/libChineseTokenizer.dylib
0x0000000039d4d000 	/usr/lib/libcmph.dylib
0x0000000039d4d000 	/System/Library/PrivateFrameworks/CoreEmoji.framework/Versions/A/CoreEmoji
0x0000000039d4d000 	/System/Library/Frameworks/ServiceManagement.framework/Versions/A/ServiceManagement
0x0000000039d4d000 	/usr/lib/libxslt.1.dylib
0x0000000039d4d000 	/System/Library/Frameworks/Carbon.framework/Versions/A/Frameworks/Ink.framework/Versions/A/Ink
0x0000000039d4d000 	/System/Library/PrivateFrameworks/TextureIO.framework/Versions/A/TextureIO
0x0000000039d4d000 	/System/Library/Frameworks/Metal.framework/Versions/A/Metal
0x0000000039d4d000 	/usr/lib/libate.dylib
0x0000000039d4d000 	/System/Library/PrivateFrameworks/GPUCompiler.framework/libmetal_timestamp.dylib
0x0000000039d4d000 	/System/Library/Frameworks/OpenGL.framework/Versions/A/Libraries/libCoreFSCache.dylib
0x0000000039d4d000 	/System/Library/PrivateFrameworks/IOAccelerator.framework/Versions/A/IOAccelerator
0x0000000039d4d000 	/System/Library/Frameworks/CoreVideo.framework/Versions/A/CoreVideo
0x0000000039d4d000 	/usr/lib/libFosl_dynamic.dylib
0x0000000039d4d000 	/System/Library/PrivateFrameworks/MetalPerformanceShaders.framework/Versions/A/MetalPerformanceShaders
0x0000000039d4d000 	/System/Library/PrivateFrameworks/FaceCore.framework/Versions/A/FaceCore
0x0000000039d4d000 	/System/Library/Frameworks/OpenCL.framework/Versions/A/OpenCL
0x0000000039d4d000 	/System/Library/Frameworks/OpenGL.framework/Versions/A/Libraries/libGLU.dylib
0x0000000039d4d000 	/System/Library/Frameworks/OpenGL.framework/Versions/A/Libraries/libGFXShared.dylib
0x0000000039d4d000 	/System/Library/Frameworks/OpenGL.framework/Versions/A/Libraries/libGL.dylib
0x0000000039d4d000 	/System/Library/Frameworks/OpenGL.framework/Versions/A/Libraries/libGLImage.dylib
0x0000000039d4d000 	/System/Library/Frameworks/OpenGL.framework/Versions/A/Libraries/libCVMSPluginSupport.dylib
0x0000000039d4d000 	/System/Library/Frameworks/OpenGL.framework/Versions/A/Libraries/libCoreVMClient.dylib
0x0000000039d4d000 	/System/Library/PrivateFrameworks/CrashReporterSupport.framework/Versions/A/CrashReporterSupport
0x0000000039d4d000 	/System/Library/PrivateFrameworks/Sharing.framework/Versions/A/Sharing
0x0000000039d4d000 	/System/Library/PrivateFrameworks/IconServices.framework/Versions/A/IconServices
0x0000000039d4d000 	/System/Library/PrivateFrameworks/ProtocolBuffer.framework/Versions/A/ProtocolBuffer
0x0000000039d4d000 	/System/Library/PrivateFrameworks/Apple80211.framework/Versions/A/Apple80211
0x0000000039d4d000 	/System/Library/Frameworks/CoreWLAN.framework/Versions/A/CoreWLAN
0x0000000039d4d000 	/System/Library/PrivateFrameworks/CoreUtils.framework/Versions/A/CoreUtils
0x0000000039d4d000 	/System/Library/Frameworks/IOBluetooth.framework/Versions/A/IOBluetooth
0x0000000039d4d000 	/System/Library/PrivateFrameworks/CoreWiFi.framework/Versions/A/CoreWiFi
0x0000000039d4d000 	/System/Library/Frameworks/CoreBluetooth.framework/Versions/A/CoreBluetooth
0x0000000039d4d000 	/System/Library/Frameworks/CoreDisplay.framework/Versions/A/CoreDisplay
0x0000000039d4d000 	/System/Library/PrivateFrameworks/IOPresentment.framework/Versions/A/IOPresentment
0x0000000039d4d000 	/System/Library/PrivateFrameworks/DebugSymbols.framework/Versions/A/DebugSymbols
0x0000000039d4d000 	/System/Library/PrivateFrameworks/CoreSymbolication.framework/Versions/A/CoreSymbolication
0x0000000039d4d000 	/System/Library/PrivateFrameworks/Symbolication.framework/Versions/A/Symbolication
0x0000000039d4d000 	/System/Library/PrivateFrameworks/AppleFSCompression.framework/Versions/A/AppleFSCompression
0x0000000039d4d000 	/System/Library/PrivateFrameworks/SpeechRecognitionCore.framework/Versions/A/SpeechRecognitionCore
0x0000000039d4d000 	/System/Library/PrivateFrameworks/ChunkingLibrary.framework/Versions/A/ChunkingLibrary
0x0000000108c8c000 	/System/Library/CoreServices/Encodings/libSimplifiedChineseConverter.dylib
0x0000000109600000 	/Library/Java/JavaVirtualMachines/jdk1.8.0_111.jdk/Contents/Home/jre/lib/server/libjvm.dylib
0x0000000039d4d000 	/usr/lib/libstdc++.6.dylib
0x0000000108cd0000 	/Library/Java/JavaVirtualMachines/jdk1.8.0_111.jdk/Contents/Home/jre/lib/libverify.dylib
0x0000000108cde000 	/Library/Java/JavaVirtualMachines/jdk1.8.0_111.jdk/Contents/Home/jre/lib/libjava.dylib
0x0000000108d1d000 	/Library/Java/JavaVirtualMachines/jdk1.8.0_111.jdk/Contents/Home/jre/lib/libzip.dylib
0x0000000110e39000 	/System/Library/Frameworks/JavaVM.framework/Frameworks/JavaRuntimeSupport.framework/JavaRuntimeSupport
0x0000000110e53000 	/System/Library/Frameworks/JavaVM.framework/Versions/A/Frameworks/JavaNativeFoundation.framework/Versions/A/JavaNativeFoundation
0x0000000108df2000 	/System/Library/Frameworks/JavaVM.framework/Versions/A/JavaVM
0x0000000039d4d000 	/System/Library/Frameworks/Carbon.framework/Versions/A/Carbon
0x0000000110e68000 	/System/Library/PrivateFrameworks/JavaLaunching.framework/Versions/A/JavaLaunching
0x0000000039d4d000 	/System/Library/Frameworks/Carbon.framework/Versions/A/Frameworks/CommonPanels.framework/Versions/A/CommonPanels
0x0000000039d4d000 	/System/Library/Frameworks/Carbon.framework/Versions/A/Frameworks/Help.framework/Versions/A/Help
0x0000000039d4d000 	/System/Library/Frameworks/Carbon.framework/Versions/A/Frameworks/ImageCapture.framework/Versions/A/ImageCapture
0x0000000039d4d000 	/System/Library/Frameworks/Carbon.framework/Versions/A/Frameworks/OpenScripting.framework/Versions/A/OpenScripting
0x0000000039d4d000 	/System/Library/Frameworks/Carbon.framework/Versions/A/Frameworks/Print.framework/Versions/A/Print
0x0000000039d4d000 	/System/Library/Frameworks/Carbon.framework/Versions/A/Frameworks/SecurityHI.framework/Versions/A/SecurityHI
0x00000001128bf000 	/Applications/IntelliJ IDEA CE.app/Contents/bin/libbreakgen64.jnilib
0x00000001128c2000 	/Library/Java/JavaVirtualMachines/jdk1.8.0_111.jdk/Contents/Home/jre/lib/libnet.dylib
0x00000001129dd000 	/Library/Java/JavaVirtualMachines/jdk1.8.0_111.jdk/Contents/Home/jre/lib/libprism_es2.dylib
0x0000000039d4d000 	/System/Library/Frameworks/OpenGL.framework/Versions/A/Resources/GLEngine.bundle/GLEngine
0x0000000039d4d000 	/System/Library/Frameworks/OpenGL.framework/Versions/A/Libraries/libGLProgrammability.dylib
0x0000000121cb7000 	/System/Library/Extensions/AppleIntelBDWGraphicsGLDriver.bundle/Contents/MacOS/AppleIntelBDWGraphicsGLDriver
0x0000000039d4d000 	/System/Library/PrivateFrameworks/GPUSupport.framework/Versions/A/Libraries/libGPUSupportMercury.dylib
0x0000000039d4d000 	/System/Library/Frameworks/OpenGL.framework/Versions/A/Resources/GLRendererFloat.bundle/GLRendererFloat
0x0000000039d4d000 	/System/Library/Frameworks/OpenCL.framework/Versions/A/Libraries/libcldcpuengine.dylib
0x0000000039d4d000 	/usr/lib/libcrypto.0.9.8.dylib
0x0000000039d4d000 	/System/Library/PrivateFrameworks/TrustEvaluationAgent.framework/Versions/A/TrustEvaluationAgent
0x0000000112b75000 	/Library/Java/JavaVirtualMachines/jdk1.8.0_111.jdk/Contents/Home/jre/lib/libglass.dylib
0x0000000039d4d000 	/System/Library/PrivateFrameworks/CoreServicesInternal.framework/Versions/A/CoreServicesInternal
0x0000000039d4d000 	/System/Library/CoreServices/RawCamera.bundle/Contents/MacOS/RawCamera
0x0000000039d4d000 	/System/Library/Frameworks/Accelerate.framework/Versions/A/Frameworks/vImage.framework/Versions/A/Libraries/libCGInterfaces.dylib
0x0000000039d4d000 	/System/Library/PrivateFrameworks/FamilyControls.framework/Versions/A/FamilyControls
0x0000000039d4d000 	/System/Library/PrivateFrameworks/CommerceKit.framework/Versions/A/Frameworks/CommerceCore.framework/Versions/A/CommerceCore
0x0000000039d4d000 	/System/Library/PrivateFrameworks/SystemAdministration.framework/Versions/A/SystemAdministration
0x0000000039d4d000 	/System/Library/PrivateFrameworks/AppContainer.framework/Versions/A/AppContainer
0x0000000039d4d000 	/System/Library/PrivateFrameworks/SecCodeWrapper.framework/Versions/A/SecCodeWrapper
0x0000000039d4d000 	/System/Library/Frameworks/DirectoryService.framework/Versions/A/DirectoryService
0x0000000039d4d000 	/System/Library/PrivateFrameworks/DiskImages.framework/Versions/A/DiskImages
0x0000000039d4d000 	/System/Library/PrivateFrameworks/LoginUIKit.framework/Versions/A/Frameworks/LoginUICore.framework/Versions/A/LoginUICore
0x0000000039d4d000 	/usr/lib/libCoreStorage.dylib
0x0000000039d4d000 	/usr/lib/libcsfde.dylib
0x0000000039d4d000 	/usr/lib/libodfde.dylib
0x0000000039d4d000 	/System/Library/Frameworks/DiscRecording.framework/Versions/A/DiscRecording
0x0000000039d4d000 	/usr/lib/libcurl.4.dylib
0x0000000039d4d000 	/System/Library/PrivateFrameworks/MediaKit.framework/Versions/A/MediaKit
0x0000000039d4d000 	/System/Library/PrivateFrameworks/ProtectedCloudStorage.framework/Versions/A/ProtectedCloudStorage
0x0000000039d4d000 	/System/Library/PrivateFrameworks/EFILogin.framework/Versions/A/EFILogin
0x0000000039d4d000 	/usr/lib/libutil.dylib
0x0000000039d4d000 	/System/Library/Frameworks/LDAP.framework/Versions/A/LDAP
0x0000000039d4d000 	/usr/lib/libsasl2.2.dylib
0x0000000039d4d000 	/System/Library/PrivateFrameworks/CoreDaemon.framework/Versions/B/CoreDaemon
0x0000000039d4d000 	/System/Library/PrivateFrameworks/AppleSRP.framework/Versions/A/AppleSRP
0x0000000039d4d000 	/System/Library/PrivateFrameworks/APFS.framework/Versions/A/APFS
0x0000000112c09000 	/Library/Java/JavaVirtualMachines/jdk1.8.0_111.jdk/Contents/Home/jre/lib/libjavafx_font.dylib
0x00000001264e8000 	/Library/Java/JavaVirtualMachines/jdk1.8.0_111.jdk/Contents/Home/jre/lib/libjfxwebkit.dylib
0x00000001227d3000 	/Library/Java/JavaVirtualMachines/jdk1.8.0_111.jdk/Contents/Home/jre/lib/libnio.dylib
0x0000000039d4d000 	/System/Library/Frameworks/ApplicationServices.framework/Versions/A/Frameworks/ATS.framework/Versions/A/Resources/libTrueTypeScaler.dylib
0x000000012c64e000 	/Library/Java/JavaVirtualMachines/jdk1.8.0_111.jdk/Contents/Home/jre/lib/libprism_common.dylib
0x000000012b319000 	/System/Library/Extensions/AppleIntelBDWGraphicsMTLDriver.bundle/Contents/MacOS/AppleIntelBDWGraphicsMTLDriver
0x0000000039d4d000 	/System/Library/PrivateFrameworks/ViewBridge.framework/Versions/A/ViewBridge
0x0000000039d4d000 	/System/Library/PrivateFrameworks/XPCService.framework/Versions/A/XPCService
0x0000000039d4d000 	/System/Library/PrivateFrameworks/AppSandbox.framework/Versions/A/AppSandbox
0x0000000039d4d000 	/usr/lib/libsandbox.1.dylib
0x0000000039d4d000 	/usr/lib/libMatch.1.dylib
0x000000012be57000 	/Library/Java/JavaVirtualMachines/jdk1.8.0_111.jdk/Contents/Home/jre/lib/libjavafx_iio.dylib

VM Arguments:
jvm_args: -Didea.launcher.port=7540 -Didea.launcher.bin.path=/Applications/IntelliJ IDEA CE.app/Contents/bin -Dfile.encoding=UTF-8 
java_command: com.intellij.rt.execution.application.AppMain sample.Main
java_class_path (initial): /Library/Java/JavaVirtualMachines/jdk1.8.0_111.jdk/Contents/Home/jre/lib/charsets.jar:/Library/Java/JavaVirtualMachines/jdk1.8.0_111.jdk/Contents/Home/jre/lib/deploy.jar:/Library/Java/JavaVirtualMachines/jdk1.8.0_111.jdk/Contents/Home/jre/lib/ext/cldrdata.jar:/Library/Java/JavaVirtualMachines/jdk1.8.0_111.jdk/Contents/Home/jre/lib/ext/dnsns.jar:/Library/Java/JavaVirtualMachines/jdk1.8.0_111.jdk/Contents/Home/jre/lib/ext/jaccess.jar:/Library/Java/JavaVirtualMachines/jdk1.8.0_111.jdk/Contents/Home/jre/lib/ext/jfxrt.jar:/Library/Java/JavaVirtualMachines/jdk1.8.0_111.jdk/Contents/Home/jre/lib/ext/localedata.jar:/Library/Java/JavaVirtualMachines/jdk1.8.0_111.jdk/Contents/Home/jre/lib/ext/nashorn.jar:/Library/Java/JavaVirtualMachines/jdk1.8.0_111.jdk/Contents/Home/jre/lib/ext/sunec.jar:/Library/Java/JavaVirtualMachines/jdk1.8.0_111.jdk/Contents/Home/jre/lib/ext/sunjce_provider.jar:/Library/Java/JavaVirtualMachines/jdk1.8.0_111.jdk/Contents/Home/jre/lib/ext/sunpkcs11.jar:/Library/Java/JavaVirtualMachines/jdk1.8.0_111.jdk/Contents/Home/jre/lib/ext/zipfs.jar:/Library/Java/JavaVirtualMachines/jdk1.8.0_111.jdk/Contents/Home/jre/lib/javaws.jar:/Library/Java/JavaVirtualMachines/jdk1.8.0_111.jdk/Contents/Home/jre/lib/jce.jar:/Library/Java/JavaVirtualMachines/jdk1.8.0_111.jdk/Contents/Home/jre/lib/jfr.jar:/Library/Java/JavaVirtualMachines/jdk1.8.0_111.jdk/Contents/Home/jre/lib/jfxswt.jar:/Library/Java/JavaVirtualMachines/jdk1.8.0_111.jdk/Contents/Home/jre/lib/jsse.jar:/Library/Java/JavaVirtualMachines/jdk1.8.0_111.jdk/Contents/Home/jre/lib/management-agent.jar:/Library/Java/JavaVirtualMachines/jdk1.8.0_111.jdk/Contents/Home/jre/lib/plugin.jar:/Library/Java/JavaVirtualMachines/jdk1.8.0_111.jdk/Contents/Home/jre/lib/resources.jar:/Library/Java/JavaVirtualMachines/jdk1.8.0_111.jdk/Contents/Home/jre/lib/rt.jar:/Library/Java/JavaVirtualMachines/jdk1.8.0_111.jdk/Contents/Home/lib/ant-javafx.jar:/Library/Java/JavaVirtualMachines/jdk1.8.0_111.jdk/Contents/Home
Launcher Type: SUN_STANDARD

Environment Variables:
PATH=/usr/local/bin:/usr/bin:/bin:/usr/sbin:/sbin:/Users/huangzheng/scala/scala-2.12.0/bin
SHELL=/bin/bash

Signal Handlers:
SIGSEGV: [libjvm.dylib+0x5b03ed], sa_mask[0]=11111111011111110111111111111111, sa_flags=SA_ONSTACK|SA_RESTART|SA_SIGINFO
SIGBUS: [libjvm.dylib+0x5b03ed], sa_mask[0]=11111111011111110111111111111111, sa_flags=SA_RESTART|SA_SIGINFO
SIGFPE: [libjvm.dylib+0x48711c], sa_mask[0]=11111111011111110111111111111111, sa_flags=SA_RESTART|SA_SIGINFO
SIGPIPE: [libjvm.dylib+0x48711c], sa_mask[0]=11111111011111110111111111111111, sa_flags=SA_RESTART|SA_SIGINFO
SIGXFSZ: [libjvm.dylib+0x48711c], sa_mask[0]=11111111011111110111111111111111, sa_flags=SA_RESTART|SA_SIGINFO
SIGILL: [libjvm.dylib+0x48711c], sa_mask[0]=11111111011111110111111111111111, sa_flags=SA_RESTART|SA_SIGINFO
SIGUSR1: SIG_DFL, sa_mask[0]=00000000000000000000000000000000, sa_flags=none
SIGUSR2: [libjvm.dylib+0x486c3a], sa_mask[0]=00100000000000000000000000000000, sa_flags=SA_RESTART|SA_SIGINFO
SIGHUP: [libjvm.dylib+0x485211], sa_mask[0]=11111111011111110111111111111111, sa_flags=SA_RESTART|SA_SIGINFO
SIGINT: [libjvm.dylib+0x485211], sa_mask[0]=11111111011111110111111111111111, sa_flags=SA_RESTART|SA_SIGINFO
SIGTERM: [libjvm.dylib+0x485211], sa_mask[0]=11111111011111110111111111111111, sa_flags=SA_RESTART|SA_SIGINFO
SIGQUIT: [libjvm.dylib+0x485211], sa_mask[0]=11111111011111110111111111111111, sa_flags=SA_RESTART|SA_SIGINFO


---------------  S Y S T E M  ---------------

OS:Bsduname:Darwin 16.4.0 Darwin Kernel Version 16.4.0: Thu Dec 22 22:53:21 PST 2016; root:xnu-3789.41.3~3/RELEASE_X86_64 x86_64
rlimit: STACK 8192k, CORE 0k, NPROC 709, NOFILE 10240, AS infinity
load average:2.72 2.64 2.58

CPU:total 4 (2 cores per cpu, 2 threads per core) family 6 model 61 stepping 4, cmov, cx8, fxsr, mmx, sse, sse2, sse3, ssse3, sse4.1, sse4.2, popcnt, avx, avx2, aes, clmul, erms, 3dnowpref, lzcnt, ht, tsc, tscinvbit, bmi1, bmi2, adx

Memory: 4k page, physical 8388608k(109572k free)

/proc/meminfo:


vm_info: Java HotSpot(TM) 64-Bit Server VM (25.111-b14) for bsd-amd64 JRE (1.8.0_111-b14), built on Sep 22 2016 15:31:41 by "java_re" with gcc 4.2.1 (Based on Apple Inc. build 5658) (LLVM build 2336.11.00)

time: Fri Jan 27 19:12:35 2017
elapsed time: 13 seconds (0d 0h 0m 13s)

