#
# A fatal error has been detected by the Java Runtime Environment:
#
#  SIGSEGV (0xb) at pc=0x000000011f697010, pid=1175, tid=0x0000000000000307
#
# JRE version: Java(TM) SE Runtime Environment (8.0_111-b14) (build 1.8.0_111-b14)
# Java VM: Java HotSpot(TM) 64-Bit Server VM (25.111-b14 mixed mode bsd-amd64 compressed oops)
# Problematic frame:
# C  [libjfxwebkit.dylib+0xa6e010]  checkJSPeer(long, int, OpaqueJSValue*&, OpaqueJSContext const*&)+0x90
#
# Failed to write core dump. Core dumps have been disabled. To enable core dumping, try "ulimit -c unlimited" before starting Java again
#
# If you would like to submit a bug report, please visit:
#   http://bugreport.java.com/bugreport/crash.jsp
# The crash happened outside the Java Virtual Machine in native code.
# See problematic frame for where to report the bug.
#

---------------  T H R E A D  ---------------

Current thread (0x00007ffc0da33800):  JavaThread "JavaFX Application Thread" [_thread_in_native, id=775, stack(0x00007fff5dd36000,0x00007fff5e536000)]

siginfo: si_signo: 11 (SIGSEGV), si_code: 1 (SEGV_MAPERR), si_addr: 0x00000000000002d8

Registers:
RAX=0x00007ffc0d167000, RBX=0x00007fff5e52fad0, RCX=0x00007fff5e52f9e0, RDX=0x0000000000000001
RSP=0x00007fff5e52f930, RBP=0x00007fff5e52f980, RSI=0x00007ffc12c3b7b0, RDI=0x00007fff5e52f9d0
R8 =0x00007fff5e52f9d8, R9 =0x00007fff5e52fac8, R10=0x00000001046e39c8, R11=0x0000000101c3e753
R12=0x00007ffc12c3b7b0, R13=0x00007fff5e52f9d8, R14=0x0000000000000001, R15=0x0000000000000000
RIP=0x000000011f697010, EFLAGS=0x0000000000010297, ERR=0x0000000000000004
  TRAPNO=0x000000000000000e

Top of Stack: (sp=0x00007fff5e52f930)
0x00007fff5e52f930:   00007fff00000005 00007fff5e52f9e0
0x00007fff5e52f940:   00007fff5e52f9d0 0000000100000010
0x00007fff5e52f950:   00000001266bad78 00007fff5e52fad0
0x00007fff5e52f960:   00007fff5e52fac8 00000001266bad78
0x00007fff5e52f970:   00007fff5e52fae8 00007ffc0da339f8
0x00007fff5e52f980:   00007fff5e52fa20 000000011f697929
0x00007fff5e52f990:   00000001266bad78 00000001266bad78
0x00007fff5e52f9a0:   00007fff5e52fa10 0000000101a40e07
0x00007fff5e52f9b0:   00007fff5e52f9d0 00007ffc0da33800
0x00007fff5e52f9c0:   00007ffc0da33800 00000001266bad78
0x00007fff5e52f9d0:   00007ffc0da33800 00000001266bad78
0x00007fff5e52f9e0:   00007ffc0da33800 00000001266bad78
0x00007fff5e52f9f0:   00000001266bad78 00000001266bad78
0x00007fff5e52fa00:   0000000000000000 00000001266bad78
0x00007fff5e52fa10:   00007fff5e52fae8 00007ffc0da33800
0x00007fff5e52fa20:   00007fff5e52faa0 00000001046e39f4
0x00007fff5e52fa30:   00007fff5e52fac0 00007fff5e52fae8
0x00007fff5e52fa40:   00007fff5e52faa0 00000001046e3779
0x00007fff5e52fa50:   00000001046ef9a3 00000001046e3742
0x00007fff5e52fa60:   00007fff5e52fa60 00000001266bad78
0x00007fff5e52fa70:   00007fff5e52fae8 00000001266bc158
0x00007fff5e52fa80:   0000000000000000 00000001266bad78
0x00007fff5e52fa90:   0000000000000000 00007fff5e52fac0
0x00007fff5e52faa0:   00007fff5e52fb30 00000001046d4040
0x00007fff5e52fab0:   00000007a60e20d8 00000001046dd53b
0x00007fff5e52fac0:   000000079d817868 000000079d84b528
0x00007fff5e52fad0:   000000079d84b4d0 0000000000000001
0x00007fff5e52fae0:   00007ffc12c3b7b0 00000007a6063db8
0x00007fff5e52faf0:   00007fff5e52faf0 00000001266bacdb
0x00007fff5e52fb00:   00007fff5e52fb50 00000001266bc158
0x00007fff5e52fb10:   0000000000000000 00000001266bacf0
0x00007fff5e52fb20:   00007fff5e52fac0 00007fff5e52fb40 

Instructions: (pc=0x000000011f697010)
0x000000011f696ff0:   89 45 00 48 8b 4d c0 e9 0b 01 00 00 48 89 7d c0
0x000000011f697000:   49 8b 44 24 20 48 8b 40 08 4c 8b b8 c0 01 00 00
0x000000011f697010:   49 8b b7 d8 02 00 00 48 8d 7d c8 4c 89 fa e8 fd
0x000000011f697020:   fe a5 ff 48 8b 5d c8 48 85 db 48 c7 45 c8 00 00 

Register to memory mapping:

RAX=0x00007ffc0d167000 is an unknown value
RBX=0x00007fff5e52fad0 is pointing into the stack for thread: 0x00007ffc0da33800
RCX=0x00007fff5e52f9e0 is pointing into the stack for thread: 0x00007ffc0da33800
RDX=0x0000000000000001 is an unknown value
RSP=0x00007fff5e52f930 is pointing into the stack for thread: 0x00007ffc0da33800
RBP=0x00007fff5e52f980 is pointing into the stack for thread: 0x00007ffc0da33800
RSI=0x00007ffc12c3b7b0 is an unknown value
RDI=0x00007fff5e52f9d0 is pointing into the stack for thread: 0x00007ffc0da33800
R8 =0x00007fff5e52f9d8 is pointing into the stack for thread: 0x00007ffc0da33800
R9 =0x00007fff5e52fac8 is pointing into the stack for thread: 0x00007ffc0da33800
R10=0x00000001046e39c8 is at code_begin+808 in an Interpreter codelet
method entry point (kind = native)  [0x00000001046e36a0, 0x00000001046e3fa0]  2304 bytes
R11=0x0000000101c3e753: throw_unsatisfied_link_error+0 in /Library/Java/JavaVirtualMachines/jdk1.8.0_111.jdk/Contents/Home/jre/lib/server/libjvm.dylib at 0x000000010175b000
R12=0x00007ffc12c3b7b0 is an unknown value
R13=0x00007fff5e52f9d8 is pointing into the stack for thread: 0x00007ffc0da33800
R14=0x0000000000000001 is an unknown value
R15=0x0000000000000000 is an unknown value


Stack: [0x00007fff5dd36000,0x00007fff5e536000],  sp=0x00007fff5e52f930,  free space=8166k
Native frames: (J=compiled Java code, j=interpreted, Vv=VM code, C=native code)
C  [libjfxwebkit.dylib+0xa6e010]  checkJSPeer(long, int, OpaqueJSValue*&, OpaqueJSContext const*&)+0x90
C  [libjfxwebkit.dylib+0xa6e929]  Java_com_sun_webkit_dom_JSObject_callImpl+0x59
j  com.sun.webkit.dom.JSObject.callImpl(JILjava/lang/String;[Ljava/lang/Object;Ljava/security/AccessControlContext;)Ljava/lang/Object;+0
j  com.sun.webkit.dom.JSObject.call(Ljava/lang/String;[Ljava/lang/Object;)Ljava/lang/Object;+19
j  com.sun.webkit.dom.NodeImpl.call(Ljava/lang/String;[Ljava/lang/Object;)Ljava/lang/Object;+3
j  sample.Main.drawRectangle()V+153
j  sample.Main.access$000(Lsample/Main;)V+1
j  sample.Main$8.handle(Ljavafx/event/ActionEvent;)V+105
j  sample.Main$8.handle(Ljavafx/event/Event;)V+5
J 3307 C1 com.sun.javafx.event.CompositeEventHandler.dispatchBubblingEvent(Ljavafx/event/Event;)V (57 bytes) @ 0x0000000104f7f154 [0x0000000104f7ed80+0x3d4]
J 3076 C1 com.sun.javafx.event.EventHandlerManager.dispatchBubblingEvent(Ljavafx/event/Event;)Ljavafx/event/Event; (23 bytes) @ 0x0000000104ef29e4 [0x0000000104ef2340+0x6a4]
J 2988 C1 com.sun.javafx.event.BasicEventDispatcher.dispatchEvent(Ljavafx/event/Event;Ljavafx/event/EventDispatchChain;)Ljavafx/event/Event; (44 bytes) @ 0x0000000104ecd33c [0x0000000104ecd000+0x33c]
J 4349 C2 com.sun.javafx.event.EventDispatchChainImpl.dispatchEvent(Ljavafx/event/Event;)Ljavafx/event/Event; (101 bytes) @ 0x0000000104b48d5c [0x0000000104b48ca0+0xbc]
J 3125 C1 com.sun.javafx.event.EventUtil.fireEvent(Ljavafx/event/EventTarget;Ljavafx/event/Event;)Ljavafx/event/Event; (81 bytes) @ 0x0000000104d3882c [0x0000000104d37c40+0xbec]
J 3124 C1 javafx.event.Event.fireEvent(Ljavafx/event/EventTarget;Ljavafx/event/Event;)V (35 bytes) @ 0x0000000104d393ec [0x0000000104d39320+0xcc]
j  javafx.scene.control.MenuItem.fire()V+10
j  com.sun.javafx.scene.control.skin.ContextMenuContent$MenuItemContainer.doSelect()V+97
j  com.sun.javafx.scene.control.skin.ContextMenuContent$MenuItemContainer.lambda$createChildren$343(Ljavafx/scene/input/MouseEvent;)V+1
j  com.sun.javafx.scene.control.skin.ContextMenuContent$MenuItemContainer$$Lambda$234.handle(Ljavafx/event/Event;)V+8
J 3303 C1 com.sun.javafx.event.CompositeEventHandler$NormalEventHandlerRecord.handleBubblingEvent(Ljavafx/event/Event;)V (11 bytes) @ 0x0000000104f800cc [0x0000000104f7ffc0+0x10c]
J 3307 C1 com.sun.javafx.event.CompositeEventHandler.dispatchBubblingEvent(Ljavafx/event/Event;)V (57 bytes) @ 0x0000000104f7efc4 [0x0000000104f7ed80+0x244]
J 3076 C1 com.sun.javafx.event.EventHandlerManager.dispatchBubblingEvent(Ljavafx/event/Event;)Ljavafx/event/Event; (23 bytes) @ 0x0000000104ef29e4 [0x0000000104ef2340+0x6a4]
J 3075 C1 com.sun.javafx.event.CompositeEventDispatcher.dispatchBubblingEvent(Ljavafx/event/Event;)Ljavafx/event/Event; (35 bytes) @ 0x0000000104ef49dc [0x0000000104ef4820+0x1bc]
J 2988 C1 com.sun.javafx.event.BasicEventDispatcher.dispatchEvent(Ljavafx/event/Event;Ljavafx/event/EventDispatchChain;)Ljavafx/event/Event; (44 bytes) @ 0x0000000104ecd33c [0x0000000104ecd000+0x33c]
J 4349 C2 com.sun.javafx.event.EventDispatchChainImpl.dispatchEvent(Ljavafx/event/Event;)Ljavafx/event/Event; (101 bytes) @ 0x0000000104b48d5c [0x0000000104b48ca0+0xbc]
J 2988 C1 com.sun.javafx.event.BasicEventDispatcher.dispatchEvent(Ljavafx/event/Event;Ljavafx/event/EventDispatchChain;)Ljavafx/event/Event; (44 bytes) @ 0x0000000104ecd254 [0x0000000104ecd000+0x254]
J 4349 C2 com.sun.javafx.event.EventDispatchChainImpl.dispatchEvent(Ljavafx/event/Event;)Ljavafx/event/Event; (101 bytes) @ 0x0000000104b48d5c [0x0000000104b48ca0+0xbc]
J 2988 C1 com.sun.javafx.event.BasicEventDispatcher.dispatchEvent(Ljavafx/event/Event;Ljavafx/event/EventDispatchChain;)Ljavafx/event/Event; (44 bytes) @ 0x0000000104ecd254 [0x0000000104ecd000+0x254]
J 4349 C2 com.sun.javafx.event.EventDispatchChainImpl.dispatchEvent(Ljavafx/event/Event;)Ljavafx/event/Event; (101 bytes) @ 0x0000000104b48d5c [0x0000000104b48ca0+0xbc]
J 2988 C1 com.sun.javafx.event.BasicEventDispatcher.dispatchEvent(Ljavafx/event/Event;Ljavafx/event/EventDispatchChain;)Ljavafx/event/Event; (44 bytes) @ 0x0000000104ecd254 [0x0000000104ecd000+0x254]
J 4349 C2 com.sun.javafx.event.EventDispatchChainImpl.dispatchEvent(Ljavafx/event/Event;)Ljavafx/event/Event; (101 bytes) @ 0x0000000104b48d5c [0x0000000104b48ca0+0xbc]
J 3125 C1 com.sun.javafx.event.EventUtil.fireEvent(Ljavafx/event/EventTarget;Ljavafx/event/Event;)Ljavafx/event/Event; (81 bytes) @ 0x0000000104d3837c [0x0000000104d37c40+0x73c]
J 3315 C1 javafx.scene.Scene$MouseHandler.process(Ljavafx/scene/input/MouseEvent;Z)V (735 bytes) @ 0x0000000104f89c34 [0x0000000104f87160+0x2ad4]
J 3329 C1 javafx.scene.Scene$ScenePeerListener.mouseEvent(Ljavafx/event/EventType;DDDDLjavafx/scene/input/MouseButton;ZZZZZZZZZ)V (50 bytes) @ 0x0000000104f8fd34 [0x0000000104f8fa60+0x2d4]
J 3652 C1 com.sun.javafx.tk.quantum.GlassViewEventHandler$MouseEventNotification.run()Ljava/lang/Void; (567 bytes) @ 0x00000001050a0b1c [0x000000010509fd40+0xddc]
J 3651 C1 com.sun.javafx.tk.quantum.GlassViewEventHandler$MouseEventNotification.run()Ljava/lang/Object; (5 bytes) @ 0x000000010509f8cc [0x000000010509f840+0x8c]
v  ~StubRoutines::call_stub
V  [libjvm.dylib+0x2ecf8a]  JavaCalls::call_helper(JavaValue*, methodHandle*, JavaCallArguments*, Thread*)+0x6ae
V  [libjvm.dylib+0x34d6c8]  JVM_DoPrivileged+0x4b8
J 2033  java.security.AccessController.doPrivileged(Ljava/security/PrivilegedAction;Ljava/security/AccessControlContext;)Ljava/lang/Object; (0 bytes) @ 0x0000000104d23095 [0x0000000104d22fc0+0xd5]
J 3327 C1 com.sun.javafx.tk.quantum.GlassViewEventHandler$$Lambda$197.get()Ljava/lang/Object; (8 bytes) @ 0x0000000104f90ce4 [0x0000000104f90b00+0x1e4]
J 3140 C1 com.sun.javafx.tk.quantum.QuantumToolkit.runWithoutRenderLock(Ljava/util/function/Supplier;)Ljava/lang/Object; (49 bytes) @ 0x0000000104f06ab4 [0x0000000104f06580+0x534]
J 3324 C1 com.sun.javafx.tk.quantum.GlassViewEventHandler.handleMouseEvent(Lcom/sun/glass/ui/View;JIIIIIIIZZ)V (108 bytes) @ 0x0000000104f920a4 [0x0000000104f91c80+0x424]
J 3247 C1 com.sun.glass.ui.View.notifyMouse(IIIIIIIZZ)V (221 bytes) @ 0x0000000104f57e84 [0x0000000104f56e20+0x1064]
v  ~StubRoutines::call_stub
V  [libjvm.dylib+0x2ecf8a]  JavaCalls::call_helper(JavaValue*, methodHandle*, JavaCallArguments*, Thread*)+0x6ae
V  [libjvm.dylib+0x324119]  jni_invoke_nonstatic(JNIEnv_*, JavaValue*, _jobject*, JNICallType, _jmethodID*, JNI_ArgumentPusher*, Thread*)+0x2ec
V  [libjvm.dylib+0x3168e7]  jni_CallVoidMethod+0x16b
C  [libglass.dylib+0x2058c]  -[GlassViewDelegate sendJavaMouseEvent:]+0x86c
C  [AppKit+0x937c92]  -[NSWindow(NSEventRouting) _reallySendEvent:isDelayedEvent:]+0x608
C  [AppKit+0x9372be]  -[NSWindow(NSEventRouting) sendEvent:]+0x21d
C  [libglass.dylib+0x25d94]  -[GlassWindow_Panel sendEvent:]+0x74
C  [AppKit+0x7bfbf5]  -[NSApplication(NSEvent) sendEvent:]+0x479
C  [AppKit+0x3bf81]  -[NSApplication run]+0x3ea
C  [libglass.dylib+0x654c]  -[GlassApplication runLoop:]+0x72c
C  [Foundation+0x7188a]  __NSThreadPerformPerform+0x146
C  [CoreFoundation+0xa7981]  __CFRUNLOOP_IS_CALLING_OUT_TO_A_SOURCE0_PERFORM_FUNCTION__+0x11
C  [CoreFoundation+0x88a7d]  __CFRunLoopDoSources0+0x22d
C  [CoreFoundation+0x87f76]  __CFRunLoopRun+0x3a6
C  [CoreFoundation+0x87974]  CFRunLoopRunSpecific+0x1a4
C  [java+0x6465]  CreateExecutionEnvironment+0x367
C  [java+0x218c]  JLI_Launch+0x7a0
C  [java+0x84c2]  main+0x65
C  [java+0x19e4]  start+0x34
C  0x0000000000000008

Java frames: (J=compiled Java code, j=interpreted, Vv=VM code)
j  com.sun.webkit.dom.JSObject.callImpl(JILjava/lang/String;[Ljava/lang/Object;Ljava/security/AccessControlContext;)Ljava/lang/Object;+0
j  com.sun.webkit.dom.JSObject.call(Ljava/lang/String;[Ljava/lang/Object;)Ljava/lang/Object;+19
j  com.sun.webkit.dom.NodeImpl.call(Ljava/lang/String;[Ljava/lang/Object;)Ljava/lang/Object;+3
j  sample.Main.drawRectangle()V+153
j  sample.Main.access$000(Lsample/Main;)V+1
j  sample.Main$8.handle(Ljavafx/event/ActionEvent;)V+105
j  sample.Main$8.handle(Ljavafx/event/Event;)V+5
J 3307 C1 com.sun.javafx.event.CompositeEventHandler.dispatchBubblingEvent(Ljavafx/event/Event;)V (57 bytes) @ 0x0000000104f7f154 [0x0000000104f7ed80+0x3d4]
J 3076 C1 com.sun.javafx.event.EventHandlerManager.dispatchBubblingEvent(Ljavafx/event/Event;)Ljavafx/event/Event; (23 bytes) @ 0x0000000104ef29e4 [0x0000000104ef2340+0x6a4]
J 2988 C1 com.sun.javafx.event.BasicEventDispatcher.dispatchEvent(Ljavafx/event/Event;Ljavafx/event/EventDispatchChain;)Ljavafx/event/Event; (44 bytes) @ 0x0000000104ecd33c [0x0000000104ecd000+0x33c]
J 4349 C2 com.sun.javafx.event.EventDispatchChainImpl.dispatchEvent(Ljavafx/event/Event;)Ljavafx/event/Event; (101 bytes) @ 0x0000000104b48d5c [0x0000000104b48ca0+0xbc]
J 3125 C1 com.sun.javafx.event.EventUtil.fireEvent(Ljavafx/event/EventTarget;Ljavafx/event/Event;)Ljavafx/event/Event; (81 bytes) @ 0x0000000104d3882c [0x0000000104d37c40+0xbec]
J 3124 C1 javafx.event.Event.fireEvent(Ljavafx/event/EventTarget;Ljavafx/event/Event;)V (35 bytes) @ 0x0000000104d393ec [0x0000000104d39320+0xcc]
j  javafx.scene.control.MenuItem.fire()V+10
j  com.sun.javafx.scene.control.skin.ContextMenuContent$MenuItemContainer.doSelect()V+97
j  com.sun.javafx.scene.control.skin.ContextMenuContent$MenuItemContainer.lambda$createChildren$343(Ljavafx/scene/input/MouseEvent;)V+1
j  com.sun.javafx.scene.control.skin.ContextMenuContent$MenuItemContainer$$Lambda$234.handle(Ljavafx/event/Event;)V+8
J 3303 C1 com.sun.javafx.event.CompositeEventHandler$NormalEventHandlerRecord.handleBubblingEvent(Ljavafx/event/Event;)V (11 bytes) @ 0x0000000104f800cc [0x0000000104f7ffc0+0x10c]
J 3307 C1 com.sun.javafx.event.CompositeEventHandler.dispatchBubblingEvent(Ljavafx/event/Event;)V (57 bytes) @ 0x0000000104f7efc4 [0x0000000104f7ed80+0x244]
J 3076 C1 com.sun.javafx.event.EventHandlerManager.dispatchBubblingEvent(Ljavafx/event/Event;)Ljavafx/event/Event; (23 bytes) @ 0x0000000104ef29e4 [0x0000000104ef2340+0x6a4]
J 3075 C1 com.sun.javafx.event.CompositeEventDispatcher.dispatchBubblingEvent(Ljavafx/event/Event;)Ljavafx/event/Event; (35 bytes) @ 0x0000000104ef49dc [0x0000000104ef4820+0x1bc]
J 2988 C1 com.sun.javafx.event.BasicEventDispatcher.dispatchEvent(Ljavafx/event/Event;Ljavafx/event/EventDispatchChain;)Ljavafx/event/Event; (44 bytes) @ 0x0000000104ecd33c [0x0000000104ecd000+0x33c]
J 4349 C2 com.sun.javafx.event.EventDispatchChainImpl.dispatchEvent(Ljavafx/event/Event;)Ljavafx/event/Event; (101 bytes) @ 0x0000000104b48d5c [0x0000000104b48ca0+0xbc]
J 2988 C1 com.sun.javafx.event.BasicEventDispatcher.dispatchEvent(Ljavafx/event/Event;Ljavafx/event/EventDispatchChain;)Ljavafx/event/Event; (44 bytes) @ 0x0000000104ecd254 [0x0000000104ecd000+0x254]
J 4349 C2 com.sun.javafx.event.EventDispatchChainImpl.dispatchEvent(Ljavafx/event/Event;)Ljavafx/event/Event; (101 bytes) @ 0x0000000104b48d5c [0x0000000104b48ca0+0xbc]
J 2988 C1 com.sun.javafx.event.BasicEventDispatcher.dispatchEvent(Ljavafx/event/Event;Ljavafx/event/EventDispatchChain;)Ljavafx/event/Event; (44 bytes) @ 0x0000000104ecd254 [0x0000000104ecd000+0x254]
J 4349 C2 com.sun.javafx.event.EventDispatchChainImpl.dispatchEvent(Ljavafx/event/Event;)Ljavafx/event/Event; (101 bytes) @ 0x0000000104b48d5c [0x0000000104b48ca0+0xbc]
J 2988 C1 com.sun.javafx.event.BasicEventDispatcher.dispatchEvent(Ljavafx/event/Event;Ljavafx/event/EventDispatchChain;)Ljavafx/event/Event; (44 bytes) @ 0x0000000104ecd254 [0x0000000104ecd000+0x254]
J 4349 C2 com.sun.javafx.event.EventDispatchChainImpl.dispatchEvent(Ljavafx/event/Event;)Ljavafx/event/Event; (101 bytes) @ 0x0000000104b48d5c [0x0000000104b48ca0+0xbc]
J 3125 C1 com.sun.javafx.event.EventUtil.fireEvent(Ljavafx/event/EventTarget;Ljavafx/event/Event;)Ljavafx/event/Event; (81 bytes) @ 0x0000000104d3837c [0x0000000104d37c40+0x73c]
J 3315 C1 javafx.scene.Scene$MouseHandler.process(Ljavafx/scene/input/MouseEvent;Z)V (735 bytes) @ 0x0000000104f89c34 [0x0000000104f87160+0x2ad4]
J 3329 C1 javafx.scene.Scene$ScenePeerListener.mouseEvent(Ljavafx/event/EventType;DDDDLjavafx/scene/input/MouseButton;ZZZZZZZZZ)V (50 bytes) @ 0x0000000104f8fd34 [0x0000000104f8fa60+0x2d4]
J 3652 C1 com.sun.javafx.tk.quantum.GlassViewEventHandler$MouseEventNotification.run()Ljava/lang/Void; (567 bytes) @ 0x00000001050a0b1c [0x000000010509fd40+0xddc]
J 3651 C1 com.sun.javafx.tk.quantum.GlassViewEventHandler$MouseEventNotification.run()Ljava/lang/Object; (5 bytes) @ 0x000000010509f8cc [0x000000010509f840+0x8c]
v  ~StubRoutines::call_stub
J 2033  java.security.AccessController.doPrivileged(Ljava/security/PrivilegedAction;Ljava/security/AccessControlContext;)Ljava/lang/Object; (0 bytes) @ 0x0000000104d23023 [0x0000000104d22fc0+0x63]
J 3327 C1 com.sun.javafx.tk.quantum.GlassViewEventHandler$$Lambda$197.get()Ljava/lang/Object; (8 bytes) @ 0x0000000104f90ce4 [0x0000000104f90b00+0x1e4]
J 3140 C1 com.sun.javafx.tk.quantum.QuantumToolkit.runWithoutRenderLock(Ljava/util/function/Supplier;)Ljava/lang/Object; (49 bytes) @ 0x0000000104f06ab4 [0x0000000104f06580+0x534]
J 3324 C1 com.sun.javafx.tk.quantum.GlassViewEventHandler.handleMouseEvent(Lcom/sun/glass/ui/View;JIIIIIIIZZ)V (108 bytes) @ 0x0000000104f920a4 [0x0000000104f91c80+0x424]
J 3247 C1 com.sun.glass.ui.View.notifyMouse(IIIIIIIZZ)V (221 bytes) @ 0x0000000104f57e84 [0x0000000104f56e20+0x1064]
v  ~StubRoutines::call_stub

---------------  P R O C E S S  ---------------

Java Threads: ( => current thread )
  0x00007ffc0eadd800 JavaThread "URL-Loader-40" daemon [_thread_in_native, id=80903, stack(0x00007000073d7000,0x00007000074d7000)]
  0x00007ffc0eadc800 JavaThread "URL-Loader-39" daemon [_thread_blocked, id=60951, stack(0x00007000072d4000,0x00007000073d4000)]
  0x00007ffc0ee32800 JavaThread "URL-Loader-38" daemon [_thread_blocked, id=5383, stack(0x00007000071d1000,0x00007000072d1000)]
  0x00007ffc116b3000 JavaThread "URL-Loader-37" daemon [_thread_blocked, id=54791, stack(0x00007000070ce000,0x00007000071ce000)]
  0x00007ffc0ecd6000 JavaThread "URL-Loader-36" daemon [_thread_blocked, id=54279, stack(0x0000700006fcb000,0x00007000070cb000)]
  0x00007ffc11697000 JavaThread "URL-Loader-35" daemon [_thread_blocked, id=70919, stack(0x0000700006ec8000,0x0000700006fc8000)]
  0x00007ffc0ddc7000 JavaThread "URL-Loader-34" daemon [_thread_blocked, id=71431, stack(0x0000700006dc5000,0x0000700006ec5000)]
  0x00007ffc0dfea000 JavaThread "URL-Loader-33" daemon [_thread_in_native, id=75619, stack(0x0000700006cc2000,0x0000700006dc2000)]
  0x00007ffc0eb1a800 JavaThread "URL-Loader-32" daemon [_thread_blocked, id=73223, stack(0x0000700006bbf000,0x0000700006cbf000)]
  0x00007ffc0eb17800 JavaThread "URL-Loader-31" daemon [_thread_blocked, id=75271, stack(0x0000700006abc000,0x0000700006bbc000)]
  0x00007ffc0d133000 JavaThread "Thread-7" daemon [_thread_in_native, id=75783, stack(0x0000700006324000,0x00007000063a4000)]
  0x00007ffc0ee1a000 JavaThread "Keep-Alive-Timer" daemon [_thread_blocked, id=79559, stack(0x00007000069b9000,0x0000700006ab9000)]
  0x00007ffc0d24b800 JavaThread "URL-Loader-30" daemon [_thread_blocked, id=76295, stack(0x00007000068b6000,0x00007000069b6000)]
  0x00007ffc110b9000 JavaThread "URL-Loader-29" daemon [_thread_blocked, id=72971, stack(0x00007000067b3000,0x00007000068b3000)]
  0x00007ffc110b8000 JavaThread "URL-Loader-28" daemon [_thread_blocked, id=72455, stack(0x00007000066b0000,0x00007000067b0000)]
  0x00007ffc113f3000 JavaThread "URL-Loader-27" daemon [_thread_blocked, id=74247, stack(0x00007000065ad000,0x00007000066ad000)]
  0x00007ffc0e2fd000 JavaThread "URL-Loader-26" daemon [_thread_blocked, id=76807, stack(0x00007000064aa000,0x00007000065aa000)]
  0x00007ffc0e2fc800 JavaThread "URL-Loader-25" daemon [_thread_blocked, id=77831, stack(0x0000700006221000,0x0000700006321000)]
  0x00007ffc0e2fb800 JavaThread "URL-Loader-24" daemon [_thread_blocked, id=78343, stack(0x000070000611e000,0x000070000621e000)]
  0x00007ffc0eb35000 JavaThread "URL-Loader-23" daemon [_thread_blocked, id=79631, stack(0x000070000601b000,0x000070000611b000)]
  0x00007ffc0e57b000 JavaThread "URL-Loader-22" daemon [_thread_blocked, id=78863, stack(0x0000700005f18000,0x0000700006018000)]
  0x00007ffc0eb34000 JavaThread "pool-3-thread-1" daemon [_thread_blocked, id=80391, stack(0x0000700005e15000,0x0000700005f15000)]
  0x00007ffc0d238800 JavaThread "cluster-ClusterId{value='58bd65a7487b040497df8bb2', description='null'}-localhost:27017" daemon [_thread_blocked, id=77327, stack(0x0000700005d12000,0x0000700005e12000)]
  0x00007ffc0eb36000 JavaThread "URL-Loader-21" daemon [_thread_blocked, id=40491, stack(0x0000700005a09000,0x0000700005b09000)]
  0x00007ffc0e541800 JavaThread "Watchdog-Timer-1" daemon [_thread_blocked, id=73475, stack(0x00007000063a7000,0x00007000064a7000)]
  0x00007ffc0d24d000 JavaThread "Prism Font Disposer" daemon [_thread_blocked, id=57283, stack(0x0000700005b8c000,0x0000700005c8c000)]
  0x00007ffc0dadd800 JavaThread "Disposer" daemon [_thread_blocked, id=53507, stack(0x0000700005883000,0x0000700005983000)]
  0x00007ffc0d1de800 JavaThread "Thread-5" daemon [_thread_in_native, id=38915, stack(0x00007000056fa000,0x000070000577a000)]
=>0x00007ffc0da33800 JavaThread "JavaFX Application Thread" [_thread_in_native, id=775, stack(0x00007fff5dd36000,0x00007fff5e536000)]
  0x00007ffc0da37000 JavaThread "Thread-3" daemon [_thread_blocked, id=26631, stack(0x0000700005574000,0x0000700005674000)]
  0x00007ffc0da22800 JavaThread "QuantumRenderer-0" daemon [_thread_blocked, id=20739, stack(0x00007000053ee000,0x00007000054ee000)]
  0x00007ffc0ea93000 JavaThread "JavaFX-Launcher" [_thread_blocked, id=20227, stack(0x00007000052eb000,0x00007000053eb000)]
  0x00007ffc0e1d2800 JavaThread "pool-2-thread-1" daemon [_thread_blocked, id=4615, stack(0x00007000051e8000,0x00007000052e8000)]
  0x00007ffc0d82f800 JavaThread "cluster-ClusterId{value='58bd6498487b040497df8bb1', description='null'}-localhost:27017" daemon [_thread_blocked, id=4359, stack(0x0000700004132000,0x0000700004232000)]
  0x00007ffc0e882800 JavaThread "Monitor Ctrl-Break" daemon [_thread_in_native, id=19459, stack(0x00007000050e5000,0x00007000051e5000)]
  0x00007ffc0e053000 JavaThread "Service Thread" daemon [_thread_blocked, id=18435, stack(0x0000700004edf000,0x0000700004fdf000)]
  0x00007ffc0e815800 JavaThread "C1 CompilerThread2" daemon [_thread_blocked, id=17923, stack(0x0000700004ddc000,0x0000700004edc000)]
  0x00007ffc0e031800 JavaThread "C2 CompilerThread1" daemon [_thread_blocked, id=17411, stack(0x0000700004cd9000,0x0000700004dd9000)]
  0x00007ffc0e814800 JavaThread "C2 CompilerThread0" daemon [_thread_blocked, id=16899, stack(0x0000700004bd6000,0x0000700004cd6000)]
  0x00007ffc0e824800 JavaThread "Signal Dispatcher" daemon [_thread_blocked, id=16387, stack(0x0000700004ad3000,0x0000700004bd3000)]
  0x00007ffc0e052000 JavaThread "Finalizer" daemon [_thread_blocked, id=12547, stack(0x00007000049d0000,0x0000700004ad0000)]
  0x00007ffc0e001800 JavaThread "Reference Handler" daemon [_thread_blocked, id=12035, stack(0x00007000048cd000,0x00007000049cd000)]
  0x00007ffc0e806000 JavaThread "main" [_thread_blocked, id=7171, stack(0x00007000042bb000,0x00007000043bb000)]

Other Threads:
  0x00007ffc0d809800 VMThread [stack: 0x00007000047ca000,0x00007000048ca000] [id=11523]
  0x00007ffc0d01a800 WatcherThread [stack: 0x0000700004fe2000,0x00007000050e2000] [id=18947]

VM state:not at safepoint (normal execution)

VM Mutex/Monitor currently owned by a thread: None

Heap:
 PSYoungGen      total 265216K, used 142031K [0x0000000795580000, 0x00000007a6680000, 0x00000007c0000000)
  eden space 258560K, 52% used [0x0000000795580000,0x000000079d9bb348,0x00000007a5200000)
  from space 6656K, 99% used [0x00000007a6000000,0x00000007a6678c20,0x00000007a6680000)
  to   space 9728K, 0% used [0x00000007a5380000,0x00000007a5380000,0x00000007a5d00000)
 ParOldGen       total 46592K, used 13134K [0x0000000740000000, 0x0000000742d80000, 0x0000000795580000)
  object space 46592K, 28% used [0x0000000740000000,0x0000000740cd3bb8,0x0000000742d80000)
 Metaspace       used 28323K, capacity 29378K, committed 29696K, reserved 1075200K
  class space    used 3826K, capacity 4036K, committed 4096K, reserved 1048576K

Card table byte_map: [0x00000001033c0000,0x00000001037c1000] byte_map_base: 0x00000000ff9c0000

Marking Bits: (ParMarkBitMap*) 0x000000010204ad20
 Begin Bits: [0x00000001136cc000, 0x00000001156cc000)
 End Bits:   [0x00000001156cc000, 0x00000001176cc000)

Polling page: 0x000000010273f000

CodeCache: size=245760Kb used=12099Kb max_used=12099Kb free=233660Kb
 bounds [0x00000001046cc000, 0x00000001052ac000, 0x00000001136cc000]
 total_blobs=4822 nmethods=4002 adapters=732
 compilation: enabled

Compilation events (10 events):
Event: 285.365 Thread 0x00007ffc0e815800 4554       3       com.sun.javafx.sg.prism.NGNode::getEffectBounds (24 bytes)
Event: 285.366 Thread 0x00007ffc0e815800 nmethod 4554 0x000000010529c790 code [0x000000010529c940, 0x000000010529cdc8]
Event: 285.367 Thread 0x00007ffc0e814800 4555       4       com.sun.prism.impl.BaseResourcePool$WeakLinkedList::getResource (11 bytes)
Event: 285.367 Thread 0x00007ffc0e815800 4557   !   3       java.util.concurrent.LinkedBlockingQueue::take (93 bytes)
Event: 285.369 Thread 0x00007ffc0e814800 nmethod 4555 0x00000001052a7550 code [0x00000001052a76a0, 0x00000001052a7758]
Event: 285.369 Thread 0x00007ffc0e815800 nmethod 4557 0x00000001052a85d0 code [0x00000001052a88c0, 0x00000001052a9f58]
Event: 285.369 Thread 0x00007ffc0e815800 4556       1       com.sun.javafx.tk.quantum.QuantumToolkit::hasNativeSystemVsync (5 bytes)
Event: 285.369 Thread 0x00007ffc0e815800 nmethod 4556 0x00000001052a8310 code [0x00000001052a8460, 0x00000001052a8570]
Event: 285.719 Thread 0x00007ffc0e815800 4558       3       javafx.beans.property.BooleanPropertyBase::<init> (25 bytes)
Event: 285.719 Thread 0x00007ffc0e815800 nmethod 4558 0x00000001052a6ed0 code [0x00000001052a7060, 0x00000001052a7390]

GC Heap History (10 events):
Event: 7.496 GC heap before
{Heap before GC invocations=5 (full 0):
 PSYoungGen      total 71680K, used 71671K [0x0000000795580000, 0x000000079a080000, 0x00000007c0000000)
  eden space 66560K, 99% used [0x0000000795580000,0x000000079967f6d8,0x0000000799680000)
  from space 5120K, 99% used [0x0000000799b80000,0x000000079a07e580,0x000000079a080000)
  to   space 5120K, 0% used [0x0000000799680000,0x0000000799680000,0x0000000799b80000)
 ParOldGen       total 87552K, used 1560K [0x0000000740000000, 0x0000000745580000, 0x0000000795580000)
  object space 87552K, 1% used [0x0000000740000000,0x0000000740186138,0x0000000745580000)
 Metaspace       used 19251K, capacity 19748K, committed 19968K, reserved 1067008K
  class space    used 2603K, capacity 2757K, committed 2816K, reserved 1048576K
Event: 7.503 GC heap after
Heap after GC invocations=5 (full 0):
 PSYoungGen      total 71680K, used 5102K [0x0000000795580000, 0x000000079e380000, 0x00000007c0000000)
  eden space 66560K, 0% used [0x0000000795580000,0x0000000795580000,0x0000000799680000)
  from space 5120K, 99% used [0x0000000799680000,0x0000000799b7b938,0x0000000799b80000)
  to   space 6144K, 0% used [0x000000079dd80000,0x000000079dd80000,0x000000079e380000)
 ParOldGen       total 87552K, used 1616K [0x0000000740000000, 0x0000000745580000, 0x0000000795580000)
  object space 87552K, 1% used [0x0000000740000000,0x0000000740194138,0x0000000745580000)
 Metaspace       used 19251K, capacity 19748K, committed 19968K, reserved 1067008K
  class space    used 2603K, capacity 2757K, committed 2816K, reserved 1048576K
}
Event: 7.523 GC heap before
{Heap before GC invocations=6 (full 0):
 PSYoungGen      total 71680K, used 71596K [0x0000000795580000, 0x000000079e380000, 0x00000007c0000000)
  eden space 66560K, 99% used [0x0000000795580000,0x000000079966f878,0x0000000799680000)
  from space 5120K, 99% used [0x0000000799680000,0x0000000799b7b938,0x0000000799b80000)
  to   space 6144K, 0% used [0x000000079dd80000,0x000000079dd80000,0x000000079e380000)
 ParOldGen       total 87552K, used 1616K [0x0000000740000000, 0x0000000745580000, 0x0000000795580000)
  object space 87552K, 1% used [0x0000000740000000,0x0000000740194138,0x0000000745580000)
 Metaspace       used 19251K, capacity 19748K, committed 19968K, reserved 1067008K
  class space    used 2603K, capacity 2757K, committed 2816K, reserved 1048576K
Event: 7.530 GC heap after
Heap after GC invocations=6 (full 0):
 PSYoungGen      total 139264K, used 5227K [0x0000000795580000, 0x000000079e380000, 0x00000007c0000000)
  eden space 133120K, 0% used [0x0000000795580000,0x0000000795580000,0x000000079d780000)
  from space 6144K, 85% used [0x000000079dd80000,0x000000079e29ae18,0x000000079e380000)
  to   space 6144K, 0% used [0x000000079d780000,0x000000079d780000,0x000000079dd80000)
 ParOldGen       total 87552K, used 1616K [0x0000000740000000, 0x0000000745580000, 0x0000000795580000)
  object space 87552K, 1% used [0x0000000740000000,0x0000000740194138,0x0000000745580000)
 Metaspace       used 19251K, capacity 19748K, committed 19968K, reserved 1067008K
  class space    used 2603K, capacity 2757K, committed 2816K, reserved 1048576K
}
Event: 7.878 GC heap before
{Heap before GC invocations=7 (full 0):
 PSYoungGen      total 139264K, used 65171K [0x0000000795580000, 0x000000079e380000, 0x00000007c0000000)
  eden space 133120K, 45% used [0x0000000795580000,0x000000079900a188,0x000000079d780000)
  from space 6144K, 85% used [0x000000079dd80000,0x000000079e29ae18,0x000000079e380000)
  to   space 6144K, 0% used [0x000000079d780000,0x000000079d780000,0x000000079dd80000)
 ParOldGen       total 87552K, used 1616K [0x0000000740000000, 0x0000000745580000, 0x0000000795580000)
  object space 87552K, 1% used [0x0000000740000000,0x0000000740194138,0x0000000745580000)
 Metaspace       used 20617K, capacity 21064K, committed 21248K, reserved 1067008K
  class space    used 2810K, capacity 2959K, committed 3072K, reserved 1048576K
Event: 7.887 GC heap after
Heap after GC invocations=7 (full 0):
 PSYoungGen      total 139264K, used 2672K [0x0000000795580000, 0x00000007a6680000, 0x00000007c0000000)
  eden space 133120K, 0% used [0x0000000795580000,0x0000000795580000,0x000000079d780000)
  from space 6144K, 43% used [0x000000079d780000,0x000000079da1c048,0x000000079dd80000)
  to   space 6656K, 0% used [0x00000007a6000000,0x00000007a6000000,0x00000007a6680000)
 ParOldGen       total 87552K, used 6522K [0x0000000740000000, 0x0000000745580000, 0x0000000795580000)
  object space 87552K, 7% used [0x0000000740000000,0x000000074065e8b8,0x0000000745580000)
 Metaspace       used 20617K, capacity 21064K, committed 21248K, reserved 1067008K
  class space    used 2810K, capacity 2959K, committed 3072K, reserved 1048576K
}
Event: 7.887 GC heap before
{Heap before GC invocations=8 (full 1):
 PSYoungGen      total 139264K, used 2672K [0x0000000795580000, 0x00000007a6680000, 0x00000007c0000000)
  eden space 133120K, 0% used [0x0000000795580000,0x0000000795580000,0x000000079d780000)
  from space 6144K, 43% used [0x000000079d780000,0x000000079da1c048,0x000000079dd80000)
  to   space 6656K, 0% used [0x00000007a6000000,0x00000007a6000000,0x00000007a6680000)
 ParOldGen       total 87552K, used 6522K [0x0000000740000000, 0x0000000745580000, 0x0000000795580000)
  object space 87552K, 7% used [0x0000000740000000,0x000000074065e8b8,0x0000000745580000)
 Metaspace       used 20617K, capacity 21064K, committed 21248K, reserved 1067008K
  class space    used 2810K, capacity 2959K, committed 3072K, reserved 1048576K
Event: 7.935 GC heap after
Heap after GC invocations=8 (full 1):
 PSYoungGen      total 139264K, used 0K [0x0000000795580000, 0x00000007a6680000, 0x00000007c0000000)
  eden space 133120K, 0% used [0x0000000795580000,0x0000000795580000,0x000000079d780000)
  from space 6144K, 0% used [0x000000079d780000,0x000000079d780000,0x000000079dd80000)
  to   space 6656K, 0% used [0x00000007a6000000,0x00000007a6000000,0x00000007a6680000)
 ParOldGen       total 46592K, used 8025K [0x0000000740000000, 0x0000000742d80000, 0x0000000795580000)
  object space 46592K, 17% used [0x0000000740000000,0x00000007407d6440,0x0000000742d80000)
 Metaspace       used 20617K, capacity 21064K, committed 21248K, reserved 1067008K
  class space    used 2810K, capacity 2959K, committed 3072K, reserved 1048576K
}
Event: 279.427 GC heap before
{Heap before GC invocations=9 (full 1):
 PSYoungGen      total 139264K, used 133120K [0x0000000795580000, 0x00000007a6680000, 0x00000007c0000000)
  eden space 133120K, 100% used [0x0000000795580000,0x000000079d780000,0x000000079d780000)
  from space 6144K, 0% used [0x000000079d780000,0x000000079d780000,0x000000079dd80000)
  to   space 6656K, 0% used [0x00000007a6000000,0x00000007a6000000,0x00000007a6680000)
 ParOldGen       total 46592K, used 8025K [0x0000000740000000, 0x0000000742d80000, 0x0000000795580000)
  object space 46592K, 17% used [0x0000000740000000,0x00000007407d6440,0x0000000742d80000)
 Metaspace       used 26934K, capacity 27940K, committed 28032K, reserved 1073152K
  class space    used 3711K, capacity 3923K, committed 3968K, reserved 1048576K
Event: 279.442 GC heap after
Heap after GC invocations=9 (full 1):
 PSYoungGen      total 265216K, used 6627K [0x0000000795580000, 0x00000007a6680000, 0x00000007c0000000)
  eden space 258560K, 0% used [0x0000000795580000,0x0000000795580000,0x00000007a5200000)
  from space 6656K, 99% used [0x00000007a6000000,0x00000007a6678c20,0x00000007a6680000)
  to   space 9728K, 0% used [0x00000007a5380000,0x00000007a5380000,0x00000007a5d00000)
 ParOldGen       total 46592K, used 13134K [0x0000000740000000, 0x0000000742d80000, 0x0000000795580000)
  object space 46592K, 28% used [0x0000000740000000,0x0000000740cd3bb8,0x0000000742d80000)
 Metaspace       used 26934K, capacity 27940K, committed 28032K, reserved 1073152K
  class space    used 3711K, capacity 3923K, committed 3968K, reserved 1048576K
}

Deoptimization events (10 events):
Event: 279.138 Thread 0x00007ffc0da33800 Uncommon trap: reason=unstable_if action=reinterpret pc=0x0000000104944ba4 method=java.util.concurrent.locks.ReentrantLock$Sync.nonfairTryAcquire(I)Z @ 10
Event: 279.297 Thread 0x00007ffc0da33800 Uncommon trap: reason=unstable_if action=reinterpret pc=0x0000000104c04a8c method=java.util.concurrent.locks.AbstractQueuedSynchronizer$ConditionObject.doSignal(Ljava/util/concurrent/locks/AbstractQueuedSynchronizer$Node;)V @ 9
Event: 279.716 Thread 0x00007ffc0da33800 Uncommon trap: reason=unstable_if action=reinterpret pc=0x00000001049d19fc method=com.sun.javafx.image.impl.ByteBgra$ToByteBgraPreConv.doConvert([BII[BIIII)V @ 80
Event: 279.742 Thread 0x00007ffc0da33800 Uncommon trap: reason=unstable_if action=reinterpret pc=0x0000000104e8b2a0 method=com.sun.javafx.image.impl.BaseByteToByteConverter$FourByteReorderer.doConvert([BII[BIIII)V @ 31
Event: 279.881 Thread 0x00007ffc0da33800 Uncommon trap: reason=unstable_if action=reinterpret pc=0x00000001050de5c8 method=java.net.URL.<init>(Ljava/net/URL;Ljava/lang/String;Ljava/net/URLStreamHandler;)V @ 391
Event: 280.643 Thread 0x00007ffc0e541800 Uncommon trap: reason=unstable_if action=reinterpret pc=0x0000000104f2e338 method=java.util.concurrent.locks.ReentrantLock$Sync.nonfairTryAcquire(I)Z @ 10
Event: 283.959 Thread 0x00007ffc0d24b800 Uncommon trap: reason=unstable_if action=reinterpret pc=0x0000000104de4b78 method=java.io.ByteArrayInputStream.read([BII)I @ 70
Event: 283.974 Thread 0x00007ffc0d24b800 Uncommon trap: reason=unstable_if action=reinterpret pc=0x00000001049c83d4 method=java.lang.String.indexOf([CII[CIII)I @ 27
Event: 283.999 Thread 0x00007ffc0d24b800 Uncommon trap: reason=unstable_if action=reinterpret pc=0x000000010514d3a8 method=java.util.concurrent.locks.ReentrantLock$Sync.tryRelease(I)Z @ 28
Event: 284.000 Thread 0x00007ffc0d24b800 Uncommon trap: reason=unstable_if action=reinterpret pc=0x00000001048e4ca4 method=java.util.concurrent.locks.ReentrantLock$Sync.tryRelease(I)Z @ 28

Internal exceptions (10 events):
Event: 279.315 Thread 0x00007ffc0eadf000 Implicit null exception at 0x000000010491c159 to 0x000000010491c249
Event: 279.315 Thread 0x00007ffc0eadf000 Exception <a 'java/lang/NullPointerException'> (0x000000079d5ba2d8) thrown at [/Users/java_re/workspace/8-2-build-macosx-x86_64/jdk8u111/7883/hotspot/src/share/vm/runtime/sharedRuntime.cpp, line 605]
Event: 279.880 Thread 0x00007ffc0da33800 Exception <a 'java/lang/ClassNotFoundException': sun/net/www/protocol/about/Handler> (0x0000000798002970) thrown at [/Users/java_re/workspace/8-2-build-macosx-x86_64/jdk8u111/7883/hotspot/src/share/vm/classfile/systemDictionary.cpp, line 210]
Event: 279.883 Thread 0x00007ffc0da33800 Exception <a 'java/lang/ClassNotFoundException': sun/net/www/protocol/about/Handler> (0x000000079800c3f8) thrown at [/Users/java_re/workspace/8-2-build-macosx-x86_64/jdk8u111/7883/hotspot/src/share/vm/classfile/systemDictionary.cpp, line 210]
Event: 279.884 Thread 0x00007ffc0da33800 Exception <a 'java/lang/ClassNotFoundException': sun/net/www/protocol/about/Handler> (0x0000000798010e08) thrown at [/Users/java_re/workspace/8-2-build-macosx-x86_64/jdk8u111/7883/hotspot/src/share/vm/classfile/systemDictionary.cpp, line 210]
Event: 279.953 Thread 0x00007ffc0ea76800 Implicit null exception at 0x000000010491c159 to 0x000000010491c249
Event: 279.953 Thread 0x00007ffc0ea76800 Exception <a 'java/lang/NullPointerException'> (0x000000079ac80bc0) thrown at [/Users/java_re/workspace/8-2-build-macosx-x86_64/jdk8u111/7883/hotspot/src/share/vm/runtime/sharedRuntime.cpp, line 605]
Event: 280.785 Thread 0x00007ffc0da33800 Exception <a 'java/io/IOException': Improper call to JPEG library in state 200> (0x000000079b314158) thrown at [/Users/java_re/workspace/8-2-build-macosx-x86_64/jdk8u111/7883/hotspot/src/share/vm/prims/jni.cpp, line 735]
Event: 280.785 Thread 0x00007ffc0da33800 Exception <a 'java/io/IOException': Improper call to JPEG library in state 200> (0x000000079b3178e8) thrown at [/Users/java_re/workspace/8-2-build-macosx-x86_64/jdk8u111/7883/hotspot/src/share/vm/prims/jni.cpp, line 735]
Event: 280.785 Thread 0x00007ffc0da33800 Exception <a 'java/io/IOException': Improper call to JPEG library in state 200> (0x000000079b31f898) thrown at [/Users/java_re/workspace/8-2-build-macosx-x86_64/jdk8u111/7883/hotspot/src/share/vm/prims/jni.cpp, line 735]

Events (10 events):
Event: 284.315 loading class com/sun/media/jfxmediaimpl/platform/osx/OSXPlatform
Event: 284.315 loading class com/sun/media/jfxmediaimpl/platform/osx/OSXPlatform done
Event: 284.315 loading class com/sun/media/jfxmediaimpl/platform/osx/OSXMedia
Event: 284.315 loading class com/sun/media/jfxmediaimpl/platform/osx/OSXMedia done
Event: 284.315 loading class com/sun/media/jfxmediaimpl/platform/osx/OSXPlatform$OSXPlatformInitializer
Event: 284.315 loading class com/sun/media/jfxmediaimpl/platform/osx/OSXPlatform$OSXPlatformInitializer done
Event: 284.372 Thread 0x00007ffc0da33800 DEOPT PACKING pc=0x0000000104e5e789 sp=0x00007fff5e52e080
Event: 284.372 Thread 0x00007ffc0da33800 DEOPT UNPACKING pc=0x0000000104713633 sp=0x00007fff5e52dd98 mode 0
Event: 285.096 Executing VM operation: RevokeBias
Event: 285.096 Executing VM operation: RevokeBias done


Dynamic libraries:
0x00000000123c6000 	/System/Library/Frameworks/Cocoa.framework/Versions/A/Cocoa
0x00000000123c6000 	/System/Library/Frameworks/Security.framework/Versions/A/Security
0x00000000123c6000 	/System/Library/Frameworks/ApplicationServices.framework/Versions/A/ApplicationServices
0x00000000123c6000 	/usr/lib/libz.1.dylib
0x00000000123c6000 	/usr/lib/libSystem.B.dylib
0x00000000123c6000 	/usr/lib/libobjc.A.dylib
0x00000000123c6000 	/System/Library/Frameworks/CoreFoundation.framework/Versions/A/CoreFoundation
0x00000000123c6000 	/System/Library/Frameworks/Foundation.framework/Versions/C/Foundation
0x00000000123c6000 	/System/Library/Frameworks/AppKit.framework/Versions/C/AppKit
0x00000000123c6000 	/System/Library/Frameworks/CoreData.framework/Versions/A/CoreData
0x00000000123c6000 	/System/Library/PrivateFrameworks/RemoteViewServices.framework/Versions/A/RemoteViewServices
0x00000000123c6000 	/System/Library/PrivateFrameworks/UIFoundation.framework/Versions/A/UIFoundation
0x00000000123c6000 	/System/Library/PrivateFrameworks/DFRFoundation.framework/Versions/A/DFRFoundation
0x00000000123c6000 	/usr/lib/libenergytrace.dylib
0x00000000123c6000 	/System/Library/PrivateFrameworks/SkyLight.framework/Versions/A/SkyLight
0x00000000123c6000 	/System/Library/Frameworks/CoreGraphics.framework/Versions/A/CoreGraphics
0x00000000123c6000 	/usr/lib/libScreenReader.dylib
0x00000000123c6000 	/System/Library/Frameworks/Accelerate.framework/Versions/A/Accelerate
0x00000000123c6000 	/System/Library/Frameworks/IOSurface.framework/Versions/A/IOSurface
0x00000000123c6000 	/System/Library/Frameworks/AudioToolbox.framework/Versions/A/AudioToolbox
0x00000000123c6000 	/System/Library/Frameworks/AudioUnit.framework/Versions/A/AudioUnit
0x00000000123c6000 	/System/Library/PrivateFrameworks/DataDetectorsCore.framework/Versions/A/DataDetectorsCore
0x00000000123c6000 	/System/Library/PrivateFrameworks/DesktopServicesPriv.framework/Versions/A/DesktopServicesPriv
0x00000000123c6000 	/System/Library/Frameworks/Carbon.framework/Versions/A/Frameworks/HIToolbox.framework/Versions/A/HIToolbox
0x00000000123c6000 	/usr/lib/libicucore.A.dylib
0x00000000123c6000 	/System/Library/Frameworks/QuartzCore.framework/Versions/A/QuartzCore
0x00000000123c6000 	/System/Library/Frameworks/Carbon.framework/Versions/A/Frameworks/SpeechRecognition.framework/Versions/A/SpeechRecognition
0x00000000123c6000 	/usr/lib/libauto.dylib
0x00000000123c6000 	/usr/lib/libxml2.2.dylib
0x00000000123c6000 	/System/Library/PrivateFrameworks/CoreUI.framework/Versions/A/CoreUI
0x00000000123c6000 	/System/Library/Frameworks/CoreAudio.framework/Versions/A/CoreAudio
0x00000000123c6000 	/System/Library/Frameworks/DiskArbitration.framework/Versions/A/DiskArbitration
0x00000000123c6000 	/usr/lib/liblangid.dylib
0x00000000123c6000 	/System/Library/PrivateFrameworks/MultitouchSupport.framework/Versions/A/MultitouchSupport
0x00000000123c6000 	/System/Library/Frameworks/IOKit.framework/Versions/A/IOKit
0x00000000123c6000 	/usr/lib/libDiagnosticMessagesClient.dylib
0x00000000123c6000 	/System/Library/Frameworks/CoreServices.framework/Versions/A/CoreServices
0x00000000123c6000 	/System/Library/PrivateFrameworks/PerformanceAnalysis.framework/Versions/A/PerformanceAnalysis
0x00000000123c6000 	/System/Library/PrivateFrameworks/GenerationalStorage.framework/Versions/A/GenerationalStorage
0x00000000123c6000 	/System/Library/Frameworks/OpenGL.framework/Versions/A/OpenGL
0x00000000123c6000 	/System/Library/Frameworks/CoreImage.framework/Versions/A/CoreImage
0x00000000123c6000 	/System/Library/Frameworks/CoreText.framework/Versions/A/CoreText
0x00000000123c6000 	/System/Library/Frameworks/ImageIO.framework/Versions/A/ImageIO
0x00000000123c6000 	/System/Library/PrivateFrameworks/Backup.framework/Versions/A/Backup
0x00000000123c6000 	/usr/lib/libarchive.2.dylib
0x00000000123c6000 	/System/Library/Frameworks/CFNetwork.framework/Versions/A/CFNetwork
0x00000000123c6000 	/System/Library/Frameworks/SystemConfiguration.framework/Versions/A/SystemConfiguration
0x00000000123c6000 	/usr/lib/libCRFSuite.dylib
0x00000000123c6000 	/usr/lib/libc++.1.dylib
0x00000000123c6000 	/usr/lib/libc++abi.dylib
0x00000000123c6000 	/usr/lib/system/libcache.dylib
0x00000000123c6000 	/usr/lib/system/libcommonCrypto.dylib
0x00000000123c6000 	/usr/lib/system/libcompiler_rt.dylib
0x00000000123c6000 	/usr/lib/system/libcopyfile.dylib
0x00000000123c6000 	/usr/lib/system/libcorecrypto.dylib
0x00000000123c6000 	/usr/lib/system/libdispatch.dylib
0x00000000123c6000 	/usr/lib/system/libdyld.dylib
0x00000000123c6000 	/usr/lib/system/libkeymgr.dylib
0x00000000123c6000 	/usr/lib/system/liblaunch.dylib
0x00000000123c6000 	/usr/lib/system/libmacho.dylib
0x00000000123c6000 	/usr/lib/system/libquarantine.dylib
0x00000000123c6000 	/usr/lib/system/libremovefile.dylib
0x00000000123c6000 	/usr/lib/system/libsystem_asl.dylib
0x00000000123c6000 	/usr/lib/system/libsystem_blocks.dylib
0x00000000123c6000 	/usr/lib/system/libsystem_c.dylib
0x00000000123c6000 	/usr/lib/system/libsystem_configuration.dylib
0x00000000123c6000 	/usr/lib/system/libsystem_coreservices.dylib
0x00000000123c6000 	/usr/lib/system/libsystem_coretls.dylib
0x00000000123c6000 	/usr/lib/system/libsystem_dnssd.dylib
0x00000000123c6000 	/usr/lib/system/libsystem_info.dylib
0x00000000123c6000 	/usr/lib/system/libsystem_kernel.dylib
0x00000000123c6000 	/usr/lib/system/libsystem_m.dylib
0x00000000123c6000 	/usr/lib/system/libsystem_malloc.dylib
0x00000000123c6000 	/usr/lib/system/libsystem_network.dylib
0x00000000123c6000 	/usr/lib/system/libsystem_networkextension.dylib
0x00000000123c6000 	/usr/lib/system/libsystem_notify.dylib
0x00000000123c6000 	/usr/lib/system/libsystem_platform.dylib
0x00000000123c6000 	/usr/lib/system/libsystem_pthread.dylib
0x00000000123c6000 	/usr/lib/system/libsystem_sandbox.dylib
0x00000000123c6000 	/usr/lib/system/libsystem_secinit.dylib
0x00000000123c6000 	/usr/lib/system/libsystem_symptoms.dylib
0x00000000123c6000 	/usr/lib/system/libsystem_trace.dylib
0x00000000123c6000 	/usr/lib/system/libunwind.dylib
0x00000000123c6000 	/usr/lib/system/libxpc.dylib
0x00000000123c6000 	/usr/lib/libbsm.0.dylib
0x00000000123c6000 	/usr/lib/system/libkxld.dylib
0x00000000123c6000 	/usr/lib/libcoretls.dylib
0x00000000123c6000 	/usr/lib/libcoretls_cfhelpers.dylib
0x00000000123c6000 	/usr/lib/libxar.1.dylib
0x00000000123c6000 	/usr/lib/libsqlite3.dylib
0x00000000123c6000 	/usr/lib/libpam.2.dylib
0x00000000123c6000 	/usr/lib/libOpenScriptingUtil.dylib
0x00000000123c6000 	/usr/lib/libbz2.1.0.dylib
0x00000000123c6000 	/usr/lib/liblzma.5.dylib
0x00000000123c6000 	/usr/lib/libnetwork.dylib
0x00000000123c6000 	/usr/lib/libpcap.A.dylib
0x00000000123c6000 	/System/Library/Frameworks/CoreServices.framework/Versions/A/Frameworks/FSEvents.framework/Versions/A/FSEvents
0x00000000123c6000 	/System/Library/Frameworks/CoreServices.framework/Versions/A/Frameworks/CarbonCore.framework/Versions/A/CarbonCore
0x00000000123c6000 	/System/Library/Frameworks/CoreServices.framework/Versions/A/Frameworks/Metadata.framework/Versions/A/Metadata
0x00000000123c6000 	/System/Library/Frameworks/CoreServices.framework/Versions/A/Frameworks/OSServices.framework/Versions/A/OSServices
0x00000000123c6000 	/System/Library/Frameworks/CoreServices.framework/Versions/A/Frameworks/SearchKit.framework/Versions/A/SearchKit
0x00000000123c6000 	/System/Library/Frameworks/CoreServices.framework/Versions/A/Frameworks/AE.framework/Versions/A/AE
0x00000000123c6000 	/System/Library/Frameworks/CoreServices.framework/Versions/A/Frameworks/LaunchServices.framework/Versions/A/LaunchServices
0x00000000123c6000 	/System/Library/Frameworks/CoreServices.framework/Versions/A/Frameworks/DictionaryServices.framework/Versions/A/DictionaryServices
0x00000000123c6000 	/System/Library/Frameworks/CoreServices.framework/Versions/A/Frameworks/SharedFileList.framework/Versions/A/SharedFileList
0x00000000123c6000 	/System/Library/Frameworks/NetFS.framework/Versions/A/NetFS
0x00000000123c6000 	/System/Library/PrivateFrameworks/NetAuth.framework/Versions/A/NetAuth
0x00000000123c6000 	/System/Library/PrivateFrameworks/login.framework/Versions/A/Frameworks/loginsupport.framework/Versions/A/loginsupport
0x00000000123c6000 	/System/Library/PrivateFrameworks/TCC.framework/Versions/A/TCC
0x00000000123c6000 	/usr/lib/libmecabra.dylib
0x00000000123c6000 	/System/Library/Frameworks/ApplicationServices.framework/Versions/A/Frameworks/ATS.framework/Versions/A/ATS
0x00000000123c6000 	/System/Library/Frameworks/ApplicationServices.framework/Versions/A/Frameworks/ColorSync.framework/Versions/A/ColorSync
0x00000000123c6000 	/System/Library/Frameworks/ApplicationServices.framework/Versions/A/Frameworks/HIServices.framework/Versions/A/HIServices
0x00000000123c6000 	/System/Library/Frameworks/ApplicationServices.framework/Versions/A/Frameworks/LangAnalysis.framework/Versions/A/LangAnalysis
0x00000000123c6000 	/System/Library/Frameworks/ApplicationServices.framework/Versions/A/Frameworks/PrintCore.framework/Versions/A/PrintCore
0x00000000123c6000 	/System/Library/Frameworks/ApplicationServices.framework/Versions/A/Frameworks/QD.framework/Versions/A/QD
0x00000000123c6000 	/System/Library/Frameworks/ApplicationServices.framework/Versions/A/Frameworks/SpeechSynthesis.framework/Versions/A/SpeechSynthesis
0x00000000123c6000 	/System/Library/Frameworks/Accelerate.framework/Versions/A/Frameworks/vImage.framework/Versions/A/vImage
0x00000000123c6000 	/System/Library/Frameworks/Accelerate.framework/Versions/A/Frameworks/vecLib.framework/Versions/A/vecLib
0x00000000123c6000 	/System/Library/Frameworks/Accelerate.framework/Versions/A/Frameworks/vecLib.framework/Versions/A/libvDSP.dylib
0x00000000123c6000 	/System/Library/Frameworks/Accelerate.framework/Versions/A/Frameworks/vecLib.framework/Versions/A/libBNNS.dylib
0x00000000123c6000 	/System/Library/Frameworks/Accelerate.framework/Versions/A/Frameworks/vecLib.framework/Versions/A/libQuadrature.dylib
0x00000000123c6000 	/System/Library/Frameworks/Accelerate.framework/Versions/A/Frameworks/vecLib.framework/Versions/A/libvMisc.dylib
0x00000000123c6000 	/System/Library/Frameworks/Accelerate.framework/Versions/A/Frameworks/vecLib.framework/Versions/A/libLAPACK.dylib
0x00000000123c6000 	/System/Library/Frameworks/Accelerate.framework/Versions/A/Frameworks/vecLib.framework/Versions/A/libBLAS.dylib
0x00000000123c6000 	/System/Library/Frameworks/Accelerate.framework/Versions/A/Frameworks/vecLib.framework/Versions/A/libLinearAlgebra.dylib
0x00000000123c6000 	/System/Library/Frameworks/Accelerate.framework/Versions/A/Frameworks/vecLib.framework/Versions/A/libSparseBLAS.dylib
0x00000000123c6000 	/System/Library/Frameworks/ApplicationServices.framework/Versions/A/Frameworks/ATS.framework/Versions/A/Resources/libFontParser.dylib
0x00000000123c6000 	/System/Library/Frameworks/ApplicationServices.framework/Versions/A/Frameworks/ATS.framework/Versions/A/Resources/libFontRegistry.dylib
0x00000000123c6000 	/System/Library/Frameworks/ImageIO.framework/Versions/A/Resources/libJPEG.dylib
0x00000000123c6000 	/System/Library/Frameworks/ImageIO.framework/Versions/A/Resources/libTIFF.dylib
0x00000000123c6000 	/System/Library/Frameworks/ImageIO.framework/Versions/A/Resources/libPng.dylib
0x00000000123c6000 	/System/Library/Frameworks/ImageIO.framework/Versions/A/Resources/libGIF.dylib
0x00000000123c6000 	/System/Library/Frameworks/ImageIO.framework/Versions/A/Resources/libJP2.dylib
0x00000000123c6000 	/System/Library/Frameworks/ImageIO.framework/Versions/A/Resources/libRadiance.dylib
0x00000000123c6000 	/usr/lib/libcompression.dylib
0x00000000123c6000 	/System/Library/PrivateFrameworks/AppleJPEG.framework/Versions/A/AppleJPEG
0x00000000123c6000 	/usr/lib/libcups.2.dylib
0x00000000123c6000 	/System/Library/Frameworks/Kerberos.framework/Versions/A/Kerberos
0x00000000123c6000 	/System/Library/Frameworks/GSS.framework/Versions/A/GSS
0x00000000123c6000 	/usr/lib/libresolv.9.dylib
0x00000000123c6000 	/usr/lib/libiconv.2.dylib
0x00000000123c6000 	/System/Library/PrivateFrameworks/Heimdal.framework/Versions/A/Heimdal
0x00000000123c6000 	/usr/lib/libheimdal-asn1.dylib
0x00000000123c6000 	/System/Library/Frameworks/OpenDirectory.framework/Versions/A/OpenDirectory
0x00000000123c6000 	/System/Library/PrivateFrameworks/CommonAuth.framework/Versions/A/CommonAuth
0x00000000123c6000 	/System/Library/Frameworks/OpenDirectory.framework/Versions/A/Frameworks/CFOpenDirectory.framework/Versions/A/CFOpenDirectory
0x00000000123c6000 	/System/Library/Frameworks/SecurityFoundation.framework/Versions/A/SecurityFoundation
0x00000000123c6000 	/System/Library/PrivateFrameworks/LanguageModeling.framework/Versions/A/LanguageModeling
0x00000000123c6000 	/usr/lib/libmarisa.dylib
0x00000000123c6000 	/usr/lib/libChineseTokenizer.dylib
0x00000000123c6000 	/usr/lib/libcmph.dylib
0x00000000123c6000 	/System/Library/PrivateFrameworks/CoreEmoji.framework/Versions/A/CoreEmoji
0x00000000123c6000 	/System/Library/Frameworks/ServiceManagement.framework/Versions/A/ServiceManagement
0x00000000123c6000 	/usr/lib/libxslt.1.dylib
0x00000000123c6000 	/System/Library/Frameworks/Carbon.framework/Versions/A/Frameworks/Ink.framework/Versions/A/Ink
0x00000000123c6000 	/System/Library/PrivateFrameworks/TextureIO.framework/Versions/A/TextureIO
0x00000000123c6000 	/System/Library/Frameworks/Metal.framework/Versions/A/Metal
0x00000000123c6000 	/usr/lib/libate.dylib
0x00000000123c6000 	/System/Library/PrivateFrameworks/GPUCompiler.framework/libmetal_timestamp.dylib
0x00000000123c6000 	/System/Library/Frameworks/OpenGL.framework/Versions/A/Libraries/libCoreFSCache.dylib
0x00000000123c6000 	/System/Library/PrivateFrameworks/IOAccelerator.framework/Versions/A/IOAccelerator
0x00000000123c6000 	/System/Library/Frameworks/CoreVideo.framework/Versions/A/CoreVideo
0x00000000123c6000 	/usr/lib/libFosl_dynamic.dylib
0x00000000123c6000 	/System/Library/PrivateFrameworks/MetalPerformanceShaders.framework/Versions/A/MetalPerformanceShaders
0x00000000123c6000 	/System/Library/PrivateFrameworks/FaceCore.framework/Versions/A/FaceCore
0x00000000123c6000 	/System/Library/Frameworks/OpenCL.framework/Versions/A/OpenCL
0x00000000123c6000 	/System/Library/Frameworks/OpenGL.framework/Versions/A/Libraries/libGLU.dylib
0x00000000123c6000 	/System/Library/Frameworks/OpenGL.framework/Versions/A/Libraries/libGFXShared.dylib
0x00000000123c6000 	/System/Library/Frameworks/OpenGL.framework/Versions/A/Libraries/libGL.dylib
0x00000000123c6000 	/System/Library/Frameworks/OpenGL.framework/Versions/A/Libraries/libGLImage.dylib
0x00000000123c6000 	/System/Library/Frameworks/OpenGL.framework/Versions/A/Libraries/libCVMSPluginSupport.dylib
0x00000000123c6000 	/System/Library/Frameworks/OpenGL.framework/Versions/A/Libraries/libCoreVMClient.dylib
0x00000000123c6000 	/System/Library/PrivateFrameworks/CrashReporterSupport.framework/Versions/A/CrashReporterSupport
0x00000000123c6000 	/System/Library/PrivateFrameworks/Sharing.framework/Versions/A/Sharing
0x00000000123c6000 	/System/Library/PrivateFrameworks/IconServices.framework/Versions/A/IconServices
0x00000000123c6000 	/System/Library/PrivateFrameworks/ProtocolBuffer.framework/Versions/A/ProtocolBuffer
0x00000000123c6000 	/System/Library/PrivateFrameworks/Apple80211.framework/Versions/A/Apple80211
0x00000000123c6000 	/System/Library/Frameworks/CoreWLAN.framework/Versions/A/CoreWLAN
0x00000000123c6000 	/System/Library/PrivateFrameworks/CoreUtils.framework/Versions/A/CoreUtils
0x00000000123c6000 	/System/Library/Frameworks/IOBluetooth.framework/Versions/A/IOBluetooth
0x00000000123c6000 	/System/Library/PrivateFrameworks/CoreWiFi.framework/Versions/A/CoreWiFi
0x00000000123c6000 	/System/Library/Frameworks/CoreBluetooth.framework/Versions/A/CoreBluetooth
0x00000000123c6000 	/System/Library/Frameworks/CoreDisplay.framework/Versions/A/CoreDisplay
0x00000000123c6000 	/System/Library/PrivateFrameworks/IOPresentment.framework/Versions/A/IOPresentment
0x00000000123c6000 	/System/Library/PrivateFrameworks/DebugSymbols.framework/Versions/A/DebugSymbols
0x00000000123c6000 	/System/Library/PrivateFrameworks/CoreSymbolication.framework/Versions/A/CoreSymbolication
0x00000000123c6000 	/System/Library/PrivateFrameworks/Symbolication.framework/Versions/A/Symbolication
0x00000000123c6000 	/System/Library/PrivateFrameworks/AppleFSCompression.framework/Versions/A/AppleFSCompression
0x00000000123c6000 	/System/Library/PrivateFrameworks/SpeechRecognitionCore.framework/Versions/A/SpeechRecognitionCore
0x00000000123c6000 	/System/Library/PrivateFrameworks/ChunkingLibrary.framework/Versions/A/ChunkingLibrary
0x0000000101717000 	/System/Library/CoreServices/Encodings/libSimplifiedChineseConverter.dylib
0x000000010175b000 	/Library/Java/JavaVirtualMachines/jdk1.8.0_111.jdk/Contents/Home/jre/lib/server/libjvm.dylib
0x00000000123c6000 	/usr/lib/libstdc++.6.dylib
0x00000001026fc000 	/Library/Java/JavaVirtualMachines/jdk1.8.0_111.jdk/Contents/Home/jre/lib/libverify.dylib
0x000000010270a000 	/Library/Java/JavaVirtualMachines/jdk1.8.0_111.jdk/Contents/Home/jre/lib/libjava.dylib
0x0000000102749000 	/Library/Java/JavaVirtualMachines/jdk1.8.0_111.jdk/Contents/Home/jre/lib/libzip.dylib
0x000000011894c000 	/System/Library/Frameworks/JavaVM.framework/Frameworks/JavaRuntimeSupport.framework/JavaRuntimeSupport
0x0000000118966000 	/System/Library/Frameworks/JavaVM.framework/Versions/A/Frameworks/JavaNativeFoundation.framework/Versions/A/JavaNativeFoundation
0x000000011897b000 	/System/Library/Frameworks/JavaVM.framework/Versions/A/JavaVM
0x00000000123c6000 	/System/Library/Frameworks/Carbon.framework/Versions/A/Carbon
0x0000000118988000 	/System/Library/PrivateFrameworks/JavaLaunching.framework/Versions/A/JavaLaunching
0x00000000123c6000 	/System/Library/Frameworks/Carbon.framework/Versions/A/Frameworks/CommonPanels.framework/Versions/A/CommonPanels
0x00000000123c6000 	/System/Library/Frameworks/Carbon.framework/Versions/A/Frameworks/Help.framework/Versions/A/Help
0x00000000123c6000 	/System/Library/Frameworks/Carbon.framework/Versions/A/Frameworks/ImageCapture.framework/Versions/A/ImageCapture
0x00000000123c6000 	/System/Library/Frameworks/Carbon.framework/Versions/A/Frameworks/OpenScripting.framework/Versions/A/OpenScripting
0x00000000123c6000 	/System/Library/Frameworks/Carbon.framework/Versions/A/Frameworks/Print.framework/Versions/A/Print
0x00000000123c6000 	/System/Library/Frameworks/Carbon.framework/Versions/A/Frameworks/SecurityHI.framework/Versions/A/SecurityHI
0x000000011a3d5000 	/Applications/IntelliJ IDEA CE.app/Contents/bin/libbreakgen64.jnilib
0x000000011a3d8000 	/Library/Java/JavaVirtualMachines/jdk1.8.0_111.jdk/Contents/Home/jre/lib/libnet.dylib
0x000000011a6df000 	/Library/Java/JavaVirtualMachines/jdk1.8.0_111.jdk/Contents/Home/jre/lib/libsunec.dylib
0x000000011a922000 	/Library/Java/JavaVirtualMachines/jdk1.8.0_111.jdk/Contents/Home/jre/lib/libmanagement.dylib
0x000000011ab30000 	/Library/Java/JavaVirtualMachines/jdk1.8.0_111.jdk/Contents/Home/jre/lib/libnio.dylib
0x000000011ad40000 	/Library/Java/JavaVirtualMachines/jdk1.8.0_111.jdk/Contents/Home/jre/lib/libprism_es2.dylib
0x00000000123c6000 	/System/Library/Frameworks/OpenGL.framework/Versions/A/Resources/GLEngine.bundle/GLEngine
0x00000000123c6000 	/System/Library/Frameworks/OpenGL.framework/Versions/A/Libraries/libGLProgrammability.dylib
0x000000011ada6000 	/System/Library/Extensions/AppleIntelBDWGraphicsGLDriver.bundle/Contents/MacOS/AppleIntelBDWGraphicsGLDriver
0x00000000123c6000 	/System/Library/PrivateFrameworks/GPUSupport.framework/Versions/A/Libraries/libGPUSupportMercury.dylib
0x00000000123c6000 	/System/Library/Frameworks/OpenGL.framework/Versions/A/Resources/GLRendererFloat.bundle/GLRendererFloat
0x00000000123c6000 	/System/Library/Frameworks/OpenCL.framework/Versions/A/Libraries/libcldcpuengine.dylib
0x00000000123c6000 	/usr/lib/libcrypto.0.9.8.dylib
0x00000000123c6000 	/System/Library/PrivateFrameworks/TrustEvaluationAgent.framework/Versions/A/TrustEvaluationAgent
0x000000011b8f4000 	/Library/Java/JavaVirtualMachines/jdk1.8.0_111.jdk/Contents/Home/jre/lib/libglass.dylib
0x00000000123c6000 	/System/Library/PrivateFrameworks/CoreServicesInternal.framework/Versions/A/CoreServicesInternal
0x00000000123c6000 	/System/Library/CoreServices/RawCamera.bundle/Contents/MacOS/RawCamera
0x00000000123c6000 	/System/Library/Frameworks/Accelerate.framework/Versions/A/Frameworks/vImage.framework/Versions/A/Libraries/libCGInterfaces.dylib
0x00000000123c6000 	/System/Library/PrivateFrameworks/FamilyControls.framework/Versions/A/FamilyControls
0x00000000123c6000 	/System/Library/PrivateFrameworks/CommerceKit.framework/Versions/A/Frameworks/CommerceCore.framework/Versions/A/CommerceCore
0x00000000123c6000 	/System/Library/PrivateFrameworks/SystemAdministration.framework/Versions/A/SystemAdministration
0x00000000123c6000 	/System/Library/PrivateFrameworks/AppContainer.framework/Versions/A/AppContainer
0x00000000123c6000 	/System/Library/PrivateFrameworks/SecCodeWrapper.framework/Versions/A/SecCodeWrapper
0x00000000123c6000 	/System/Library/Frameworks/DirectoryService.framework/Versions/A/DirectoryService
0x00000000123c6000 	/System/Library/PrivateFrameworks/DiskImages.framework/Versions/A/DiskImages
0x00000000123c6000 	/System/Library/PrivateFrameworks/LoginUIKit.framework/Versions/A/Frameworks/LoginUICore.framework/Versions/A/LoginUICore
0x00000000123c6000 	/usr/lib/libCoreStorage.dylib
0x00000000123c6000 	/usr/lib/libcsfde.dylib
0x00000000123c6000 	/usr/lib/libodfde.dylib
0x00000000123c6000 	/System/Library/Frameworks/DiscRecording.framework/Versions/A/DiscRecording
0x00000000123c6000 	/usr/lib/libcurl.4.dylib
0x00000000123c6000 	/System/Library/PrivateFrameworks/MediaKit.framework/Versions/A/MediaKit
0x00000000123c6000 	/System/Library/PrivateFrameworks/ProtectedCloudStorage.framework/Versions/A/ProtectedCloudStorage
0x00000000123c6000 	/System/Library/PrivateFrameworks/EFILogin.framework/Versions/A/EFILogin
0x00000000123c6000 	/usr/lib/libutil.dylib
0x00000000123c6000 	/System/Library/Frameworks/LDAP.framework/Versions/A/LDAP
0x00000000123c6000 	/usr/lib/libsasl2.2.dylib
0x00000000123c6000 	/System/Library/PrivateFrameworks/CoreDaemon.framework/Versions/B/CoreDaemon
0x00000000123c6000 	/System/Library/PrivateFrameworks/AppleSRP.framework/Versions/A/AppleSRP
0x00000000123c6000 	/System/Library/PrivateFrameworks/APFS.framework/Versions/A/APFS
0x000000011ba6c000 	/Library/Java/JavaVirtualMachines/jdk1.8.0_111.jdk/Contents/Home/jre/lib/libjavafx_font.dylib
0x000000011ec29000 	/Library/Java/JavaVirtualMachines/jdk1.8.0_111.jdk/Contents/Home/jre/lib/libjfxwebkit.dylib
0x00000000123c6000 	/System/Library/Frameworks/ApplicationServices.framework/Versions/A/Frameworks/ATS.framework/Versions/A/Resources/libTrueTypeScaler.dylib
0x0000000125088000 	/Library/Java/JavaVirtualMachines/jdk1.8.0_111.jdk/Contents/Home/jre/lib/libprism_common.dylib
0x00000001238bd000 	/System/Library/Extensions/AppleIntelBDWGraphicsMTLDriver.bundle/Contents/MacOS/AppleIntelBDWGraphicsMTLDriver
0x00000000123c6000 	/System/Library/PrivateFrameworks/ViewBridge.framework/Versions/A/ViewBridge
0x00000000123c6000 	/System/Library/PrivateFrameworks/XPCService.framework/Versions/A/XPCService
0x00000000123c6000 	/System/Library/PrivateFrameworks/AppSandbox.framework/Versions/A/AppSandbox
0x00000000123c6000 	/usr/lib/libsandbox.1.dylib
0x00000000123c6000 	/usr/lib/libMatch.1.dylib
0x0000000124220000 	/Library/Java/JavaVirtualMachines/jdk1.8.0_111.jdk/Contents/Home/jre/lib/libjavafx_iio.dylib
0x0000000129a57000 	/Library/Java/JavaVirtualMachines/jdk1.8.0_111.jdk/Contents/Home/jre/lib/libglib-lite.dylib
0x0000000129b78000 	/Library/Java/JavaVirtualMachines/jdk1.8.0_111.jdk/Contents/Home/jre/lib/libgstreamer-lite.dylib
0x00000001248e0000 	/Library/Java/JavaVirtualMachines/jdk1.8.0_111.jdk/Contents/Home/jre/lib/libjfxmedia.dylib
0x000000012491b000 	/Library/Java/JavaVirtualMachines/jdk1.8.0_111.jdk/Contents/Home/jre/lib/libjfxmedia_avf.dylib
0x00000000123c6000 	/System/Library/Frameworks/AVFoundation.framework/Versions/A/AVFoundation
0x00000000123c6000 	/System/Library/Frameworks/CoreMedia.framework/Versions/A/CoreMedia
0x00000000123c6000 	/System/Library/Frameworks/MediaToolbox.framework/Versions/A/MediaToolbox
0x00000000123c6000 	/System/Library/Frameworks/AVFoundation.framework/Versions/A/Frameworks/AVFAudio.framework/Versions/A/AVFAudio
0x00000000123c6000 	/System/Library/Frameworks/VideoToolbox.framework/Versions/A/VideoToolbox
0x00000000123c6000 	/System/Library/PrivateFrameworks/IntlPreferences.framework/Versions/A/IntlPreferences
0x00000000123c6000 	/System/Library/Frameworks/CoreMediaIO.framework/Versions/A/CoreMediaIO
0x00000000123c6000 	/usr/lib/libspindump.dylib
0x00000000123c6000 	/usr/lib/libdscsym.dylib
0x00000000123c6000 	/System/Library/PrivateFrameworks/CoreAVCHD.framework/Versions/A/CoreAVCHD
0x00000000123c6000 	/System/Library/Frameworks/MediaAccessibility.framework/Versions/A/MediaAccessibility
0x00000000123c6000 	/System/Library/PrivateFrameworks/Mangrove.framework/Versions/A/Mangrove
0x00000000123c6000 	/System/Library/PrivateFrameworks/CoreAUC.framework/Versions/A/CoreAUC
0x00000000123c6000 	/System/Library/PrivateFrameworks/AppleVA.framework/Versions/A/AppleVA
0x0000000124520000 	/Library/Java/JavaVirtualMachines/jdk1.8.0_111.jdk/Contents/Home/jre/lib/libjfxmedia_qtkit.dylib
0x00000000123c6000 	/System/Library/Frameworks/QTKit.framework/Versions/A/QTKit
0x00000000123c6000 	/System/Library/PrivateFrameworks/CoreMediaAuthoring.framework/Versions/A/CoreMediaAuthoring

VM Arguments:
jvm_args: -Didea.launcher.port=7547 -Didea.launcher.bin.path=/Applications/IntelliJ IDEA CE.app/Contents/bin -Dfile.encoding=UTF-8 
java_command: com.intellij.rt.execution.application.AppMain sample.Main
java_class_path (initial): /Library/Java/JavaVirtualMachines/jdk1.8.0_111.jdk/Contents/Home/jre/lib/charsets.jar:/Library/Java/JavaVirtualMachines/jdk1.8.0_111.jdk/Contents/Home/jre/lib/deploy.jar:/Library/Java/JavaVirtualMachines/jdk1.8.0_111.jdk/Contents/Home/jre/lib/ext/cldrdata.jar:/Library/Java/JavaVirtualMachines/jdk1.8.0_111.jdk/Contents/Home/jre/lib/ext/dnsns.jar:/Library/Java/JavaVirtualMachines/jdk1.8.0_111.jdk/Contents/Home/jre/lib/ext/jaccess.jar:/Library/Java/JavaVirtualMachines/jdk1.8.0_111.jdk/Contents/Home/jre/lib/ext/jfxrt.jar:/Library/Java/JavaVirtualMachines/jdk1.8.0_111.jdk/Contents/Home/jre/lib/ext/localedata.jar:/Library/Java/JavaVirtualMachines/jdk1.8.0_111.jdk/Contents/Home/jre/lib/ext/nashorn.jar:/Library/Java/JavaVirtualMachines/jdk1.8.0_111.jdk/Contents/Home/jre/lib/ext/sunec.jar:/Library/Java/JavaVirtualMachines/jdk1.8.0_111.jdk/Contents/Home/jre/lib/ext/sunjce_provider.jar:/Library/Java/JavaVirtualMachines/jdk1.8.0_111.jdk/Contents/Home/jre/lib/ext/sunpkcs11.jar:/Library/Java/JavaVirtualMachines/jdk1.8.0_111.jdk/Contents/Home/jre/lib/ext/zipfs.jar:/Library/Java/JavaVirtualMachines/jdk1.8.0_111.jdk/Contents/Home/jre/lib/javaws.jar:/Library/Java/JavaVirtualMachines/jdk1.8.0_111.jdk/Contents/Home/jre/lib/jce.jar:/Library/Java/JavaVirtualMachines/jdk1.8.0_111.jdk/Contents/Home/jre/lib/jfr.jar:/Library/Java/JavaVirtualMachines/jdk1.8.0_111.jdk/Contents/Home/jre/lib/jfxswt.jar:/Library/Java/JavaVirtualMachines/jdk1.8.0_111.jdk/Contents/Home/jre/lib/jsse.jar:/Library/Java/JavaVirtualMachines/jdk1.8.0_111.jdk/Contents/Home/jre/lib/management-agent.jar:/Library/Java/JavaVirtualMachines/jdk1.8.0_111.jdk/Contents/Home/jre/lib/plugin.jar:/Library/Java/JavaVirtualMachines/jdk1.8.0_111.jdk/Contents/Home/jre/lib/resources.jar:/Library/Java/JavaVirtualMachines/jdk1.8.0_111.jdk/Contents/Home/jre/lib/rt.jar:/Library/Java/JavaVirtualMachines/jdk1.8.0_111.jdk/Contents/Home/lib/ant-javafx.jar:/Library/Java/JavaVirtualMachines/jdk1.8.0_111.jdk/Contents/Home
Launcher Type: SUN_STANDARD

Environment Variables:
PATH=/usr/local/bin:/usr/bin:/bin:/usr/sbin:/sbin:/Users/huangzheng/scala/scala-2.12.0/bin
SHELL=/bin/bash

Signal Handlers:
SIGSEGV: [libjvm.dylib+0x5b03ed], sa_mask[0]=11111111011111110111111111111111, sa_flags=SA_ONSTACK|SA_RESTART|SA_SIGINFO
SIGBUS: [libjvm.dylib+0x5b03ed], sa_mask[0]=11111111011111110111111111111111, sa_flags=SA_RESTART|SA_SIGINFO
SIGFPE: [libjvm.dylib+0x48711c], sa_mask[0]=11111111011111110111111111111111, sa_flags=SA_RESTART|SA_SIGINFO
SIGPIPE: [libjvm.dylib+0x48711c], sa_mask[0]=11111111011111110111111111111111, sa_flags=SA_RESTART|SA_SIGINFO
SIGXFSZ: [libjvm.dylib+0x48711c], sa_mask[0]=11111111011111110111111111111111, sa_flags=SA_RESTART|SA_SIGINFO
SIGILL: [libjvm.dylib+0x48711c], sa_mask[0]=11111111011111110111111111111111, sa_flags=SA_RESTART|SA_SIGINFO
SIGUSR1: SIG_DFL, sa_mask[0]=00000000000000000000000000000000, sa_flags=none
SIGUSR2: [libjvm.dylib+0x486c3a], sa_mask[0]=00100000000000000000000000000000, sa_flags=SA_RESTART|SA_SIGINFO
SIGHUP: [libjvm.dylib+0x485211], sa_mask[0]=11111111011111110111111111111111, sa_flags=SA_RESTART|SA_SIGINFO
SIGINT: [libjvm.dylib+0x485211], sa_mask[0]=11111111011111110111111111111111, sa_flags=SA_RESTART|SA_SIGINFO
SIGTERM: [libjvm.dylib+0x485211], sa_mask[0]=11111111011111110111111111111111, sa_flags=SA_RESTART|SA_SIGINFO
SIGQUIT: [libjvm.dylib+0x485211], sa_mask[0]=11111111011111110111111111111111, sa_flags=SA_RESTART|SA_SIGINFO


---------------  S Y S T E M  ---------------

OS:Bsduname:Darwin 16.4.0 Darwin Kernel Version 16.4.0: Thu Dec 22 22:53:21 PST 2016; root:xnu-3789.41.3~3/RELEASE_X86_64 x86_64
rlimit: STACK 8192k, CORE 0k, NPROC 709, NOFILE 10240, AS infinity
load average:2.21 2.75 2.98

CPU:total 4 (2 cores per cpu, 2 threads per core) family 6 model 61 stepping 4, cmov, cx8, fxsr, mmx, sse, sse2, sse3, ssse3, sse4.1, sse4.2, popcnt, avx, avx2, aes, clmul, erms, 3dnowpref, lzcnt, ht, tsc, tscinvbit, bmi1, bmi2, adx

Memory: 4k page, physical 8388608k(17868k free)

/proc/meminfo:


vm_info: Java HotSpot(TM) 64-Bit Server VM (25.111-b14) for bsd-amd64 JRE (1.8.0_111-b14), built on Sep 22 2016 15:31:41 by "java_re" with gcc 4.2.1 (Based on Apple Inc. build 5658) (LLVM build 2336.11.00)

time: Mon Mar  6 21:35:44 2017
elapsed time: 285 seconds (0d 0h 4m 45s)

