#
# A fatal error has been detected by the Java Runtime Environment:
#
#  SIGSEGV (0xb) at pc=0x0000000120574010, pid=3876, tid=0x0000000000000307
#
# JRE version: Java(TM) SE Runtime Environment (8.0_111-b14) (build 1.8.0_111-b14)
# Java VM: Java HotSpot(TM) 64-Bit Server VM (25.111-b14 mixed mode bsd-amd64 compressed oops)
# Problematic frame:
# C  [libjfxwebkit.dylib+0xa6e010]  checkJSPeer(long, int, OpaqueJSValue*&, OpaqueJSContext const*&)+0x90
#
# Failed to write core dump. Core dumps have been disabled. To enable core dumping, try "ulimit -c unlimited" before starting Java again
#
# If you would like to submit a bug report, please visit:
#   http://bugreport.java.com/bugreport/crash.jsp
# The crash happened outside the Java Virtual Machine in native code.
# See problematic frame for where to report the bug.
#

---------------  T H R E A D  ---------------

Current thread (0x00007fe6641a0800):  JavaThread "JavaFX Application Thread" [_thread_in_native, id=775, stack(0x00007fff5d1da000,0x00007fff5d9da000)]

siginfo: si_signo: 11 (SIGSEGV), si_code: 1 (SEGV_MAPERR), si_addr: 0x00000000000002d8

Registers:
RAX=0x00007fe6681a1000, RBX=0x00007fff5d9d3a98, RCX=0x00007fff5d9d39a0, RDX=0x0000000000000001
RSP=0x00007fff5d9d38f0, RBP=0x00007fff5d9d3940, RSI=0x00007fe663de8bc0, RDI=0x00007fff5d9d3990
R8 =0x00007fff5d9d3998, R9 =0x00007fff5d9d3a90, R10=0x000000010abc19c8, R11=0x000000010279a753
R12=0x00007fe663de8bc0, R13=0x00007fff5d9d3998, R14=0x0000000000000001, R15=0x0000000000000000
RIP=0x0000000120574010, EFLAGS=0x0000000000010297, ERR=0x0000000000000004
  TRAPNO=0x000000000000000e

Top of Stack: (sp=0x00007fff5d9d38f0)
0x00007fff5d9d38f0:   0000000000000000 00007fff5d9d39a0
0x00007fff5d9d3900:   00007fff5d9d3990 0000000000000000
0x00007fff5d9d3910:   0000000000000000 00007fff5d9d3a98
0x00007fff5d9d3920:   00007fff5d9d3a90 000000012716c2e8
0x00007fff5d9d3930:   00007fff5d9d3ab0 00007fe6641a09f8
0x00007fff5d9d3940:   00007fff5d9d39e0 0000000120574929
0x00007fff5d9d3950:   0000000000000000 0000000000000000
0x00007fff5d9d3960:   3ff0000000000000 0000000000000000
0x00007fff5d9d3970:   0000000300000003 0000000797bcc6d8
0x00007fff5d9d3980:   0000000797bcc720 0000000000000000
0x00007fff5d9d3990:   000000074000ebd8 000000010abaa7a7
0x00007fff5d9d39a0:   00007fff5d9d39c0 000000010abaa700
0x00007fff5d9d39b0:   00007fff5d9d3c00 000000012716c2e8
0x00007fff5d9d39c0:   0000000000000000 000000012716c2e8
0x00007fff5d9d39d0:   00007fff5d9d3ab0 00007fe6641a0800
0x00007fff5d9d39e0:   00007fff5d9d3a68 000000010abc19f4
0x00007fff5d9d39f0:   00007fff5d9d3a88 0000000000000000
0x00007fff5d9d3a00:   00007fe663c02f40 00007fe663e15000
0x00007fff5d9d3a10:   00007fe663e15080 00007fe663e153e8
0x00007fff5d9d3a20:   00000000000003d8 00007fff5d9d3a28
0x00007fff5d9d3a30:   0000000000000000 00007fff5d9d3ab0
0x00007fff5d9d3a40:   000000012716d6c8 0000000000000000
0x00007fff5d9d3a50:   000000012716c2e8 0000000000000000
0x00007fff5d9d3a60:   00007fff5d9d3ac0 00007fff5d9d3c00
0x00007fff5d9d3a70:   000000010b38de3c 0000000740f015e8
0x00007fff5d9d3a80:   000000010abbb53b 0000000797b976b0
0x00007fff5d9d3a90:   0000000797bcc6c8 000000079564eae8
0x00007fff5d9d3aa0:   0000000700000001 00007fe663de8bc0
0x00007fff5d9d3ab0:   00007fff5d9d3c00 000000010b38de3c
0x00007fff5d9d3ac0:   0000000000000000 00000007c00117a8
0x00007fff5d9d3ad0:   00007fff5d9d3b20 0000000102369662
0x00007fff5d9d3ae0:   00007fff5d9d3b00 0000000000000001 

Instructions: (pc=0x0000000120574010)
0x0000000120573ff0:   89 45 00 48 8b 4d c0 e9 0b 01 00 00 48 89 7d c0
0x0000000120574000:   49 8b 44 24 20 48 8b 40 08 4c 8b b8 c0 01 00 00
0x0000000120574010:   49 8b b7 d8 02 00 00 48 8d 7d c8 4c 89 fa e8 fd
0x0000000120574020:   fe a5 ff 48 8b 5d c8 48 85 db 48 c7 45 c8 00 00 

Register to memory mapping:

RAX=0x00007fe6681a1000 is an unknown value
RBX=0x00007fff5d9d3a98 is pointing into the stack for thread: 0x00007fe6641a0800
RCX=0x00007fff5d9d39a0 is pointing into the stack for thread: 0x00007fe6641a0800
RDX=0x0000000000000001 is an unknown value
RSP=0x00007fff5d9d38f0 is pointing into the stack for thread: 0x00007fe6641a0800
RBP=0x00007fff5d9d3940 is pointing into the stack for thread: 0x00007fe6641a0800
RSI=0x00007fe663de8bc0 is an unknown value
RDI=0x00007fff5d9d3990 is pointing into the stack for thread: 0x00007fe6641a0800
R8 =0x00007fff5d9d3998 is pointing into the stack for thread: 0x00007fe6641a0800
R9 =0x00007fff5d9d3a90 is pointing into the stack for thread: 0x00007fe6641a0800
R10=0x000000010abc19c8 is at code_begin+808 in an Interpreter codelet
method entry point (kind = native)  [0x000000010abc16a0, 0x000000010abc1fa0]  2304 bytes
R11=0x000000010279a753: throw_unsatisfied_link_error+0 in /Library/Java/JavaVirtualMachines/jdk1.8.0_111.jdk/Contents/Home/jre/lib/server/libjvm.dylib at 0x00000001022b7000
R12=0x00007fe663de8bc0 is an unknown value
R13=0x00007fff5d9d3998 is pointing into the stack for thread: 0x00007fe6641a0800
R14=0x0000000000000001 is an unknown value
R15=0x0000000000000000 is an unknown value


Stack: [0x00007fff5d1da000,0x00007fff5d9da000],  sp=0x00007fff5d9d38f0,  free space=8166k
Native frames: (J=compiled Java code, j=interpreted, Vv=VM code, C=native code)
C  [libjfxwebkit.dylib+0xa6e010]  checkJSPeer(long, int, OpaqueJSValue*&, OpaqueJSContext const*&)+0x90
C  [libjfxwebkit.dylib+0xa6e929]  Java_com_sun_webkit_dom_JSObject_callImpl+0x59
j  com.sun.webkit.dom.JSObject.callImpl(JILjava/lang/String;[Ljava/lang/Object;Ljava/security/AccessControlContext;)Ljava/lang/Object;+0
J 2565 C1 com.sun.webkit.dom.NodeImpl.call(Ljava/lang/String;[Ljava/lang/Object;)Ljava/lang/Object; (7 bytes) @ 0x000000010b38de3c [0x000000010b38d960+0x4dc]
j  sample.Main.drawRectangle()V+153
j  sample.Main.access$000(Lsample/Main;)V+1
j  sample.Main$6.handle(Ljavafx/event/ActionEvent;)V+105
j  sample.Main$6.handle(Ljavafx/event/Event;)V+5
J 2883 C1 com.sun.javafx.event.CompositeEventHandler.dispatchBubblingEvent(Ljavafx/event/Event;)V (57 bytes) @ 0x000000010b4b7194 [0x000000010b4b6dc0+0x3d4]
J 2403 C1 com.sun.javafx.event.EventHandlerManager.dispatchBubblingEvent(Ljavafx/event/Event;)Ljavafx/event/Event; (23 bytes) @ 0x000000010b304ae4 [0x000000010b304440+0x6a4]
J 2053 C1 com.sun.javafx.event.BasicEventDispatcher.dispatchEvent(Ljavafx/event/Event;Ljavafx/event/EventDispatchChain;)Ljavafx/event/Event; (44 bytes) @ 0x000000010b22eebc [0x000000010b22eb80+0x33c]
J 2014 C1 com.sun.javafx.event.EventDispatchChainImpl.dispatchEvent(Ljavafx/event/Event;)Ljavafx/event/Event; (101 bytes) @ 0x000000010b21a994 [0x000000010b21a7e0+0x1b4]
J 2302 C1 com.sun.javafx.event.EventUtil.fireEvent(Ljavafx/event/EventTarget;Ljavafx/event/Event;)Ljavafx/event/Event; (81 bytes) @ 0x000000010b2b926c [0x000000010b2b8680+0xbec]
J 2301 C1 javafx.event.Event.fireEvent(Ljavafx/event/EventTarget;Ljavafx/event/Event;)V (35 bytes) @ 0x000000010b2b802c [0x000000010b2b7f60+0xcc]
j  javafx.scene.control.MenuItem.fire()V+10
j  com.sun.javafx.scene.control.skin.ContextMenuContent$MenuItemContainer.doSelect()V+97
j  com.sun.javafx.scene.control.skin.ContextMenuContent$MenuItemContainer.lambda$createChildren$343(Ljavafx/scene/input/MouseEvent;)V+1
j  com.sun.javafx.scene.control.skin.ContextMenuContent$MenuItemContainer$$Lambda$231.handle(Ljavafx/event/Event;)V+8
J 3201 C1 com.sun.javafx.event.CompositeEventHandler$NormalEventHandlerRecord.handleBubblingEvent(Ljavafx/event/Event;)V (11 bytes) @ 0x000000010b442c4c [0x000000010b442b40+0x10c]
J 2883 C1 com.sun.javafx.event.CompositeEventHandler.dispatchBubblingEvent(Ljavafx/event/Event;)V (57 bytes) @ 0x000000010b4b7004 [0x000000010b4b6dc0+0x244]
J 2403 C1 com.sun.javafx.event.EventHandlerManager.dispatchBubblingEvent(Ljavafx/event/Event;)Ljavafx/event/Event; (23 bytes) @ 0x000000010b304ae4 [0x000000010b304440+0x6a4]
J 2417 C1 com.sun.javafx.event.CompositeEventDispatcher.dispatchBubblingEvent(Ljavafx/event/Event;)Ljavafx/event/Event; (35 bytes) @ 0x000000010b31721c [0x000000010b317060+0x1bc]
J 2053 C1 com.sun.javafx.event.BasicEventDispatcher.dispatchEvent(Ljavafx/event/Event;Ljavafx/event/EventDispatchChain;)Ljavafx/event/Event; (44 bytes) @ 0x000000010b22eebc [0x000000010b22eb80+0x33c]
J 2014 C1 com.sun.javafx.event.EventDispatchChainImpl.dispatchEvent(Ljavafx/event/Event;)Ljavafx/event/Event; (101 bytes) @ 0x000000010b21a994 [0x000000010b21a7e0+0x1b4]
J 2053 C1 com.sun.javafx.event.BasicEventDispatcher.dispatchEvent(Ljavafx/event/Event;Ljavafx/event/EventDispatchChain;)Ljavafx/event/Event; (44 bytes) @ 0x000000010b22edd4 [0x000000010b22eb80+0x254]
J 2014 C1 com.sun.javafx.event.EventDispatchChainImpl.dispatchEvent(Ljavafx/event/Event;)Ljavafx/event/Event; (101 bytes) @ 0x000000010b21a994 [0x000000010b21a7e0+0x1b4]
J 2053 C1 com.sun.javafx.event.BasicEventDispatcher.dispatchEvent(Ljavafx/event/Event;Ljavafx/event/EventDispatchChain;)Ljavafx/event/Event; (44 bytes) @ 0x000000010b22edd4 [0x000000010b22eb80+0x254]
J 2014 C1 com.sun.javafx.event.EventDispatchChainImpl.dispatchEvent(Ljavafx/event/Event;)Ljavafx/event/Event; (101 bytes) @ 0x000000010b21a994 [0x000000010b21a7e0+0x1b4]
J 2053 C1 com.sun.javafx.event.BasicEventDispatcher.dispatchEvent(Ljavafx/event/Event;Ljavafx/event/EventDispatchChain;)Ljavafx/event/Event; (44 bytes) @ 0x000000010b22edd4 [0x000000010b22eb80+0x254]
J 2014 C1 com.sun.javafx.event.EventDispatchChainImpl.dispatchEvent(Ljavafx/event/Event;)Ljavafx/event/Event; (101 bytes) @ 0x000000010b21a994 [0x000000010b21a7e0+0x1b4]
J 2302 C1 com.sun.javafx.event.EventUtil.fireEvent(Ljavafx/event/EventTarget;Ljavafx/event/Event;)Ljavafx/event/Event; (81 bytes) @ 0x000000010b2b8dbc [0x000000010b2b8680+0x73c]
J 2413 C1 javafx.scene.Scene$MouseHandler.process(Ljavafx/scene/input/MouseEvent;Z)V (735 bytes) @ 0x000000010b31273c [0x000000010b30fc20+0x2b1c]
J 2644 C1 javafx.scene.Scene$ScenePeerListener.mouseEvent(Ljavafx/event/EventType;DDDDLjavafx/scene/input/MouseButton;ZZZZZZZZZ)V (50 bytes) @ 0x000000010b3c6834 [0x000000010b3c6560+0x2d4]
J 3221 C1 com.sun.javafx.tk.quantum.GlassViewEventHandler$MouseEventNotification.run()Ljava/lang/Void; (567 bytes) @ 0x000000010b15045c [0x000000010b14f680+0xddc]
J 3220 C1 com.sun.javafx.tk.quantum.GlassViewEventHandler$MouseEventNotification.run()Ljava/lang/Object; (5 bytes) @ 0x000000010b16690c [0x000000010b166880+0x8c]
v  ~StubRoutines::call_stub
V  [libjvm.dylib+0x2ecf8a]  JavaCalls::call_helper(JavaValue*, methodHandle*, JavaCallArguments*, Thread*)+0x6ae
V  [libjvm.dylib+0x34d6c8]  JVM_DoPrivileged+0x4b8
J 1706  java.security.AccessController.doPrivileged(Ljava/security/PrivilegedAction;Ljava/security/AccessControlContext;)Ljava/lang/Object; (0 bytes) @ 0x000000010b170fd5 [0x000000010b170f00+0xd5]
J 2879 C1 com.sun.javafx.tk.quantum.GlassViewEventHandler$$Lambda$196.get()Ljava/lang/Object; (8 bytes) @ 0x000000010b4b8da4 [0x000000010b4b8bc0+0x1e4]
J 2404 C1 com.sun.javafx.tk.quantum.QuantumToolkit.runWithoutRenderLock(Ljava/util/function/Supplier;)Ljava/lang/Object; (49 bytes) @ 0x000000010b305874 [0x000000010b305340+0x534]
J 2876 C1 com.sun.javafx.tk.quantum.GlassViewEventHandler.handleMouseEvent(Lcom/sun/glass/ui/View;JIIIIIIIZZ)V (108 bytes) @ 0x000000010b4ba164 [0x000000010b4b9d40+0x424]
J 2642 C1 com.sun.glass.ui.View.notifyMouse(IIIIIIIZZ)V (221 bytes) @ 0x000000010b3c4e44 [0x000000010b3c3de0+0x1064]
v  ~StubRoutines::call_stub
V  [libjvm.dylib+0x2ecf8a]  JavaCalls::call_helper(JavaValue*, methodHandle*, JavaCallArguments*, Thread*)+0x6ae
V  [libjvm.dylib+0x324119]  jni_invoke_nonstatic(JNIEnv_*, JavaValue*, _jobject*, JNICallType, _jmethodID*, JNI_ArgumentPusher*, Thread*)+0x2ec
V  [libjvm.dylib+0x3168e7]  jni_CallVoidMethod+0x16b
C  [libglass.dylib+0x2058c]  -[GlassViewDelegate sendJavaMouseEvent:]+0x86c
C  [AppKit+0x937c92]  -[NSWindow(NSEventRouting) _reallySendEvent:isDelayedEvent:]+0x608
C  [AppKit+0x9372be]  -[NSWindow(NSEventRouting) sendEvent:]+0x21d
C  [libglass.dylib+0x25d94]  -[GlassWindow_Panel sendEvent:]+0x74
C  [AppKit+0x7bfbf5]  -[NSApplication(NSEvent) sendEvent:]+0x479
C  [AppKit+0x3bf81]  -[NSApplication run]+0x3ea
C  [libglass.dylib+0x654c]  -[GlassApplication runLoop:]+0x72c
C  [Foundation+0x7188a]  __NSThreadPerformPerform+0x146
C  [CoreFoundation+0xa7981]  __CFRUNLOOP_IS_CALLING_OUT_TO_A_SOURCE0_PERFORM_FUNCTION__+0x11
C  [CoreFoundation+0x88a7d]  __CFRunLoopDoSources0+0x22d
C  [CoreFoundation+0x87f76]  __CFRunLoopRun+0x3a6
C  [CoreFoundation+0x87974]  CFRunLoopRunSpecific+0x1a4
C  [java+0x6465]  CreateExecutionEnvironment+0x367
C  [java+0x218c]  JLI_Launch+0x7a0
C  [java+0x84c2]  main+0x65
C  [java+0x19e4]  start+0x34
C  0x0000000000000008

Java frames: (J=compiled Java code, j=interpreted, Vv=VM code)
j  com.sun.webkit.dom.JSObject.callImpl(JILjava/lang/String;[Ljava/lang/Object;Ljava/security/AccessControlContext;)Ljava/lang/Object;+0
J 2565 C1 com.sun.webkit.dom.NodeImpl.call(Ljava/lang/String;[Ljava/lang/Object;)Ljava/lang/Object; (7 bytes) @ 0x000000010b38de3c [0x000000010b38d960+0x4dc]
j  sample.Main.drawRectangle()V+153
j  sample.Main.access$000(Lsample/Main;)V+1
j  sample.Main$6.handle(Ljavafx/event/ActionEvent;)V+105
j  sample.Main$6.handle(Ljavafx/event/Event;)V+5
J 2883 C1 com.sun.javafx.event.CompositeEventHandler.dispatchBubblingEvent(Ljavafx/event/Event;)V (57 bytes) @ 0x000000010b4b7194 [0x000000010b4b6dc0+0x3d4]
J 2403 C1 com.sun.javafx.event.EventHandlerManager.dispatchBubblingEvent(Ljavafx/event/Event;)Ljavafx/event/Event; (23 bytes) @ 0x000000010b304ae4 [0x000000010b304440+0x6a4]
J 2053 C1 com.sun.javafx.event.BasicEventDispatcher.dispatchEvent(Ljavafx/event/Event;Ljavafx/event/EventDispatchChain;)Ljavafx/event/Event; (44 bytes) @ 0x000000010b22eebc [0x000000010b22eb80+0x33c]
J 2014 C1 com.sun.javafx.event.EventDispatchChainImpl.dispatchEvent(Ljavafx/event/Event;)Ljavafx/event/Event; (101 bytes) @ 0x000000010b21a994 [0x000000010b21a7e0+0x1b4]
J 2302 C1 com.sun.javafx.event.EventUtil.fireEvent(Ljavafx/event/EventTarget;Ljavafx/event/Event;)Ljavafx/event/Event; (81 bytes) @ 0x000000010b2b926c [0x000000010b2b8680+0xbec]
J 2301 C1 javafx.event.Event.fireEvent(Ljavafx/event/EventTarget;Ljavafx/event/Event;)V (35 bytes) @ 0x000000010b2b802c [0x000000010b2b7f60+0xcc]
j  javafx.scene.control.MenuItem.fire()V+10
j  com.sun.javafx.scene.control.skin.ContextMenuContent$MenuItemContainer.doSelect()V+97
j  com.sun.javafx.scene.control.skin.ContextMenuContent$MenuItemContainer.lambda$createChildren$343(Ljavafx/scene/input/MouseEvent;)V+1
j  com.sun.javafx.scene.control.skin.ContextMenuContent$MenuItemContainer$$Lambda$231.handle(Ljavafx/event/Event;)V+8
J 3201 C1 com.sun.javafx.event.CompositeEventHandler$NormalEventHandlerRecord.handleBubblingEvent(Ljavafx/event/Event;)V (11 bytes) @ 0x000000010b442c4c [0x000000010b442b40+0x10c]
J 2883 C1 com.sun.javafx.event.CompositeEventHandler.dispatchBubblingEvent(Ljavafx/event/Event;)V (57 bytes) @ 0x000000010b4b7004 [0x000000010b4b6dc0+0x244]
J 2403 C1 com.sun.javafx.event.EventHandlerManager.dispatchBubblingEvent(Ljavafx/event/Event;)Ljavafx/event/Event; (23 bytes) @ 0x000000010b304ae4 [0x000000010b304440+0x6a4]
J 2417 C1 com.sun.javafx.event.CompositeEventDispatcher.dispatchBubblingEvent(Ljavafx/event/Event;)Ljavafx/event/Event; (35 bytes) @ 0x000000010b31721c [0x000000010b317060+0x1bc]
J 2053 C1 com.sun.javafx.event.BasicEventDispatcher.dispatchEvent(Ljavafx/event/Event;Ljavafx/event/EventDispatchChain;)Ljavafx/event/Event; (44 bytes) @ 0x000000010b22eebc [0x000000010b22eb80+0x33c]
J 2014 C1 com.sun.javafx.event.EventDispatchChainImpl.dispatchEvent(Ljavafx/event/Event;)Ljavafx/event/Event; (101 bytes) @ 0x000000010b21a994 [0x000000010b21a7e0+0x1b4]
J 2053 C1 com.sun.javafx.event.BasicEventDispatcher.dispatchEvent(Ljavafx/event/Event;Ljavafx/event/EventDispatchChain;)Ljavafx/event/Event; (44 bytes) @ 0x000000010b22edd4 [0x000000010b22eb80+0x254]
J 2014 C1 com.sun.javafx.event.EventDispatchChainImpl.dispatchEvent(Ljavafx/event/Event;)Ljavafx/event/Event; (101 bytes) @ 0x000000010b21a994 [0x000000010b21a7e0+0x1b4]
J 2053 C1 com.sun.javafx.event.BasicEventDispatcher.dispatchEvent(Ljavafx/event/Event;Ljavafx/event/EventDispatchChain;)Ljavafx/event/Event; (44 bytes) @ 0x000000010b22edd4 [0x000000010b22eb80+0x254]
J 2014 C1 com.sun.javafx.event.EventDispatchChainImpl.dispatchEvent(Ljavafx/event/Event;)Ljavafx/event/Event; (101 bytes) @ 0x000000010b21a994 [0x000000010b21a7e0+0x1b4]
J 2053 C1 com.sun.javafx.event.BasicEventDispatcher.dispatchEvent(Ljavafx/event/Event;Ljavafx/event/EventDispatchChain;)Ljavafx/event/Event; (44 bytes) @ 0x000000010b22edd4 [0x000000010b22eb80+0x254]
J 2014 C1 com.sun.javafx.event.EventDispatchChainImpl.dispatchEvent(Ljavafx/event/Event;)Ljavafx/event/Event; (101 bytes) @ 0x000000010b21a994 [0x000000010b21a7e0+0x1b4]
J 2302 C1 com.sun.javafx.event.EventUtil.fireEvent(Ljavafx/event/EventTarget;Ljavafx/event/Event;)Ljavafx/event/Event; (81 bytes) @ 0x000000010b2b8dbc [0x000000010b2b8680+0x73c]
J 2413 C1 javafx.scene.Scene$MouseHandler.process(Ljavafx/scene/input/MouseEvent;Z)V (735 bytes) @ 0x000000010b31273c [0x000000010b30fc20+0x2b1c]
J 2644 C1 javafx.scene.Scene$ScenePeerListener.mouseEvent(Ljavafx/event/EventType;DDDDLjavafx/scene/input/MouseButton;ZZZZZZZZZ)V (50 bytes) @ 0x000000010b3c6834 [0x000000010b3c6560+0x2d4]
J 3221 C1 com.sun.javafx.tk.quantum.GlassViewEventHandler$MouseEventNotification.run()Ljava/lang/Void; (567 bytes) @ 0x000000010b15045c [0x000000010b14f680+0xddc]
J 3220 C1 com.sun.javafx.tk.quantum.GlassViewEventHandler$MouseEventNotification.run()Ljava/lang/Object; (5 bytes) @ 0x000000010b16690c [0x000000010b166880+0x8c]
v  ~StubRoutines::call_stub
J 1706  java.security.AccessController.doPrivileged(Ljava/security/PrivilegedAction;Ljava/security/AccessControlContext;)Ljava/lang/Object; (0 bytes) @ 0x000000010b170f63 [0x000000010b170f00+0x63]
J 2879 C1 com.sun.javafx.tk.quantum.GlassViewEventHandler$$Lambda$196.get()Ljava/lang/Object; (8 bytes) @ 0x000000010b4b8da4 [0x000000010b4b8bc0+0x1e4]
J 2404 C1 com.sun.javafx.tk.quantum.QuantumToolkit.runWithoutRenderLock(Ljava/util/function/Supplier;)Ljava/lang/Object; (49 bytes) @ 0x000000010b305874 [0x000000010b305340+0x534]
J 2876 C1 com.sun.javafx.tk.quantum.GlassViewEventHandler.handleMouseEvent(Lcom/sun/glass/ui/View;JIIIIIIIZZ)V (108 bytes) @ 0x000000010b4ba164 [0x000000010b4b9d40+0x424]
J 2642 C1 com.sun.glass.ui.View.notifyMouse(IIIIIIIZZ)V (221 bytes) @ 0x000000010b3c4e44 [0x000000010b3c3de0+0x1064]
v  ~StubRoutines::call_stub

---------------  P R O C E S S  ---------------

Java Threads: ( => current thread )
  0x00007fe665ba6800 JavaThread "URL-Loader-20" daemon [_thread_blocked, id=80131, stack(0x000070000df97000,0x000070000e097000)]
  0x00007fe66544d000 JavaThread "URL-Loader-19" daemon [_thread_blocked, id=79619, stack(0x000070000de94000,0x000070000df94000)]
  0x00007fe66544c800 JavaThread "URL-Loader-18" daemon [_thread_blocked, id=79115, stack(0x000070000dd91000,0x000070000de91000)]
  0x00007fe665b69800 JavaThread "URL-Loader-17" daemon [_thread_blocked, id=78595, stack(0x000070000dc8e000,0x000070000dd8e000)]
  0x00007fe668233800 JavaThread "URL-Loader-16" daemon [_thread_blocked, id=78083, stack(0x000070000db8b000,0x000070000dc8b000)]
  0x00007fe664ce7000 JavaThread "URL-Loader-15" daemon [_thread_blocked, id=77571, stack(0x000070000da88000,0x000070000db88000)]
  0x00007fe664cc9000 JavaThread "URL-Loader-14" daemon [_thread_blocked, id=77059, stack(0x000070000d985000,0x000070000da85000)]
  0x00007fe66548e800 JavaThread "URL-Loader-13" daemon [_thread_blocked, id=76547, stack(0x000070000d882000,0x000070000d982000)]
  0x00007fe66545a800 JavaThread "URL-Loader-12" daemon [_thread_blocked, id=75523, stack(0x000070000d67c000,0x000070000d77c000)]
  0x00007fe66823b800 JavaThread "URL-Loader-11" daemon [_thread_blocked, id=74243, stack(0x000070000d476000,0x000070000d576000)]
  0x00007fe66823b000 JavaThread "URL-Loader-10" daemon [_thread_blocked, id=73731, stack(0x000070000d373000,0x000070000d473000)]
  0x00007fe66823a000 JavaThread "URL-Loader-9" daemon [_thread_blocked, id=72723, stack(0x000070000d270000,0x000070000d370000)]
  0x00007fe665c2b000 JavaThread "URL-Loader-8" daemon [_thread_blocked, id=72963, stack(0x000070000d16d000,0x000070000d26d000)]
  0x00007fe664cee000 JavaThread "Watchdog-Timer-1" daemon [_thread_blocked, id=72215, stack(0x000070000d06a000,0x000070000d16a000)]
  0x00007fe665c53000 JavaThread "URL-Loader-7" daemon [_thread_blocked, id=71687, stack(0x000070000cf67000,0x000070000d067000)]
  0x00007fe664ca4800 JavaThread "URL-Loader-6" daemon [_thread_blocked, id=52787, stack(0x000070000ce64000,0x000070000cf64000)]
  0x00007fe665425000 JavaThread "URL-Loader-5" daemon [_thread_blocked, id=70915, stack(0x000070000cd61000,0x000070000ce61000)]
  0x00007fe664c9e800 JavaThread "URL-Loader-4" daemon [_thread_blocked, id=70403, stack(0x000070000cc5e000,0x000070000cd5e000)]
  0x00007fe668227800 JavaThread "URL-Loader-3" daemon [_thread_blocked, id=69891, stack(0x000070000cb5b000,0x000070000cc5b000)]
  0x00007fe664511000 JavaThread "URL-Loader-2" daemon [_thread_blocked, id=69387, stack(0x000070000ca58000,0x000070000cb58000)]
  0x00007fe664479800 JavaThread "Prism Font Disposer" daemon [_thread_blocked, id=57027, stack(0x000070000c7cc000,0x000070000c8cc000)]
  0x00007fe66493a000 JavaThread "Keep-Alive-Timer" daemon [_thread_blocked, id=54275, stack(0x000070000c6c9000,0x000070000c7c9000)]
  0x00007fe66527c800 JavaThread "URL-Loader-1" daemon [_thread_blocked, id=53767, stack(0x000070000c5c6000,0x000070000c6c6000)]
  0x00007fe664252000 JavaThread "Disposer" daemon [_thread_blocked, id=53251, stack(0x000070000c4c3000,0x000070000c5c3000)]
  0x00007fe664203800 JavaThread "Thread-4" daemon [_thread_in_native, id=38659, stack(0x000070000c33a000,0x000070000c3ba000)]
=>0x00007fe6641a0800 JavaThread "JavaFX Application Thread" [_thread_in_native, id=775, stack(0x00007fff5d1da000,0x00007fff5d9da000)]
  0x00007fe6648ba800 JavaThread "Thread-2" daemon [_thread_blocked, id=26119, stack(0x000070000c237000,0x000070000c337000)]
  0x00007fe665813800 JavaThread "QuantumRenderer-0" daemon [_thread_blocked, id=20739, stack(0x000070000c134000,0x000070000c234000)]
  0x00007fe664862000 JavaThread "JavaFX-Launcher" [_thread_blocked, id=20227, stack(0x000070000c031000,0x000070000c131000)]
  0x00007fe665045000 JavaThread "Monitor Ctrl-Break" daemon [_thread_in_native, id=19715, stack(0x000070000bf2e000,0x000070000c02e000)]
  0x00007fe664054800 JavaThread "Service Thread" daemon [_thread_blocked, id=18691, stack(0x000070000bd28000,0x000070000be28000)]
  0x00007fe664818000 JavaThread "C1 CompilerThread2" daemon [_thread_blocked, id=18179, stack(0x000070000bc25000,0x000070000bd25000)]
  0x00007fe665863800 JavaThread "C2 CompilerThread1" daemon [_thread_blocked, id=17667, stack(0x000070000bb22000,0x000070000bc22000)]
  0x00007fe665817800 JavaThread "C2 CompilerThread0" daemon [_thread_blocked, id=17155, stack(0x000070000ba1f000,0x000070000bb1f000)]
  0x00007fe665816800 JavaThread "Signal Dispatcher" daemon [_thread_blocked, id=16643, stack(0x000070000b91c000,0x000070000ba1c000)]
  0x00007fe66403d800 JavaThread "Finalizer" daemon [_thread_blocked, id=12547, stack(0x000070000b819000,0x000070000b919000)]
  0x00007fe664810800 JavaThread "Reference Handler" daemon [_thread_blocked, id=12035, stack(0x000070000b716000,0x000070000b816000)]
  0x00007fe665002000 JavaThread "main" [_thread_blocked, id=3587, stack(0x000070000af7b000,0x000070000b07b000)]

Other Threads:
  0x00007fe665801800 VMThread [stack: 0x000070000b613000,0x000070000b713000] [id=11523]
  0x00007fe665864000 WatcherThread [stack: 0x000070000be2b000,0x000070000bf2b000] [id=19203]

VM state:not at safepoint (normal execution)

VM Mutex/Monitor currently owned by a thread: None

Heap:
 PSYoungGen      total 137728K, used 41001K [0x0000000795580000, 0x00000007a7280000, 0x00000007c0000000)
  eden space 133120K, 30% used [0x0000000795580000,0x0000000797d8a650,0x000000079d780000)
  from space 4608K, 0% used [0x000000079d780000,0x000000079d780000,0x000000079dc00000)
  to   space 12800K, 0% used [0x00000007a6600000,0x00000007a6600000,0x00000007a7280000)
 ParOldGen       total 59392K, used 16597K [0x0000000740000000, 0x0000000743a00000, 0x0000000795580000)
  object space 59392K, 27% used [0x0000000740000000,0x00000007410356f0,0x0000000743a00000)
 Metaspace       used 21755K, capacity 22701K, committed 22784K, reserved 1069056K
  class space    used 3068K, capacity 3276K, committed 3328K, reserved 1048576K

Card table byte_map: [0x0000000103fc0000,0x00000001043c1000] byte_map_base: 0x00000001005c0000

Marking Bits: (ParMarkBitMap*) 0x0000000102ba6d20
 Begin Bits: [0x000000010466c000, 0x000000010666c000)
 End Bits:   [0x000000010666c000, 0x000000010866c000)

Polling page: 0x000000010329b000

CodeCache: size=245760Kb used=9164Kb max_used=9920Kb free=236595Kb
 bounds [0x000000010abaa000, 0x000000010b56a000, 0x0000000119baa000]
 total_blobs=3681 nmethods=2944 adapters=649
 compilation: enabled

Compilation events (10 events):
Event: 13.398 Thread 0x00007fe664818000 3305       3       javafx.scene.Parent::minWidth (89 bytes)
Event: 13.398 Thread 0x00007fe664818000 nmethod 3305 0x000000010b10f790 code [0x000000010b10f960, 0x000000010b110038]
Event: 13.429 Thread 0x00007fe664818000 3306       3       javafx.scene.layout.Region::getPrefWidth (22 bytes)
Event: 13.430 Thread 0x00007fe664818000 nmethod 3306 0x000000010ad373d0 code [0x000000010ad37560, 0x000000010ad37928]
Event: 13.596 Thread 0x00007fe664818000 3307       3       javafx.scene.Parent::prefWidth (89 bytes)
Event: 13.597 Thread 0x00007fe664818000 nmethod 3307 0x000000010ad295d0 code [0x000000010ad297a0, 0x000000010ad29e78]
Event: 13.623 Thread 0x00007fe664818000 3308       3       java.util.AbstractList$Itr::<init> (6 bytes)
Event: 13.623 Thread 0x00007fe664818000 nmethod 3308 0x000000010afc1310 code [0x000000010afc1480, 0x000000010afc16d0]
Event: 13.623 Thread 0x00007fe664818000 3309       3       java.util.AbstractList$Itr::<init> (31 bytes)
Event: 13.624 Thread 0x00007fe664818000 nmethod 3309 0x000000010acc10d0 code [0x000000010acc1240, 0x000000010acc1430]

GC Heap History (10 events):
Event: 1.791 GC heap before
{Heap before GC invocations=4 (full 0):
 PSYoungGen      total 38400K, used 37158K [0x0000000795580000, 0x000000079a080000, 0x00000007c0000000)
  eden space 33280K, 99% used [0x0000000795580000,0x00000007975fefa0,0x0000000797600000)
  from space 5120K, 75% used [0x0000000797600000,0x00000007979ca890,0x0000000797b00000)
  to   space 5120K, 0% used [0x0000000799b80000,0x0000000799b80000,0x000000079a080000)
 ParOldGen       total 87552K, used 32K [0x0000000740000000, 0x0000000745580000, 0x0000000795580000)
  object space 87552K, 0% used [0x0000000740000000,0x0000000740008000,0x0000000745580000)
 Metaspace       used 14281K, capacity 14768K, committed 14976K, reserved 1062912K
  class space    used 1971K, capacity 2111K, committed 2176K, reserved 1048576K
Event: 1.806 GC heap after
Heap after GC invocations=4 (full 0):
 PSYoungGen      total 71680K, used 3969K [0x0000000795580000, 0x000000079a080000, 0x00000007c0000000)
  eden space 66560K, 0% used [0x0000000795580000,0x0000000795580000,0x0000000799680000)
  from space 5120K, 77% used [0x0000000799b80000,0x0000000799f604e0,0x000000079a080000)
  to   space 5120K, 0% used [0x0000000799680000,0x0000000799680000,0x0000000799b80000)
 ParOldGen       total 87552K, used 40K [0x0000000740000000, 0x0000000745580000, 0x0000000795580000)
  object space 87552K, 0% used [0x0000000740000000,0x000000074000a000,0x0000000745580000)
 Metaspace       used 14281K, capacity 14768K, committed 14976K, reserved 1062912K
  class space    used 1971K, capacity 2111K, committed 2176K, reserved 1048576K
}
Event: 1.852 GC heap before
{Heap before GC invocations=5 (full 0):
 PSYoungGen      total 71680K, used 70521K [0x0000000795580000, 0x000000079a080000, 0x00000007c0000000)
  eden space 66560K, 99% used [0x0000000795580000,0x000000079967dfe8,0x0000000799680000)
  from space 5120K, 77% used [0x0000000799b80000,0x0000000799f604e0,0x000000079a080000)
  to   space 5120K, 0% used [0x0000000799680000,0x0000000799680000,0x0000000799b80000)
 ParOldGen       total 87552K, used 40K [0x0000000740000000, 0x0000000745580000, 0x0000000795580000)
  object space 87552K, 0% used [0x0000000740000000,0x000000074000a000,0x0000000745580000)
 Metaspace       used 14281K, capacity 14768K, committed 14976K, reserved 1062912K
  class space    used 1971K, capacity 2111K, committed 2176K, reserved 1048576K
Event: 1.858 GC heap after
Heap after GC invocations=5 (full 0):
 PSYoungGen      total 71680K, used 3986K [0x0000000795580000, 0x000000079e080000, 0x00000007c0000000)
  eden space 66560K, 0% used [0x0000000795580000,0x0000000795580000,0x0000000799680000)
  from space 5120K, 77% used [0x0000000799680000,0x0000000799a649e0,0x0000000799b80000)
  to   space 4608K, 0% used [0x000000079dc00000,0x000000079dc00000,0x000000079e080000)
 ParOldGen       total 87552K, used 40K [0x0000000740000000, 0x0000000745580000, 0x0000000795580000)
  object space 87552K, 0% used [0x0000000740000000,0x000000074000a000,0x0000000745580000)
 Metaspace       used 14281K, capacity 14768K, committed 14976K, reserved 1062912K
  class space    used 1971K, capacity 2111K, committed 2176K, reserved 1048576K
}
Event: 1.877 GC heap before
{Heap before GC invocations=6 (full 0):
 PSYoungGen      total 71680K, used 70479K [0x0000000795580000, 0x000000079e080000, 0x00000007c0000000)
  eden space 66560K, 99% used [0x0000000795580000,0x000000079966f520,0x0000000799680000)
  from space 5120K, 77% used [0x0000000799680000,0x0000000799a649e0,0x0000000799b80000)
  to   space 4608K, 0% used [0x000000079dc00000,0x000000079dc00000,0x000000079e080000)
 ParOldGen       total 87552K, used 40K [0x0000000740000000, 0x0000000745580000, 0x0000000795580000)
  object space 87552K, 0% used [0x0000000740000000,0x000000074000a000,0x0000000745580000)
 Metaspace       used 14281K, capacity 14768K, committed 14976K, reserved 1062912K
  class space    used 1971K, capacity 2111K, committed 2176K, reserved 1048576K
Event: 1.884 GC heap after
Heap after GC invocations=6 (full 0):
 PSYoungGen      total 137728K, used 4031K [0x0000000795580000, 0x000000079e080000, 0x00000007c0000000)
  eden space 133120K, 0% used [0x0000000795580000,0x0000000795580000,0x000000079d780000)
  from space 4608K, 87% used [0x000000079dc00000,0x000000079dfefc40,0x000000079e080000)
  to   space 4608K, 0% used [0x000000079d780000,0x000000079d780000,0x000000079dc00000)
 ParOldGen       total 87552K, used 48K [0x0000000740000000, 0x0000000745580000, 0x0000000795580000)
  object space 87552K, 0% used [0x0000000740000000,0x000000074000c000,0x0000000745580000)
 Metaspace       used 14281K, capacity 14768K, committed 14976K, reserved 1062912K
  class space    used 1971K, capacity 2111K, committed 2176K, reserved 1048576K
}
Event: 6.429 GC heap before
{Heap before GC invocations=7 (full 0):
 PSYoungGen      total 137728K, used 123972K [0x0000000795580000, 0x000000079e080000, 0x00000007c0000000)
  eden space 133120K, 90% used [0x0000000795580000,0x000000079caa1488,0x000000079d780000)
  from space 4608K, 87% used [0x000000079dc00000,0x000000079dfefc40,0x000000079e080000)
  to   space 4608K, 0% used [0x000000079d780000,0x000000079d780000,0x000000079dc00000)
 ParOldGen       total 87552K, used 48K [0x0000000740000000, 0x0000000745580000, 0x0000000795580000)
  object space 87552K, 0% used [0x0000000740000000,0x000000074000c000,0x0000000745580000)
 Metaspace       used 20371K, capacity 21247K, committed 21296K, reserved 1067008K
  class space    used 2949K, capacity 3151K, committed 3200K, reserved 1048576K
Event: 6.445 GC heap after
Heap after GC invocations=7 (full 0):
 PSYoungGen      total 137728K, used 4583K [0x0000000795580000, 0x00000007a7280000, 0x00000007c0000000)
  eden space 133120K, 0% used [0x0000000795580000,0x0000000795580000,0x000000079d780000)
  from space 4608K, 99% used [0x000000079d780000,0x000000079dbf9c30,0x000000079dc00000)
  to   space 12800K, 0% used [0x00000007a6600000,0x00000007a6600000,0x00000007a7280000)
 ParOldGen       total 87552K, used 15630K [0x0000000740000000, 0x0000000745580000, 0x0000000795580000)
  object space 87552K, 17% used [0x0000000740000000,0x0000000740f439a8,0x0000000745580000)
 Metaspace       used 20371K, capacity 21247K, committed 21296K, reserved 1067008K
  class space    used 2949K, capacity 3151K, committed 3200K, reserved 1048576K
}
Event: 6.445 GC heap before
{Heap before GC invocations=8 (full 1):
 PSYoungGen      total 137728K, used 4583K [0x0000000795580000, 0x00000007a7280000, 0x00000007c0000000)
  eden space 133120K, 0% used [0x0000000795580000,0x0000000795580000,0x000000079d780000)
  from space 4608K, 99% used [0x000000079d780000,0x000000079dbf9c30,0x000000079dc00000)
  to   space 12800K, 0% used [0x00000007a6600000,0x00000007a6600000,0x00000007a7280000)
 ParOldGen       total 87552K, used 15630K [0x0000000740000000, 0x0000000745580000, 0x0000000795580000)
  object space 87552K, 17% used [0x0000000740000000,0x0000000740f439a8,0x0000000745580000)
 Metaspace       used 20371K, capacity 21247K, committed 21296K, reserved 1067008K
  class space    used 2949K, capacity 3151K, committed 3200K, reserved 1048576K
Event: 6.475 GC heap after
Heap after GC invocations=8 (full 1):
 PSYoungGen      total 137728K, used 0K [0x0000000795580000, 0x00000007a7280000, 0x00000007c0000000)
  eden space 133120K, 0% used [0x0000000795580000,0x0000000795580000,0x000000079d780000)
  from space 4608K, 0% used [0x000000079d780000,0x000000079d780000,0x000000079dc00000)
  to   space 12800K, 0% used [0x00000007a6600000,0x00000007a6600000,0x00000007a7280000)
 ParOldGen       total 59392K, used 16597K [0x0000000740000000, 0x0000000743a00000, 0x0000000795580000)
  object space 59392K, 27% used [0x0000000740000000,0x00000007410356f0,0x0000000743a00000)
 Metaspace       used 20371K, capacity 21247K, committed 21296K, reserved 1067008K
  class space    used 2949K, capacity 3151K, committed 3200K, reserved 1048576K
}

Deoptimization events (10 events):
Event: 3.881 Thread 0x00007fe6641a0800 Uncommon trap: reason=class_check action=maybe_recompile pc=0x000000010aee3354 method=java.io.FilterInputStream.read()I @ 4
Event: 3.881 Thread 0x00007fe6641a0800 Uncommon trap: reason=class_check action=maybe_recompile pc=0x000000010aee3354 method=java.io.FilterInputStream.read()I @ 4
Event: 3.881 Thread 0x00007fe6641a0800 Uncommon trap: reason=class_check action=maybe_recompile pc=0x000000010aee3354 method=java.io.FilterInputStream.read()I @ 4
Event: 6.498 Thread 0x00007fe6641a0800 Uncommon trap: reason=class_check action=maybe_recompile pc=0x000000010b1ea07c method=com.sun.javafx.font.OpenTypeGlyphMapper.getGlyphCode(I)I @ 5
Event: 7.314 Thread 0x00007fe6641a0800 Uncommon trap: reason=unstable_if action=reinterpret pc=0x000000010afcfc64 method=org.jsoup.helper.StringUtil.isWhitespace(I)Z @ 27
Event: 9.487 Thread 0x00007fe6641a0800 Uncommon trap: reason=unstable_if action=reinterpret pc=0x000000010b040f80 method=org.jsoup.parser.Tokeniser.read()Lorg/jsoup/parser/Token; @ 4
Event: 9.516 Thread 0x00007fe6641a0800 Uncommon trap: reason=unstable_if action=reinterpret pc=0x000000010b031040 method=org.jsoup.parser.CharacterReader.consumeData()Ljava/lang/String; @ 20
Event: 11.178 Thread 0x00007fe6641a0800 Uncommon trap: reason=unstable_if action=reinterpret pc=0x000000010b1c160c method=com.sun.javafx.font.CMap.getControlCodeGlyph(IZ)I @ 98
Event: 11.190 Thread 0x00007fe6641a0800 Uncommon trap: reason=unstable_if action=reinterpret pc=0x000000010b19bf10 method=com.sun.javafx.font.FallbackResource.getLinkedFonts()V @ 4
Event: 13.186 Thread 0x00007fe6641a0800 Uncommon trap: reason=unstable_if action=reinterpret pc=0x000000010b04a224 method=java.lang.String.trim()Ljava/lang/String; @ 44

Internal exceptions (10 events):
Event: 11.450 Thread 0x00007fe6641a0800 Exception <a 'java/io/IOException': Improper call to JPEG library in state 200> (0x00000007979dd648) thrown at [/Users/java_re/workspace/8-2-build-macosx-x86_64/jdk8u111/7883/hotspot/src/share/vm/prims/jni.cpp, line 735]
Event: 11.450 Thread 0x00007fe6641a0800 Exception <a 'java/io/IOException': Improper call to JPEG library in state 200> (0x00000007979e0dd8) thrown at [/Users/java_re/workspace/8-2-build-macosx-x86_64/jdk8u111/7883/hotspot/src/share/vm/prims/jni.cpp, line 735]
Event: 11.454 Thread 0x00007fe6641a0800 Exception <a 'java/io/IOException': Improper call to JPEG library in state 200> (0x0000000797a01338) thrown at [/Users/java_re/workspace/8-2-build-macosx-x86_64/jdk8u111/7883/hotspot/src/share/vm/prims/jni.cpp, line 735]
Event: 11.454 Thread 0x00007fe6641a0800 Exception <a 'java/io/IOException': Improper call to JPEG library in state 200> (0x0000000797a04ac8) thrown at [/Users/java_re/workspace/8-2-build-macosx-x86_64/jdk8u111/7883/hotspot/src/share/vm/prims/jni.cpp, line 735]
Event: 11.454 Thread 0x00007fe6641a0800 Exception <a 'java/io/IOException': Bogus Huffman table definition> (0x0000000797a0bb48) thrown at [/Users/java_re/workspace/8-2-build-macosx-x86_64/jdk8u111/7883/hotspot/src/share/vm/prims/jni.cpp, line 735]
Event: 11.494 Thread 0x00007fe6641a0800 Exception <a 'java/io/IOException': Improper call to JPEG library in state 200> (0x0000000797a57218) thrown at [/Users/java_re/workspace/8-2-build-macosx-x86_64/jdk8u111/7883/hotspot/src/share/vm/prims/jni.cpp, line 735]
Event: 11.495 Thread 0x00007fe6641a0800 Exception <a 'java/io/IOException': Improper call to JPEG library in state 200> (0x0000000797a5a198) thrown at [/Users/java_re/workspace/8-2-build-macosx-x86_64/jdk8u111/7883/hotspot/src/share/vm/prims/jni.cpp, line 735]
Event: 11.521 Thread 0x00007fe6641a0800 Exception <a 'java/io/IOException': Improper call to JPEG library in state 200> (0x0000000797b26af8) thrown at [/Users/java_re/workspace/8-2-build-macosx-x86_64/jdk8u111/7883/hotspot/src/share/vm/prims/jni.cpp, line 735]
Event: 11.521 Thread 0x00007fe6641a0800 Exception <a 'java/io/IOException': Improper call to JPEG library in state 200> (0x0000000797b2a288) thrown at [/Users/java_re/workspace/8-2-build-macosx-x86_64/jdk8u111/7883/hotspot/src/share/vm/prims/jni.cpp, line 735]
Event: 11.522 Thread 0x00007fe6641a0800 Exception <a 'java/io/IOException': Bogus DQT index 15> (0x0000000797b312f0) thrown at [/Users/java_re/workspace/8-2-build-macosx-x86_64/jdk8u111/7883/hotspot/src/share/vm/prims/jni.cpp, line 735]

Events (10 events):
Event: 13.185 loading class com/sun/webkit/dom/CommentImpl done
Event: 13.186 loading class org/w3c/dom/Comment
Event: 13.186 loading class org/w3c/dom/Comment done
Event: 13.186 Thread 0x00007fe6641a0800 Uncommon trap: trap_request=0xffffff65 fr.pc=0x000000010b04a224
Event: 13.186 Thread 0x00007fe6641a0800 DEOPT PACKING pc=0x000000010b04a224 sp=0x00007fff5d9d31a0
Event: 13.186 Thread 0x00007fe6641a0800 DEOPT UNPACKING pc=0x000000010abaf229 sp=0x00007fff5d9d3158 mode 2
Event: 13.296 Executing VM operation: RevokeBias
Event: 13.296 Executing VM operation: RevokeBias done
Event: 13.301 Executing VM operation: RevokeBias
Event: 13.301 Executing VM operation: RevokeBias done


Dynamic libraries:
0x0000000039d4d000 	/System/Library/Frameworks/Cocoa.framework/Versions/A/Cocoa
0x0000000039d4d000 	/System/Library/Frameworks/Security.framework/Versions/A/Security
0x0000000039d4d000 	/System/Library/Frameworks/ApplicationServices.framework/Versions/A/ApplicationServices
0x0000000039d4d000 	/usr/lib/libz.1.dylib
0x0000000039d4d000 	/usr/lib/libSystem.B.dylib
0x0000000039d4d000 	/usr/lib/libobjc.A.dylib
0x0000000039d4d000 	/System/Library/Frameworks/CoreFoundation.framework/Versions/A/CoreFoundation
0x0000000039d4d000 	/System/Library/Frameworks/Foundation.framework/Versions/C/Foundation
0x0000000039d4d000 	/System/Library/Frameworks/AppKit.framework/Versions/C/AppKit
0x0000000039d4d000 	/System/Library/Frameworks/CoreData.framework/Versions/A/CoreData
0x0000000039d4d000 	/System/Library/PrivateFrameworks/RemoteViewServices.framework/Versions/A/RemoteViewServices
0x0000000039d4d000 	/System/Library/PrivateFrameworks/UIFoundation.framework/Versions/A/UIFoundation
0x0000000039d4d000 	/System/Library/PrivateFrameworks/DFRFoundation.framework/Versions/A/DFRFoundation
0x0000000039d4d000 	/usr/lib/libenergytrace.dylib
0x0000000039d4d000 	/System/Library/PrivateFrameworks/SkyLight.framework/Versions/A/SkyLight
0x0000000039d4d000 	/System/Library/Frameworks/CoreGraphics.framework/Versions/A/CoreGraphics
0x0000000039d4d000 	/usr/lib/libScreenReader.dylib
0x0000000039d4d000 	/System/Library/Frameworks/Accelerate.framework/Versions/A/Accelerate
0x0000000039d4d000 	/System/Library/Frameworks/IOSurface.framework/Versions/A/IOSurface
0x0000000039d4d000 	/System/Library/Frameworks/AudioToolbox.framework/Versions/A/AudioToolbox
0x0000000039d4d000 	/System/Library/Frameworks/AudioUnit.framework/Versions/A/AudioUnit
0x0000000039d4d000 	/System/Library/PrivateFrameworks/DataDetectorsCore.framework/Versions/A/DataDetectorsCore
0x0000000039d4d000 	/System/Library/PrivateFrameworks/DesktopServicesPriv.framework/Versions/A/DesktopServicesPriv
0x0000000039d4d000 	/System/Library/Frameworks/Carbon.framework/Versions/A/Frameworks/HIToolbox.framework/Versions/A/HIToolbox
0x0000000039d4d000 	/usr/lib/libicucore.A.dylib
0x0000000039d4d000 	/System/Library/Frameworks/QuartzCore.framework/Versions/A/QuartzCore
0x0000000039d4d000 	/System/Library/Frameworks/Carbon.framework/Versions/A/Frameworks/SpeechRecognition.framework/Versions/A/SpeechRecognition
0x0000000039d4d000 	/usr/lib/libauto.dylib
0x0000000039d4d000 	/usr/lib/libxml2.2.dylib
0x0000000039d4d000 	/System/Library/PrivateFrameworks/CoreUI.framework/Versions/A/CoreUI
0x0000000039d4d000 	/System/Library/Frameworks/CoreAudio.framework/Versions/A/CoreAudio
0x0000000039d4d000 	/System/Library/Frameworks/DiskArbitration.framework/Versions/A/DiskArbitration
0x0000000039d4d000 	/usr/lib/liblangid.dylib
0x0000000039d4d000 	/System/Library/PrivateFrameworks/MultitouchSupport.framework/Versions/A/MultitouchSupport
0x0000000039d4d000 	/System/Library/Frameworks/IOKit.framework/Versions/A/IOKit
0x0000000039d4d000 	/usr/lib/libDiagnosticMessagesClient.dylib
0x0000000039d4d000 	/System/Library/Frameworks/CoreServices.framework/Versions/A/CoreServices
0x0000000039d4d000 	/System/Library/PrivateFrameworks/PerformanceAnalysis.framework/Versions/A/PerformanceAnalysis
0x0000000039d4d000 	/System/Library/PrivateFrameworks/GenerationalStorage.framework/Versions/A/GenerationalStorage
0x0000000039d4d000 	/System/Library/Frameworks/OpenGL.framework/Versions/A/OpenGL
0x0000000039d4d000 	/System/Library/Frameworks/CoreImage.framework/Versions/A/CoreImage
0x0000000039d4d000 	/System/Library/Frameworks/CoreText.framework/Versions/A/CoreText
0x0000000039d4d000 	/System/Library/Frameworks/ImageIO.framework/Versions/A/ImageIO
0x0000000039d4d000 	/System/Library/PrivateFrameworks/Backup.framework/Versions/A/Backup
0x0000000039d4d000 	/usr/lib/libarchive.2.dylib
0x0000000039d4d000 	/System/Library/Frameworks/CFNetwork.framework/Versions/A/CFNetwork
0x0000000039d4d000 	/System/Library/Frameworks/SystemConfiguration.framework/Versions/A/SystemConfiguration
0x0000000039d4d000 	/usr/lib/libCRFSuite.dylib
0x0000000039d4d000 	/usr/lib/libc++.1.dylib
0x0000000039d4d000 	/usr/lib/libc++abi.dylib
0x0000000039d4d000 	/usr/lib/system/libcache.dylib
0x0000000039d4d000 	/usr/lib/system/libcommonCrypto.dylib
0x0000000039d4d000 	/usr/lib/system/libcompiler_rt.dylib
0x0000000039d4d000 	/usr/lib/system/libcopyfile.dylib
0x0000000039d4d000 	/usr/lib/system/libcorecrypto.dylib
0x0000000039d4d000 	/usr/lib/system/libdispatch.dylib
0x0000000039d4d000 	/usr/lib/system/libdyld.dylib
0x0000000039d4d000 	/usr/lib/system/libkeymgr.dylib
0x0000000039d4d000 	/usr/lib/system/liblaunch.dylib
0x0000000039d4d000 	/usr/lib/system/libmacho.dylib
0x0000000039d4d000 	/usr/lib/system/libquarantine.dylib
0x0000000039d4d000 	/usr/lib/system/libremovefile.dylib
0x0000000039d4d000 	/usr/lib/system/libsystem_asl.dylib
0x0000000039d4d000 	/usr/lib/system/libsystem_blocks.dylib
0x0000000039d4d000 	/usr/lib/system/libsystem_c.dylib
0x0000000039d4d000 	/usr/lib/system/libsystem_configuration.dylib
0x0000000039d4d000 	/usr/lib/system/libsystem_coreservices.dylib
0x0000000039d4d000 	/usr/lib/system/libsystem_coretls.dylib
0x0000000039d4d000 	/usr/lib/system/libsystem_dnssd.dylib
0x0000000039d4d000 	/usr/lib/system/libsystem_info.dylib
0x0000000039d4d000 	/usr/lib/system/libsystem_kernel.dylib
0x0000000039d4d000 	/usr/lib/system/libsystem_m.dylib
0x0000000039d4d000 	/usr/lib/system/libsystem_malloc.dylib
0x0000000039d4d000 	/usr/lib/system/libsystem_network.dylib
0x0000000039d4d000 	/usr/lib/system/libsystem_networkextension.dylib
0x0000000039d4d000 	/usr/lib/system/libsystem_notify.dylib
0x0000000039d4d000 	/usr/lib/system/libsystem_platform.dylib
0x0000000039d4d000 	/usr/lib/system/libsystem_pthread.dylib
0x0000000039d4d000 	/usr/lib/system/libsystem_sandbox.dylib
0x0000000039d4d000 	/usr/lib/system/libsystem_secinit.dylib
0x0000000039d4d000 	/usr/lib/system/libsystem_symptoms.dylib
0x0000000039d4d000 	/usr/lib/system/libsystem_trace.dylib
0x0000000039d4d000 	/usr/lib/system/libunwind.dylib
0x0000000039d4d000 	/usr/lib/system/libxpc.dylib
0x0000000039d4d000 	/usr/lib/libbsm.0.dylib
0x0000000039d4d000 	/usr/lib/system/libkxld.dylib
0x0000000039d4d000 	/usr/lib/libcoretls.dylib
0x0000000039d4d000 	/usr/lib/libcoretls_cfhelpers.dylib
0x0000000039d4d000 	/usr/lib/libxar.1.dylib
0x0000000039d4d000 	/usr/lib/libsqlite3.dylib
0x0000000039d4d000 	/usr/lib/libpam.2.dylib
0x0000000039d4d000 	/usr/lib/libOpenScriptingUtil.dylib
0x0000000039d4d000 	/usr/lib/libbz2.1.0.dylib
0x0000000039d4d000 	/usr/lib/liblzma.5.dylib
0x0000000039d4d000 	/usr/lib/libnetwork.dylib
0x0000000039d4d000 	/usr/lib/libpcap.A.dylib
0x0000000039d4d000 	/System/Library/Frameworks/CoreServices.framework/Versions/A/Frameworks/FSEvents.framework/Versions/A/FSEvents
0x0000000039d4d000 	/System/Library/Frameworks/CoreServices.framework/Versions/A/Frameworks/CarbonCore.framework/Versions/A/CarbonCore
0x0000000039d4d000 	/System/Library/Frameworks/CoreServices.framework/Versions/A/Frameworks/Metadata.framework/Versions/A/Metadata
0x0000000039d4d000 	/System/Library/Frameworks/CoreServices.framework/Versions/A/Frameworks/OSServices.framework/Versions/A/OSServices
0x0000000039d4d000 	/System/Library/Frameworks/CoreServices.framework/Versions/A/Frameworks/SearchKit.framework/Versions/A/SearchKit
0x0000000039d4d000 	/System/Library/Frameworks/CoreServices.framework/Versions/A/Frameworks/AE.framework/Versions/A/AE
0x0000000039d4d000 	/System/Library/Frameworks/CoreServices.framework/Versions/A/Frameworks/LaunchServices.framework/Versions/A/LaunchServices
0x0000000039d4d000 	/System/Library/Frameworks/CoreServices.framework/Versions/A/Frameworks/DictionaryServices.framework/Versions/A/DictionaryServices
0x0000000039d4d000 	/System/Library/Frameworks/CoreServices.framework/Versions/A/Frameworks/SharedFileList.framework/Versions/A/SharedFileList
0x0000000039d4d000 	/System/Library/Frameworks/NetFS.framework/Versions/A/NetFS
0x0000000039d4d000 	/System/Library/PrivateFrameworks/NetAuth.framework/Versions/A/NetAuth
0x0000000039d4d000 	/System/Library/PrivateFrameworks/login.framework/Versions/A/Frameworks/loginsupport.framework/Versions/A/loginsupport
0x0000000039d4d000 	/System/Library/PrivateFrameworks/TCC.framework/Versions/A/TCC
0x0000000039d4d000 	/usr/lib/libmecabra.dylib
0x0000000039d4d000 	/System/Library/Frameworks/ApplicationServices.framework/Versions/A/Frameworks/ATS.framework/Versions/A/ATS
0x0000000039d4d000 	/System/Library/Frameworks/ApplicationServices.framework/Versions/A/Frameworks/ColorSync.framework/Versions/A/ColorSync
0x0000000039d4d000 	/System/Library/Frameworks/ApplicationServices.framework/Versions/A/Frameworks/HIServices.framework/Versions/A/HIServices
0x0000000039d4d000 	/System/Library/Frameworks/ApplicationServices.framework/Versions/A/Frameworks/LangAnalysis.framework/Versions/A/LangAnalysis
0x0000000039d4d000 	/System/Library/Frameworks/ApplicationServices.framework/Versions/A/Frameworks/PrintCore.framework/Versions/A/PrintCore
0x0000000039d4d000 	/System/Library/Frameworks/ApplicationServices.framework/Versions/A/Frameworks/QD.framework/Versions/A/QD
0x0000000039d4d000 	/System/Library/Frameworks/ApplicationServices.framework/Versions/A/Frameworks/SpeechSynthesis.framework/Versions/A/SpeechSynthesis
0x0000000039d4d000 	/System/Library/Frameworks/Accelerate.framework/Versions/A/Frameworks/vImage.framework/Versions/A/vImage
0x0000000039d4d000 	/System/Library/Frameworks/Accelerate.framework/Versions/A/Frameworks/vecLib.framework/Versions/A/vecLib
0x0000000039d4d000 	/System/Library/Frameworks/Accelerate.framework/Versions/A/Frameworks/vecLib.framework/Versions/A/libvDSP.dylib
0x0000000039d4d000 	/System/Library/Frameworks/Accelerate.framework/Versions/A/Frameworks/vecLib.framework/Versions/A/libBNNS.dylib
0x0000000039d4d000 	/System/Library/Frameworks/Accelerate.framework/Versions/A/Frameworks/vecLib.framework/Versions/A/libQuadrature.dylib
0x0000000039d4d000 	/System/Library/Frameworks/Accelerate.framework/Versions/A/Frameworks/vecLib.framework/Versions/A/libvMisc.dylib
0x0000000039d4d000 	/System/Library/Frameworks/Accelerate.framework/Versions/A/Frameworks/vecLib.framework/Versions/A/libLAPACK.dylib
0x0000000039d4d000 	/System/Library/Frameworks/Accelerate.framework/Versions/A/Frameworks/vecLib.framework/Versions/A/libBLAS.dylib
0x0000000039d4d000 	/System/Library/Frameworks/Accelerate.framework/Versions/A/Frameworks/vecLib.framework/Versions/A/libLinearAlgebra.dylib
0x0000000039d4d000 	/System/Library/Frameworks/Accelerate.framework/Versions/A/Frameworks/vecLib.framework/Versions/A/libSparseBLAS.dylib
0x0000000039d4d000 	/System/Library/Frameworks/ApplicationServices.framework/Versions/A/Frameworks/ATS.framework/Versions/A/Resources/libFontParser.dylib
0x0000000039d4d000 	/System/Library/Frameworks/ApplicationServices.framework/Versions/A/Frameworks/ATS.framework/Versions/A/Resources/libFontRegistry.dylib
0x0000000039d4d000 	/System/Library/Frameworks/ImageIO.framework/Versions/A/Resources/libJPEG.dylib
0x0000000039d4d000 	/System/Library/Frameworks/ImageIO.framework/Versions/A/Resources/libTIFF.dylib
0x0000000039d4d000 	/System/Library/Frameworks/ImageIO.framework/Versions/A/Resources/libPng.dylib
0x0000000039d4d000 	/System/Library/Frameworks/ImageIO.framework/Versions/A/Resources/libGIF.dylib
0x0000000039d4d000 	/System/Library/Frameworks/ImageIO.framework/Versions/A/Resources/libJP2.dylib
0x0000000039d4d000 	/System/Library/Frameworks/ImageIO.framework/Versions/A/Resources/libRadiance.dylib
0x0000000039d4d000 	/usr/lib/libcompression.dylib
0x0000000039d4d000 	/System/Library/PrivateFrameworks/AppleJPEG.framework/Versions/A/AppleJPEG
0x0000000039d4d000 	/usr/lib/libcups.2.dylib
0x0000000039d4d000 	/System/Library/Frameworks/Kerberos.framework/Versions/A/Kerberos
0x0000000039d4d000 	/System/Library/Frameworks/GSS.framework/Versions/A/GSS
0x0000000039d4d000 	/usr/lib/libresolv.9.dylib
0x0000000039d4d000 	/usr/lib/libiconv.2.dylib
0x0000000039d4d000 	/System/Library/PrivateFrameworks/Heimdal.framework/Versions/A/Heimdal
0x0000000039d4d000 	/usr/lib/libheimdal-asn1.dylib
0x0000000039d4d000 	/System/Library/Frameworks/OpenDirectory.framework/Versions/A/OpenDirectory
0x0000000039d4d000 	/System/Library/PrivateFrameworks/CommonAuth.framework/Versions/A/CommonAuth
0x0000000039d4d000 	/System/Library/Frameworks/OpenDirectory.framework/Versions/A/Frameworks/CFOpenDirectory.framework/Versions/A/CFOpenDirectory
0x0000000039d4d000 	/System/Library/Frameworks/SecurityFoundation.framework/Versions/A/SecurityFoundation
0x0000000039d4d000 	/System/Library/PrivateFrameworks/LanguageModeling.framework/Versions/A/LanguageModeling
0x0000000039d4d000 	/usr/lib/libmarisa.dylib
0x0000000039d4d000 	/usr/lib/libChineseTokenizer.dylib
0x0000000039d4d000 	/usr/lib/libcmph.dylib
0x0000000039d4d000 	/System/Library/PrivateFrameworks/CoreEmoji.framework/Versions/A/CoreEmoji
0x0000000039d4d000 	/System/Library/Frameworks/ServiceManagement.framework/Versions/A/ServiceManagement
0x0000000039d4d000 	/usr/lib/libxslt.1.dylib
0x0000000039d4d000 	/System/Library/Frameworks/Carbon.framework/Versions/A/Frameworks/Ink.framework/Versions/A/Ink
0x0000000039d4d000 	/System/Library/PrivateFrameworks/TextureIO.framework/Versions/A/TextureIO
0x0000000039d4d000 	/System/Library/Frameworks/Metal.framework/Versions/A/Metal
0x0000000039d4d000 	/usr/lib/libate.dylib
0x0000000039d4d000 	/System/Library/PrivateFrameworks/GPUCompiler.framework/libmetal_timestamp.dylib
0x0000000039d4d000 	/System/Library/Frameworks/OpenGL.framework/Versions/A/Libraries/libCoreFSCache.dylib
0x0000000039d4d000 	/System/Library/PrivateFrameworks/IOAccelerator.framework/Versions/A/IOAccelerator
0x0000000039d4d000 	/System/Library/Frameworks/CoreVideo.framework/Versions/A/CoreVideo
0x0000000039d4d000 	/usr/lib/libFosl_dynamic.dylib
0x0000000039d4d000 	/System/Library/PrivateFrameworks/MetalPerformanceShaders.framework/Versions/A/MetalPerformanceShaders
0x0000000039d4d000 	/System/Library/PrivateFrameworks/FaceCore.framework/Versions/A/FaceCore
0x0000000039d4d000 	/System/Library/Frameworks/OpenCL.framework/Versions/A/OpenCL
0x0000000039d4d000 	/System/Library/Frameworks/OpenGL.framework/Versions/A/Libraries/libGLU.dylib
0x0000000039d4d000 	/System/Library/Frameworks/OpenGL.framework/Versions/A/Libraries/libGFXShared.dylib
0x0000000039d4d000 	/System/Library/Frameworks/OpenGL.framework/Versions/A/Libraries/libGL.dylib
0x0000000039d4d000 	/System/Library/Frameworks/OpenGL.framework/Versions/A/Libraries/libGLImage.dylib
0x0000000039d4d000 	/System/Library/Frameworks/OpenGL.framework/Versions/A/Libraries/libCVMSPluginSupport.dylib
0x0000000039d4d000 	/System/Library/Frameworks/OpenGL.framework/Versions/A/Libraries/libCoreVMClient.dylib
0x0000000039d4d000 	/System/Library/PrivateFrameworks/CrashReporterSupport.framework/Versions/A/CrashReporterSupport
0x0000000039d4d000 	/System/Library/PrivateFrameworks/Sharing.framework/Versions/A/Sharing
0x0000000039d4d000 	/System/Library/PrivateFrameworks/IconServices.framework/Versions/A/IconServices
0x0000000039d4d000 	/System/Library/PrivateFrameworks/ProtocolBuffer.framework/Versions/A/ProtocolBuffer
0x0000000039d4d000 	/System/Library/PrivateFrameworks/Apple80211.framework/Versions/A/Apple80211
0x0000000039d4d000 	/System/Library/Frameworks/CoreWLAN.framework/Versions/A/CoreWLAN
0x0000000039d4d000 	/System/Library/PrivateFrameworks/CoreUtils.framework/Versions/A/CoreUtils
0x0000000039d4d000 	/System/Library/Frameworks/IOBluetooth.framework/Versions/A/IOBluetooth
0x0000000039d4d000 	/System/Library/PrivateFrameworks/CoreWiFi.framework/Versions/A/CoreWiFi
0x0000000039d4d000 	/System/Library/Frameworks/CoreBluetooth.framework/Versions/A/CoreBluetooth
0x0000000039d4d000 	/System/Library/Frameworks/CoreDisplay.framework/Versions/A/CoreDisplay
0x0000000039d4d000 	/System/Library/PrivateFrameworks/IOPresentment.framework/Versions/A/IOPresentment
0x0000000039d4d000 	/System/Library/PrivateFrameworks/DebugSymbols.framework/Versions/A/DebugSymbols
0x0000000039d4d000 	/System/Library/PrivateFrameworks/CoreSymbolication.framework/Versions/A/CoreSymbolication
0x0000000039d4d000 	/System/Library/PrivateFrameworks/Symbolication.framework/Versions/A/Symbolication
0x0000000039d4d000 	/System/Library/PrivateFrameworks/AppleFSCompression.framework/Versions/A/AppleFSCompression
0x0000000039d4d000 	/System/Library/PrivateFrameworks/SpeechRecognitionCore.framework/Versions/A/SpeechRecognitionCore
0x0000000039d4d000 	/System/Library/PrivateFrameworks/ChunkingLibrary.framework/Versions/A/ChunkingLibrary
0x0000000102273000 	/System/Library/CoreServices/Encodings/libSimplifiedChineseConverter.dylib
0x00000001022b7000 	/Library/Java/JavaVirtualMachines/jdk1.8.0_111.jdk/Contents/Home/jre/lib/server/libjvm.dylib
0x0000000039d4d000 	/usr/lib/libstdc++.6.dylib
0x0000000103258000 	/Library/Java/JavaVirtualMachines/jdk1.8.0_111.jdk/Contents/Home/jre/lib/libverify.dylib
0x0000000103266000 	/Library/Java/JavaVirtualMachines/jdk1.8.0_111.jdk/Contents/Home/jre/lib/libjava.dylib
0x00000001032a5000 	/Library/Java/JavaVirtualMachines/jdk1.8.0_111.jdk/Contents/Home/jre/lib/libzip.dylib
0x000000010a422000 	/System/Library/Frameworks/JavaVM.framework/Frameworks/JavaRuntimeSupport.framework/JavaRuntimeSupport
0x000000010a43c000 	/System/Library/Frameworks/JavaVM.framework/Versions/A/Frameworks/JavaNativeFoundation.framework/Versions/A/JavaNativeFoundation
0x00000001033f0000 	/System/Library/Frameworks/JavaVM.framework/Versions/A/JavaVM
0x0000000039d4d000 	/System/Library/Frameworks/Carbon.framework/Versions/A/Carbon
0x000000010a451000 	/System/Library/PrivateFrameworks/JavaLaunching.framework/Versions/A/JavaLaunching
0x0000000039d4d000 	/System/Library/Frameworks/Carbon.framework/Versions/A/Frameworks/CommonPanels.framework/Versions/A/CommonPanels
0x0000000039d4d000 	/System/Library/Frameworks/Carbon.framework/Versions/A/Frameworks/Help.framework/Versions/A/Help
0x0000000039d4d000 	/System/Library/Frameworks/Carbon.framework/Versions/A/Frameworks/ImageCapture.framework/Versions/A/ImageCapture
0x0000000039d4d000 	/System/Library/Frameworks/Carbon.framework/Versions/A/Frameworks/OpenScripting.framework/Versions/A/OpenScripting
0x0000000039d4d000 	/System/Library/Frameworks/Carbon.framework/Versions/A/Frameworks/Print.framework/Versions/A/Print
0x0000000039d4d000 	/System/Library/Frameworks/Carbon.framework/Versions/A/Frameworks/SecurityHI.framework/Versions/A/SecurityHI
0x000000010a5ee000 	/Applications/IntelliJ IDEA CE.app/Contents/bin/libbreakgen64.jnilib
0x000000010a5f1000 	/Library/Java/JavaVirtualMachines/jdk1.8.0_111.jdk/Contents/Home/jre/lib/libnet.dylib
0x000000010a70c000 	/Library/Java/JavaVirtualMachines/jdk1.8.0_111.jdk/Contents/Home/jre/lib/libprism_es2.dylib
0x0000000039d4d000 	/System/Library/Frameworks/OpenGL.framework/Versions/A/Resources/GLEngine.bundle/GLEngine
0x0000000039d4d000 	/System/Library/Frameworks/OpenGL.framework/Versions/A/Libraries/libGLProgrammability.dylib
0x000000011b462000 	/System/Library/Extensions/AppleIntelBDWGraphicsGLDriver.bundle/Contents/MacOS/AppleIntelBDWGraphicsGLDriver
0x0000000039d4d000 	/System/Library/PrivateFrameworks/GPUSupport.framework/Versions/A/Libraries/libGPUSupportMercury.dylib
0x0000000039d4d000 	/System/Library/Frameworks/OpenGL.framework/Versions/A/Resources/GLRendererFloat.bundle/GLRendererFloat
0x0000000039d4d000 	/System/Library/Frameworks/OpenCL.framework/Versions/A/Libraries/libcldcpuengine.dylib
0x0000000039d4d000 	/usr/lib/libcrypto.0.9.8.dylib
0x0000000039d4d000 	/System/Library/PrivateFrameworks/TrustEvaluationAgent.framework/Versions/A/TrustEvaluationAgent
0x000000010aaa4000 	/Library/Java/JavaVirtualMachines/jdk1.8.0_111.jdk/Contents/Home/jre/lib/libglass.dylib
0x0000000039d4d000 	/System/Library/PrivateFrameworks/CoreServicesInternal.framework/Versions/A/CoreServicesInternal
0x0000000039d4d000 	/System/Library/CoreServices/RawCamera.bundle/Contents/MacOS/RawCamera
0x0000000039d4d000 	/System/Library/Frameworks/Accelerate.framework/Versions/A/Frameworks/vImage.framework/Versions/A/Libraries/libCGInterfaces.dylib
0x0000000039d4d000 	/System/Library/PrivateFrameworks/FamilyControls.framework/Versions/A/FamilyControls
0x0000000039d4d000 	/System/Library/PrivateFrameworks/CommerceKit.framework/Versions/A/Frameworks/CommerceCore.framework/Versions/A/CommerceCore
0x0000000039d4d000 	/System/Library/PrivateFrameworks/SystemAdministration.framework/Versions/A/SystemAdministration
0x0000000039d4d000 	/System/Library/PrivateFrameworks/AppContainer.framework/Versions/A/AppContainer
0x0000000039d4d000 	/System/Library/PrivateFrameworks/SecCodeWrapper.framework/Versions/A/SecCodeWrapper
0x0000000039d4d000 	/System/Library/Frameworks/DirectoryService.framework/Versions/A/DirectoryService
0x0000000039d4d000 	/System/Library/PrivateFrameworks/DiskImages.framework/Versions/A/DiskImages
0x0000000039d4d000 	/System/Library/PrivateFrameworks/LoginUIKit.framework/Versions/A/Frameworks/LoginUICore.framework/Versions/A/LoginUICore
0x0000000039d4d000 	/usr/lib/libCoreStorage.dylib
0x0000000039d4d000 	/usr/lib/libcsfde.dylib
0x0000000039d4d000 	/usr/lib/libodfde.dylib
0x0000000039d4d000 	/System/Library/Frameworks/DiscRecording.framework/Versions/A/DiscRecording
0x0000000039d4d000 	/usr/lib/libcurl.4.dylib
0x0000000039d4d000 	/System/Library/PrivateFrameworks/MediaKit.framework/Versions/A/MediaKit
0x0000000039d4d000 	/System/Library/PrivateFrameworks/ProtectedCloudStorage.framework/Versions/A/ProtectedCloudStorage
0x0000000039d4d000 	/System/Library/PrivateFrameworks/EFILogin.framework/Versions/A/EFILogin
0x0000000039d4d000 	/usr/lib/libutil.dylib
0x0000000039d4d000 	/System/Library/Frameworks/LDAP.framework/Versions/A/LDAP
0x0000000039d4d000 	/usr/lib/libsasl2.2.dylib
0x0000000039d4d000 	/System/Library/PrivateFrameworks/CoreDaemon.framework/Versions/B/CoreDaemon
0x0000000039d4d000 	/System/Library/PrivateFrameworks/AppleSRP.framework/Versions/A/AppleSRP
0x0000000039d4d000 	/System/Library/PrivateFrameworks/APFS.framework/Versions/A/APFS
0x000000011bd97000 	/Library/Java/JavaVirtualMachines/jdk1.8.0_111.jdk/Contents/Home/jre/lib/libjavafx_font.dylib
0x000000011fb06000 	/Library/Java/JavaVirtualMachines/jdk1.8.0_111.jdk/Contents/Home/jre/lib/libjfxwebkit.dylib
0x000000011be55000 	/Library/Java/JavaVirtualMachines/jdk1.8.0_111.jdk/Contents/Home/jre/lib/libnio.dylib
0x0000000039d4d000 	/System/Library/Frameworks/ApplicationServices.framework/Versions/A/Frameworks/ATS.framework/Versions/A/Resources/libTrueTypeScaler.dylib
0x000000011bf54000 	/Library/Java/JavaVirtualMachines/jdk1.8.0_111.jdk/Contents/Home/jre/lib/libprism_common.dylib
0x0000000124919000 	/System/Library/Extensions/AppleIntelBDWGraphicsMTLDriver.bundle/Contents/MacOS/AppleIntelBDWGraphicsMTLDriver
0x0000000039d4d000 	/System/Library/PrivateFrameworks/ViewBridge.framework/Versions/A/ViewBridge
0x0000000039d4d000 	/System/Library/PrivateFrameworks/XPCService.framework/Versions/A/XPCService
0x0000000039d4d000 	/System/Library/PrivateFrameworks/AppSandbox.framework/Versions/A/AppSandbox
0x0000000039d4d000 	/usr/lib/libsandbox.1.dylib
0x0000000039d4d000 	/usr/lib/libMatch.1.dylib
0x0000000125707000 	/Library/Java/JavaVirtualMachines/jdk1.8.0_111.jdk/Contents/Home/jre/lib/libjavafx_iio.dylib

VM Arguments:
jvm_args: -Didea.launcher.port=7534 -Didea.launcher.bin.path=/Applications/IntelliJ IDEA CE.app/Contents/bin -Dfile.encoding=UTF-8 
java_command: com.intellij.rt.execution.application.AppMain sample.Main
java_class_path (initial): /Library/Java/JavaVirtualMachines/jdk1.8.0_111.jdk/Contents/Home/jre/lib/charsets.jar:/Library/Java/JavaVirtualMachines/jdk1.8.0_111.jdk/Contents/Home/jre/lib/deploy.jar:/Library/Java/JavaVirtualMachines/jdk1.8.0_111.jdk/Contents/Home/jre/lib/ext/cldrdata.jar:/Library/Java/JavaVirtualMachines/jdk1.8.0_111.jdk/Contents/Home/jre/lib/ext/dnsns.jar:/Library/Java/JavaVirtualMachines/jdk1.8.0_111.jdk/Contents/Home/jre/lib/ext/jaccess.jar:/Library/Java/JavaVirtualMachines/jdk1.8.0_111.jdk/Contents/Home/jre/lib/ext/jfxrt.jar:/Library/Java/JavaVirtualMachines/jdk1.8.0_111.jdk/Contents/Home/jre/lib/ext/localedata.jar:/Library/Java/JavaVirtualMachines/jdk1.8.0_111.jdk/Contents/Home/jre/lib/ext/nashorn.jar:/Library/Java/JavaVirtualMachines/jdk1.8.0_111.jdk/Contents/Home/jre/lib/ext/sunec.jar:/Library/Java/JavaVirtualMachines/jdk1.8.0_111.jdk/Contents/Home/jre/lib/ext/sunjce_provider.jar:/Library/Java/JavaVirtualMachines/jdk1.8.0_111.jdk/Contents/Home/jre/lib/ext/sunpkcs11.jar:/Library/Java/JavaVirtualMachines/jdk1.8.0_111.jdk/Contents/Home/jre/lib/ext/zipfs.jar:/Library/Java/JavaVirtualMachines/jdk1.8.0_111.jdk/Contents/Home/jre/lib/javaws.jar:/Library/Java/JavaVirtualMachines/jdk1.8.0_111.jdk/Contents/Home/jre/lib/jce.jar:/Library/Java/JavaVirtualMachines/jdk1.8.0_111.jdk/Contents/Home/jre/lib/jfr.jar:/Library/Java/JavaVirtualMachines/jdk1.8.0_111.jdk/Contents/Home/jre/lib/jfxswt.jar:/Library/Java/JavaVirtualMachines/jdk1.8.0_111.jdk/Contents/Home/jre/lib/jsse.jar:/Library/Java/JavaVirtualMachines/jdk1.8.0_111.jdk/Contents/Home/jre/lib/management-agent.jar:/Library/Java/JavaVirtualMachines/jdk1.8.0_111.jdk/Contents/Home/jre/lib/plugin.jar:/Library/Java/JavaVirtualMachines/jdk1.8.0_111.jdk/Contents/Home/jre/lib/resources.jar:/Library/Java/JavaVirtualMachines/jdk1.8.0_111.jdk/Contents/Home/jre/lib/rt.jar:/Library/Java/JavaVirtualMachines/jdk1.8.0_111.jdk/Contents/Home/lib/ant-javafx.jar:/Library/Java/JavaVirtualMachines/jdk1.8.0_111.jdk/Contents/Home
Launcher Type: SUN_STANDARD

Environment Variables:
PATH=/usr/local/bin:/usr/bin:/bin:/usr/sbin:/sbin:/Users/huangzheng/scala/scala-2.12.0/bin
SHELL=/bin/bash

Signal Handlers:
SIGSEGV: [libjvm.dylib+0x5b03ed], sa_mask[0]=11111111011111110111111111111111, sa_flags=SA_ONSTACK|SA_RESTART|SA_SIGINFO
SIGBUS: [libjvm.dylib+0x5b03ed], sa_mask[0]=11111111011111110111111111111111, sa_flags=SA_RESTART|SA_SIGINFO
SIGFPE: [libjvm.dylib+0x48711c], sa_mask[0]=11111111011111110111111111111111, sa_flags=SA_RESTART|SA_SIGINFO
SIGPIPE: [libjvm.dylib+0x48711c], sa_mask[0]=11111111011111110111111111111111, sa_flags=SA_RESTART|SA_SIGINFO
SIGXFSZ: [libjvm.dylib+0x48711c], sa_mask[0]=11111111011111110111111111111111, sa_flags=SA_RESTART|SA_SIGINFO
SIGILL: [libjvm.dylib+0x48711c], sa_mask[0]=11111111011111110111111111111111, sa_flags=SA_RESTART|SA_SIGINFO
SIGUSR1: SIG_DFL, sa_mask[0]=00000000000000000000000000000000, sa_flags=none
SIGUSR2: [libjvm.dylib+0x486c3a], sa_mask[0]=00100000000000000000000000000000, sa_flags=SA_RESTART|SA_SIGINFO
SIGHUP: [libjvm.dylib+0x485211], sa_mask[0]=11111111011111110111111111111111, sa_flags=SA_RESTART|SA_SIGINFO
SIGINT: [libjvm.dylib+0x485211], sa_mask[0]=11111111011111110111111111111111, sa_flags=SA_RESTART|SA_SIGINFO
SIGTERM: [libjvm.dylib+0x485211], sa_mask[0]=11111111011111110111111111111111, sa_flags=SA_RESTART|SA_SIGINFO
SIGQUIT: [libjvm.dylib+0x485211], sa_mask[0]=11111111011111110111111111111111, sa_flags=SA_RESTART|SA_SIGINFO


---------------  S Y S T E M  ---------------

OS:Bsduname:Darwin 16.4.0 Darwin Kernel Version 16.4.0: Thu Dec 22 22:53:21 PST 2016; root:xnu-3789.41.3~3/RELEASE_X86_64 x86_64
rlimit: STACK 8192k, CORE 0k, NPROC 709, NOFILE 10240, AS infinity
load average:3.16 2.98 2.86

CPU:total 4 (2 cores per cpu, 2 threads per core) family 6 model 61 stepping 4, cmov, cx8, fxsr, mmx, sse, sse2, sse3, ssse3, sse4.1, sse4.2, popcnt, avx, avx2, aes, clmul, erms, 3dnowpref, lzcnt, ht, tsc, tscinvbit, bmi1, bmi2, adx

Memory: 4k page, physical 8388608k(576740k free)

/proc/meminfo:


vm_info: Java HotSpot(TM) 64-Bit Server VM (25.111-b14) for bsd-amd64 JRE (1.8.0_111-b14), built on Sep 22 2016 15:31:41 by "java_re" with gcc 4.2.1 (Based on Apple Inc. build 5658) (LLVM build 2336.11.00)

time: Fri Jan 27 19:30:40 2017
elapsed time: 13 seconds (0d 0h 0m 13s)

