2017-03-10 22:16:03  [ JavaFX Application Thread:0 ] - [ DEBUG ]  BODY[marginheight=0][marginwidth=0][topmargin=0][leftmargin=0]>TABLE[align=center][width=1002][cellpadding=0][cellspacing=0][border=0]>TBODY>TR>TD[bgcolor=#ffffff][valign=top]>TABLE[align=center][border=0][height=156][width=100%]>TBODY>TR>TD[valign=top]>TABLE[cellspacing=1][cellpadding=5][border=0][height=30][width=100%]>TBODY>TR>TD[class][align=left][valign=top][height=20]>A[class]
2017-03-10 22:16:11  [ JavaFX Application Thread:8374 ] - [ DEBUG ]  BODY[marginheight=0][marginwidth=0][topmargin=0][leftmargin=0]>TABLE[class][align=center][cellspacing=0][cellpadding=0][border=0][width=1002]>TBODY>TR>TD[valign=top]>TABLE[align=center][cellspacing=0][cellpadding=0][border=0][height=100%][width=100%]>TBODY>TR>TD[align=left][valign=top]>TABLE[border=0][width=100%][cellpadding=0][cellspacing=0]>TBODY>TR[valign=top]>TD[bgcolor=#ffffff][width=100%][align=middle]>TABLE[class][cellspacing=0][cellpadding=0][border=0][width=100%]>TBODY>TR>TD[align=center]>TABLE[cellpadding=0][cellspacing=0][border=0][width=98%]>TBODY>TR>TD>FORM[target=_blank][method=post][action=../article/uniteZhaiYao.do][onsubmit=return isready1(this)][name=AbstractList]>TABLE[border=0][align=center][width=100%][height=156]>TBODY>TR>TD>TABLE[border=0][width=100%][cellpadding=0][cellspacing=0]>TBODY>TR>TD[align=left][valign=top]>TABLE[border=0][bgcolor=#f1f1f1][width=100%][cellpadding=0][cellspacing=0]>TBODY>TR>TD[height=22][colspan=2][align=left][valign=center][class]>A[target=_blank][class]
2017-03-10 22:16:14  [ JavaFX Application Thread:11121 ] - [ DEBUG ]  BODY[marginheight=0][marginwidth=0][topmargin=0][leftmargin=0]>TABLE[class][align=center][cellspacing=0][cellpadding=0][border=0][width=1002]>TBODY>TR>TD[valign=top]>TABLE[align=center][cellspacing=0][cellpadding=0][border=0][height=100%][width=100%]>TBODY>TR>TD[align=left][valign=top]>TABLE[border=0][width=100%][cellpadding=0][cellspacing=0]>TBODY>TR[valign=top]>TD[bgcolor=#ffffff][width=100%][align=middle]>TABLE[class][cellspacing=0][cellpadding=0][border=0][width=100%]>TBODY>TR>TD[align=center]>TABLE[cellpadding=0][cellspacing=0][border=0][width=98%]>TBODY>TR>TD>FORM[target=_blank][method=post][action=../article/uniteZhaiYao.do][onsubmit=return isready1(this)][name=AbstractList]>TABLE[border=0][align=center][width=100%][height=156]>TBODY>TR>TD>TABLE[border=0][width=100%][cellpadding=0][cellspacing=0]>TBODY>TR>TD[align=left][valign=top]>TABLE[border=0][bgcolor=#FFFFFF][width=100%][cellpadding=0][cellspacing=0]>TBODY>TR>TD[height=22][colspan=2][align=left][valign=center][class]>A[target=_blank][class]
2017-03-10 22:17:09  [ JavaFX Application Thread:66342 ] - [ INFO ]  Get the service of mongodb successfully.
2017-03-10 22:17:09  [ JavaFX Application Thread:66348 ] - [ INFO ]  Connect to database successfully.
2017-03-10 22:17:09  [ JavaFX Application Thread:66752 ] - [ INFO ]  Get the collection successfully.
2017-03-10 22:17:09  [ Thread-38:66768 ] - [ DEBUG ]  U Thread 0 started
2017-03-10 22:17:29  [ Thread-38:86916 ] - [ DEBUG ]  U Thread 0 end
2017-03-10 22:17:46  [ Thread-40:103717 ] - [ DEBUG ]  U Thread 1 started
2017-03-10 22:17:49  [ Thread-40:106271 ] - [ DEBUG ]  U Thread 1 end
2017-03-10 22:24:05  [ JavaFX Application Thread:482105 ] - [ DEBUG ]  BODY[marginheight=0][marginwidth=0][topmargin=0][leftmargin=0]>TABLE[align=center][width=1002][cellpadding=0][cellspacing=0][border=0]>TBODY>TR>TD[bgcolor=#ffffff][valign=top]>TABLE[align=center][border=0][height=156][width=100%]>TBODY>TR>TD[valign=top]>TABLE[cellspacing=1][cellpadding=5][border=0][height=30][width=100%]>TBODY>TR>TD[class][align=left][valign=top][height=20]>A[class]
2017-03-10 22:25:02  [ JavaFX Application Thread:0 ] - [ DEBUG ]  BODY[marginheight=0][marginwidth=0][topmargin=0][leftmargin=0]>TABLE[align=center][width=1002][cellpadding=0][cellspacing=0][border=0]>TBODY>TR>TD[bgcolor=#ffffff][valign=top]>TABLE[align=center][border=0][height=156][width=100%]>TBODY>TR>TD[valign=top]>TABLE[cellspacing=1][cellpadding=5][border=0][height=30][width=100%]>TBODY>TR>TD[class][align=left][valign=top][height=20]>A[class]
2017-03-10 22:25:25  [ JavaFX Application Thread:23504 ] - [ DEBUG ]  BODY[marginheight=0][marginwidth=0][topmargin=0][leftmargin=0]>TABLE[class][align=center][cellspacing=0][cellpadding=0][border=0][width=1002]>TBODY>TR>TD[valign=top]>TABLE[align=center][cellspacing=0][cellpadding=0][border=0][height=100%][width=100%]>TBODY>TR>TD[align=left][valign=top]>TABLE[border=0][width=100%][cellpadding=0][cellspacing=0]>TBODY>TR[valign=top]>TD[bgcolor=#ffffff][width=100%][align=middle]>TABLE[class][cellspacing=0][cellpadding=0][border=0][width=100%]>TBODY>TR>TD[align=center]>TABLE[cellpadding=0][cellspacing=0][border=0][width=98%]>TBODY>TR>TD>FORM[target=_blank][method=post][action=../article/uniteZhaiYao.do][onsubmit=return isready1(this)][name=AbstractList]>TABLE[border=0][align=center][width=100%][height=156]>TBODY>TR>TD>TABLE[border=0][width=100%][cellpadding=0][cellspacing=0]>TBODY>TR>TD[align=left][valign=top]>TABLE[border=0][bgcolor=#f1f1f1][width=100%][cellpadding=0][cellspacing=0]>TBODY>TR>TD[height=22][colspan=2][align=left][valign=center][class]>A[target=_blank][class]
2017-03-10 22:25:28  [ JavaFX Application Thread:26186 ] - [ DEBUG ]  BODY[marginheight=0][marginwidth=0][topmargin=0][leftmargin=0]>TABLE[class][align=center][cellspacing=0][cellpadding=0][border=0][width=1002]>TBODY>TR>TD[valign=top]>TABLE[align=center][cellspacing=0][cellpadding=0][border=0][height=100%][width=100%]>TBODY>TR>TD[align=left][valign=top]>TABLE[border=0][width=100%][cellpadding=0][cellspacing=0]>TBODY>TR[valign=top]>TD[bgcolor=#ffffff][width=100%][align=middle]>TABLE[class][cellspacing=0][cellpadding=0][border=0][width=100%]>TBODY>TR>TD[align=center]>TABLE[cellpadding=0][cellspacing=0][border=0][width=98%]>TBODY>TR>TD>FORM[target=_blank][method=post][action=../article/uniteZhaiYao.do][onsubmit=return isready1(this)][name=AbstractList]>TABLE[border=0][align=center][width=100%][height=156]>TBODY>TR>TD>TABLE[border=0][width=100%][cellpadding=0][cellspacing=0]>TBODY>TR>TD[align=left][valign=top]>TABLE[border=0][bgcolor=#FFFFFF][width=100%][cellpadding=0][cellspacing=0]>TBODY>TR>TD[height=22][colspan=2][align=left][valign=center][class]>A[target=_blank][class]
2017-03-10 22:25:53  [ JavaFX Application Thread:51683 ] - [ INFO ]  Get the service of mongodb successfully.
2017-03-10 22:25:53  [ JavaFX Application Thread:51686 ] - [ INFO ]  Connect to database successfully.
2017-03-10 22:25:53  [ JavaFX Application Thread:51696 ] - [ INFO ]  Get the collection successfully.
2017-03-10 22:25:53  [ Thread-37:51703 ] - [ DEBUG ]  U Thread 0 started
2017-03-10 22:26:09  [ Thread-37:67059 ] - [ DEBUG ]  U Thread 0 end
2017-03-10 22:26:23  [ Thread-39:81767 ] - [ DEBUG ]  U Thread 1 started
2017-03-10 22:26:26  [ Thread-39:84157 ] - [ DEBUG ]  U Thread 1 end
2017-03-10 22:28:16  [ main:0 ] - [ INFO ]  Get the service of mongodb successfully.
2017-03-10 22:28:16  [ main:4 ] - [ INFO ]  Connect to database successfully.
2017-03-10 22:28:16  [ main:14 ] - [ INFO ]  Get the collection successfully.
2017-03-10 22:31:57  [ main:0 ] - [ INFO ]  Get the service of mongodb successfully.
2017-03-10 22:31:57  [ main:4 ] - [ INFO ]  Connect to database successfully.
2017-03-10 22:31:57  [ main:65 ] - [ INFO ]  Get the collection successfully.
2017-03-10 22:33:11  [ main:0 ] - [ INFO ]  Get the service of mongodb successfully.
2017-03-10 22:33:11  [ main:6 ] - [ INFO ]  Connect to database successfully.
2017-03-10 22:33:12  [ main:79 ] - [ INFO ]  Get the collection successfully.
2017-03-10 22:41:16  [ main:0 ] - [ INFO ]  Get the service of mongodb successfully.
2017-03-10 22:41:16  [ main:4 ] - [ INFO ]  Connect to database successfully.
2017-03-10 22:41:17  [ main:250 ] - [ INFO ]  Get the collection successfully.
